16:33:09,343 - sequence
16:33:09,344 - room RoomA3 contains blocks:  P Y Y
16:33:09,344 - room RoomA2 contains blocks:  W B W G
16:33:09,344 - room RoomB3 contains blocks:  R Y O
16:33:09,344 - room RoomC1 contains blocks:  R Y
16:33:09,344 - room RoomA1 contains blocks:  W Y B
16:33:09,344 - room RoomB2 contains blocks:  B O W Y P W
16:33:09,344 - room RoomC3 contains blocks:  W
16:33:09,345 - room RoomB1 contains blocks:  G Y Y R O
16:33:09,345 - room RoomC2 contains blocks:  P
16:33:09,345 - sequence W B W R W Y
16:33:21,050 - []
16:33:21,099 - action Bot_1 goTo(RoomA1)
16:33:21,115 - []
16:33:21,143 - []
16:33:21,164 - []
16:33:21,187 - []
16:33:21,207 - []
16:33:21,229 - []
16:33:21,247 - []
16:33:21,268 - []
16:33:21,286 - []
16:33:21,308 - []
16:33:21,328 - []
16:33:21,347 - []
16:33:21,368 - []
16:33:21,388 - []
16:33:21,408 - []
16:33:21,427 - []
16:33:21,445 - []
16:33:21,464 - []
16:33:21,484 - []
16:33:21,501 - []
16:33:21,522 - []
16:33:21,540 - []
16:33:21,560 - []
16:33:21,578 - []
16:33:21,597 - []
16:33:21,617 - []
16:33:21,636 - []
16:33:21,656 - []
16:33:21,674 - []
16:33:21,693 - []
16:33:21,710 - []
16:33:21,727 - []
16:33:21,746 - []
16:33:21,765 - []
16:33:21,784 - []
16:33:21,803 - []
16:33:21,820 - []
16:33:21,836 - []
16:33:21,855 - []
16:33:21,872 - []
16:33:21,890 - []
16:33:21,908 - []
16:33:21,925 - []
16:33:21,943 - []
16:33:21,960 - []
16:33:21,977 - []
16:33:21,995 - []
16:33:22,012 - []
16:33:22,028 - []
16:33:22,045 - []
16:33:22,062 - []
16:33:22,078 - []
16:33:22,095 - []
16:33:22,112 - []
16:33:22,131 - []
16:33:22,147 - []
16:33:22,163 - []
16:33:22,180 - []
16:33:22,197 - []
16:33:22,213 - []
16:33:22,230 - []
16:33:22,248 - []
16:33:22,267 - []
16:33:22,285 - []
16:33:22,301 - []
16:33:22,321 - []
16:33:22,338 - []
16:33:22,356 - []
16:33:22,372 - []
16:33:22,390 - []
16:33:22,408 - []
16:33:22,425 - []
16:33:22,442 - []
16:33:22,459 - []
16:33:22,476 - []
16:33:22,493 - []
16:33:22,509 - []
16:33:22,526 - []
16:33:22,542 - []
16:33:22,559 - []
16:33:22,575 - []
16:33:22,593 - []
16:33:22,610 - []
16:33:22,626 - []
16:33:22,642 - []
16:33:22,658 - []
16:33:22,674 - []
16:33:22,690 - []
16:33:22,706 - []
16:33:22,723 - []
16:33:22,741 - []
16:33:22,756 - []
16:33:22,774 - []
16:33:22,790 - []
16:33:22,806 - []
16:33:22,822 - []
16:33:22,839 - []
16:33:22,856 - []
16:33:22,872 - []
16:33:22,889 - []
16:33:22,904 - []
16:33:22,922 - []
16:33:22,937 - []
16:33:22,955 - []
16:33:22,971 - []
16:33:22,988 - []
16:33:23,007 - []
16:33:23,023 - []
16:33:23,038 - []
16:33:23,056 - []
16:33:23,072 - []
16:33:23,089 - []
16:33:23,106 - []
16:33:23,122 - []
16:33:23,138 - []
16:33:23,154 - []
16:33:23,170 - []
16:33:23,187 - []
16:33:23,203 - []
16:33:23,219 - []
16:33:23,235 - []
16:33:23,251 - []
16:33:23,266 - []
16:33:23,282 - []
16:33:23,298 - []
16:33:23,315 - []
16:33:23,330 - []
16:33:23,346 - []
16:33:23,362 - []
16:33:23,378 - []
16:33:23,395 - []
16:33:23,411 - []
16:33:23,428 - []
16:33:23,445 - []
16:33:23,460 - []
16:33:23,476 - []
16:33:23,492 - []
16:33:23,508 - []
16:33:23,524 - []
16:33:23,541 - []
16:33:23,606 - []
16:33:23,623 - []
16:33:23,641 - []
16:33:23,682 - []
16:33:23,698 - []
16:33:23,714 - []
16:33:23,743 - []
16:33:23,761 - []
16:33:23,778 - []
16:33:23,794 - []
16:33:23,811 - []
16:33:23,827 - []
16:33:23,845 - []
16:33:23,862 - []
16:33:23,877 - []
16:33:23,893 - []
16:33:23,910 - []
16:33:23,926 - []
16:33:23,945 - []
16:33:23,961 - []
16:33:23,980 - []
16:33:23,995 - []
16:33:24,011 - []
16:33:24,026 - []
16:33:24,042 - []
16:33:24,058 - []
16:33:24,074 - []
16:33:24,089 - []
16:33:24,105 - []
16:33:24,120 - []
16:33:24,136 - []
16:33:24,152 - []
16:33:24,168 - []
16:33:24,184 - []
16:33:24,200 - []
16:33:24,215 - []
16:33:24,230 - []
16:33:24,245 - []
16:33:24,261 - []
16:33:24,277 - []
16:33:24,291 - []
16:33:24,308 - []
16:33:24,323 - []
16:33:24,338 - []
16:33:24,354 - []
16:33:24,370 - []
16:33:24,388 - []
16:33:24,406 - []
16:33:24,421 - []
16:33:24,436 - []
16:33:24,452 - []
16:33:24,468 - []
16:33:24,484 - []
16:33:24,499 - []
16:33:24,515 - []
16:33:24,530 - []
16:33:24,545 - []
16:33:24,560 - []
16:33:24,575 - []
16:33:24,593 - []
16:33:24,608 - []
16:33:24,623 - []
16:33:24,639 - []
16:33:24,656 - []
16:33:24,672 - []
16:33:24,690 - []
16:33:24,706 - []
16:33:24,722 - []
16:33:24,739 - []
16:33:24,756 - []
16:33:24,771 - []
16:33:24,788 - []
16:33:24,806 - []
16:33:24,822 - []
16:33:24,842 - []
16:33:24,857 - []
16:33:24,872 - []
16:33:24,888 - []
16:33:24,905 - []
16:33:24,921 - []
16:33:24,938 - []
16:33:24,955 - []
16:33:24,971 - []
16:33:24,988 - []
16:33:25,005 - []
16:33:25,021 - []
16:33:25,036 - []
16:33:25,053 - []
16:33:25,069 - []
16:33:25,085 - []
16:33:25,101 - []
16:33:25,117 - []
16:33:25,134 - []
16:33:25,150 - []
16:33:25,167 - []
16:33:25,182 - []
16:33:25,198 - []
16:33:25,213 - []
16:33:25,231 - []
16:33:25,246 - []
16:33:25,262 - []
16:33:25,277 - []
16:33:25,292 - []
16:33:25,308 - []
16:33:25,322 - []
16:33:25,339 - []
16:33:25,355 - []
16:33:25,371 - []
16:33:25,388 - []
16:33:25,403 - []
16:33:25,419 - []
16:33:25,436 - []
16:33:25,451 - []
16:33:25,467 - []
16:33:25,482 - []
16:33:25,497 - []
16:33:25,513 - []
16:33:25,529 - []
16:33:25,546 - []
16:33:25,562 - []
16:33:25,568 - action Bot_1 goTo(RoomA2)
16:33:25,580 - []
16:33:25,597 - []
16:33:25,612 - []
16:33:25,628 - []
16:33:25,644 - []
16:33:25,659 - []
16:33:25,675 - []
16:33:25,691 - []
16:33:25,707 - []
16:33:25,722 - []
16:33:25,737 - []
16:33:25,753 - []
16:33:25,769 - []
16:33:25,786 - []
16:33:25,804 - []
16:33:25,819 - []
16:33:25,834 - []
16:33:25,848 - []
16:33:25,864 - []
16:33:25,879 - []
16:33:25,894 - []
16:33:25,909 - []
16:33:25,925 - []
16:33:25,940 - []
16:33:25,955 - []
16:33:25,971 - []
16:33:25,987 - []
16:33:26,002 - []
16:33:26,017 - []
16:33:26,032 - []
16:33:26,048 - []
16:33:26,063 - []
16:33:26,078 - []
16:33:26,094 - []
16:33:26,108 - []
16:33:26,123 - []
16:33:26,139 - []
16:33:26,155 - []
16:33:26,170 - []
16:33:26,185 - []
16:33:26,199 - []
16:33:26,214 - []
16:33:26,229 - []
16:33:26,243 - []
16:33:26,259 - []
16:33:26,273 - []
16:33:26,288 - []
16:33:26,303 - []
16:33:26,317 - []
16:33:26,332 - []
16:33:26,347 - []
16:33:26,363 - []
16:33:26,378 - []
16:33:26,393 - []
16:33:26,408 - []
16:33:26,423 - []
16:33:26,439 - []
16:33:26,456 - []
16:33:26,472 - []
16:33:26,487 - []
16:33:26,502 - []
16:33:26,518 - []
16:33:26,534 - []
16:33:26,550 - []
16:33:26,568 - []
16:33:26,584 - []
16:33:26,599 - []
16:33:26,617 - []
16:33:26,632 - []
16:33:26,647 - []
16:33:26,662 - []
16:33:26,677 - []
16:33:26,693 - []
16:33:26,709 - []
16:33:26,724 - []
16:33:26,742 - []
16:33:26,756 - []
16:33:26,773 - []
16:33:26,788 - []
16:33:26,804 - []
16:33:26,819 - []
16:33:26,835 - []
16:33:26,853 - []
16:33:26,871 - []
16:33:26,887 - []
16:33:26,904 - []
16:33:26,920 - []
16:33:26,926 - action Bot_1 goTo(RoomA3)
16:33:26,939 - []
16:33:26,956 - []
16:33:26,972 - []
16:33:26,987 - []
16:33:27,002 - []
16:33:27,021 - []
16:33:27,037 - []
16:33:27,052 - []
16:33:27,070 - []
16:33:27,085 - []
16:33:27,100 - []
16:33:27,115 - []
16:33:27,131 - []
16:33:27,147 - []
16:33:27,164 - []
16:33:27,179 - []
16:33:27,193 - []
16:33:27,208 - []
16:33:27,225 - []
16:33:27,241 - []
16:33:27,256 - []
16:33:27,271 - []
16:33:27,286 - []
16:33:27,300 - []
16:33:27,317 - []
16:33:27,332 - []
16:33:27,347 - []
16:33:27,362 - []
16:33:27,379 - []
16:33:27,395 - []
16:33:27,410 - []
16:33:27,426 - []
16:33:27,441 - []
16:33:27,456 - []
16:33:27,472 - []
16:33:27,489 - []
16:33:27,504 - []
16:33:27,521 - []
16:33:27,538 - []
16:33:27,554 - []
16:33:27,569 - []
16:33:27,585 - []
16:33:27,602 - []
16:33:27,617 - []
16:33:27,634 - []
16:33:27,650 - []
16:33:27,665 - []
16:33:27,680 - []
16:33:27,695 - []
16:33:27,711 - []
16:33:27,727 - []
16:33:27,743 - []
16:33:27,761 - []
16:33:27,777 - []
16:33:27,793 - []
16:33:27,809 - []
16:33:27,824 - []
16:33:27,841 - []
16:33:27,857 - []
16:33:27,872 - []
16:33:27,888 - []
16:33:27,904 - []
16:33:27,920 - []
16:33:27,937 - []
16:33:27,955 - []
16:33:27,972 - []
16:33:27,989 - []
16:33:28,006 - []
16:33:28,022 - []
16:33:28,039 - []
16:33:28,056 - []
16:33:28,072 - []
16:33:28,089 - []
16:33:28,106 - []
16:33:28,121 - []
16:33:28,137 - []
16:33:28,153 - []
16:33:28,169 - []
16:33:28,185 - []
16:33:28,202 - []
16:33:28,218 - []
16:33:28,235 - []
16:33:28,251 - []
16:33:28,267 - []
16:33:28,282 - []
16:33:28,289 - action Bot_1 goTo(RoomB1)
16:33:28,301 - []
16:33:28,317 - []
16:33:28,333 - []
16:33:28,348 - []
16:33:28,363 - []
16:33:28,378 - []
16:33:28,393 - []
16:33:28,413 - []
16:33:28,428 - []
16:33:28,444 - []
16:33:28,460 - []
16:33:28,477 - []
16:33:28,491 - []
16:33:28,506 - []
16:33:28,521 - []
16:33:28,535 - []
16:33:28,551 - []
16:33:28,566 - []
16:33:28,580 - []
16:33:28,594 - []
16:33:28,611 - []
16:33:28,627 - []
16:33:28,643 - []
16:33:28,659 - []
16:33:28,674 - []
16:33:28,689 - []
16:33:28,704 - []
16:33:28,719 - []
16:33:28,733 - []
16:33:28,749 - []
16:33:28,765 - []
16:33:28,780 - []
16:33:28,795 - []
16:33:28,811 - []
16:33:28,827 - []
16:33:28,843 - []
16:33:28,858 - []
16:33:28,873 - []
16:33:28,889 - []
16:33:28,905 - []
16:33:28,920 - []
16:33:28,937 - []
16:33:28,954 - []
16:33:28,971 - []
16:33:28,988 - []
16:33:29,004 - []
16:33:29,021 - []
16:33:29,038 - []
16:33:29,055 - []
16:33:29,072 - []
16:33:29,088 - []
16:33:29,105 - []
16:33:29,121 - []
16:33:29,138 - []
16:33:29,155 - []
16:33:29,169 - []
16:33:29,184 - []
16:33:29,199 - []
16:33:29,213 - []
16:33:29,229 - []
16:33:29,243 - []
16:33:29,261 - []
16:33:29,277 - []
16:33:29,291 - []
16:33:29,306 - []
16:33:29,321 - []
16:33:29,338 - []
16:33:29,354 - []
16:33:29,371 - []
16:33:29,388 - []
16:33:29,404 - []
16:33:29,419 - []
16:33:29,434 - []
16:33:29,450 - []
16:33:29,467 - []
16:33:29,483 - []
16:33:29,500 - []
16:33:29,516 - []
16:33:29,533 - []
16:33:29,550 - []
16:33:29,566 - []
16:33:29,581 - []
16:33:29,598 - []
16:33:29,616 - []
16:33:29,632 - []
16:33:29,648 - []
16:33:29,663 - []
16:33:29,678 - []
16:33:29,693 - []
16:33:29,708 - []
16:33:29,723 - []
16:33:29,738 - []
16:33:29,754 - []
16:33:29,771 - []
16:33:29,786 - []
16:33:29,803 - []
16:33:29,818 - []
16:33:29,836 - []
16:33:29,850 - []
16:33:29,865 - []
16:33:29,879 - []
16:33:29,896 - []
16:33:29,911 - []
16:33:29,926 - []
16:33:29,941 - []
16:33:29,956 - []
16:33:29,971 - []
16:33:29,986 - []
16:33:30,000 - []
16:33:30,014 - []
16:33:30,029 - []
16:33:30,043 - []
16:33:30,058 - []
16:33:30,073 - []
16:33:30,089 - []
16:33:30,104 - []
16:33:30,120 - []
16:33:30,135 - []
16:33:30,150 - []
16:33:30,166 - []
16:33:30,181 - []
16:33:30,196 - []
16:33:30,210 - []
16:33:30,227 - []
16:33:30,241 - []
16:33:30,255 - []
16:33:30,273 - []
16:33:30,288 - []
16:33:30,305 - []
16:33:30,321 - []
16:33:30,336 - []
16:33:30,353 - []
16:33:30,369 - []
16:33:30,384 - []
16:33:30,400 - []
16:33:30,415 - []
16:33:30,430 - []
16:33:30,446 - []
16:33:30,461 - []
16:33:30,477 - []
16:33:30,493 - []
16:33:30,510 - []
16:33:30,525 - []
16:33:30,540 - []
16:33:30,556 - []
16:33:30,571 - []
16:33:30,586 - []
16:33:30,603 - []
16:33:30,619 - []
16:33:30,634 - []
16:33:30,650 - []
16:33:30,666 - []
16:33:30,681 - []
16:33:30,698 - []
16:33:30,712 - []
16:33:30,728 - []
16:33:30,743 - []
16:33:30,758 - []
16:33:30,774 - []
16:33:30,790 - []
16:33:30,806 - []
16:33:30,821 - []
16:33:30,838 - []
16:33:30,856 - []
16:33:30,873 - []
16:33:30,889 - []
16:33:30,906 - []
16:33:30,922 - []
16:33:30,938 - []
16:33:30,955 - []
16:33:30,971 - []
16:33:30,988 - []
16:33:31,003 - []
16:33:31,019 - []
16:33:31,034 - []
16:33:31,049 - []
16:33:31,064 - []
16:33:31,078 - []
16:33:31,093 - []
16:33:31,110 - []
16:33:31,126 - []
16:33:31,141 - []
16:33:31,156 - []
16:33:31,173 - []
16:33:31,188 - []
16:33:31,205 - []
16:33:31,221 - []
16:33:31,238 - []
16:33:31,256 - []
16:33:31,272 - []
16:33:31,289 - []
16:33:31,305 - []
16:33:31,320 - []
16:33:31,337 - []
16:33:31,352 - []
16:33:31,368 - []
16:33:31,385 - []
16:33:31,400 - []
16:33:31,415 - []
16:33:31,430 - []
16:33:31,445 - []
16:33:31,460 - []
16:33:31,475 - []
16:33:31,490 - []
16:33:31,505 - []
16:33:31,521 - []
16:33:31,537 - []
16:33:31,553 - []
16:33:31,569 - []
16:33:31,583 - []
16:33:31,597 - []
16:33:31,612 - []
16:33:31,627 - []
16:33:31,643 - []
16:33:31,659 - []
16:33:31,675 - []
16:33:31,691 - []
16:33:31,706 - []
16:33:31,723 - []
16:33:31,738 - []
16:33:31,755 - []
16:33:31,772 - []
16:33:31,787 - []
16:33:31,803 - []
16:33:31,819 - []
16:33:31,835 - []
16:33:31,851 - []
16:33:31,867 - []
16:33:31,884 - []
16:33:31,899 - []
16:33:31,905 - action Bot_1 goTo(RoomB2)
16:33:31,919 - []
16:33:31,935 - []
16:33:31,951 - []
16:33:31,966 - []
16:33:31,982 - []
16:33:31,997 - []
16:33:32,012 - []
16:33:32,027 - []
16:33:32,044 - []
16:33:32,060 - []
16:33:32,077 - []
16:33:32,091 - []
16:33:32,106 - []
16:33:32,121 - []
16:33:32,138 - []
16:33:32,153 - []
16:33:32,170 - []
16:33:32,185 - []
16:33:32,202 - []
16:33:32,217 - []
16:33:32,233 - []
16:33:32,248 - []
16:33:32,264 - []
16:33:32,278 - []
16:33:32,293 - []
16:33:32,308 - []
16:33:32,325 - []
16:33:32,339 - []
16:33:32,354 - []
16:33:32,369 - []
16:33:32,384 - []
16:33:32,399 - []
16:33:32,415 - []
16:33:32,430 - []
16:33:32,445 - []
16:33:32,460 - []
16:33:32,477 - []
16:33:32,491 - []
16:33:32,506 - []
16:33:32,523 - []
16:33:32,538 - []
16:33:32,555 - []
16:33:32,572 - []
16:33:32,588 - []
16:33:32,605 - []
16:33:32,621 - []
16:33:32,638 - []
16:33:32,654 - []
16:33:32,670 - []
16:33:32,686 - []
16:33:32,704 - []
16:33:32,718 - []
16:33:32,734 - []
16:33:32,750 - []
16:33:32,765 - []
16:33:32,780 - []
16:33:32,794 - []
16:33:32,809 - []
16:33:32,824 - []
16:33:32,839 - []
16:33:32,854 - []
16:33:32,870 - []
16:33:32,886 - []
16:33:32,903 - []
16:33:32,919 - []
16:33:32,933 - []
16:33:32,948 - []
16:33:32,962 - []
16:33:32,978 - []
16:33:32,994 - []
16:33:33,010 - []
16:33:33,025 - []
16:33:33,039 - []
16:33:33,054 - []
16:33:33,071 - []
16:33:33,086 - []
16:33:33,100 - []
16:33:33,116 - []
16:33:33,130 - []
16:33:33,145 - []
16:33:33,160 - []
16:33:33,175 - []
16:33:33,190 - []
16:33:33,206 - []
16:33:33,222 - []
16:33:33,239 - []
16:33:33,256 - []
16:33:33,272 - []
16:33:33,278 - action Bot_1 goTo(RoomB3)
16:33:33,291 - []
16:33:33,306 - []
16:33:33,323 - []
16:33:33,339 - []
16:33:33,355 - []
16:33:33,371 - []
16:33:33,388 - []
16:33:33,405 - []
16:33:33,422 - []
16:33:33,438 - []
16:33:33,455 - []
16:33:33,472 - []
16:33:33,487 - []
16:33:33,505 - []
16:33:33,521 - []
16:33:33,538 - []
16:33:33,553 - []
16:33:33,569 - []
16:33:33,584 - []
16:33:33,600 - []
16:33:33,617 - []
16:33:33,632 - []
16:33:33,648 - []
16:33:33,664 - []
16:33:33,680 - []
16:33:33,694 - []
16:33:33,710 - []
16:33:33,727 - []
16:33:33,743 - []
16:33:33,761 - []
16:33:33,781 - []
16:33:33,796 - []
16:33:33,813 - []
16:33:33,828 - []
16:33:33,844 - []
16:33:33,860 - []
16:33:33,875 - []
16:33:33,890 - []
16:33:33,906 - []
16:33:33,922 - []
16:33:33,939 - []
16:33:33,955 - []
16:33:33,971 - []
16:33:33,988 - []
16:33:34,004 - []
16:33:34,022 - []
16:33:34,039 - []
16:33:34,056 - []
16:33:34,071 - []
16:33:34,088 - []
16:33:34,104 - []
16:33:34,122 - []
16:33:34,138 - []
16:33:34,155 - []
16:33:34,171 - []
16:33:34,187 - []
16:33:34,205 - []
16:33:34,220 - []
16:33:34,237 - []
16:33:34,252 - []
16:33:34,268 - []
16:33:34,285 - []
16:33:34,302 - []
16:33:34,317 - []
16:33:34,332 - []
16:33:34,347 - []
16:33:34,362 - []
16:33:34,377 - []
16:33:34,394 - []
16:33:34,410 - []
16:33:34,425 - []
16:33:34,440 - []
16:33:34,456 - []
16:33:34,472 - []
16:33:34,489 - []
16:33:34,504 - []
16:33:34,519 - []
16:33:34,534 - []
16:33:34,550 - []
16:33:34,567 - []
16:33:34,583 - []
16:33:34,600 - []
16:33:34,615 - []
16:33:34,629 - []
16:33:34,645 - []
16:33:34,650 - action Bot_1 goTo(RoomC1)
16:33:34,662 - []
16:33:34,678 - []
16:33:34,693 - []
16:33:34,710 - []
16:33:34,727 - []
16:33:34,743 - []
16:33:34,758 - []
16:33:34,774 - []
16:33:34,790 - []
16:33:34,806 - []
16:33:34,822 - []
16:33:34,838 - []
16:33:34,854 - []
16:33:34,870 - []
16:33:34,885 - []
16:33:34,901 - []
16:33:34,917 - []
16:33:34,932 - []
16:33:34,948 - []
16:33:34,966 - []
16:33:34,981 - []
16:33:34,996 - []
16:33:35,011 - []
16:33:35,026 - []
16:33:35,040 - []
16:33:35,056 - []
16:33:35,073 - []
16:33:35,089 - []
16:33:35,106 - []
16:33:35,122 - []
16:33:35,138 - []
16:33:35,155 - []
16:33:35,171 - []
16:33:35,188 - []
16:33:35,204 - []
16:33:35,219 - []
16:33:35,234 - []
16:33:35,250 - []
16:33:35,265 - []
16:33:35,280 - []
16:33:35,297 - []
16:33:35,311 - []
16:33:35,328 - []
16:33:35,343 - []
16:33:35,359 - []
16:33:35,375 - []
16:33:35,390 - []
16:33:35,405 - []
16:33:35,423 - []
16:33:35,438 - []
16:33:35,455 - []
16:33:35,471 - []
16:33:35,487 - []
16:33:35,502 - []
16:33:35,517 - []
16:33:35,531 - []
16:33:35,546 - []
16:33:35,562 - []
16:33:35,577 - []
16:33:35,591 - []
16:33:35,606 - []
16:33:35,621 - []
16:33:35,638 - []
16:33:35,655 - []
16:33:35,671 - []
16:33:35,687 - []
16:33:35,702 - []
16:33:35,716 - []
16:33:35,734 - []
16:33:35,751 - []
16:33:35,765 - []
16:33:35,782 - []
16:33:35,798 - []
16:33:35,814 - []
16:33:35,832 - []
16:33:35,847 - []
16:33:35,862 - []
16:33:35,877 - []
16:33:35,894 - []
16:33:35,909 - []
16:33:35,926 - []
16:33:35,940 - []
16:33:35,955 - []
16:33:35,971 - []
16:33:35,988 - []
16:33:36,004 - []
16:33:36,021 - []
16:33:36,036 - []
16:33:36,052 - []
16:33:36,067 - []
16:33:36,083 - []
16:33:36,099 - []
16:33:36,114 - []
16:33:36,130 - []
16:33:36,146 - []
16:33:36,162 - []
16:33:36,177 - []
16:33:36,193 - []
16:33:36,208 - []
16:33:36,224 - []
16:33:36,239 - []
16:33:36,256 - []
16:33:36,272 - []
16:33:36,289 - []
16:33:36,306 - []
16:33:36,322 - []
16:33:36,338 - []
16:33:36,354 - []
16:33:36,369 - []
16:33:36,384 - []
16:33:36,399 - []
16:33:36,414 - []
16:33:36,428 - []
16:33:36,443 - []
16:33:36,460 - []
16:33:36,477 - []
16:33:36,493 - []
16:33:36,510 - []
16:33:36,527 - []
16:33:36,543 - []
16:33:36,560 - []
16:33:36,577 - []
16:33:36,592 - []
16:33:36,609 - []
16:33:36,623 - []
16:33:36,638 - []
16:33:36,655 - []
16:33:36,672 - []
16:33:36,688 - []
16:33:36,704 - []
16:33:36,719 - []
16:33:36,734 - []
16:33:36,750 - []
16:33:36,765 - []
16:33:36,781 - []
16:33:36,797 - []
16:33:36,812 - []
16:33:36,827 - []
16:33:36,844 - []
16:33:36,860 - []
16:33:36,876 - []
16:33:36,891 - []
16:33:36,907 - []
16:33:36,924 - []
16:33:36,939 - []
16:33:36,955 - []
16:33:36,971 - []
16:33:36,986 - []
16:33:37,001 - []
16:33:37,016 - []
16:33:37,031 - []
16:33:37,049 - []
16:33:37,064 - []
16:33:37,080 - []
16:33:37,094 - []
16:33:37,110 - []
16:33:37,127 - []
16:33:37,143 - []
16:33:37,158 - []
16:33:37,173 - []
16:33:37,188 - []
16:33:37,203 - []
16:33:37,217 - []
16:33:37,232 - []
16:33:37,247 - []
16:33:37,262 - []
16:33:37,277 - []
16:33:37,293 - []
16:33:37,310 - []
16:33:37,325 - []
16:33:37,340 - []
16:33:37,356 - []
16:33:37,373 - []
16:33:37,389 - []
16:33:37,404 - []
16:33:37,421 - []
16:33:37,436 - []
16:33:37,451 - []
16:33:37,466 - []
16:33:37,481 - []
16:33:37,498 - []
16:33:37,514 - []
16:33:37,531 - []
16:33:37,547 - []
16:33:37,562 - []
16:33:37,577 - []
16:33:37,594 - []
16:33:37,608 - []
16:33:37,623 - []
16:33:37,639 - []
16:33:37,654 - []
16:33:37,670 - []
16:33:37,686 - []
16:33:37,701 - []
16:33:37,718 - []
16:33:37,735 - []
16:33:37,750 - []
16:33:37,766 - []
16:33:37,782 - []
16:33:37,796 - []
16:33:37,811 - []
16:33:37,827 - []
16:33:37,841 - []
16:33:37,856 - []
16:33:37,872 - []
16:33:37,887 - []
16:33:37,904 - []
16:33:37,919 - []
16:33:37,937 - []
16:33:37,952 - []
16:33:37,967 - []
16:33:37,981 - []
16:33:37,998 - []
16:33:38,013 - []
16:33:38,028 - []
16:33:38,043 - []
16:33:38,060 - []
16:33:38,075 - []
16:33:38,091 - []
16:33:38,105 - []
16:33:38,123 - []
16:33:38,137 - []
16:33:38,153 - []
16:33:38,170 - []
16:33:38,188 - []
16:33:38,205 - []
16:33:38,221 - []
16:33:38,238 - []
16:33:38,244 - action Bot_1 goTo(RoomC2)
16:33:38,256 - []
16:33:38,270 - []
16:33:38,287 - []
16:33:38,302 - []
16:33:38,317 - []
16:33:38,333 - []
16:33:38,348 - []
16:33:38,362 - []
16:33:38,377 - []
16:33:38,394 - []
16:33:38,410 - []
16:33:38,427 - []
16:33:38,443 - []
16:33:38,460 - []
16:33:38,474 - []
16:33:38,489 - []
16:33:38,504 - []
16:33:38,521 - []
16:33:38,535 - []
16:33:38,551 - []
16:33:38,565 - []
16:33:38,579 - []
16:33:38,596 - []
16:33:38,610 - []
16:33:38,624 - []
16:33:38,638 - []
16:33:38,655 - []
16:33:38,671 - []
16:33:38,687 - []
16:33:38,701 - []
16:33:38,716 - []
16:33:38,730 - []
16:33:38,746 - []
16:33:38,760 - []
16:33:38,774 - []
16:33:38,789 - []
16:33:38,803 - []
16:33:38,817 - []
16:33:38,834 - []
16:33:38,850 - []
16:33:38,868 - []
16:33:38,883 - []
16:33:38,901 - []
16:33:38,918 - []
16:33:38,934 - []
16:33:38,951 - []
16:33:38,968 - []
16:33:38,985 - []
16:33:39,003 - []
16:33:39,019 - []
16:33:39,035 - []
16:33:39,050 - []
16:33:39,066 - []
16:33:39,082 - []
16:33:39,096 - []
16:33:39,112 - []
16:33:39,127 - []
16:33:39,143 - []
16:33:39,157 - []
16:33:39,173 - []
16:33:39,190 - []
16:33:39,205 - []
16:33:39,221 - []
16:33:39,238 - []
16:33:39,254 - []
16:33:39,270 - []
16:33:39,286 - []
16:33:39,302 - []
16:33:39,318 - []
16:33:39,333 - []
16:33:39,350 - []
16:33:39,365 - []
16:33:39,381 - []
16:33:39,396 - []
16:33:39,411 - []
16:33:39,427 - []
16:33:39,441 - []
16:33:39,457 - []
16:33:39,472 - []
16:33:39,488 - []
16:33:39,504 - []
16:33:39,519 - []
16:33:39,536 - []
16:33:39,555 - []
16:33:39,572 - []
16:33:39,588 - []
16:33:39,604 - []
16:33:39,621 - []
16:33:39,626 - action Bot_1 goTo(RoomC3)
16:33:39,639 - []
16:33:39,656 - []
16:33:39,672 - []
16:33:39,689 - []
16:33:39,704 - []
16:33:39,720 - []
16:33:39,737 - []
16:33:39,752 - []
16:33:39,768 - []
16:33:39,783 - []
16:33:39,797 - []
16:33:39,812 - []
16:33:39,828 - []
16:33:39,843 - []
16:33:39,859 - []
16:33:39,874 - []
16:33:39,889 - []
16:33:39,905 - []
16:33:39,921 - []
16:33:39,935 - []
16:33:39,952 - []
16:33:39,967 - []
16:33:39,982 - []
16:33:39,998 - []
16:33:40,013 - []
16:33:40,030 - []
16:33:40,047 - []
16:33:40,064 - []
16:33:40,080 - []
16:33:40,095 - []
16:33:40,113 - []
16:33:40,127 - []
16:33:40,141 - []
16:33:40,155 - []
16:33:40,171 - []
16:33:40,186 - []
16:33:40,199 - []
16:33:40,215 - []
16:33:40,231 - []
16:33:40,246 - []
16:33:40,260 - []
16:33:40,274 - []
16:33:40,289 - []
16:33:40,304 - []
16:33:40,318 - []
16:33:40,332 - []
16:33:40,346 - []
16:33:40,361 - []
16:33:40,375 - []
16:33:40,392 - []
16:33:40,406 - []
16:33:40,420 - []
16:33:40,434 - []
16:33:40,451 - []
16:33:40,467 - []
16:33:40,484 - []
16:33:40,500 - []
16:33:40,518 - []
16:33:40,533 - []
16:33:40,548 - []
16:33:40,565 - []
16:33:40,583 - []
16:33:40,599 - []
16:33:40,615 - []
16:33:40,631 - []
16:33:40,647 - []
16:33:40,662 - []
16:33:40,678 - []
16:33:40,693 - []
16:33:40,710 - []
16:33:40,726 - []
16:33:40,741 - []
16:33:40,756 - []
16:33:40,773 - []
16:33:40,787 - []
16:33:40,804 - []
16:33:40,821 - []
16:33:40,838 - []
16:33:40,855 - []
16:33:40,871 - []
