22:21:08,105 - sequence
22:21:08,106 - room RoomA3 contains blocks:  P O
22:21:08,106 - room RoomA2 contains blocks:  G
22:21:08,106 - room RoomB3 contains blocks:  Y O
22:21:08,106 - room RoomC1 contains blocks:  P P R
22:21:08,106 - room RoomA1 contains blocks:  B G O
22:21:08,107 - room RoomB2 contains blocks:  P R B
22:21:08,107 - room RoomC3 contains blocks:  G O R
22:21:08,107 - room RoomB1 contains blocks:  P R R W P W W Y G
22:21:08,108 - room RoomC2 contains blocks:  G R
22:21:08,108 - sequence P P B P G G
22:21:50,593 - []
22:21:50,595 - []
22:21:50,651 - action Bot_2 goTo(RoomA1)
22:21:50,651 - action Bot_1 goTo(RoomA1)
22:21:50,684 - []
22:21:50,685 - []
22:21:50,713 - []
22:21:50,713 - []
22:21:50,736 - []
22:21:50,736 - []
22:21:50,757 - []
22:21:50,758 - []
22:21:50,779 - []
22:21:50,780 - []
22:21:50,798 - []
22:21:50,798 - []
22:21:50,818 - []
22:21:50,821 - []
22:21:50,838 - []
22:21:50,840 - []
22:21:50,858 - []
22:21:50,859 - []
22:21:50,878 - []
22:21:50,879 - []
22:21:50,896 - []
22:21:50,898 - []
22:21:50,916 - []
22:21:50,917 - []
22:21:50,935 - []
22:21:50,936 - []
22:21:50,953 - []
22:21:50,954 - []
22:21:50,971 - []
22:21:50,972 - []
22:21:50,989 - []
22:21:50,989 - []
22:21:51,008 - []
22:21:51,008 - []
22:21:51,026 - []
22:21:51,027 - []
22:21:51,043 - []
22:21:51,044 - []
22:21:51,061 - []
22:21:51,062 - []
22:21:51,079 - []
22:21:51,079 - []
22:21:51,097 - []
22:21:51,097 - []
22:21:51,115 - []
22:21:51,115 - []
22:21:51,132 - []
22:21:51,134 - []
22:21:51,149 - []
22:21:51,150 - []
22:21:51,166 - []
22:21:51,167 - []
22:21:51,183 - []
22:21:51,184 - []
22:21:51,203 - []
22:21:51,204 - []
22:21:51,220 - []
22:21:51,221 - []
22:21:51,240 - []
22:21:51,241 - []
22:21:51,259 - []
22:21:51,259 - []
22:21:51,277 - []
22:21:51,277 - []
22:21:51,295 - []
22:21:51,295 - []
22:21:51,313 - []
22:21:51,314 - []
22:21:51,332 - []
22:21:51,332 - []
22:21:51,349 - []
22:21:51,350 - []
22:21:51,366 - []
22:21:51,366 - []
22:21:51,384 - []
22:21:51,384 - []
22:21:51,403 - []
22:21:51,404 - []
22:21:51,423 - []
22:21:51,424 - []
22:21:51,444 - []
22:21:51,445 - []
22:21:51,463 - []
22:21:51,463 - []
22:21:51,480 - []
22:21:51,480 - []
22:21:51,497 - []
22:21:51,498 - []
22:21:51,515 - []
22:21:51,516 - []
22:21:51,533 - []
22:21:51,533 - []
22:21:51,552 - []
22:21:51,553 - []
22:21:51,569 - []
22:21:51,569 - []
22:21:51,585 - []
22:21:51,585 - []
22:21:51,600 - []
22:21:51,601 - []
22:21:51,619 - []
22:21:51,619 - []
22:21:51,635 - []
22:21:51,636 - []
22:21:51,652 - []
22:21:51,652 - []
22:21:51,669 - []
22:21:51,669 - []
22:21:51,685 - []
22:21:51,685 - []
22:21:51,702 - []
22:21:51,702 - []
22:21:51,719 - []
22:21:51,720 - []
22:21:51,734 - []
22:21:51,735 - []
22:21:51,752 - []
22:21:51,752 - []
22:21:51,769 - []
22:21:51,769 - []
22:21:51,785 - []
22:21:51,786 - []
22:21:51,802 - []
22:21:51,802 - []
22:21:51,818 - []
22:21:51,818 - []
22:21:51,835 - []
22:21:51,836 - []
22:21:51,852 - []
22:21:51,852 - []
22:21:51,869 - []
22:21:51,869 - []
22:21:51,885 - []
22:21:51,886 - []
22:21:51,900 - []
22:21:51,901 - []
22:21:51,917 - []
22:21:51,917 - []
22:21:51,935 - []
22:21:51,935 - []
22:21:51,950 - []
22:21:51,950 - []
22:21:51,965 - []
22:21:51,966 - []
22:21:51,982 - []
22:21:51,982 - []
22:21:51,997 - []
22:21:51,998 - []
22:21:52,015 - []
22:21:52,015 - []
22:21:52,031 - []
22:21:52,032 - []
22:21:52,048 - []
22:21:52,048 - []
22:21:52,065 - []
22:21:52,066 - []
22:21:52,083 - []
22:21:52,084 - []
22:21:52,101 - []
22:21:52,102 - []
22:21:52,117 - []
22:21:52,118 - []
22:21:52,134 - []
22:21:52,134 - []
22:21:52,155 - []
22:21:52,155 - []
22:21:52,173 - []
22:21:52,173 - []
22:21:52,189 - []
22:21:52,190 - []
22:21:52,207 - []
22:21:52,207 - []
22:21:52,224 - []
22:21:52,224 - []
22:21:52,241 - []
22:21:52,242 - []
22:21:52,258 - []
22:21:52,258 - []
22:21:52,275 - []
22:21:52,275 - []
22:21:52,292 - []
22:21:52,292 - []
22:21:52,309 - []
22:21:52,310 - []
22:21:52,327 - []
22:21:52,327 - []
22:21:52,344 - []
22:21:52,345 - []
22:21:52,360 - []
22:21:52,360 - []
22:21:52,377 - []
22:21:52,377 - []
22:21:52,394 - []
22:21:52,394 - []
22:21:52,412 - []
22:21:52,412 - []
22:21:52,429 - []
22:21:52,430 - []
22:21:52,447 - []
22:21:52,447 - []
22:21:52,464 - []
22:21:52,464 - []
22:21:52,481 - []
22:21:52,481 - []
22:21:52,499 - []
22:21:52,499 - []
22:21:52,515 - []
22:21:52,516 - []
22:21:52,532 - []
22:21:52,532 - []
22:21:52,548 - []
22:21:52,548 - []
22:21:52,563 - []
22:21:52,564 - []
22:21:52,579 - []
22:21:52,579 - []
22:21:52,595 - []
22:21:52,595 - []
22:21:52,612 - []
22:21:52,612 - []
22:21:52,628 - []
22:21:52,629 - []
22:21:52,645 - []
22:21:52,646 - []
22:21:52,663 - []
22:21:52,663 - []
22:21:52,680 - []
22:21:52,681 - []
22:21:52,698 - []
22:21:52,699 - []
22:21:52,715 - []
22:21:52,715 - []
22:21:52,731 - []
22:21:52,732 - []
22:21:52,751 - []
22:21:52,751 - []
22:21:52,769 - []
22:21:52,770 - []
22:21:52,785 - []
22:21:52,786 - []
22:21:52,802 - []
22:21:52,802 - []
22:21:52,819 - []
22:21:52,820 - []
22:21:52,836 - []
22:21:52,837 - []
22:21:52,852 - []
22:21:52,852 - []
22:21:52,869 - []
22:21:52,869 - []
22:21:52,885 - []
22:21:52,885 - []
22:21:52,902 - []
22:21:52,902 - []
22:21:52,918 - []
22:21:52,918 - []
22:21:52,933 - []
22:21:52,934 - []
22:21:52,949 - []
22:21:52,949 - []
22:21:52,965 - []
22:21:52,965 - []
22:21:52,981 - []
22:21:52,981 - []
22:21:52,997 - []
22:21:52,997 - []
22:21:53,014 - []
22:21:53,015 - []
22:21:53,031 - []
22:21:53,031 - []
22:21:53,047 - []
22:21:53,047 - []
22:21:53,063 - []
22:21:53,064 - []
22:21:53,080 - []
22:21:53,080 - []
22:21:53,097 - []
22:21:53,097 - []
22:21:53,112 - []
22:21:53,113 - []
22:21:53,128 - []
22:21:53,129 - []
22:21:53,144 - []
22:21:53,145 - []
22:21:53,160 - []
22:21:53,161 - []
22:21:53,175 - []
22:21:53,175 - []
22:21:53,192 - []
22:21:53,192 - []
22:21:53,208 - []
22:21:53,209 - []
22:21:53,224 - []
22:21:53,224 - []
22:21:53,241 - []
22:21:53,241 - []
22:21:53,258 - []
22:21:53,258 - []
22:21:53,275 - []
22:21:53,275 - []
22:21:53,290 - []
22:21:53,291 - []
22:21:53,308 - []
22:21:53,308 - []
22:21:53,325 - []
22:21:53,326 - []
22:21:53,341 - []
22:21:53,341 - []
22:21:53,358 - []
22:21:53,358 - []
22:21:53,375 - []
22:21:53,376 - []
22:21:53,392 - []
22:21:53,392 - []
22:21:53,410 - []
22:21:53,410 - []
22:21:53,426 - []
22:21:53,426 - []
22:21:53,441 - []
22:21:53,441 - []
22:21:53,457 - []
22:21:53,457 - []
22:21:53,473 - []
22:21:53,474 - []
22:21:53,489 - []
22:21:53,490 - []
22:21:53,505 - []
22:21:53,505 - []
22:21:53,522 - []
22:21:53,522 - []
22:21:53,539 - []
22:21:53,539 - []
22:21:53,557 - []
22:21:53,557 - []
22:21:53,573 - []
22:21:53,573 - []
22:21:53,591 - []
22:21:53,591 - []
22:21:53,609 - []
22:21:53,609 - []
22:21:53,626 - []
22:21:53,626 - []
22:21:53,645 - []
22:21:53,645 - []
22:21:53,663 - []
22:21:53,664 - []
22:21:53,679 - []
22:21:53,679 - []
22:21:53,697 - []
22:21:53,697 - []
22:21:53,714 - []
22:21:53,714 - []
22:21:53,730 - []
22:21:53,731 - []
22:21:53,745 - []
22:21:53,746 - []
22:21:53,761 - []
22:21:53,762 - []
22:21:53,778 - []
22:21:53,778 - []
22:21:53,796 - []
22:21:53,796 - []
22:21:53,812 - []
22:21:53,812 - []
22:21:53,827 - []
22:21:53,827 - []
22:21:53,844 - []
22:21:53,844 - []
22:21:53,862 - []
22:21:53,862 - []
22:21:53,880 - []
22:21:53,880 - []
22:21:53,898 - []
22:21:53,898 - []
22:21:53,915 - []
22:21:53,916 - []
22:21:53,933 - []
22:21:53,933 - []
22:21:53,950 - []
22:21:53,950 - []
22:21:53,966 - []
22:21:53,967 - []
22:21:53,986 - []
22:21:53,987 - []
22:21:54,003 - []
22:21:54,004 - []
22:21:54,020 - []
22:21:54,020 - []
22:21:54,035 - []
22:21:54,036 - []
22:21:54,053 - []
22:21:54,054 - []
22:21:54,069 - []
22:21:54,069 - []
22:21:54,085 - []
22:21:54,086 - []
22:21:54,101 - []
22:21:54,102 - []
22:21:54,117 - []
22:21:54,118 - []
22:21:54,133 - []
22:21:54,134 - []
22:21:54,151 - []
22:21:54,151 - []
22:21:54,167 - []
22:21:54,168 - []
22:21:54,185 - []
22:21:54,185 - []
22:21:54,202 - []
22:21:54,203 - []
22:21:54,219 - []
22:21:54,220 - []
22:21:54,236 - []
22:21:54,237 - []
22:21:54,253 - []
22:21:54,253 - []
22:21:54,270 - []
22:21:54,270 - []
22:21:54,286 - []
22:21:54,287 - []
22:21:54,303 - []
22:21:54,303 - []
22:21:54,319 - []
22:21:54,319 - []
22:21:54,335 - []
22:21:54,335 - []
22:21:54,353 - []
22:21:54,353 - []
22:21:54,368 - []
22:21:54,369 - []
22:21:54,385 - []
22:21:54,385 - []
22:21:54,401 - []
22:21:54,401 - []
22:21:54,417 - []
22:21:54,418 - []
22:21:54,433 - []
22:21:54,433 - []
22:21:54,449 - []
22:21:54,449 - []
22:21:54,464 - []
22:21:54,464 - []
22:21:54,480 - []
22:21:54,480 - []
22:21:54,495 - []
22:21:54,496 - []
22:21:54,512 - []
22:21:54,513 - []
22:21:54,529 - []
22:21:54,529 - []
22:21:54,545 - []
22:21:54,545 - []
22:21:54,561 - []
22:21:54,562 - []
22:21:54,577 - []
22:21:54,578 - []
22:21:54,593 - []
22:21:54,594 - []
22:21:54,609 - []
22:21:54,609 - []
22:21:54,625 - []
22:21:54,626 - []
22:21:54,642 - []
22:21:54,642 - []
22:21:54,658 - []
22:21:54,658 - []
22:21:54,674 - []
22:21:54,674 - []
22:21:54,690 - []
22:21:54,690 - []
22:21:54,706 - []
22:21:54,706 - []
22:21:54,724 - []
22:21:54,725 - []
22:21:54,742 - []
22:21:54,742 - []
22:21:54,758 - []
22:21:54,759 - []
22:21:54,775 - []
22:21:54,776 - []
22:21:54,791 - []
22:21:54,791 - []
22:21:54,808 - []
22:21:54,808 - []
22:21:54,824 - []
22:21:54,824 - []
22:21:54,840 - []
22:21:54,840 - []
22:21:54,857 - []
22:21:54,857 - []
22:21:54,872 - []
22:21:54,872 - []
22:21:54,889 - []
22:21:54,889 - []
22:21:54,908 - []
22:21:54,908 - []
22:21:54,925 - []
22:21:54,925 - []
22:21:54,943 - []
22:21:54,943 - []
22:21:54,961 - []
22:21:54,961 - []
22:21:54,979 - []
22:21:54,980 - []
22:21:54,997 - []
22:21:54,997 - []
22:21:55,013 - []
22:21:55,013 - []
22:21:55,031 - []
22:21:55,031 - []
22:21:55,047 - []
22:21:55,047 - []
22:21:55,063 - []
22:21:55,063 - []
22:21:55,080 - []
22:21:55,080 - []
22:21:55,096 - []
22:21:55,096 - []
22:21:55,112 - []
22:21:55,113 - []
22:21:55,127 - []
22:21:55,128 - []
22:21:55,143 - []
22:21:55,143 - []
22:21:55,159 - []
22:21:55,159 - []
22:21:55,174 - []
22:21:55,175 - []
22:21:55,190 - []
22:21:55,191 - []
22:21:55,206 - []
22:21:55,206 - []
22:21:55,221 - []
22:21:55,221 - []
22:21:55,237 - []
22:21:55,237 - []
22:21:55,243 - Bot Bot_2 collided.
22:21:55,253 - []
22:21:55,254 - []
22:21:55,260 - action Bot_2 goTo(RoomA1)
22:21:55,269 - []
22:21:55,276 - []
22:21:55,288 - []
22:21:55,293 - []
22:21:55,295 - action Bot_1 goTo(RoomA2)
22:21:55,308 - []
22:21:55,310 - []
22:21:55,326 - []
22:21:55,326 - []
22:21:55,343 - []
22:21:55,343 - []
22:21:55,360 - []
22:21:55,360 - []
22:21:55,375 - []
22:21:55,376 - []
22:21:55,391 - []
22:21:55,391 - []
22:21:55,407 - []
22:21:55,407 - []
22:21:55,422 - []
22:21:55,423 - []
22:21:55,438 - []
22:21:55,438 - []
22:21:55,455 - []
22:21:55,455 - []
22:21:55,471 - []
22:21:55,471 - []
22:21:55,487 - []
22:21:55,487 - []
22:21:55,502 - []
22:21:55,502 - []
22:21:55,519 - []
22:21:55,519 - []
22:21:55,535 - []
22:21:55,535 - []
22:21:55,549 - []
22:21:55,550 - []
22:21:55,565 - []
22:21:55,565 - []
22:21:55,579 - []
22:21:55,582 - []
22:21:55,596 - []
22:21:55,596 - []
22:21:55,613 - []
22:21:55,613 - []
22:21:55,628 - []
22:21:55,629 - []
22:21:55,646 - []
22:21:55,646 - []
22:21:55,663 - []
22:21:55,663 - []
22:21:55,681 - []
22:21:55,681 - []
22:21:55,697 - []
22:21:55,697 - []
22:21:55,714 - []
22:21:55,714 - []
22:21:55,731 - []
22:21:55,732 - []
22:21:55,750 - []
22:21:55,751 - []
22:21:55,766 - []
22:21:55,769 - []
22:21:55,784 - []
22:21:55,785 - []
22:21:55,802 - []
22:21:55,802 - []
22:21:55,818 - []
22:21:55,820 - []
22:21:55,833 - []
22:21:55,836 - []
22:21:55,849 - []
22:21:55,852 - []
22:21:55,866 - []
22:21:55,871 - []
22:21:55,881 - []
22:21:55,886 - []
22:21:55,896 - []
22:21:55,903 - []
22:21:55,912 - []
22:21:55,919 - []
22:21:55,929 - []
22:21:55,934 - []
22:21:55,943 - []
22:21:55,952 - []
22:21:55,959 - []
22:21:55,959 - action Bot_2 goTo(RoomA2)
22:21:55,974 - []
22:21:55,975 - []
22:21:55,993 - []
22:21:55,993 - []
22:21:56,010 - []
22:21:56,011 - []
22:21:56,028 - []
22:21:56,028 - []
22:21:56,046 - []
22:21:56,047 - []
22:21:56,063 - []
22:21:56,063 - []
22:21:56,081 - []
22:21:56,081 - []
22:21:56,097 - []
22:21:56,099 - []
22:21:56,113 - []
22:21:56,114 - []
22:21:56,130 - []
22:21:56,130 - []
22:21:56,146 - []
22:21:56,146 - []
22:21:56,160 - []
22:21:56,161 - []
22:21:56,177 - []
22:21:56,177 - []
22:21:56,192 - []
22:21:56,192 - []
22:21:56,208 - []
22:21:56,209 - []
22:21:56,224 - []
22:21:56,224 - []
22:21:56,240 - []
22:21:56,240 - []
22:21:56,255 - []
22:21:56,255 - []
22:21:56,272 - []
22:21:56,272 - []
22:21:56,288 - []
22:21:56,288 - []
22:21:56,305 - []
22:21:56,305 - []
22:21:56,322 - []
22:21:56,322 - []
22:21:56,338 - []
22:21:56,346 - []
22:21:56,363 - []
22:21:56,363 - []
22:21:56,379 - []
22:21:56,379 - []
22:21:56,394 - []
22:21:56,394 - []
22:21:56,410 - []
22:21:56,410 - []
22:21:56,425 - []
22:21:56,426 - []
22:21:56,443 - []
22:21:56,443 - []
22:21:56,459 - []
22:21:56,459 - []
22:21:56,475 - []
22:21:56,475 - []
22:21:56,492 - []
22:21:56,492 - []
22:21:56,507 - []
22:21:56,507 - []
22:21:56,522 - []
22:21:56,522 - []
22:21:56,537 - []
22:21:56,537 - []
22:21:56,553 - []
22:21:56,554 - []
22:21:56,569 - []
22:21:56,570 - []
22:21:56,585 - []
22:21:56,586 - []
22:21:56,602 - []
22:21:56,602 - []
22:21:56,619 - []
22:21:56,620 - []
22:21:56,638 - []
22:21:56,638 - []
22:21:56,653 - []
22:21:56,654 - []
22:21:56,669 - []
22:21:56,669 - []
22:21:56,686 - []
22:21:56,687 - []
22:21:56,703 - []
22:21:56,703 - []
22:21:56,709 - action Bot_1 goTo(RoomA3)
22:21:56,720 - []
22:21:56,742 - []
22:21:56,758 - []
22:21:56,762 - []
22:21:56,778 - []
22:21:56,782 - []
22:21:56,801 - []
22:21:56,802 - []
22:21:56,819 - []
22:21:56,819 - []
22:21:56,835 - []
22:21:56,835 - []
22:21:56,852 - []
22:21:56,852 - []
22:21:56,870 - []
22:21:56,870 - []
22:21:56,887 - []
22:21:56,887 - []
22:21:56,902 - []
22:21:56,903 - []
22:21:56,918 - []
22:21:56,919 - []
22:21:56,935 - []
22:21:56,936 - []
22:21:56,953 - []
22:21:56,953 - []
22:21:56,969 - []
22:21:56,969 - []
22:21:56,986 - []
22:21:56,986 - []
22:21:57,003 - []
22:21:57,003 - []
22:21:57,019 - []
22:21:57,019 - []
22:21:57,035 - []
22:21:57,035 - []
22:21:57,051 - []
22:21:57,051 - []
22:21:57,066 - []
22:21:57,066 - []
22:21:57,083 - []
22:21:57,084 - []
22:21:57,100 - []
22:21:57,100 - []
22:21:57,115 - []
22:21:57,115 - []
22:21:57,131 - []
22:21:57,131 - []
22:21:57,148 - []
22:21:57,149 - []
22:21:57,164 - []
22:21:57,166 - []
22:21:57,178 - []
22:21:57,183 - []
22:21:57,195 - []
22:21:57,200 - []
22:21:57,212 - []
22:21:57,216 - []
22:21:57,227 - []
22:21:57,233 - []
22:21:57,242 - []
22:21:57,250 - []
22:21:57,256 - []
22:21:57,266 - []
22:21:57,272 - []
22:21:57,283 - []
22:21:57,288 - []
22:21:57,300 - []
22:21:57,304 - []
22:21:57,315 - []
22:21:57,319 - []
22:21:57,330 - []
22:21:57,337 - []
22:21:57,350 - []
22:21:57,353 - []
22:21:57,368 - []
22:21:57,368 - []
22:21:57,374 - action Bot_2 goTo(RoomA3)
22:21:57,385 - []
22:21:57,385 - []
22:21:57,400 - []
22:21:57,400 - []
22:21:57,417 - []
22:21:57,418 - []
22:21:57,433 - []
22:21:57,433 - []
22:21:57,450 - []
22:21:57,450 - []
22:21:57,465 - []
22:21:57,465 - []
22:21:57,482 - []
22:21:57,482 - []
22:21:57,497 - []
22:21:57,497 - []
22:21:57,513 - []
22:21:57,513 - []
22:21:57,529 - []
22:21:57,529 - []
22:21:57,544 - []
22:21:57,544 - []
22:21:57,559 - []
22:21:57,560 - []
22:21:57,576 - []
22:21:57,578 - []
22:21:57,592 - []
22:21:57,593 - []
22:21:57,608 - []
22:21:57,609 - []
22:21:57,624 - []
22:21:57,625 - []
22:21:57,640 - []
22:21:57,640 - []
22:21:57,656 - []
22:21:57,656 - []
22:21:57,671 - []
22:21:57,671 - []
22:21:57,688 - []
22:21:57,688 - []
22:21:57,702 - []
22:21:57,703 - []
22:21:57,717 - []
22:21:57,717 - []
22:21:57,733 - []
22:21:57,734 - []
22:21:57,750 - []
22:21:57,751 - []
22:21:57,768 - []
22:21:57,768 - []
22:21:57,785 - []
22:21:57,785 - []
22:21:57,801 - []
22:21:57,801 - []
22:21:57,818 - []
22:21:57,818 - []
22:21:57,834 - []
22:21:57,835 - []
22:21:57,849 - []
22:21:57,851 - []
22:21:57,866 - []
22:21:57,866 - []
22:21:57,882 - []
22:21:57,882 - []
22:21:57,899 - []
22:21:57,900 - []
22:21:57,917 - []
22:21:57,918 - []
22:21:57,934 - []
22:21:57,934 - []
22:21:57,950 - []
22:21:57,950 - []
22:21:57,966 - []
22:21:57,966 - []
22:21:57,982 - []
22:21:57,984 - []
22:21:57,998 - []
22:21:58,000 - []
22:21:58,016 - []
22:21:58,017 - []
22:21:58,033 - []
22:21:58,034 - []
22:21:58,050 - []
22:21:58,050 - []
22:21:58,066 - []
22:21:58,066 - []
22:21:58,081 - []
22:21:58,082 - []
22:21:58,100 - []
22:21:58,100 - []
22:21:58,117 - []
22:21:58,118 - []
22:21:58,123 - action Bot_1 goTo(RoomB1)
22:21:58,134 - []
22:21:58,137 - []
22:21:58,149 - []
22:21:58,153 - []
22:21:58,167 - []
22:21:58,171 - []
22:21:58,183 - []
22:21:58,188 - []
22:21:58,200 - []
22:21:58,204 - []
22:21:58,217 - []
22:21:58,222 - []
22:21:58,234 - []
22:21:58,238 - []
22:21:58,250 - []
22:21:58,255 - []
22:21:58,266 - []
22:21:58,270 - []
22:21:58,282 - []
22:21:58,285 - []
22:21:58,297 - []
22:21:58,301 - []
22:21:58,315 - []
22:21:58,316 - []
22:21:58,333 - []
22:21:58,334 - []
22:21:58,350 - []
22:21:58,351 - []
22:21:58,366 - []
22:21:58,366 - []
22:21:58,382 - []
22:21:58,382 - []
22:21:58,400 - []
22:21:58,400 - []
22:21:58,416 - []
22:21:58,416 - []
22:21:58,433 - []
22:21:58,434 - []
22:21:58,450 - []
22:21:58,450 - []
22:21:58,465 - []
22:21:58,466 - []
22:21:58,482 - []
22:21:58,482 - []
22:21:58,498 - []
22:21:58,498 - []
22:21:58,513 - []
22:21:58,513 - []
22:21:58,528 - []
22:21:58,528 - []
22:21:58,544 - []
22:21:58,544 - []
22:21:58,560 - []
22:21:58,560 - []
22:21:58,578 - []
22:21:58,578 - []
22:21:58,593 - []
22:21:58,594 - []
22:21:58,609 - []
22:21:58,609 - []
22:21:58,624 - []
22:21:58,624 - []
22:21:58,641 - []
22:21:58,641 - []
22:21:58,657 - []
22:21:58,658 - []
22:21:58,674 - []
22:21:58,674 - []
22:21:58,689 - []
22:21:58,689 - []
22:21:58,705 - []
22:21:58,706 - []
22:21:58,721 - []
22:21:58,722 - []
22:21:58,737 - []
22:21:58,737 - []
22:21:58,753 - []
22:21:58,753 - []
22:21:58,768 - []
22:21:58,769 - []
22:21:58,774 - action Bot_2 goTo(RoomB1)
22:21:58,783 - []
22:21:58,787 - []
22:21:58,800 - []
22:21:58,802 - []
22:21:58,816 - []
22:21:58,817 - []
22:21:58,832 - []
22:21:58,833 - []
22:21:58,848 - []
22:21:58,848 - []
22:21:58,864 - []
22:21:58,864 - []
22:21:58,882 - []
22:21:58,882 - []
22:21:58,899 - []
22:21:58,900 - []
22:21:58,916 - []
22:21:58,917 - []
22:21:58,934 - []
22:21:58,934 - []
22:21:58,950 - []
22:21:58,950 - []
22:21:58,967 - []
22:21:58,967 - []
22:21:58,984 - []
22:21:58,984 - []
22:21:59,000 - []
22:21:59,000 - []
22:21:59,017 - []
22:21:59,017 - []
22:21:59,034 - []
22:21:59,034 - []
22:21:59,050 - []
22:21:59,050 - []
22:21:59,067 - []
22:21:59,067 - []
22:21:59,083 - []
22:21:59,083 - []
22:21:59,098 - []
22:21:59,099 - []
22:21:59,113 - []
22:21:59,113 - []
22:21:59,128 - []
22:21:59,128 - []
22:21:59,143 - []
22:21:59,143 - []
22:21:59,157 - []
22:21:59,158 - []
22:21:59,172 - []
22:21:59,172 - []
22:21:59,189 - []
22:21:59,189 - []
22:21:59,205 - []
22:21:59,205 - []
22:21:59,222 - []
22:21:59,223 - []
22:21:59,241 - []
22:21:59,242 - []
22:21:59,259 - []
22:21:59,259 - []
22:21:59,276 - []
22:21:59,277 - []
22:21:59,293 - []
22:21:59,293 - []
22:21:59,310 - []
22:21:59,310 - []
22:21:59,326 - []
22:21:59,327 - []
22:21:59,341 - []
22:21:59,341 - []
22:21:59,358 - []
22:21:59,359 - []
22:21:59,377 - []
22:21:59,377 - []
22:21:59,396 - []
22:21:59,397 - []
22:21:59,414 - []
22:21:59,414 - []
22:21:59,433 - []
22:21:59,433 - []
22:21:59,450 - []
22:21:59,450 - []
22:21:59,466 - []
22:21:59,466 - []
22:21:59,482 - []
22:21:59,483 - []
22:21:59,498 - []
22:21:59,498 - []
22:21:59,517 - []
22:21:59,517 - []
22:21:59,532 - []
22:21:59,533 - []
22:21:59,548 - []
22:21:59,549 - []
22:21:59,565 - []
22:21:59,565 - []
22:21:59,580 - []
22:21:59,580 - []
22:21:59,598 - []
22:21:59,598 - []
22:21:59,616 - []
22:21:59,616 - []
22:21:59,632 - []
22:21:59,632 - []
22:21:59,648 - []
22:21:59,648 - []
22:21:59,664 - []
22:21:59,664 - []
22:21:59,680 - []
22:21:59,680 - []
22:21:59,696 - []
22:21:59,696 - []
22:21:59,712 - []
22:21:59,712 - []
22:21:59,728 - []
22:21:59,728 - []
22:21:59,744 - []
22:21:59,745 - []
22:21:59,761 - []
22:21:59,761 - []
22:21:59,776 - []
22:21:59,777 - []
22:21:59,792 - []
22:21:59,792 - []
22:21:59,807 - []
22:21:59,807 - []
22:21:59,823 - []
22:21:59,823 - []
22:21:59,837 - []
22:21:59,837 - []
22:21:59,853 - []
22:21:59,853 - []
22:21:59,870 - []
22:21:59,870 - []
22:21:59,885 - []
22:21:59,885 - []
22:21:59,900 - []
22:21:59,900 - []
22:21:59,916 - []
22:21:59,917 - []
22:21:59,932 - []
22:21:59,933 - []
22:21:59,949 - []
22:21:59,949 - []
22:21:59,965 - []
22:21:59,965 - []
22:21:59,982 - []
22:21:59,982 - []
22:21:59,998 - []
22:21:59,999 - []
22:22:00,013 - []
22:22:00,013 - []
22:22:00,030 - []
22:22:00,030 - []
22:22:00,047 - []
22:22:00,048 - []
22:22:00,064 - []
22:22:00,064 - []
22:22:00,080 - []
22:22:00,080 - []
22:22:00,097 - []
22:22:00,097 - []
22:22:00,112 - []
22:22:00,112 - []
22:22:00,129 - []
22:22:00,130 - []
22:22:00,146 - []
22:22:00,146 - []
22:22:00,162 - []
22:22:00,162 - []
22:22:00,178 - []
22:22:00,178 - []
22:22:00,196 - []
22:22:00,197 - []
22:22:00,215 - []
22:22:00,215 - []
22:22:00,234 - []
22:22:00,234 - []
22:22:00,251 - []
22:22:00,251 - []
22:22:00,267 - []
22:22:00,267 - []
22:22:00,283 - []
22:22:00,283 - []
22:22:00,298 - []
22:22:00,299 - []
22:22:00,315 - []
22:22:00,315 - []
22:22:00,331 - []
22:22:00,332 - []
22:22:00,348 - []
22:22:00,348 - []
22:22:00,366 - []
22:22:00,366 - []
22:22:00,383 - []
22:22:00,383 - []
22:22:00,400 - []
22:22:00,400 - []
22:22:00,417 - []
22:22:00,417 - []
22:22:00,433 - []
22:22:00,433 - []
22:22:00,448 - []
22:22:00,448 - []
22:22:00,466 - []
22:22:00,466 - []
22:22:00,483 - []
22:22:00,483 - []
22:22:00,500 - []
22:22:00,501 - []
22:22:00,517 - []
22:22:00,517 - []
22:22:00,533 - []
22:22:00,534 - []
22:22:00,550 - []
22:22:00,551 - []
22:22:00,567 - []
22:22:00,567 - []
22:22:00,583 - []
22:22:00,584 - []
22:22:00,598 - []
22:22:00,599 - []
22:22:00,613 - []
22:22:00,613 - []
22:22:00,630 - []
22:22:00,630 - []
22:22:00,646 - []
22:22:00,646 - []
22:22:00,660 - []
22:22:00,661 - []
22:22:00,677 - []
22:22:00,677 - []
22:22:00,693 - []
22:22:00,693 - []
22:22:00,709 - []
22:22:00,709 - []
22:22:00,726 - []
22:22:00,726 - []
22:22:00,742 - []
22:22:00,742 - []
22:22:00,757 - []
22:22:00,757 - []
22:22:00,772 - []
22:22:00,773 - []
22:22:00,788 - []
22:22:00,788 - []
22:22:00,805 - []
22:22:00,805 - []
22:22:00,820 - []
22:22:00,821 - []
22:22:00,836 - []
22:22:00,836 - []
22:22:00,850 - []
22:22:00,851 - []
22:22:00,866 - []
22:22:00,866 - []
22:22:00,881 - []
22:22:00,881 - []
22:22:00,895 - []
22:22:00,895 - []
22:22:00,912 - []
22:22:00,912 - []
22:22:00,928 - []
22:22:00,928 - []
22:22:00,943 - []
22:22:00,943 - []
22:22:00,957 - []
22:22:00,957 - []
22:22:00,972 - []
22:22:00,972 - []
22:22:00,988 - []
22:22:00,989 - []
22:22:01,005 - []
22:22:01,005 - []
22:22:01,020 - []
22:22:01,020 - []
22:22:01,035 - []
22:22:01,035 - []
22:22:01,049 - []
22:22:01,049 - []
22:22:01,064 - []
22:22:01,064 - []
22:22:01,079 - []
22:22:01,079 - []
22:22:01,093 - []
22:22:01,093 - []
22:22:01,108 - []
22:22:01,108 - []
22:22:01,124 - []
22:22:01,124 - []
22:22:01,140 - []
22:22:01,140 - []
22:22:01,155 - []
22:22:01,155 - []
22:22:01,169 - []
22:22:01,169 - []
22:22:01,185 - []
22:22:01,185 - []
22:22:01,200 - []
22:22:01,200 - []
22:22:01,215 - []
22:22:01,215 - []
22:22:01,232 - []
22:22:01,232 - []
22:22:01,248 - []
22:22:01,248 - []
22:22:01,265 - []
22:22:01,265 - []
22:22:01,280 - []
22:22:01,280 - []
22:22:01,296 - []
22:22:01,296 - []
22:22:01,312 - []
22:22:01,312 - []
22:22:01,328 - []
22:22:01,328 - []
22:22:01,345 - []
22:22:01,345 - []
22:22:01,360 - []
22:22:01,360 - []
22:22:01,374 - []
22:22:01,374 - []
22:22:01,389 - []
22:22:01,390 - []
22:22:01,404 - []
22:22:01,404 - []
22:22:01,418 - []
22:22:01,419 - []
22:22:01,433 - []
22:22:01,433 - []
22:22:01,449 - []
22:22:01,450 - []
22:22:01,465 - []
22:22:01,466 - []
22:22:01,480 - []
22:22:01,480 - []
22:22:01,497 - []
22:22:01,497 - []
22:22:01,512 - []
22:22:01,512 - []
22:22:01,528 - []
22:22:01,528 - []
22:22:01,542 - []
22:22:01,542 - []
22:22:01,557 - []
22:22:01,557 - []
22:22:01,572 - []
22:22:01,572 - []
22:22:01,587 - []
22:22:01,590 - []
22:22:01,603 - []
22:22:01,607 - []
22:22:01,619 - []
22:22:01,623 - []
22:22:01,635 - []
22:22:01,639 - []
22:22:01,649 - []
22:22:01,655 - []
22:22:01,664 - []
22:22:01,669 - []
22:22:01,680 - []
22:22:01,684 - []
22:22:01,696 - []
22:22:01,700 - []
22:22:01,712 - []
22:22:01,716 - []
22:22:01,728 - []
22:22:01,732 - []
22:22:01,744 - []
22:22:01,748 - []
22:22:01,760 - []
22:22:01,764 - []
22:22:01,777 - []
22:22:01,781 - []
22:22:01,787 - action Bot_1 goTo(RoomB2)
22:22:01,792 - []
22:22:01,800 - []
22:22:01,806 - []
22:22:01,816 - []
22:22:01,822 - []
22:22:01,832 - []
22:22:01,836 - []
22:22:01,848 - []
22:22:01,852 - []
22:22:01,864 - []
22:22:01,868 - []
22:22:01,879 - []
22:22:01,884 - []
22:22:01,896 - []
22:22:01,900 - []
22:22:01,912 - []
22:22:01,916 - []
22:22:01,928 - []
22:22:01,932 - []
22:22:01,944 - []
22:22:01,949 - []
22:22:01,959 - []
22:22:01,965 - []
22:22:01,974 - []
22:22:01,980 - []
22:22:01,991 - []
22:22:01,994 - []
22:22:02,007 - []
22:22:02,010 - []
22:22:02,021 - []
22:22:02,024 - []
22:22:02,036 - []
22:22:02,038 - []
22:22:02,050 - []
22:22:02,052 - []
22:22:02,066 - []
22:22:02,066 - []
22:22:02,081 - []
22:22:02,081 - []
22:22:02,096 - []
22:22:02,096 - []
22:22:02,111 - []
22:22:02,112 - []
22:22:02,129 - []
22:22:02,129 - []
22:22:02,144 - []
22:22:02,145 - []
22:22:02,161 - []
22:22:02,161 - []
22:22:02,176 - []
22:22:02,176 - []
22:22:02,193 - []
22:22:02,193 - []
22:22:02,209 - []
22:22:02,209 - []
22:22:02,225 - []
22:22:02,225 - []
22:22:02,240 - []
22:22:02,241 - []
22:22:02,255 - []
22:22:02,256 - []
22:22:02,273 - []
22:22:02,273 - []
22:22:02,288 - []
22:22:02,289 - []
22:22:02,305 - []
22:22:02,305 - []
22:22:02,320 - []
22:22:02,320 - []
22:22:02,336 - []
22:22:02,336 - []
22:22:02,351 - []
22:22:02,353 - []
22:22:02,366 - []
22:22:02,367 - []
22:22:02,383 - []
22:22:02,383 - []
22:22:02,400 - []
22:22:02,400 - []
22:22:02,416 - []
22:22:02,417 - []
22:22:02,433 - []
22:22:02,433 - []
22:22:02,440 - action Bot_2 goTo(RoomB2)
22:22:02,448 - []
22:22:02,453 - []
22:22:02,467 - []
22:22:02,469 - []
22:22:02,482 - []
22:22:02,485 - []
22:22:02,497 - []
22:22:02,501 - []
22:22:02,512 - []
22:22:02,517 - []
22:22:02,528 - []
22:22:02,533 - []
22:22:02,544 - []
22:22:02,549 - []
22:22:02,560 - []
22:22:02,566 - []
22:22:02,576 - []
22:22:02,581 - []
22:22:02,593 - []
22:22:02,596 - []
22:22:02,607 - []
22:22:02,612 - []
22:22:02,624 - []
22:22:02,628 - []
22:22:02,640 - []
22:22:02,644 - []
22:22:02,655 - []
22:22:02,660 - []
22:22:02,671 - []
22:22:02,676 - []
22:22:02,686 - []
22:22:02,690 - []
22:22:02,702 - []
22:22:02,706 - []
22:22:02,716 - []
22:22:02,721 - []
22:22:02,733 - []
22:22:02,736 - []
22:22:02,750 - []
22:22:02,751 - []
22:22:02,766 - []
22:22:02,766 - []
22:22:02,783 - []
22:22:02,783 - []
22:22:02,799 - []
22:22:02,800 - []
22:22:02,816 - []
22:22:02,817 - []
22:22:02,833 - []
22:22:02,833 - []
22:22:02,849 - []
22:22:02,850 - []
22:22:02,864 - []
22:22:02,864 - []
22:22:02,880 - []
22:22:02,880 - []
22:22:02,895 - []
22:22:02,895 - []
22:22:02,909 - []
22:22:02,910 - []
22:22:02,924 - []
22:22:02,924 - []
22:22:02,939 - []
22:22:02,940 - []
22:22:02,955 - []
22:22:02,955 - []
22:22:02,971 - []
22:22:02,972 - []
22:22:02,988 - []
22:22:02,989 - []
22:22:03,005 - []
22:22:03,005 - []
22:22:03,022 - []
22:22:03,022 - []
22:22:03,038 - []
22:22:03,038 - []
22:22:03,053 - []
22:22:03,053 - []
22:22:03,069 - []
22:22:03,069 - []
22:22:03,084 - []
22:22:03,084 - []
22:22:03,099 - []
22:22:03,100 - []
22:22:03,116 - []
22:22:03,116 - []
22:22:03,130 - []
22:22:03,132 - []
22:22:03,145 - []
22:22:03,146 - []
22:22:03,162 - []
22:22:03,162 - []
22:22:03,177 - []
22:22:03,178 - []
22:22:03,192 - []
22:22:03,193 - []
22:22:03,198 - action Bot_1 goTo(RoomB3)
22:22:03,209 - []
22:22:03,212 - []
22:22:03,225 - []
22:22:03,229 - []
22:22:03,240 - []
22:22:03,245 - []
22:22:03,256 - []
22:22:03,260 - []
22:22:03,272 - []
22:22:03,276 - []
22:22:03,288 - []
22:22:03,292 - []
22:22:03,305 - []
22:22:03,309 - []
22:22:03,321 - []
22:22:03,325 - []
22:22:03,335 - []
22:22:03,340 - []
22:22:03,349 - []
22:22:03,354 - []
22:22:03,365 - []
22:22:03,368 - []
22:22:03,382 - []
22:22:03,383 - []
22:22:03,397 - []
22:22:03,397 - []
22:22:03,412 - []
22:22:03,413 - []
22:22:03,430 - []
22:22:03,430 - []
22:22:03,445 - []
22:22:03,445 - []
22:22:03,462 - []
22:22:03,462 - []
22:22:03,478 - []
22:22:03,478 - []
22:22:03,492 - []
22:22:03,492 - []
22:22:03,508 - []
22:22:03,508 - []
22:22:03,525 - []
22:22:03,525 - []
22:22:03,539 - []
22:22:03,539 - []
22:22:03,554 - []
22:22:03,554 - []
22:22:03,568 - []
22:22:03,569 - []
22:22:03,584 - []
22:22:03,585 - []
22:22:03,599 - []
22:22:03,600 - []
22:22:03,616 - []
22:22:03,617 - []
22:22:03,633 - []
22:22:03,633 - []
22:22:03,648 - []
22:22:03,648 - []
22:22:03,663 - []
22:22:03,663 - []
22:22:03,678 - []
22:22:03,678 - []
22:22:03,693 - []
22:22:03,694 - []
22:22:03,708 - []
22:22:03,709 - []
22:22:03,725 - []
22:22:03,726 - []
22:22:03,741 - []
22:22:03,742 - []
22:22:03,756 - []
22:22:03,756 - []
22:22:03,771 - []
22:22:03,771 - []
22:22:03,786 - []
22:22:03,786 - []
22:22:03,802 - []
22:22:03,802 - []
22:22:03,818 - []
22:22:03,818 - []
22:22:03,833 - []
22:22:03,834 - []
22:22:03,850 - []
22:22:03,850 - []
22:22:03,856 - action Bot_2 goTo(RoomB3)
22:22:03,866 - []
22:22:03,870 - []
22:22:03,881 - []
22:22:03,886 - []
22:22:03,898 - []
22:22:03,902 - []
22:22:03,913 - []
22:22:03,918 - []
22:22:03,930 - []
22:22:03,934 - []
22:22:03,945 - []
22:22:03,952 - []
22:22:03,960 - []
22:22:03,968 - []
22:22:03,977 - []
22:22:03,983 - []
22:22:03,992 - []
22:22:03,998 - []
22:22:04,007 - []
22:22:04,012 - []
22:22:04,022 - []
22:22:04,027 - []
22:22:04,038 - []
22:22:04,042 - []
22:22:04,054 - []
22:22:04,057 - []
22:22:04,069 - []
22:22:04,071 - []
22:22:04,084 - []
22:22:04,085 - []
22:22:04,099 - []
22:22:04,101 - []
22:22:04,115 - []
22:22:04,115 - []
22:22:04,132 - []
22:22:04,132 - []
22:22:04,148 - []
22:22:04,148 - []
22:22:04,165 - []
22:22:04,165 - []
22:22:04,179 - []
22:22:04,180 - []
22:22:04,194 - []
22:22:04,194 - []
22:22:04,209 - []
22:22:04,210 - []
22:22:04,223 - []
22:22:04,224 - []
22:22:04,239 - []
22:22:04,239 - []
22:22:04,253 - []
22:22:04,253 - []
22:22:04,268 - []
22:22:04,268 - []
22:22:04,284 - []
22:22:04,284 - []
22:22:04,298 - []
22:22:04,298 - []
22:22:04,312 - []
22:22:04,312 - []
22:22:04,326 - []
22:22:04,327 - []
22:22:04,342 - []
22:22:04,342 - []
22:22:04,356 - []
22:22:04,356 - []
22:22:04,371 - []
22:22:04,371 - []
22:22:04,387 - []
22:22:04,388 - []
22:22:04,404 - []
22:22:04,404 - []
22:22:04,419 - []
22:22:04,420 - []
22:22:04,434 - []
22:22:04,435 - []
22:22:04,449 - []
22:22:04,449 - []
22:22:04,464 - []
22:22:04,464 - []
22:22:04,480 - []
22:22:04,480 - []
22:22:04,495 - []
22:22:04,495 - []
22:22:04,511 - []
22:22:04,511 - []
22:22:04,525 - []
22:22:04,526 - []
22:22:04,540 - []
22:22:04,540 - []
22:22:04,556 - []
22:22:04,556 - []
22:22:04,571 - []
22:22:04,571 - []
22:22:04,576 - action Bot_1 goTo(RoomC1)
22:22:04,587 - []
22:22:04,590 - []
22:22:04,601 - []
22:22:04,604 - []
22:22:04,615 - []
22:22:04,619 - []
22:22:04,630 - []
22:22:04,634 - []
22:22:04,645 - []
22:22:04,649 - []
22:22:04,660 - []
22:22:04,665 - []
22:22:04,674 - []
22:22:04,679 - []
22:22:04,688 - []
22:22:04,694 - []
22:22:04,703 - []
22:22:04,708 - []
22:22:04,718 - []
22:22:04,723 - []
22:22:04,733 - []
22:22:04,738 - []
22:22:04,749 - []
22:22:04,752 - []
22:22:04,766 - []
22:22:04,767 - []
22:22:04,783 - []
22:22:04,783 - []
22:22:04,799 - []
22:22:04,799 - []
22:22:04,816 - []
22:22:04,817 - []
22:22:04,833 - []
22:22:04,833 - []
22:22:04,847 - []
22:22:04,849 - []
22:22:04,862 - []
22:22:04,866 - []
22:22:04,876 - []
22:22:04,881 - []
22:22:04,891 - []
22:22:04,896 - []
22:22:04,906 - []
22:22:04,912 - []
22:22:04,921 - []
22:22:04,928 - []
22:22:04,937 - []
22:22:04,944 - []
22:22:04,952 - []
22:22:04,961 - []
22:22:04,967 - []
22:22:04,977 - []
22:22:04,983 - []
22:22:04,996 - []
22:22:04,998 - []
22:22:05,011 - []
22:22:05,012 - []
22:22:05,026 - []
22:22:05,029 - []
22:22:05,040 - []
22:22:05,044 - []
22:22:05,054 - []
22:22:05,061 - []
22:22:05,070 - []
22:22:05,077 - []
22:22:05,084 - []
22:22:05,092 - []
22:22:05,099 - []
22:22:05,108 - []
22:22:05,116 - []
22:22:05,123 - []
22:22:05,133 - []
22:22:05,140 - []
22:22:05,149 - []
22:22:05,154 - []
22:22:05,166 - []
22:22:05,170 - []
22:22:05,183 - []
22:22:05,184 - []
22:22:05,199 - []
22:22:05,200 - []
22:22:05,216 - []
22:22:05,216 - []
22:22:05,222 - action Bot_2 goTo(RoomC1)
22:22:05,233 - []
22:22:05,234 - []
22:22:05,249 - []
22:22:05,250 - []
22:22:05,266 - []
22:22:05,266 - []
22:22:05,283 - []
22:22:05,283 - []
22:22:05,299 - []
22:22:05,300 - []
22:22:05,316 - []
22:22:05,316 - []
22:22:05,331 - []
22:22:05,332 - []
22:22:05,347 - []
22:22:05,347 - []
22:22:05,363 - []
22:22:05,363 - []
22:22:05,379 - []
22:22:05,379 - []
22:22:05,394 - []
22:22:05,394 - []
22:22:05,411 - []
22:22:05,411 - []
22:22:05,427 - []
22:22:05,427 - []
22:22:05,444 - []
22:22:05,444 - []
22:22:05,459 - []
22:22:05,459 - []
22:22:05,475 - []
22:22:05,475 - []
22:22:05,489 - []
22:22:05,490 - []
22:22:05,506 - []
22:22:05,507 - []
22:22:05,522 - []
22:22:05,522 - []
22:22:05,537 - []
22:22:05,537 - []
22:22:05,552 - []
22:22:05,552 - []
22:22:05,567 - []
22:22:05,567 - []
22:22:05,583 - []
22:22:05,583 - []
22:22:05,599 - []
22:22:05,599 - []
22:22:05,614 - []
22:22:05,614 - []
22:22:05,628 - []
22:22:05,629 - []
22:22:05,644 - []
22:22:05,645 - []
22:22:05,661 - []
22:22:05,662 - []
22:22:05,677 - []
22:22:05,677 - []
22:22:05,694 - []
22:22:05,694 - []
22:22:05,710 - []
22:22:05,710 - []
22:22:05,726 - []
22:22:05,726 - []
22:22:05,742 - []
22:22:05,742 - []
22:22:05,760 - []
22:22:05,760 - []
22:22:05,776 - []
22:22:05,776 - []
22:22:05,793 - []
22:22:05,793 - []
22:22:05,809 - []
22:22:05,809 - []
22:22:05,826 - []
22:22:05,826 - []
22:22:05,843 - []
22:22:05,844 - []
22:22:05,860 - []
22:22:05,860 - []
22:22:05,878 - []
22:22:05,878 - []
22:22:05,896 - []
22:22:05,896 - []
22:22:05,911 - []
22:22:05,911 - []
22:22:05,929 - []
22:22:05,929 - []
22:22:05,945 - []
22:22:05,945 - []
22:22:05,962 - []
22:22:05,962 - []
22:22:05,978 - []
22:22:05,979 - []
22:22:05,996 - []
22:22:05,996 - []
22:22:06,012 - []
22:22:06,013 - []
22:22:06,029 - []
22:22:06,030 - []
22:22:06,045 - []
22:22:06,045 - []
22:22:06,062 - []
22:22:06,062 - []
22:22:06,078 - []
22:22:06,079 - []
22:22:06,095 - []
22:22:06,096 - []
22:22:06,111 - []
22:22:06,111 - []
22:22:06,127 - []
22:22:06,128 - []
22:22:06,143 - []
22:22:06,144 - []
22:22:06,157 - []
22:22:06,158 - []
22:22:06,173 - []
22:22:06,174 - []
22:22:06,189 - []
22:22:06,189 - []
22:22:06,205 - []
22:22:06,205 - []
22:22:06,220 - []
22:22:06,220 - []
22:22:06,237 - []
22:22:06,237 - []
22:22:06,252 - []
22:22:06,252 - []
22:22:06,267 - []
22:22:06,267 - []
22:22:06,282 - []
22:22:06,283 - []
22:22:06,299 - []
22:22:06,300 - []
22:22:06,314 - []
22:22:06,315 - []
22:22:06,329 - []
22:22:06,330 - []
22:22:06,344 - []
22:22:06,344 - []
22:22:06,360 - []
22:22:06,361 - []
22:22:06,378 - []
22:22:06,378 - []
22:22:06,393 - []
22:22:06,393 - []
22:22:06,409 - []
22:22:06,409 - []
22:22:06,426 - []
22:22:06,426 - []
22:22:06,441 - []
22:22:06,441 - []
22:22:06,455 - []
22:22:06,456 - []
22:22:06,471 - []
22:22:06,472 - []
22:22:06,487 - []
22:22:06,487 - []
22:22:06,502 - []
22:22:06,503 - []
22:22:06,517 - []
22:22:06,518 - []
22:22:06,533 - []
22:22:06,534 - []
22:22:06,550 - []
22:22:06,550 - []
22:22:06,565 - []
22:22:06,566 - []
22:22:06,580 - []
22:22:06,580 - []
22:22:06,598 - []
22:22:06,599 - []
22:22:06,614 - []
22:22:06,614 - []
22:22:06,629 - []
22:22:06,629 - []
22:22:06,644 - []
22:22:06,645 - []
22:22:06,661 - []
22:22:06,661 - []
22:22:06,675 - []
22:22:06,675 - []
22:22:06,690 - []
22:22:06,690 - []
22:22:06,708 - []
22:22:06,708 - []
22:22:06,723 - []
22:22:06,725 - []
22:22:06,741 - []
22:22:06,741 - []
22:22:06,756 - []
22:22:06,756 - []
22:22:06,773 - []
22:22:06,773 - []
22:22:06,790 - []
22:22:06,790 - []
22:22:06,806 - []
22:22:06,808 - []
22:22:06,823 - []
22:22:06,823 - []
22:22:06,838 - []
22:22:06,838 - []
22:22:06,853 - []
22:22:06,853 - []
22:22:06,869 - []
22:22:06,870 - []
22:22:06,886 - []
22:22:06,887 - []
22:22:06,902 - []
22:22:06,902 - []
22:22:06,918 - []
22:22:06,919 - []
22:22:06,933 - []
22:22:06,933 - []
22:22:06,948 - []
22:22:06,967 - []
22:22:06,983 - []
22:22:06,983 - []
22:22:06,997 - []
22:22:06,999 - []
22:22:07,011 - []
22:22:07,015 - []
22:22:07,029 - []
22:22:07,030 - []
22:22:07,046 - []
22:22:07,046 - []
22:22:07,061 - []
22:22:07,062 - []
22:22:07,077 - []
22:22:07,077 - []
22:22:07,092 - []
22:22:07,092 - []
22:22:07,108 - []
22:22:07,108 - []
22:22:07,125 - []
22:22:07,125 - []
22:22:07,139 - []
22:22:07,139 - []
22:22:07,156 - []
22:22:07,156 - []
22:22:07,173 - []
22:22:07,173 - []
22:22:07,189 - []
22:22:07,189 - []
22:22:07,204 - []
22:22:07,204 - []
22:22:07,219 - []
22:22:07,220 - []
22:22:07,237 - []
22:22:07,237 - []
22:22:07,253 - []
22:22:07,254 - []
22:22:07,268 - []
22:22:07,269 - []
22:22:07,284 - []
22:22:07,284 - []
22:22:07,299 - []
22:22:07,300 - []
22:22:07,315 - []
22:22:07,315 - []
22:22:07,332 - []
22:22:07,333 - []
22:22:07,350 - []
22:22:07,350 - []
22:22:07,367 - []
22:22:07,367 - []
22:22:07,383 - []
22:22:07,384 - []
22:22:07,399 - []
22:22:07,399 - []
22:22:07,417 - []
22:22:07,417 - []
22:22:07,434 - []
22:22:07,434 - []
22:22:07,449 - []
22:22:07,449 - []
22:22:07,466 - []
22:22:07,466 - []
22:22:07,483 - []
22:22:07,483 - []
22:22:07,498 - []
22:22:07,498 - []
22:22:07,512 - []
22:22:07,513 - []
22:22:07,528 - []
22:22:07,529 - []
22:22:07,545 - []
22:22:07,545 - []
22:22:07,562 - []
22:22:07,562 - []
22:22:07,578 - []
22:22:07,578 - []
22:22:07,593 - []
22:22:07,594 - []
22:22:07,609 - []
22:22:07,609 - []
22:22:07,626 - []
22:22:07,626 - []
22:22:07,642 - []
22:22:07,642 - []
22:22:07,658 - []
22:22:07,658 - []
22:22:07,674 - []
22:22:07,674 - []
22:22:07,690 - []
22:22:07,690 - []
22:22:07,705 - []
22:22:07,705 - []
22:22:07,719 - []
22:22:07,720 - []
22:22:07,734 - []
22:22:07,734 - []
22:22:07,750 - []
22:22:07,751 - []
22:22:07,765 - []
22:22:07,766 - []
22:22:07,781 - []
22:22:07,782 - []
22:22:07,799 - []
22:22:07,799 - []
22:22:07,817 - []
22:22:07,817 - []
22:22:07,833 - []
22:22:07,833 - []
22:22:07,849 - []
22:22:07,849 - []
22:22:07,866 - []
22:22:07,866 - []
22:22:07,883 - []
22:22:07,883 - []
22:22:07,898 - []
22:22:07,899 - []
22:22:07,913 - []
22:22:07,913 - []
22:22:07,928 - []
22:22:07,929 - []
22:22:07,944 - []
22:22:07,944 - []
22:22:07,961 - []
22:22:07,961 - []
22:22:07,976 - []
22:22:07,976 - []
22:22:07,991 - []
22:22:07,991 - []
22:22:08,007 - []
22:22:08,007 - []
22:22:08,021 - []
22:22:08,022 - []
22:22:08,036 - []
22:22:08,036 - []
22:22:08,052 - []
22:22:08,052 - []
22:22:08,068 - []
22:22:08,068 - []
22:22:08,083 - []
22:22:08,084 - []
22:22:08,100 - []
22:22:08,100 - []
22:22:08,116 - []
22:22:08,116 - []
22:22:08,130 - []
22:22:08,130 - []
22:22:08,145 - []
22:22:08,145 - []
22:22:08,160 - []
22:22:08,160 - []
22:22:08,177 - []
22:22:08,177 - []
22:22:08,193 - []
22:22:08,193 - []
22:22:08,208 - []
22:22:08,208 - []
22:22:08,223 - []
22:22:08,224 - []
22:22:08,239 - []
22:22:08,239 - []
22:22:08,254 - []
22:22:08,254 - []
22:22:08,259 - action Bot_1 goTo(RoomC2)
22:22:08,269 - []
22:22:08,273 - []
22:22:08,285 - []
22:22:08,288 - []
22:22:08,299 - []
22:22:08,303 - []
22:22:08,315 - []
22:22:08,320 - []
22:22:08,330 - []
22:22:08,335 - []
22:22:08,344 - []
22:22:08,349 - []
22:22:08,359 - []
22:22:08,366 - []
22:22:08,376 - []
22:22:08,381 - []
22:22:08,391 - []
22:22:08,398 - []
22:22:08,407 - []
22:22:08,414 - []
22:22:08,424 - []
22:22:08,429 - []
22:22:08,441 - []
22:22:08,445 - []
22:22:08,457 - []
22:22:08,461 - []
22:22:08,473 - []
22:22:08,477 - []
22:22:08,487 - []
22:22:08,491 - []
22:22:08,502 - []
22:22:08,506 - []
22:22:08,518 - []
22:22:08,522 - []
22:22:08,533 - []
22:22:08,537 - []
22:22:08,550 - []
22:22:08,553 - []
22:22:08,567 - []
22:22:08,568 - []
22:22:08,581 - []
22:22:08,585 - []
22:22:08,596 - []
22:22:08,600 - []
22:22:08,614 - []
22:22:08,616 - []
22:22:08,630 - []
22:22:08,631 - []
22:22:08,645 - []
22:22:08,645 - []
22:22:08,660 - []
22:22:08,660 - []
22:22:08,678 - []
22:22:08,679 - []
22:22:08,695 - []
22:22:08,695 - []
22:22:08,712 - []
22:22:08,712 - []
22:22:08,728 - []
22:22:08,729 - []
22:22:08,744 - []
22:22:08,744 - []
22:22:08,761 - []
22:22:08,761 - []
22:22:08,778 - []
22:22:08,778 - []
22:22:08,795 - []
22:22:08,795 - []
22:22:08,812 - []
22:22:08,812 - []
22:22:08,828 - []
22:22:08,829 - []
22:22:08,843 - []
22:22:08,844 - []
22:22:08,859 - []
22:22:08,860 - []
22:22:08,875 - []
22:22:08,875 - []
22:22:08,889 - []
22:22:08,889 - []
22:22:08,904 - []
22:22:08,904 - []
22:22:08,919 - []
22:22:08,919 - []
22:22:08,924 - action Bot_2 goTo(RoomC2)
22:22:08,936 - []
22:22:08,936 - []
22:22:08,951 - []
22:22:08,952 - []
22:22:08,966 - []
22:22:08,966 - []
22:22:08,983 - []
22:22:08,983 - []
22:22:08,999 - []
22:22:08,999 - []
22:22:09,013 - []
22:22:09,013 - []
22:22:09,028 - []
22:22:09,029 - []
22:22:09,043 - []
22:22:09,044 - []
22:22:09,060 - []
22:22:09,060 - []
22:22:09,076 - []
22:22:09,076 - []
22:22:09,092 - []
22:22:09,092 - []
22:22:09,108 - []
22:22:09,108 - []
22:22:09,125 - []
22:22:09,125 - []
22:22:09,141 - []
22:22:09,141 - []
22:22:09,156 - []
22:22:09,156 - []
22:22:09,171 - []
22:22:09,171 - []
22:22:09,187 - []
22:22:09,188 - []
22:22:09,202 - []
22:22:09,203 - []
22:22:09,217 - []
22:22:09,217 - []
22:22:09,232 - []
22:22:09,233 - []
22:22:09,249 - []
22:22:09,249 - []
22:22:09,266 - []
22:22:09,267 - []
22:22:09,282 - []
22:22:09,283 - []
22:22:09,298 - []
22:22:09,299 - []
22:22:09,314 - []
22:22:09,314 - []
22:22:09,328 - []
22:22:09,329 - []
22:22:09,344 - []
22:22:09,344 - []
22:22:09,359 - []
22:22:09,359 - []
22:22:09,375 - []
22:22:09,375 - []
22:22:09,390 - []
22:22:09,393 - []
22:22:09,404 - []
22:22:09,408 - []
22:22:09,420 - []
22:22:09,424 - []
22:22:09,435 - []
22:22:09,441 - []
22:22:09,450 - []
22:22:09,456 - []
22:22:09,465 - []
22:22:09,470 - []
22:22:09,482 - []
22:22:09,486 - []
22:22:09,497 - []
22:22:09,501 - []
22:22:09,511 - []
22:22:09,516 - []
22:22:09,527 - []
22:22:09,531 - []
22:22:09,546 - []
22:22:09,547 - []
22:22:09,563 - []
22:22:09,563 - []
22:22:09,579 - []
22:22:09,579 - []
22:22:09,595 - []
22:22:09,596 - []
22:22:09,612 - []
22:22:09,613 - []
22:22:09,626 - []
22:22:09,627 - []
22:22:09,643 - []
22:22:09,644 - []
22:22:09,660 - []
22:22:09,661 - []
22:22:09,675 - []
22:22:09,675 - []
22:22:09,680 - action Bot_1 goTo(RoomC3)
22:22:09,690 - []
22:22:09,691 - []
22:22:09,706 - []
22:22:09,706 - []
22:22:09,722 - []
22:22:09,722 - []
22:22:09,736 - []
22:22:09,737 - []
22:22:09,751 - []
22:22:09,751 - []
22:22:09,767 - []
22:22:09,767 - []
22:22:09,782 - []
22:22:09,782 - []
22:22:09,797 - []
22:22:09,797 - []
22:22:09,812 - []
22:22:09,812 - []
22:22:09,828 - []
22:22:09,828 - []
22:22:09,843 - []
22:22:09,843 - []
22:22:09,857 - []
22:22:09,858 - []
22:22:09,872 - []
22:22:09,872 - []
22:22:09,886 - []
22:22:09,887 - []
22:22:09,901 - []
22:22:09,901 - []
22:22:09,916 - []
22:22:09,916 - []
22:22:09,932 - []
22:22:09,933 - []
22:22:09,948 - []
22:22:09,949 - []
22:22:09,963 - []
22:22:09,966 - []
22:22:09,980 - []
22:22:09,981 - []
22:22:09,996 - []
22:22:09,996 - []
22:22:10,012 - []
22:22:10,012 - []
22:22:10,028 - []
22:22:10,028 - []
22:22:10,044 - []
22:22:10,044 - []
22:22:10,061 - []
22:22:10,062 - []
22:22:10,079 - []
22:22:10,079 - []
22:22:10,094 - []
22:22:10,095 - []
22:22:10,111 - []
22:22:10,112 - []
22:22:10,126 - []
22:22:10,128 - []
22:22:10,141 - []
22:22:10,145 - []
22:22:10,156 - []
22:22:10,161 - []
22:22:10,173 - []
22:22:10,177 - []
22:22:10,188 - []
22:22:10,193 - []
22:22:10,204 - []
22:22:10,209 - []
22:22:10,220 - []
22:22:10,225 - []
22:22:10,234 - []
22:22:10,242 - []
22:22:10,249 - []
22:22:10,259 - []
22:22:10,267 - []
22:22:10,276 - []
22:22:10,284 - []
22:22:10,294 - []
22:22:10,299 - []
22:22:10,310 - []
22:22:10,315 - []
22:22:10,326 - []
22:22:10,333 - []
22:22:10,341 - []
22:22:10,346 - action Bot_2 goTo(RoomC3)
22:22:10,349 - []
22:22:10,357 - []
22:22:10,366 - []
22:22:10,375 - []
22:22:10,381 - []
22:22:10,393 - []
22:22:10,398 - []
22:22:10,411 - []
22:22:10,414 - []
22:22:10,425 - []
22:22:10,429 - []
22:22:10,441 - []
22:22:10,443 - []
22:22:10,459 - []
22:22:10,459 - []
22:22:10,475 - []
22:22:10,475 - []
22:22:10,491 - []
22:22:10,492 - []
22:22:10,507 - []
22:22:10,509 - []
22:22:10,526 - []
22:22:10,526 - []
22:22:10,541 - []
22:22:10,542 - []
22:22:10,558 - []
22:22:10,559 - []
22:22:10,577 - []
22:22:10,578 - []
22:22:10,595 - []
22:22:10,595 - []
22:22:10,612 - []
22:22:10,612 - []
22:22:10,629 - []
22:22:10,629 - []
22:22:10,645 - []
22:22:10,646 - []
22:22:10,663 - []
22:22:10,663 - []
22:22:10,678 - []
22:22:10,679 - []
22:22:10,696 - []
22:22:10,696 - []
22:22:10,712 - []
22:22:10,712 - []
22:22:10,728 - []
22:22:10,729 - []
22:22:10,744 - []
22:22:10,746 - []
22:22:10,762 - []
22:22:10,762 - []
22:22:10,778 - []
22:22:10,778 - []
22:22:10,794 - []
22:22:10,795 - []
22:22:10,812 - []
22:22:10,812 - []
22:22:10,829 - []
22:22:10,829 - []
22:22:10,846 - []
22:22:10,846 - []
22:22:10,862 - []
22:22:10,863 - []
22:22:10,878 - []
22:22:10,878 - []
22:22:10,895 - []
22:22:10,896 - []
22:22:10,910 - []
22:22:10,910 - []
22:22:10,924 - []
22:22:10,924 - []
22:22:10,940 - []
22:22:10,941 - []
22:22:10,955 - []
22:22:10,955 - []
22:22:10,970 - []
22:22:10,970 - []
22:22:10,984 - []
22:22:10,985 - []
22:22:10,999 - []
22:22:10,999 - []
22:22:11,016 - []
22:22:11,016 - []
22:22:11,033 - []
22:22:11,033 - []
22:22:11,049 - []
22:22:11,049 - []
22:22:11,064 - []
22:22:11,064 - []
22:22:11,081 - []
22:22:11,081 - []
22:22:11,087 - action Bot_1 goTo(DropZone)
22:22:11,097 - []
22:22:11,101 - []
22:22:11,112 - []
22:22:11,116 - []
22:22:11,128 - []
22:22:11,132 - []
22:22:11,145 - []
22:22:11,149 - []
22:22:11,160 - []
22:22:11,166 - []
22:22:11,174 - []
22:22:11,181 - []
22:22:11,189 - []
22:22:11,196 - []
22:22:11,205 - []
22:22:11,213 - []
22:22:11,220 - []
22:22:11,227 - []
22:22:11,234 - []
22:22:11,245 - []
22:22:11,250 - []
22:22:11,261 - []
22:22:11,266 - []
22:22:11,277 - []
22:22:11,282 - []
22:22:11,294 - []
22:22:11,297 - []
22:22:11,309 - []
22:22:11,313 - []
22:22:11,324 - []
22:22:11,329 - []
22:22:11,339 - []
22:22:11,345 - []
22:22:11,354 - []
22:22:11,361 - []
22:22:11,368 - []
22:22:11,377 - []
22:22:11,383 - []
22:22:11,392 - []
22:22:11,399 - []
22:22:11,408 - []
22:22:11,416 - []
22:22:11,425 - []
22:22:11,430 - []
22:22:11,439 - []
22:22:11,447 - []
22:22:11,454 - []
22:22:11,463 - []
22:22:11,470 - []
22:22:11,478 - []
22:22:11,485 - []
22:22:11,494 - []
22:22:11,502 - []
22:22:11,510 - []
22:22:11,519 - []
22:22:11,525 - []
22:22:11,534 - []
22:22:11,541 - []
22:22:11,550 - []
22:22:11,557 - []
22:22:11,566 - []
22:22:11,573 - []
22:22:11,583 - []
22:22:11,587 - []
22:22:11,599 - []
22:22:11,603 - []
22:22:11,613 - []
22:22:11,617 - []
22:22:11,628 - []
22:22:11,632 - []
22:22:11,646 - []
22:22:11,648 - []
22:22:11,661 - []
22:22:11,664 - []
22:22:11,678 - []
22:22:11,679 - []
22:22:11,695 - []
22:22:11,695 - []
22:22:11,712 - []
22:22:11,712 - []
22:22:11,728 - []
22:22:11,728 - []
22:22:11,743 - []
22:22:11,744 - []
22:22:11,750 - action Bot_2 goTo(DropZone)
22:22:11,761 - []
22:22:11,762 - []
22:22:11,775 - []
22:22:11,778 - []
22:22:11,791 - []
22:22:11,794 - []
22:22:11,806 - []
22:22:11,811 - []
22:22:11,821 - []
22:22:11,826 - []
22:22:11,836 - []
22:22:11,841 - []
22:22:11,851 - []
22:22:11,856 - []
22:22:11,866 - []
22:22:11,873 - []
22:22:11,883 - []
22:22:11,887 - []
22:22:11,899 - []
22:22:11,902 - []
22:22:11,914 - []
22:22:11,918 - []
22:22:11,929 - []
22:22:11,933 - []
22:22:11,944 - []
22:22:11,949 - []
22:22:11,959 - []
22:22:11,964 - []
22:22:11,974 - []
22:22:11,980 - []
22:22:11,989 - []
22:22:11,995 - []
22:22:12,004 - []
22:22:12,011 - []
22:22:12,018 - []
22:22:12,026 - []
22:22:12,034 - []
22:22:12,041 - []
22:22:12,050 - []
22:22:12,056 - []
22:22:12,066 - []
22:22:12,071 - []
22:22:12,081 - []
22:22:12,088 - []
22:22:12,096 - []
22:22:12,103 - []
22:22:12,112 - []
22:22:12,118 - []
22:22:12,128 - []
22:22:12,135 - []
22:22:12,144 - []
22:22:12,151 - []
22:22:12,160 - []
22:22:12,166 - []
22:22:12,177 - []
22:22:12,182 - []
22:22:12,194 - []
22:22:12,197 - []
22:22:12,209 - []
22:22:12,213 - []
22:22:12,225 - []
22:22:12,229 - []
22:22:12,241 - []
22:22:12,245 - []
22:22:12,257 - []
22:22:12,261 - []
22:22:12,273 - []
22:22:12,278 - []
22:22:12,289 - []
22:22:12,293 - []
22:22:12,303 - []
22:22:12,307 - []
22:22:12,318 - []
22:22:12,322 - []
22:22:12,335 - []
22:22:12,337 - []
22:22:12,351 - []
22:22:12,352 - []
22:22:12,366 - []
22:22:12,367 - []
22:22:12,381 - []
22:22:12,382 - []
22:22:12,397 - []
22:22:12,398 - []
22:22:12,412 - []
22:22:12,412 - []
22:22:12,429 - []
22:22:12,429 - []
22:22:12,446 - []
22:22:12,446 - []
22:22:12,462 - []
22:22:12,462 - []
22:22:12,478 - []
22:22:12,478 - []
22:22:12,495 - []
22:22:12,496 - []
22:22:12,512 - []
22:22:12,513 - []
22:22:12,530 - []
22:22:12,530 - []
22:22:12,547 - []
22:22:12,547 - []
22:22:12,563 - []
22:22:12,564 - []
22:22:12,579 - []
22:22:12,579 - []
22:22:12,596 - []
22:22:12,596 - []
22:22:12,610 - []
22:22:12,611 - []
22:22:12,626 - []
22:22:12,626 - []
22:22:12,644 - []
22:22:12,645 - []
22:22:12,662 - []
22:22:12,662 - []
22:22:12,677 - []
22:22:12,677 - []
22:22:12,694 - []
22:22:12,695 - []
22:22:12,711 - []
22:22:12,711 - []
22:22:12,727 - []
22:22:12,728 - []
22:22:12,745 - []
22:22:12,745 - []
22:22:12,762 - []
22:22:12,762 - []
22:22:12,778 - []
22:22:12,778 - []
22:22:12,794 - []
22:22:12,794 - []
22:22:12,809 - []
22:22:12,809 - []
22:22:12,824 - []
22:22:12,825 - []
22:22:12,841 - []
22:22:12,842 - []
22:22:12,860 - []
22:22:12,860 - []
22:22:12,878 - []
22:22:12,878 - []
22:22:12,895 - []
22:22:12,896 - []
22:22:12,912 - []
22:22:12,912 - []
22:22:12,928 - []
22:22:12,928 - []
22:22:12,945 - []
22:22:12,945 - []
22:22:12,962 - []
22:22:12,962 - []
22:22:12,980 - []
22:22:12,980 - []
22:22:12,996 - []
22:22:12,996 - []
22:22:13,012 - []
22:22:13,012 - []
22:22:13,030 - []
22:22:13,030 - []
22:22:13,045 - []
22:22:13,046 - []
22:22:13,062 - []
22:22:13,062 - []
22:22:13,077 - []
22:22:13,078 - []
22:22:13,094 - []
22:22:13,095 - []
22:22:13,110 - []
22:22:13,111 - []
22:22:13,127 - []
22:22:13,128 - []
22:22:13,145 - []
22:22:13,145 - []
22:22:13,161 - []
22:22:13,161 - []
22:22:13,179 - []
22:22:13,179 - []
22:22:13,195 - []
22:22:13,195 - []
22:22:13,212 - []
22:22:13,212 - []
22:22:13,228 - []
22:22:13,228 - []
22:22:13,243 - []
22:22:13,243 - []
22:22:13,261 - []
22:22:13,261 - []
22:22:13,276 - []
22:22:13,276 - []
22:22:13,294 - []
22:22:13,294 - []
22:22:13,310 - []
22:22:13,311 - []
22:22:13,327 - []
22:22:13,328 - []
22:22:13,345 - []
22:22:13,345 - []
22:22:13,362 - []
22:22:13,362 - []
22:22:13,378 - []
22:22:13,378 - []
22:22:13,395 - []
22:22:13,395 - []
22:22:13,412 - []
22:22:13,412 - []
22:22:13,428 - []
22:22:13,429 - []
22:22:13,446 - []
22:22:13,447 - []
22:22:13,462 - []
22:22:13,462 - []
22:22:13,478 - []
22:22:13,478 - []
22:22:13,496 - []
22:22:13,496 - []
22:22:13,512 - []
22:22:13,513 - []
22:22:13,528 - []
22:22:13,529 - []
22:22:13,545 - []
22:22:13,545 - []
22:22:13,563 - []
22:22:13,563 - []
22:22:13,579 - []
22:22:13,579 - []
22:22:13,595 - []
22:22:13,596 - []
22:22:13,612 - []
22:22:13,613 - []
22:22:13,630 - []
22:22:13,630 - []
22:22:13,646 - []
22:22:13,646 - []
22:22:13,661 - []
22:22:13,662 - []
22:22:13,676 - []
22:22:13,677 - []
22:22:13,693 - []
22:22:13,693 - []
22:22:13,712 - []
22:22:13,712 - []
22:22:13,729 - []
22:22:13,730 - []
22:22:13,746 - []
22:22:13,746 - []
22:22:13,762 - []
22:22:13,762 - []
22:22:13,779 - []
22:22:13,779 - []
22:22:13,796 - []
22:22:13,796 - []
22:22:13,812 - []
22:22:13,812 - []
22:22:13,828 - []
22:22:13,828 - []
22:22:13,845 - []
22:22:13,845 - []
22:22:13,861 - []
22:22:13,861 - []
22:22:13,879 - []
22:22:13,880 - []
22:22:13,897 - []
22:22:13,897 - []
22:22:13,914 - []
22:22:13,914 - []
22:22:13,929 - []
22:22:13,929 - []
22:22:13,945 - []
22:22:13,946 - []
22:22:13,963 - []
22:22:13,964 - []
22:22:13,979 - []
22:22:13,979 - []
22:22:13,996 - []
22:22:13,996 - []
22:22:14,011 - []
22:22:14,012 - []
22:22:14,029 - []
22:22:14,029 - []
22:22:14,046 - []
22:22:14,046 - []
22:22:14,062 - []
22:22:14,062 - []
22:22:14,077 - []
22:22:14,078 - []
22:22:14,094 - []
22:22:14,110 - []
22:22:14,125 - []
22:22:14,141 - []
22:22:14,156 - []
22:22:14,171 - []
22:22:14,187 - []
22:22:14,202 - []
22:22:14,218 - []
22:22:14,233 - []
22:22:14,248 - []
22:22:14,263 - []
22:22:14,278 - []
22:22:14,293 - []
22:22:14,307 - []
22:22:14,323 - []
22:22:14,338 - []
22:22:14,353 - []
22:22:14,368 - []
22:22:14,384 - []
22:22:14,399 - []
22:22:14,413 - []
22:22:14,428 - []
22:22:14,443 - []
22:22:14,458 - []
22:22:14,472 - []
22:22:14,488 - []
22:22:14,503 - []
22:22:14,517 - []
22:22:14,532 - []
22:22:14,548 - []
22:22:14,564 - []
22:22:14,578 - []
22:22:14,596 - []
22:22:14,612 - []
22:22:14,628 - []
22:22:14,645 - []
22:22:14,660 - []
22:22:14,675 - []
22:22:14,690 - []
22:22:14,705 - []
22:22:14,720 - Bot Bot_2 collided.
22:22:14,720 - []
22:22:14,726 - action Bot_2 goTo(DropZone)
22:22:14,739 - []
22:22:14,755 - []
22:22:14,772 - []
22:22:14,788 - []
22:22:14,803 - []
22:22:14,817 - []
22:22:14,832 - []
22:22:14,850 - []
22:22:14,867 - []
22:22:14,883 - []
22:22:14,900 - []
22:22:14,916 - []
22:22:14,932 - []
22:22:14,950 - []
22:22:14,966 - []
22:22:14,983 - []
22:22:14,999 - []
22:22:15,016 - []
22:22:15,032 - []
22:22:15,046 - []
22:22:15,062 - []
22:22:15,077 - []
22:22:15,093 - []
22:22:15,107 - []
22:22:15,122 - []
22:22:15,139 - []
22:22:15,155 - []
22:22:15,164 - Bot Bot_2 collided.
22:22:15,172 - []
22:22:15,177 - action Bot_2 goTo(DropZone)
22:22:15,188 - []
22:22:15,203 - []
22:22:15,220 - []
22:22:15,235 - []
22:22:15,250 - []
22:22:15,266 - []
22:22:15,283 - []
22:22:15,300 - []
22:22:15,317 - []
22:22:15,334 - []
22:22:15,349 - []
22:22:15,366 - []
22:22:15,383 - []
22:22:15,399 - []
22:22:15,416 - []
22:22:15,434 - []
22:22:15,450 - []
22:22:15,466 - []
22:22:15,482 - []
22:22:15,498 - []
22:22:15,512 - []
22:22:15,528 - []
22:22:15,545 - []
22:22:15,562 - []
22:22:15,578 - []
22:22:15,595 - []
22:22:15,613 - []
22:22:15,628 - []
22:22:15,629 - Bot Bot_2 collided.
22:22:15,646 - []
22:22:15,651 - action Bot_2 goTo(DropZone)
22:22:15,664 - []
22:22:15,681 - []
22:22:15,700 - []
22:22:15,716 - []
22:22:15,734 - []
22:22:15,750 - []
22:22:15,765 - []
22:22:15,781 - []
22:22:15,797 - []
22:22:15,811 - []
22:22:15,827 - []
22:22:15,841 - []
22:22:15,856 - []
22:22:15,872 - []
22:22:15,889 - []
22:22:15,905 - []
22:22:15,920 - []
22:22:15,937 - []
22:22:15,953 - []
22:22:15,970 - []
22:22:15,985 - []
22:22:16,001 - []
22:22:16,018 - []
22:22:16,034 - []
22:22:16,050 - []
22:22:16,066 - []
22:22:16,083 - []
22:22:16,085 - Bot Bot_2 collided.
22:22:16,099 - []
22:22:16,105 - action Bot_2 goTo(DropZone)
22:22:16,117 - []
22:22:16,132 - []
22:22:16,149 - []
22:22:16,166 - []
22:22:16,182 - []
22:22:16,199 - []
22:22:16,217 - []
22:22:16,233 - []
22:22:16,249 - []
22:22:16,266 - []
22:22:16,283 - []
22:22:16,299 - []
22:22:16,316 - []
22:22:16,333 - []
22:22:16,349 - []
22:22:16,366 - []
22:22:16,383 - []
22:22:16,399 - []
22:22:16,416 - []
22:22:16,433 - []
22:22:16,449 - []
22:22:16,466 - []
22:22:16,483 - []
22:22:16,499 - []
22:22:16,517 - []
22:22:16,534 - []
22:22:16,543 - Bot Bot_2 collided.
22:22:16,550 - []
22:22:16,555 - action Bot_2 goTo(DropZone)
22:22:16,566 - []
22:22:16,582 - []
22:22:16,596 - []
22:22:16,612 - []
22:22:16,629 - []
22:22:16,646 - []
22:22:16,661 - []
22:22:16,679 - []
22:22:16,693 - []
22:22:16,710 - []
22:22:16,726 - []
22:22:16,741 - []
22:22:16,757 - []
22:22:16,771 - []
22:22:16,786 - []
22:22:16,800 - []
22:22:16,815 - []
22:22:16,830 - []
22:22:16,845 - []
22:22:16,863 - []
22:22:16,879 - []
22:22:16,897 - []
22:22:16,913 - []
22:22:16,931 - []
22:22:16,946 - []
22:22:16,983 - []
22:22:16,998 - []
22:22:16,999 - Bot Bot_2 collided.
22:22:17,015 - []
22:22:17,021 - action Bot_2 goTo(DropZone)
22:22:17,033 - []
22:22:17,051 - []
22:22:17,066 - []
22:22:17,083 - []
22:22:17,099 - []
22:22:17,115 - []
22:22:17,131 - []
22:22:17,148 - []
22:22:17,164 - []
22:22:17,179 - []
22:22:17,196 - []
22:22:17,212 - []
22:22:17,228 - []
22:22:17,243 - []
22:22:17,260 - []
22:22:17,276 - []
22:22:17,293 - []
22:22:17,307 - []
22:22:17,322 - []
22:22:17,339 - []
22:22:17,355 - []
22:22:17,370 - []
22:22:17,385 - []
22:22:17,400 - []
22:22:17,416 - []
22:22:17,433 - []
22:22:17,448 - []
22:22:17,464 - []
22:22:17,465 - Bot Bot_2 collided.
22:22:17,481 - []
22:22:17,486 - action Bot_2 goTo(DropZone)
22:22:17,499 - []
22:22:17,514 - []
22:22:17,528 - []
22:22:17,542 - []
22:22:17,559 - []
22:22:17,574 - []
22:22:17,590 - []
22:22:17,604 - []
22:22:17,620 - []
22:22:17,635 - []
22:22:17,650 - []
22:22:17,665 - []
22:22:17,681 - []
22:22:17,696 - []
22:22:17,712 - []
22:22:17,728 - []
22:22:17,746 - []
22:22:17,762 - []
22:22:17,778 - []
22:22:17,794 - []
22:22:17,810 - []
22:22:17,825 - []
22:22:17,839 - []
22:22:17,853 - []
22:22:17,868 - []
22:22:17,883 - []
22:22:17,900 - []
22:22:17,916 - []
22:22:17,928 - Bot Bot_2 collided.
22:22:17,931 - []
22:22:17,936 - action Bot_2 goTo(DropZone)
22:22:17,949 - []
22:22:17,967 - []
22:22:17,982 - []
22:22:17,999 - []
22:22:18,016 - []
22:22:18,033 - []
22:22:18,050 - []
22:22:18,065 - []
22:22:18,083 - []
22:22:18,100 - []
22:22:18,116 - []
22:22:18,133 - []
22:22:18,149 - []
22:22:18,165 - []
22:22:18,181 - []
22:22:18,198 - []
22:22:18,215 - []
22:22:18,231 - []
22:22:18,246 - []
22:22:18,263 - []
22:22:18,280 - []
22:22:18,296 - []
22:22:18,312 - []
22:22:18,328 - []
22:22:18,344 - []
22:22:18,362 - []
22:22:18,372 - Bot Bot_2 collided.
22:22:18,379 - []
22:22:18,384 - action Bot_2 goTo(DropZone)
22:22:18,398 - []
22:22:18,413 - []
22:22:18,428 - []
22:22:18,445 - []
22:22:18,462 - []
22:22:18,478 - []
22:22:18,494 - []
22:22:18,512 - []
22:22:18,528 - []
22:22:18,545 - []
22:22:18,562 - []
22:22:18,579 - []
22:22:18,596 - []
22:22:18,614 - []
22:22:18,630 - []
22:22:18,648 - []
22:22:18,663 - []
22:22:18,680 - []
22:22:18,698 - []
22:22:18,715 - []
22:22:18,730 - []
22:22:18,748 - []
22:22:18,766 - []
22:22:18,783 - []
22:22:18,800 - []
22:22:18,816 - []
22:22:18,832 - []
22:22:18,833 - Bot Bot_2 collided.
22:22:18,849 - []
22:22:18,853 - action Bot_2 goTo(DropZone)
22:22:18,865 - []
22:22:18,881 - []
22:22:18,899 - []
22:22:18,916 - []
22:22:18,933 - []
22:22:18,950 - []
22:22:18,966 - []
22:22:18,982 - []
22:22:19,000 - []
22:22:19,017 - []
22:22:19,033 - []
22:22:19,049 - []
22:22:19,066 - []
22:22:19,083 - []
22:22:19,099 - []
22:22:19,116 - []
22:22:19,133 - []
22:22:19,150 - []
22:22:19,166 - []
22:22:19,183 - []
22:22:19,200 - []
22:22:19,217 - []
22:22:19,234 - []
22:22:19,249 - []
22:22:19,265 - []
22:22:19,283 - []
22:22:19,298 - []
22:22:19,303 - Bot Bot_2 collided.
22:22:19,316 - []
22:22:19,321 - action Bot_2 goTo(DropZone)
22:22:19,334 - []
22:22:19,351 - []
22:22:19,366 - []
22:22:19,383 - []
22:22:19,399 - []
22:22:19,413 - []
22:22:19,430 - []
22:22:19,448 - []
22:22:19,464 - []
22:22:19,479 - []
22:22:19,497 - []
22:22:19,514 - []
22:22:19,532 - []
22:22:19,548 - []
22:22:19,566 - []
22:22:19,582 - []
22:22:19,600 - []
22:22:19,616 - []
22:22:19,632 - []
22:22:19,650 - []
22:22:19,666 - []
22:22:19,683 - []
22:22:19,700 - []
22:22:19,717 - []
22:22:19,733 - []
22:22:19,749 - []
22:22:19,766 - []
22:22:19,767 - Bot Bot_2 collided.
22:22:19,784 - []
22:22:19,790 - action Bot_2 goTo(DropZone)
22:22:19,802 - []
22:22:19,816 - []
22:22:19,832 - []
22:22:19,849 - []
22:22:19,866 - []
22:22:19,883 - []
22:22:19,899 - []
22:22:19,917 - []
22:22:19,935 - []
22:22:19,952 - []
22:22:19,967 - []
22:22:19,983 - []
22:22:19,999 - []
22:22:20,016 - []
22:22:20,032 - []
22:22:20,048 - []
22:22:20,066 - []
22:22:20,082 - []
22:22:20,097 - []
22:22:20,114 - []
22:22:20,129 - []
22:22:20,146 - []
22:22:20,162 - []
22:22:20,178 - []
22:22:20,193 - []
22:22:20,211 - []
22:22:20,227 - Bot Bot_2 collided.
22:22:20,228 - []
22:22:20,235 - action Bot_2 goTo(DropZone)
22:22:20,247 - []
22:22:20,263 - []
22:22:20,281 - []
22:22:20,299 - []
22:22:20,316 - []
22:22:20,331 - []
22:22:20,348 - []
22:22:20,363 - []
22:22:20,379 - []
22:22:20,395 - []
22:22:20,413 - []
22:22:20,430 - []
22:22:20,445 - []
22:22:20,462 - []
22:22:20,480 - []
22:22:20,497 - []
22:22:20,513 - []
22:22:20,531 - []
22:22:20,549 - []
22:22:20,565 - []
22:22:20,581 - []
22:22:20,596 - []
22:22:20,612 - []
22:22:20,629 - []
22:22:20,646 - []
22:22:20,661 - []
22:22:20,678 - []
22:22:20,679 - Bot Bot_2 collided.
22:22:20,697 - []
22:22:20,703 - action Bot_2 goTo(DropZone)
22:22:20,716 - []
22:22:20,732 - []
22:22:20,750 - []
22:22:20,766 - []
22:22:20,784 - []
22:22:20,800 - []
22:22:20,817 - []
22:22:20,834 - []
22:22:20,850 - []
22:22:20,866 - []
22:22:20,883 - []
22:22:20,899 - []
22:22:20,917 - []
22:22:20,933 - []
22:22:20,951 - []
22:22:20,967 - []
22:22:20,983 - []
22:22:20,999 - []
22:22:21,016 - []
22:22:21,033 - []
22:22:21,049 - []
22:22:21,066 - []
22:22:21,082 - []
22:22:21,097 - []
22:22:21,114 - []
22:22:21,130 - []
22:22:21,146 - []
22:22:21,153 - Bot Bot_2 collided.
22:22:21,163 - []
22:22:21,169 - action Bot_2 goTo(DropZone)
22:22:21,182 - []
22:22:21,199 - []
22:22:21,216 - []
22:22:21,233 - []
22:22:21,250 - []
22:22:21,265 - []
22:22:21,280 - []
22:22:21,296 - []
22:22:21,313 - []
22:22:21,329 - []
22:22:21,344 - []
22:22:21,363 - []
22:22:21,379 - []
22:22:21,393 - []
22:22:21,408 - []
22:22:21,425 - []
22:22:21,439 - []
22:22:21,454 - []
22:22:21,470 - []
22:22:21,486 - []
22:22:21,500 - []
22:22:21,516 - []
22:22:21,532 - []
22:22:21,549 - []
22:22:21,564 - []
22:22:21,579 - []
22:22:21,594 - []
22:22:21,611 - []
22:22:21,619 - Bot Bot_2 collided.
22:22:21,626 - []
22:22:21,630 - action Bot_2 goTo(DropZone)
22:22:21,643 - []
22:22:21,658 - []
22:22:21,674 - []
22:22:21,690 - []
22:22:21,707 - []
22:22:21,721 - []
22:22:21,735 - []
22:22:21,750 - []
22:22:21,766 - []
22:22:21,782 - []
22:22:21,797 - []
22:22:21,812 - []
22:22:21,827 - []
22:22:21,842 - []
22:22:21,857 - []
22:22:21,873 - []
22:22:21,887 - []
22:22:21,902 - []
22:22:21,917 - []
22:22:21,932 - []
22:22:21,947 - []
22:22:21,963 - []
22:22:21,979 - []
22:22:21,996 - []
22:22:22,011 - []
22:22:22,028 - []
22:22:22,044 - []
22:22:22,060 - []
22:22:22,076 - []
22:22:22,086 - Bot Bot_2 collided.
22:22:22,090 - []
22:22:22,094 - action Bot_2 goTo(DropZone)
22:22:22,108 - []
22:22:22,123 - []
22:22:22,137 - []
22:22:22,152 - []
22:22:22,168 - []
22:22:22,181 - []
22:22:22,198 - []
22:22:22,212 - []
22:22:22,228 - []
22:22:22,244 - []
22:22:22,259 - []
22:22:22,275 - []
22:22:22,290 - []
22:22:22,306 - []
22:22:22,320 - []
22:22:22,334 - []
22:22:22,350 - []
22:22:22,366 - []
22:22:22,379 - []
22:22:22,396 - []
22:22:22,412 - []
22:22:22,428 - []
22:22:22,443 - []
22:22:22,458 - []
22:22:22,474 - []
22:22:22,491 - []
22:22:22,508 - []
22:22:22,523 - []
22:22:22,536 - Bot Bot_2 collided.
22:22:22,538 - []
22:22:22,543 - action Bot_2 goTo(DropZone)
22:22:22,556 - []
22:22:22,571 - []
22:22:22,586 - []
22:22:22,603 - []
22:22:22,618 - []
22:22:22,633 - []
22:22:22,649 - []
22:22:22,664 - []
22:22:22,681 - []
22:22:22,696 - []
22:22:22,710 - []
22:22:22,724 - []
22:22:22,739 - []
22:22:22,755 - []
22:22:22,770 - []
22:22:22,784 - []
22:22:22,800 - []
22:22:22,816 - []
22:22:22,831 - []
22:22:22,845 - []
22:22:22,861 - []
22:22:22,875 - []
22:22:22,892 - []
22:22:22,907 - []
22:22:22,924 - []
22:22:22,939 - []
22:22:22,953 - []
22:22:22,967 - []
22:22:22,981 - []
22:22:22,995 - Bot Bot_2 collided.
22:22:22,997 - []
22:22:23,002 - action Bot_2 goTo(DropZone)
22:22:23,013 - []
22:22:23,028 - []
22:22:23,045 - []
22:22:23,059 - []
22:22:23,073 - []
22:22:23,090 - []
22:22:23,107 - []
22:22:23,121 - []
22:22:23,135 - []
22:22:23,150 - []
22:22:23,164 - []
22:22:23,179 - []
22:22:23,195 - []
22:22:23,211 - []
22:22:23,228 - []
22:22:23,244 - []
22:22:23,261 - []
22:22:23,276 - []
22:22:23,292 - []
22:22:23,309 - []
22:22:23,323 - []
22:22:23,340 - []
22:22:23,357 - []
22:22:23,374 - []
22:22:23,390 - []
22:22:23,408 - []
22:22:23,424 - []
22:22:23,441 - []
22:22:23,446 - Bot Bot_2 collided.
22:22:23,457 - []
22:22:23,463 - action Bot_2 goTo(DropZone)
22:22:23,477 - []
22:22:23,493 - []
22:22:23,508 - []
22:22:23,526 - []
22:22:23,542 - []
22:22:23,559 - []
22:22:23,575 - []
22:22:23,592 - []
22:22:23,608 - []
22:22:23,625 - []
22:22:23,641 - []
22:22:23,659 - []
22:22:23,675 - []
22:22:23,693 - []
22:22:23,707 - []
22:22:23,723 - []
22:22:23,739 - []
22:22:23,754 - []
22:22:23,769 - []
22:22:23,784 - []
22:22:23,799 - []
22:22:23,816 - []
22:22:23,831 - []
22:22:23,846 - []
22:22:23,864 - []
22:22:23,879 - []
22:22:23,889 - Bot Bot_2 collided.
22:22:23,897 - []
22:22:23,903 - action Bot_2 goTo(DropZone)
22:22:23,916 - []
22:22:23,931 - []
22:22:23,947 - []
22:22:23,963 - []
22:22:23,978 - []
22:22:23,995 - []
22:22:24,013 - []
22:22:24,029 - []
22:22:24,046 - []
22:22:24,064 - []
22:22:24,079 - []
22:22:24,095 - []
22:22:24,113 - []
22:22:24,128 - []
22:22:24,143 - []
22:22:24,158 - []
22:22:24,175 - []
22:22:24,193 - []
22:22:24,208 - []
22:22:24,224 - []
22:22:24,242 - []
22:22:24,260 - []
22:22:24,278 - []
22:22:24,293 - []
22:22:24,311 - []
22:22:24,326 - []
22:22:24,342 - []
22:22:24,353 - Bot Bot_2 collided.
22:22:24,359 - []
22:22:24,365 - action Bot_2 goTo(DropZone)
22:22:24,378 - []
22:22:24,395 - []
22:22:24,410 - []
22:22:24,426 - []
22:22:24,443 - []
22:22:24,460 - []
22:22:24,476 - []
22:22:24,492 - []
22:22:24,510 - []
22:22:24,528 - []
22:22:24,546 - []
22:22:24,563 - []
22:22:24,580 - []
22:22:24,594 - []
22:22:24,612 - []
22:22:24,630 - []
22:22:24,647 - []
22:22:24,663 - []
22:22:24,679 - []
22:22:24,694 - []
22:22:24,712 - []
22:22:24,728 - []
22:22:24,746 - []
22:22:24,763 - []
22:22:24,779 - []
22:22:24,795 - []
22:22:24,812 - Bot Bot_2 collided.
22:22:24,813 - []
22:22:24,818 - action Bot_2 goTo(DropZone)
22:22:24,833 - []
22:22:24,849 - []
22:22:24,865 - []
22:22:24,883 - []
22:22:24,900 - []
22:22:24,915 - []
22:22:24,930 - []
22:22:24,948 - []
22:22:24,964 - []
22:22:24,982 - []
22:22:24,999 - []
22:22:25,017 - []
22:22:25,033 - []
22:22:25,047 - []
22:22:25,065 - []
22:22:25,083 - []
22:22:25,100 - []
22:22:25,116 - []
22:22:25,133 - []
22:22:25,149 - []
22:22:25,166 - []
22:22:25,182 - []
22:22:25,200 - []
22:22:25,216 - []
22:22:25,233 - []
22:22:25,249 - []
22:22:25,261 - Bot Bot_2 collided.
22:22:25,266 - []
22:22:25,271 - action Bot_2 goTo(DropZone)
22:22:25,284 - []
22:22:25,300 - []
22:22:25,315 - []
22:22:25,331 - []
22:22:25,349 - []
22:22:25,367 - []
22:22:25,383 - []
22:22:25,399 - []
22:22:25,416 - []
22:22:25,430 - []
22:22:25,447 - []
22:22:25,463 - []
22:22:25,480 - []
22:22:25,495 - []
22:22:25,509 - []
22:22:25,525 - []
22:22:25,542 - []
22:22:25,558 - []
22:22:25,572 - []
22:22:25,586 - []
22:22:25,600 - []
22:22:25,616 - []
22:22:25,630 - []
22:22:25,644 - []
22:22:25,659 - []
22:22:25,673 - []
22:22:25,687 - []
22:22:25,702 - []
22:22:25,712 - Bot Bot_2 collided.
22:22:25,716 - []
22:22:25,721 - action Bot_2 goTo(DropZone)
22:22:25,734 - []
22:22:25,749 - []
22:22:25,766 - []
22:22:25,780 - []
22:22:25,795 - []
22:22:25,809 - []
22:22:25,825 - []
22:22:25,839 - []
22:22:25,854 - []
22:22:25,868 - []
22:22:25,885 - []
22:22:25,901 - []
22:22:25,917 - []
22:22:25,932 - []
22:22:25,948 - []
22:22:25,964 - []
22:22:25,981 - []
22:22:25,998 - []
22:22:26,014 - []
22:22:26,029 - []
22:22:26,045 - []
22:22:26,061 - []
22:22:26,078 - []
22:22:26,092 - []
22:22:26,107 - []
22:22:26,124 - []
22:22:26,138 - []
22:22:26,153 - []
22:22:26,168 - Bot Bot_2 collided.
22:22:26,168 - []
22:22:26,182 - []
22:22:26,186 - action Bot_2 goTo(DropZone)
22:22:26,199 - []
22:22:26,215 - []
22:22:26,229 - []
22:22:26,244 - []
22:22:26,258 - []
22:22:26,273 - []
22:22:26,288 - []
22:22:26,303 - []
22:22:26,317 - []
22:22:26,332 - []
22:22:26,346 - []
22:22:26,361 - []
22:22:26,376 - []
22:22:26,392 - []
22:22:26,408 - []
22:22:26,424 - []
22:22:26,439 - []
22:22:26,453 - []
22:22:26,468 - []
22:22:26,482 - []
22:22:26,497 - []
22:22:26,513 - []
22:22:26,529 - []
22:22:26,546 - []
22:22:26,562 - []
22:22:26,578 - []
22:22:26,593 - []
22:22:26,607 - Bot Bot_2 collided.
22:22:26,608 - []
22:22:26,614 - action Bot_2 goTo(DropZone)
22:22:26,627 - []
22:22:26,643 - []
22:22:26,659 - []
22:22:26,673 - []
22:22:26,689 - []
22:22:26,705 - []
22:22:26,721 - []
22:22:26,737 - []
22:22:26,753 - []
22:22:26,768 - []
22:22:26,785 - []
22:22:26,802 - []
22:22:26,817 - []
22:22:26,833 - []
22:22:26,849 - []
22:22:26,866 - []
22:22:26,881 - []
22:22:26,897 - []
22:22:26,914 - []
22:22:26,929 - []
22:22:26,946 - []
22:22:26,962 - []
22:22:26,977 - []
22:22:26,995 - []
22:22:27,009 - []
22:22:27,027 - []
22:22:27,046 - []
22:22:27,051 - Bot Bot_2 collided.
22:22:27,063 - []
22:22:27,068 - action Bot_2 goTo(DropZone)
22:22:27,082 - []
22:22:27,099 - []
22:22:27,116 - []
22:22:27,133 - []
22:22:27,149 - []
22:22:27,165 - []
22:22:27,181 - []
22:22:27,196 - []
22:22:27,212 - []
22:22:27,230 - []
22:22:27,247 - []
22:22:27,262 - []
22:22:27,277 - []
22:22:27,294 - []
22:22:27,312 - []
22:22:27,328 - []
22:22:27,344 - []
22:22:27,362 - []
22:22:27,379 - []
22:22:27,394 - []
22:22:27,408 - []
22:22:27,424 - []
22:22:27,440 - []
22:22:27,458 - []
22:22:27,475 - []
22:22:27,493 - []
22:22:27,511 - []
22:22:27,513 - Bot Bot_2 collided.
22:22:27,529 - []
22:22:27,535 - action Bot_2 goTo(DropZone)
22:22:27,547 - []
22:22:27,565 - []
22:22:27,583 - []
22:22:27,600 - []
22:22:27,616 - []
22:22:27,632 - []
22:22:27,649 - []
22:22:27,666 - []
22:22:27,682 - []
22:22:27,700 - []
22:22:27,716 - []
22:22:27,732 - []
22:22:27,749 - []
