13:52:25,382 - sequence
13:52:25,383 - room RoomA3 contains blocks:  O W W R
13:52:25,383 - room RoomA2 contains blocks:  P O Y
13:52:25,384 - room RoomB3 contains blocks:  P P
13:52:25,384 - room RoomC1 contains blocks: 
13:52:25,384 - room RoomA1 contains blocks:  G G R W Y
13:52:25,384 - room RoomB2 contains blocks:  Y P G G
13:52:25,385 - room RoomC3 contains blocks:  R B R W R W
13:52:25,385 - room RoomB1 contains blocks:  G
13:52:25,385 - room RoomC2 contains blocks:  B W W
13:52:25,387 - sequence P G G O R Y
13:53:07,968 - []
13:53:08,086 - action Bot_1 goTo(RoomA1)
13:53:08,133 - []
13:53:08,192 - []
13:53:08,228 - []
13:53:08,259 - []
13:53:08,291 - []
13:53:08,319 - []
13:53:08,353 - []
13:53:08,391 - []
13:53:08,417 - []
13:53:08,444 - []
13:53:08,469 - []
13:53:08,496 - []
13:53:08,526 - []
13:53:08,554 - []
13:53:08,579 - []
13:53:08,607 - []
13:53:08,636 - []
13:53:08,659 - []
13:53:08,686 - []
13:53:08,711 - []
13:53:08,737 - []
13:53:08,768 - []
13:53:08,793 - []
13:53:08,816 - []
13:53:08,838 - []
13:53:08,858 - []
13:53:08,876 - []
13:53:08,897 - []
13:53:08,922 - []
13:53:08,951 - []
13:53:08,976 - []
13:53:09,007 - []
13:53:09,036 - []
13:53:09,062 - []
13:53:09,084 - []
13:53:09,106 - []
13:53:09,141 - []
13:53:09,168 - []
13:53:09,192 - []
13:53:09,219 - []
13:53:09,244 - []
13:53:09,274 - []
13:53:09,310 - []
13:53:09,333 - []
13:53:09,360 - []
13:53:09,389 - []
13:53:09,415 - []
13:53:09,443 - []
13:53:09,466 - []
13:53:09,489 - []
13:53:09,516 - []
13:53:09,540 - []
13:53:09,561 - []
13:53:09,580 - []
13:53:09,604 - []
13:53:09,630 - []
13:53:09,654 - []
13:53:09,679 - []
13:53:09,705 - []
13:53:09,730 - []
13:53:09,758 - []
13:53:09,786 - []
13:53:09,818 - []
13:53:09,840 - []
13:53:09,868 - []
13:53:09,892 - []
13:53:09,919 - []
13:53:09,942 - []
13:53:09,969 - []
13:53:09,994 - []
13:53:10,018 - []
13:53:10,045 - []
13:53:10,066 - []
13:53:10,090 - []
13:53:10,109 - []
13:53:10,126 - []
13:53:10,143 - []
13:53:10,164 - []
13:53:10,183 - []
13:53:10,210 - []
13:53:10,231 - []
13:53:10,253 - []
13:53:10,271 - []
13:53:10,291 - []
13:53:10,308 - []
13:53:10,326 - []
13:53:10,343 - []
13:53:10,362 - []
13:53:10,387 - []
13:53:10,407 - []
13:53:10,425 - []
13:53:10,444 - []
13:53:10,464 - []
13:53:10,484 - []
13:53:10,505 - []
13:53:10,523 - []
13:53:10,541 - []
13:53:10,560 - []
13:53:10,578 - []
13:53:10,597 - []
13:53:10,615 - []
13:53:10,633 - []
13:53:10,653 - []
13:53:10,674 - []
13:53:10,691 - []
13:53:10,723 - []
13:53:10,742 - []
13:53:10,760 - []
13:53:10,779 - []
13:53:10,798 - []
13:53:10,816 - []
13:53:10,834 - []
13:53:10,852 - []
13:53:10,869 - []
13:53:10,886 - []
13:53:10,906 - []
13:53:10,923 - []
13:53:10,940 - []
13:53:10,957 - []
13:53:10,977 - []
13:53:10,995 - []
13:53:11,012 - []
13:53:11,031 - []
13:53:11,047 - []
13:53:11,065 - []
13:53:11,085 - []
13:53:11,105 - []
13:53:11,124 - []
13:53:11,140 - []
13:53:11,157 - []
13:53:11,175 - []
13:53:11,192 - []
13:53:11,208 - []
13:53:11,226 - []
13:53:11,245 - []
13:53:11,264 - []
13:53:11,281 - []
13:53:11,297 - []
13:53:11,316 - []
13:53:11,332 - []
13:53:11,349 - []
13:53:11,366 - []
13:53:11,384 - []
13:53:11,402 - []
13:53:11,421 - []
13:53:11,440 - []
13:53:11,456 - []
13:53:11,475 - []
13:53:11,492 - []
13:53:11,508 - []
13:53:11,526 - []
13:53:11,545 - []
13:53:11,564 - []
13:53:11,583 - []
13:53:11,600 - []
13:53:11,617 - []
13:53:11,635 - []
13:53:11,653 - []
13:53:11,674 - []
13:53:11,691 - []
13:53:11,707 - []
13:53:11,725 - []
13:53:11,742 - []
13:53:11,761 - []
13:53:11,778 - []
13:53:11,796 - []
13:53:11,812 - []
13:53:11,829 - []
13:53:11,849 - []
13:53:11,868 - []
13:53:11,885 - []
13:53:11,903 - []
13:53:11,923 - []
13:53:11,945 - []
13:53:11,965 - []
13:53:11,985 - []
13:53:12,004 - []
13:53:12,024 - []
13:53:12,041 - []
13:53:12,060 - []
13:53:12,077 - []
13:53:12,094 - []
13:53:12,112 - []
13:53:12,130 - []
13:53:12,148 - []
13:53:12,168 - []
13:53:12,186 - []
13:53:12,204 - []
13:53:12,222 - []
13:53:12,240 - []
13:53:12,259 - []
13:53:12,276 - []
13:53:12,293 - []
13:53:12,311 - []
13:53:12,328 - []
13:53:12,345 - []
13:53:12,364 - []
13:53:12,382 - []
13:53:12,401 - []
13:53:12,420 - []
13:53:12,441 - []
13:53:12,460 - []
13:53:12,478 - []
13:53:12,496 - []
13:53:12,514 - []
13:53:12,534 - []
13:53:12,551 - []
13:53:12,571 - []
13:53:12,591 - []
13:53:12,611 - []
13:53:12,629 - []
13:53:12,647 - []
13:53:12,666 - []
13:53:12,684 - []
13:53:12,702 - []
13:53:12,721 - []
13:53:12,741 - []
13:53:12,757 - []
13:53:12,776 - []
13:53:12,794 - []
13:53:12,814 - []
13:53:12,833 - []
13:53:12,851 - []
13:53:12,869 - []
13:53:12,895 - []
13:53:12,914 - []
13:53:12,932 - []
13:53:12,951 - []
13:53:12,970 - []
13:53:12,989 - []
13:53:13,011 - []
13:53:13,028 - []
13:53:13,055 - []
13:53:13,073 - []
13:53:13,091 - []
13:53:13,110 - []
13:53:13,126 - []
13:53:13,144 - []
13:53:13,161 - []
13:53:13,179 - []
13:53:13,197 - []
13:53:13,216 - []
13:53:13,233 - []
13:53:13,250 - []
13:53:13,266 - []
13:53:13,283 - []
13:53:13,301 - []
13:53:13,320 - []
13:53:13,340 - []
13:53:13,357 - []
13:53:13,375 - []
13:53:13,396 - []
13:53:13,415 - []
13:53:13,439 - []
13:53:13,461 - []
13:53:13,481 - []
13:53:13,504 - []
13:53:13,523 - []
13:53:13,542 - []
13:53:13,562 - []
13:53:13,577 - []
13:53:13,595 - []
13:53:13,611 - []
13:53:13,628 - []
13:53:13,647 - []
13:53:13,663 - []
13:53:13,681 - []
13:53:13,698 - []
13:53:13,715 - []
13:53:13,736 - []
13:53:13,753 - []
13:53:13,775 - []
13:53:13,794 - []
13:53:13,812 - []
13:53:13,831 - []
13:53:13,854 - []
13:53:13,874 - []
13:53:13,894 - []
13:53:13,912 - []
13:53:13,929 - []
13:53:13,947 - []
13:53:13,964 - []
13:53:13,983 - []
13:53:13,999 - []
13:53:14,016 - []
13:53:14,034 - []
13:53:14,050 - []
13:53:14,068 - []
13:53:14,084 - []
13:53:14,100 - []
13:53:14,118 - []
13:53:14,134 - []
13:53:14,154 - []
13:53:14,178 - []
13:53:14,199 - []
13:53:14,224 - []
13:53:14,269 - []
13:53:14,290 - []
13:53:14,313 - []
13:53:14,332 - []
13:53:14,350 - []
13:53:14,371 - []
13:53:14,392 - []
13:53:14,410 - []
13:53:14,429 - []
13:53:14,447 - []
13:53:14,467 - []
13:53:14,491 - []
13:53:14,508 - []
13:53:14,527 - []
13:53:14,546 - []
13:53:14,566 - []
13:53:14,585 - []
13:53:14,603 - []
13:53:14,623 - []
13:53:14,641 - []
13:53:14,660 - []
13:53:14,678 - []
13:53:14,697 - []
13:53:14,714 - []
13:53:14,735 - []
13:53:14,757 - []
13:53:14,776 - []
13:53:14,794 - []
13:53:14,815 - []
13:53:14,836 - []
13:53:14,856 - []
13:53:14,873 - []
13:53:14,891 - []
13:53:14,910 - []
13:53:14,929 - []
13:53:14,949 - []
13:53:14,969 - []
13:53:14,989 - []
13:53:15,007 - []
13:53:15,024 - []
13:53:15,040 - []
13:53:15,057 - []
13:53:15,075 - []
13:53:15,096 - []
13:53:15,113 - []
13:53:15,129 - []
13:53:15,149 - []
13:53:15,165 - []
13:53:15,183 - []
13:53:15,201 - []
13:53:15,217 - []
13:53:15,234 - []
13:53:15,254 - []
13:53:15,273 - []
13:53:15,290 - []
13:53:15,307 - []
13:53:15,324 - []
13:53:15,341 - []
13:53:15,357 - []
13:53:15,374 - []
13:53:15,390 - []
13:53:15,406 - []
13:53:15,423 - []
13:53:15,440 - []
13:53:15,458 - []
13:53:15,475 - []
13:53:15,490 - []
13:53:15,506 - []
13:53:15,524 - []
13:53:15,540 - []
13:53:15,556 - []
13:53:15,573 - []
13:53:15,589 - []
13:53:15,607 - []
13:53:15,624 - []
13:53:15,640 - []
13:53:15,659 - []
13:53:15,676 - []
13:53:15,693 - []
13:53:15,710 - []
13:53:15,725 - []
13:53:15,743 - []
13:53:15,759 - []
13:53:15,775 - []
13:53:15,791 - []
13:53:15,808 - []
13:53:15,824 - []
13:53:15,842 - []
13:53:15,858 - []
13:53:15,876 - []
13:53:15,894 - []
13:53:15,911 - []
13:53:15,927 - []
13:53:15,943 - []
13:53:15,958 - []
13:53:15,974 - []
13:53:15,989 - []
13:53:16,008 - []
13:53:16,026 - []
13:53:16,044 - []
13:53:16,059 - []
13:53:16,076 - []
13:53:16,092 - []
13:53:16,110 - []
13:53:16,126 - []
13:53:16,142 - []
13:53:16,158 - []
13:53:16,175 - []
13:53:16,191 - []
13:53:16,206 - []
13:53:16,223 - []
13:53:16,240 - []
13:53:16,256 - []
13:53:16,271 - []
13:53:16,289 - []
13:53:16,306 - []
13:53:16,323 - []
13:53:16,339 - []
13:53:16,356 - []
13:53:16,372 - []
13:53:16,390 - []
13:53:16,406 - []
13:53:16,422 - []
13:53:16,440 - []
13:53:16,458 - []
13:53:16,474 - []
13:53:16,490 - []
13:53:16,508 - []
13:53:16,525 - []
13:53:16,545 - []
13:53:16,560 - []
13:53:16,576 - []
13:53:16,592 - []
13:53:16,608 - []
13:53:16,625 - []
13:53:16,641 - []
13:53:16,658 - []
13:53:16,673 - []
13:53:16,691 - []
13:53:16,707 - []
13:53:16,723 - []
13:53:16,741 - []
13:53:16,758 - []
13:53:16,774 - []
13:53:16,790 - []
13:53:16,807 - []
13:53:16,824 - []
13:53:16,842 - []
13:53:16,858 - []
13:53:16,877 - []
13:53:16,895 - []
13:53:16,913 - []
13:53:16,931 - []
13:53:16,950 - []
13:53:16,968 - []
13:53:16,983 - []
13:53:17,000 - []
13:53:17,020 - []
13:53:17,035 - []
13:53:17,052 - []
13:53:17,069 - []
13:53:17,086 - []
13:53:17,101 - []
13:53:17,116 - []
13:53:17,135 - []
13:53:17,153 - []
13:53:17,171 - []
13:53:17,189 - []
13:53:17,207 - []
13:53:17,224 - []
13:53:17,240 - []
13:53:17,258 - []
13:53:17,274 - []
13:53:17,290 - []
13:53:17,306 - []
13:53:17,322 - []
13:53:17,340 - []
13:53:17,357 - []
13:53:17,373 - []
13:53:17,390 - []
13:53:17,407 - []
13:53:17,423 - []
13:53:17,440 - []
13:53:17,457 - []
13:53:17,473 - []
13:53:17,490 - []
13:53:17,506 - []
13:53:17,522 - []
13:53:17,540 - []
13:53:17,556 - []
13:53:17,573 - []
13:53:17,588 - []
13:53:17,603 - []
13:53:17,619 - []
13:53:17,637 - []
13:53:17,653 - []
13:53:17,670 - []
13:53:17,686 - []
13:53:17,702 - []
13:53:17,719 - []
13:53:17,735 - []
13:53:17,752 - []
13:53:17,768 - []
13:53:17,786 - []
13:53:17,803 - []
13:53:17,821 - []
13:53:17,839 - []
13:53:17,856 - []
13:53:17,872 - []
13:53:17,890 - []
13:53:17,906 - []
13:53:17,923 - []
13:53:17,940 - []
13:53:17,957 - []
13:53:17,975 - []
13:53:17,993 - []
13:53:18,008 - []
13:53:18,024 - []
13:53:18,040 - []
13:53:18,056 - []
13:53:18,072 - []
13:53:18,090 - []
13:53:18,107 - []
13:53:18,124 - []
13:53:18,140 - []
13:53:18,156 - []
13:53:18,172 - []
13:53:18,190 - []
13:53:18,206 - []
13:53:18,225 - []
13:53:18,241 - []
13:53:18,259 - []
13:53:18,275 - []
13:53:18,290 - []
13:53:18,306 - []
13:53:18,322 - []
13:53:18,339 - []
13:53:18,355 - []
13:53:18,373 - []
13:53:18,389 - []
13:53:18,405 - []
13:53:18,421 - []
13:53:18,437 - []
13:53:18,456 - []
13:53:18,472 - []
13:53:18,490 - []
13:53:18,506 - []
13:53:18,522 - []
13:53:18,539 - []
13:53:18,556 - []
13:53:18,572 - []
13:53:18,589 - []
13:53:18,606 - []
13:53:18,622 - []
13:53:18,640 - []
13:53:18,656 - []
13:53:18,673 - []
13:53:18,690 - []
13:53:18,708 - []
13:53:18,725 - []
13:53:18,744 - []
13:53:18,760 - []
13:53:18,776 - []
13:53:18,794 - []
13:53:18,814 - []
13:53:18,833 - []
13:53:18,850 - []
13:53:18,865 - []
13:53:18,882 - []
13:53:18,899 - []
13:53:18,918 - []
13:53:18,936 - []
13:53:18,952 - []
13:53:18,968 - []
13:53:18,984 - []
13:53:19,000 - []
13:53:19,016 - []
13:53:19,035 - []
13:53:19,053 - []
13:53:19,069 - []
13:53:19,085 - []
13:53:19,103 - []
13:53:19,122 - []
13:53:19,139 - []
13:53:19,156 - []
13:53:19,173 - []
13:53:19,190 - []
13:53:19,206 - []
13:53:19,223 - []
13:53:19,239 - []
13:53:19,257 - []
13:53:19,273 - []
13:53:19,290 - []
13:53:19,307 - []
13:53:19,325 - []
13:53:19,340 - []
13:53:19,358 - []
13:53:19,377 - []
13:53:19,395 - []
13:53:19,414 - []
13:53:19,434 - []
13:53:19,458 - []
13:53:19,475 - []
13:53:19,491 - []
13:53:19,507 - []
13:53:19,522 - []
13:53:19,540 - []
13:53:19,557 - []
13:53:19,573 - []
13:53:19,590 - []
13:53:19,607 - []
13:53:19,625 - []
13:53:19,642 - []
13:53:19,661 - []
13:53:19,680 - []
13:53:19,699 - []
13:53:19,717 - []
13:53:19,734 - []
13:53:19,751 - []
13:53:19,767 - []
13:53:19,785 - []
13:53:19,801 - []
13:53:19,820 - []
13:53:19,837 - []
13:53:19,854 - []
13:53:19,870 - []
13:53:19,887 - []
13:53:19,906 - []
13:53:19,925 - []
13:53:19,941 - []
13:53:19,957 - []
13:53:19,975 - []
13:53:19,993 - []
13:53:20,012 - []
13:53:20,029 - []
13:53:20,049 - []
13:53:20,067 - []
13:53:20,085 - []
13:53:20,102 - []
13:53:20,120 - []
13:53:20,137 - []
13:53:20,153 - []
13:53:20,169 - []
13:53:20,186 - []
13:53:20,204 - []
13:53:20,221 - []
13:53:20,237 - []
13:53:20,253 - []
13:53:20,269 - []
13:53:20,285 - []
13:53:20,303 - []
13:53:20,319 - []
13:53:20,336 - []
13:53:20,352 - []
13:53:20,370 - []
13:53:20,388 - []
13:53:20,404 - []
13:53:20,420 - []
13:53:20,438 - []
13:53:20,455 - []
13:53:20,473 - []
13:53:20,489 - []
13:53:20,505 - []
13:53:20,523 - []
13:53:20,540 - []
13:53:20,557 - []
13:53:20,573 - []
13:53:20,589 - []
13:53:20,606 - []
13:53:20,623 - []
13:53:20,639 - []
13:53:20,656 - []
13:53:20,672 - []
13:53:20,690 - []
13:53:20,708 - []
13:53:20,723 - []
13:53:20,741 - []
13:53:20,756 - []
13:53:20,772 - []
13:53:20,789 - []
13:53:20,806 - []
13:53:20,823 - []
13:53:20,840 - []
13:53:20,856 - []
13:53:20,873 - []
13:53:20,890 - []
13:53:20,906 - []
13:53:20,922 - []
13:53:20,939 - []
13:53:20,956 - []
13:53:20,972 - []
13:53:20,989 - []
13:53:21,006 - []
13:53:21,022 - []
13:53:21,039 - []
13:53:21,055 - []
13:53:21,072 - []
13:53:21,089 - []
13:53:21,106 - []
13:53:21,122 - []
13:53:21,140 - []
13:53:21,156 - []
13:53:21,172 - []
13:53:21,189 - []
13:53:21,206 - []
13:53:21,222 - []
13:53:21,239 - []
13:53:21,256 - []
13:53:21,272 - []
13:53:21,289 - []
13:53:21,306 - []
13:53:21,322 - []
13:53:21,340 - []
13:53:21,356 - []
13:53:21,377 - []
13:53:21,392 - []
13:53:21,412 - []
13:53:21,428 - []
13:53:21,445 - []
13:53:21,462 - []
13:53:21,480 - []
13:53:21,499 - []
13:53:21,517 - []
13:53:21,535 - []
13:53:21,552 - []
13:53:21,568 - []
13:53:21,585 - []
13:53:21,603 - []
13:53:21,618 - []
13:53:21,637 - []
13:53:21,653 - []
13:53:21,670 - []
13:53:21,688 - []
13:53:21,706 - []
13:53:21,723 - []
13:53:21,740 - []
13:53:21,757 - []
13:53:21,774 - []
13:53:21,790 - []
13:53:21,806 - []
13:53:21,822 - []
13:53:21,840 - []
13:53:21,859 - []
13:53:21,877 - []
13:53:21,895 - []
13:53:21,912 - []
13:53:21,927 - []
13:53:21,945 - []
13:53:21,961 - []
13:53:21,980 - []
13:53:21,999 - []
13:53:22,014 - []
13:53:22,031 - []
13:53:22,050 - []
13:53:22,070 - []
13:53:22,088 - []
13:53:22,107 - []
13:53:22,123 - []
13:53:22,140 - []
13:53:22,156 - []
13:53:22,173 - []
13:53:22,189 - []
13:53:22,206 - []
13:53:22,223 - []
13:53:22,240 - []
13:53:22,261 - []
13:53:22,277 - []
13:53:22,292 - []
13:53:22,309 - []
13:53:22,325 - []
13:53:22,343 - []
13:53:22,359 - []
13:53:22,375 - []
13:53:22,393 - []
13:53:22,409 - []
13:53:22,427 - []
13:53:22,445 - []
13:53:22,462 - []
13:53:22,478 - []
13:53:22,496 - []
13:53:22,512 - []
13:53:22,527 - []
13:53:22,542 - []
13:53:22,558 - []
13:53:22,572 - []
13:53:22,588 - []
13:53:22,604 - []
13:53:22,619 - []
13:53:22,634 - []
13:53:22,650 - []
13:53:22,665 - []
13:53:22,683 - []
13:53:22,701 - []
13:53:22,717 - []
13:53:22,733 - []
13:53:22,752 - []
13:53:22,767 - []
13:53:22,784 - []
13:53:22,799 - []
13:53:22,816 - []
13:53:22,833 - []
13:53:22,849 - []
13:53:22,864 - []
13:53:22,881 - []
13:53:22,898 - []
13:53:22,914 - []
13:53:22,932 - []
13:53:22,949 - []
13:53:22,966 - []
13:53:22,984 - []
13:53:23,000 - []
13:53:23,016 - []
13:53:23,034 - []
13:53:23,050 - []
13:53:23,068 - []
13:53:23,084 - []
13:53:23,101 - []
13:53:23,118 - []
13:53:23,133 - []
13:53:23,149 - []
13:53:23,165 - []
13:53:23,181 - []
13:53:23,198 - []
13:53:23,215 - []
13:53:23,230 - []
13:53:23,245 - []
13:53:23,260 - []
13:53:23,276 - []
13:53:23,291 - []
13:53:23,306 - []
13:53:23,323 - []
13:53:23,340 - []
13:53:23,356 - []
13:53:23,373 - []
13:53:23,388 - []
13:53:23,406 - []
13:53:23,423 - []
13:53:23,438 - []
13:53:23,453 - []
13:53:23,470 - []
13:53:23,486 - []
13:53:23,503 - []
13:53:23,519 - []
13:53:23,534 - []
13:53:23,552 - []
13:53:23,568 - []
13:53:23,585 - []
13:53:23,600 - []
13:53:23,618 - []
13:53:23,633 - []
13:53:23,650 - []
13:53:23,666 - []
13:53:23,683 - []
13:53:23,701 - []
13:53:23,717 - []
13:53:23,734 - []
13:53:23,749 - []
13:53:23,765 - []
13:53:23,781 - []
13:53:23,798 - []
13:53:23,813 - []
13:53:23,828 - []
13:53:23,844 - []
13:53:23,862 - []
13:53:23,877 - []
13:53:23,894 - []
13:53:23,910 - []
13:53:23,928 - []
13:53:23,945 - []
13:53:23,961 - []
13:53:23,978 - []
13:53:23,995 - []
13:53:24,010 - []
13:53:24,026 - []
13:53:24,042 - []
13:53:24,058 - []
13:53:24,073 - []
13:53:24,092 - []
13:53:24,109 - []
13:53:24,127 - []
13:53:24,143 - []
13:53:24,161 - []
13:53:24,179 - []
13:53:24,199 - []
13:53:24,219 - []
13:53:24,235 - []
13:53:24,253 - []
13:53:24,269 - []
13:53:24,289 - []
13:53:24,307 - []
13:53:24,325 - []
13:53:24,344 - []
13:53:24,362 - []
13:53:24,381 - []
13:53:24,401 - []
13:53:24,419 - []
13:53:24,435 - []
13:53:24,452 - []
13:53:24,470 - []
13:53:24,487 - []
13:53:24,504 - []
13:53:24,524 - []
13:53:24,542 - []
13:53:24,561 - []
13:53:24,580 - []
13:53:24,602 - []
13:53:24,618 - []
13:53:24,637 - []
13:53:24,657 - []
13:53:24,675 - []
13:53:24,692 - []
13:53:24,711 - []
13:53:24,728 - []
13:53:24,747 - []
13:53:24,766 - []
13:53:24,784 - []
13:53:24,804 - []
13:53:24,823 - []
13:53:24,841 - []
13:53:24,860 - []
13:53:24,876 - []
13:53:24,893 - []
13:53:24,909 - []
13:53:24,927 - []
13:53:24,946 - []
13:53:24,965 - []
13:53:24,983 - []
13:53:25,001 - []
13:53:25,020 - []
13:53:25,036 - []
13:53:25,052 - []
13:53:25,069 - []
13:53:25,084 - []
13:53:25,099 - []
13:53:25,116 - []
13:53:25,133 - []
13:53:25,149 - []
13:53:25,166 - []
13:53:25,183 - []
13:53:25,201 - []
13:53:25,217 - []
13:53:25,234 - []
13:53:25,249 - []
13:53:25,266 - []
13:53:25,283 - []
13:53:25,301 - []
13:53:25,318 - []
13:53:25,334 - []
13:53:25,351 - []
13:53:25,367 - []
13:53:25,384 - []
13:53:25,401 - []
13:53:25,417 - []
13:53:25,434 - []
13:53:25,451 - []
13:53:25,467 - []
13:53:25,484 - []
13:53:25,501 - []
13:53:25,518 - []
13:53:25,534 - []
13:53:25,550 - []
13:53:25,567 - []
13:53:25,583 - []
13:53:25,601 - []
13:53:25,617 - []
13:53:25,634 - []
13:53:25,650 - []
13:53:25,667 - []
13:53:25,684 - []
13:53:25,700 - []
13:53:25,715 - []
13:53:25,732 - []
13:53:25,748 - []
13:53:25,765 - []
13:53:25,780 - []
13:53:25,798 - []
13:53:25,815 - []
13:53:25,831 - []
13:53:25,848 - []
13:53:25,866 - []
13:53:25,882 - []
13:53:25,899 - []
13:53:25,915 - []
13:53:25,933 - []
13:53:25,949 - []
13:53:25,966 - []
13:53:25,981 - []
13:53:25,998 - []
13:53:26,015 - []
13:53:26,031 - []
13:53:26,049 - []
13:53:26,064 - []
13:53:26,081 - []
13:53:26,099 - []
13:53:26,115 - []
13:53:26,130 - []
13:53:26,148 - []
13:53:26,165 - []
13:53:26,182 - []
13:53:26,199 - []
13:53:26,215 - []
13:53:26,232 - []
13:53:26,249 - []
13:53:26,265 - []
13:53:26,281 - []
13:53:26,296 - []
13:53:26,311 - []
13:53:26,328 - []
13:53:26,344 - []
13:53:26,360 - []
13:53:26,377 - []
13:53:26,393 - []
13:53:26,411 - []
13:53:26,425 - []
13:53:26,440 - []
13:53:26,456 - []
13:53:26,473 - []
13:53:26,488 - []
13:53:26,503 - []
13:53:26,518 - []
13:53:26,534 - []
13:53:26,549 - []
13:53:26,565 - []
13:53:26,581 - []
13:53:26,600 - []
13:53:26,616 - []
13:53:26,633 - []
13:53:26,649 - []
13:53:26,666 - []
13:53:26,682 - []
13:53:26,699 - []
13:53:26,715 - []
13:53:26,731 - []
13:53:26,748 - []
13:53:26,766 - []
13:53:26,781 - []
13:53:26,798 - []
13:53:26,815 - []
13:53:26,834 - []
13:53:26,850 - []
13:53:26,867 - []
13:53:26,882 - []
13:53:26,898 - []
13:53:26,915 - []
13:53:26,932 - []
13:53:26,950 - []
13:53:26,967 - []
13:53:26,982 - []
13:53:26,999 - []
13:53:27,016 - []
13:53:27,034 - []
13:53:27,050 - []
13:53:27,067 - []
13:53:27,084 - []
13:53:27,100 - []
13:53:27,117 - []
13:53:27,134 - []
13:53:27,149 - []
13:53:27,165 - []
13:53:27,182 - []
13:53:27,199 - []
13:53:27,215 - []
13:53:27,232 - []
13:53:27,249 - []
13:53:27,267 - []
13:53:27,284 - []
13:53:27,300 - []
13:53:27,317 - []
13:53:27,334 - []
13:53:27,350 - []
13:53:27,367 - []
13:53:27,385 - []
13:53:27,401 - []
13:53:27,417 - []
13:53:27,434 - []
13:53:27,451 - []
13:53:27,468 - []
13:53:27,485 - []
13:53:27,501 - []
13:53:27,517 - []
13:53:27,534 - []
13:53:27,549 - []
13:53:27,567 - []
13:53:27,584 - []
13:53:27,600 - []
13:53:27,617 - []
13:53:27,634 - []
13:53:27,650 - []
13:53:27,667 - []
13:53:27,683 - []
13:53:27,699 - []
13:53:27,715 - []
13:53:27,733 - []
13:53:27,749 - []
13:53:27,766 - []
13:53:27,781 - []
13:53:27,798 - []
13:53:27,816 - []
13:53:27,832 - []
13:53:27,848 - []
13:53:27,866 - []
13:53:27,882 - []
13:53:27,899 - []
13:53:27,915 - []
13:53:27,932 - []
13:53:27,949 - []
13:53:27,965 - []
13:53:27,982 - []
13:53:27,999 - []
13:53:28,015 - []
13:53:28,032 - []
13:53:28,049 - []
13:53:28,066 - []
13:53:28,082 - []
13:53:28,097 - []
13:53:28,115 - []
13:53:28,131 - []
13:53:28,148 - []
13:53:28,165 - []
13:53:28,180 - []
13:53:28,198 - []
13:53:28,214 - []
13:53:28,231 - []
13:53:28,249 - []
13:53:28,265 - []
13:53:28,282 - []
13:53:28,298 - []
13:53:28,315 - []
13:53:28,332 - []
13:53:28,348 - []
13:53:28,364 - []
13:53:28,381 - []
13:53:28,397 - []
13:53:28,414 - []
13:53:28,431 - []
13:53:28,448 - []
13:53:28,464 - []
13:53:28,481 - []
13:53:28,498 - []
13:53:28,514 - []
13:53:28,531 - []
13:53:28,548 - []
13:53:28,564 - []
13:53:28,581 - []
13:53:28,598 - []
13:53:28,614 - []
13:53:28,631 - []
13:53:28,649 - []
13:53:28,665 - []
13:53:28,682 - []
13:53:28,699 - []
13:53:28,716 - []
13:53:28,732 - []
13:53:28,749 - []
13:53:28,765 - []
13:53:28,782 - []
13:53:28,799 - []
13:53:28,816 - []
13:53:28,832 - []
13:53:28,848 - []
13:53:28,863 - []
13:53:28,879 - []
13:53:28,896 - []
13:53:28,912 - []
13:53:28,930 - []
13:53:28,945 - []
13:53:28,961 - []
13:53:28,977 - []
13:53:28,994 - []
13:53:29,010 - []
13:53:29,025 - []
13:53:29,042 - []
13:53:29,059 - []
13:53:29,075 - []
13:53:29,090 - []
13:53:29,106 - []
13:53:29,121 - []
13:53:29,136 - []
13:53:29,150 - []
13:53:29,167 - []
13:53:29,184 - []
13:53:29,201 - []
13:53:29,217 - []
13:53:29,234 - []
13:53:29,250 - []
13:53:29,266 - []
13:53:29,282 - []
13:53:29,299 - []
13:53:29,315 - []
13:53:29,333 - []
13:53:29,349 - []
13:53:29,364 - []
13:53:29,382 - []
13:53:29,398 - []
13:53:29,414 - []
13:53:29,431 - []
13:53:29,448 - []
13:53:29,465 - []
13:53:29,482 - []
13:53:29,499 - []
13:53:29,516 - []
13:53:29,531 - []
13:53:29,549 - []
13:53:29,565 - []
13:53:29,580 - []
13:53:29,598 - []
13:53:29,614 - []
13:53:29,631 - []
13:53:29,648 - []
13:53:29,665 - []
13:53:29,680 - []
13:53:29,696 - []
13:53:29,712 - []
13:53:29,727 - []
13:53:29,744 - []
13:53:29,762 - []
13:53:29,779 - []
13:53:29,794 - []
13:53:29,808 - []
13:53:29,823 - []
13:53:29,839 - []
13:53:29,856 - []
13:53:29,873 - []
13:53:29,889 - []
13:53:29,906 - []
13:53:29,924 - []
13:53:29,939 - []
13:53:29,954 - []
13:53:29,969 - []
13:53:29,984 - []
13:53:30,001 - []
13:53:30,018 - []
13:53:30,034 - []
13:53:30,051 - []
13:53:30,067 - []
13:53:30,084 - []
13:53:30,100 - []
13:53:30,116 - []
13:53:30,131 - []
13:53:30,148 - []
13:53:30,165 - []
13:53:30,181 - []
13:53:30,199 - []
13:53:30,216 - []
13:53:30,232 - []
13:53:30,249 - []
13:53:30,266 - []
13:53:30,282 - []
13:53:30,298 - []
13:53:30,316 - []
13:53:30,333 - []
13:53:30,350 - []
13:53:30,366 - []
13:53:30,382 - []
13:53:30,399 - []
13:53:30,416 - []
13:53:30,431 - []
13:53:30,448 - []
13:53:30,464 - []
13:53:30,481 - []
13:53:30,499 - []
13:53:30,516 - []
13:53:30,532 - []
13:53:30,549 - []
13:53:30,565 - []
13:53:30,581 - []
13:53:30,598 - []
13:53:30,614 - []
13:53:30,632 - []
13:53:30,649 - []
13:53:30,666 - []
13:53:30,682 - []
13:53:30,698 - []
13:53:30,715 - []
13:53:30,732 - []
13:53:30,749 - []
13:53:30,764 - []
13:53:30,781 - []
13:53:30,798 - []
13:53:30,813 - []
13:53:30,829 - []
13:53:30,845 - []
13:53:30,861 - []
13:53:30,876 - []
13:53:30,892 - []
13:53:30,909 - []
13:53:30,924 - []
13:53:30,940 - []
13:53:30,957 - []
13:53:30,974 - []
13:53:30,991 - []
13:53:31,007 - []
13:53:31,022 - []
13:53:31,040 - []
13:53:31,057 - []
13:53:31,074 - []
13:53:31,091 - []
13:53:31,106 - []
13:53:31,121 - []
13:53:31,138 - []
13:53:31,155 - []
13:53:31,169 - []
13:53:31,185 - []
13:53:31,200 - []
13:53:31,216 - []
13:53:31,232 - []
13:53:31,249 - []
13:53:31,265 - []
13:53:31,281 - []
13:53:31,298 - []
13:53:31,314 - []
13:53:31,332 - []
13:53:31,347 - []
13:53:31,365 - []
13:53:31,382 - []
13:53:31,398 - []
13:53:31,416 - []
13:53:31,432 - []
13:53:31,447 - []
13:53:31,463 - []
13:53:31,479 - []
13:53:31,495 - []
13:53:31,511 - []
13:53:31,527 - []
13:53:31,542 - []
13:53:31,557 - []
13:53:31,574 - []
13:53:31,589 - []
13:53:31,604 - []
13:53:31,621 - []
13:53:31,638 - []
13:53:31,656 - []
13:53:31,674 - []
13:53:31,691 - []
13:53:31,706 - []
13:53:31,723 - []
13:53:31,740 - []
13:53:31,757 - []
13:53:31,773 - []
13:53:31,790 - []
13:53:31,805 - []
13:53:31,821 - []
13:53:31,836 - []
13:53:31,851 - []
13:53:31,869 - []
13:53:31,885 - []
13:53:31,902 - []
13:53:31,917 - []
13:53:31,934 - []
13:53:31,950 - []
13:53:31,967 - []
13:53:31,984 - []
13:53:32,001 - []
13:53:32,017 - []
13:53:32,034 - []
13:53:32,050 - []
13:53:32,067 - []
13:53:32,083 - []
13:53:32,099 - []
13:53:32,117 - []
13:53:32,134 - []
13:53:32,150 - []
13:53:32,167 - []
13:53:32,184 - []
13:53:32,201 - []
13:53:32,217 - []
13:53:32,233 - []
13:53:32,249 - []
13:53:32,265 - []
13:53:32,283 - []
13:53:32,299 - []
13:53:32,315 - []
13:53:32,332 - []
13:53:32,349 - []
13:53:32,366 - []
13:53:32,382 - []
13:53:32,398 - []
13:53:32,416 - []
13:53:32,431 - []
13:53:32,448 - []
13:53:32,465 - []
13:53:32,482 - []
13:53:32,499 - []
13:53:32,514 - []
13:53:32,529 - []
13:53:32,544 - []
13:53:32,561 - []
13:53:32,577 - []
13:53:32,593 - []
13:53:32,608 - []
13:53:32,624 - []
13:53:32,641 - []
13:53:32,657 - []
13:53:32,674 - []
13:53:32,689 - []
13:53:32,706 - []
13:53:32,722 - []
13:53:32,739 - []
13:53:32,756 - []
13:53:32,772 - []
13:53:32,789 - []
13:53:32,806 - []
13:53:32,821 - []
13:53:32,837 - []
13:53:32,852 - []
13:53:32,867 - []
13:53:32,884 - []
13:53:32,901 - []
13:53:32,916 - []
13:53:32,932 - []
13:53:32,949 - []
13:53:32,965 - []
13:53:32,982 - []
13:53:32,997 - []
13:53:33,015 - []
13:53:33,030 - []
13:53:33,048 - []
13:53:33,065 - []
13:53:33,081 - []
13:53:33,098 - []
13:53:33,114 - []
13:53:33,130 - []
13:53:33,148 - []
13:53:33,165 - []
13:53:33,182 - []
13:53:33,199 - []
13:53:33,215 - []
13:53:33,231 - []
13:53:33,249 - []
13:53:33,265 - []
13:53:33,281 - []
13:53:33,298 - []
13:53:33,314 - []
13:53:33,331 - []
13:53:33,347 - []
13:53:33,364 - []
13:53:33,381 - []
13:53:33,399 - []
13:53:33,415 - []
13:53:33,433 - []
13:53:33,447 - []
13:53:33,465 - []
13:53:33,482 - []
13:53:33,499 - []
13:53:33,515 - []
13:53:33,532 - []
13:53:33,549 - []
13:53:33,565 - []
13:53:33,581 - []
13:53:33,598 - []
13:53:33,616 - []
13:53:33,632 - []
13:53:33,649 - []
13:53:33,664 - []
13:53:33,681 - []
13:53:33,697 - []
13:53:33,714 - []
13:53:33,730 - []
13:53:33,746 - []
13:53:33,763 - []
13:53:33,781 - []
13:53:33,798 - []
13:53:33,815 - []
13:53:33,832 - []
13:53:33,849 - []
13:53:33,865 - []
13:53:33,882 - []
13:53:33,899 - []
13:53:33,916 - []
13:53:33,933 - []
13:53:33,949 - []
13:53:33,965 - []
13:53:33,982 - []
13:53:33,997 - []
13:53:34,014 - []
13:53:34,031 - []
13:53:34,049 - []
13:53:34,065 - []
13:53:34,082 - []
13:53:34,098 - []
13:53:34,114 - []
13:53:34,129 - []
13:53:34,147 - []
13:53:34,162 - []
13:53:34,177 - []
13:53:34,193 - []
13:53:34,210 - []
13:53:34,225 - []
13:53:34,240 - []
13:53:34,257 - []
13:53:34,274 - []
13:53:34,291 - []
13:53:34,307 - []
13:53:34,324 - []
13:53:34,341 - []
13:53:34,358 - []
13:53:34,375 - []
13:53:34,390 - []
13:53:34,407 - []
13:53:34,425 - []
13:53:34,442 - []
13:53:34,458 - []
13:53:34,474 - []
13:53:34,489 - []
13:53:34,506 - []
13:53:34,523 - []
13:53:34,540 - []
13:53:34,557 - []
13:53:34,574 - []
13:53:34,590 - []
13:53:34,607 - []
13:53:34,624 - []
13:53:34,641 - []
13:53:34,658 - []
13:53:34,674 - []
13:53:34,690 - []
13:53:34,706 - []
13:53:34,724 - []
13:53:34,739 - []
13:53:34,757 - []
13:53:34,774 - []
13:53:34,791 - []
13:53:34,807 - []
13:53:34,825 - []
13:53:34,841 - []
13:53:34,857 - []
13:53:34,874 - []
13:53:34,890 - []
13:53:34,905 - []
13:53:34,921 - []
13:53:34,936 - []
13:53:34,951 - []
13:53:34,967 - []
13:53:34,983 - []
13:53:34,999 - []
13:53:35,015 - []
13:53:35,032 - []
13:53:35,049 - []
13:53:35,064 - []
13:53:35,080 - []
13:53:35,096 - []
13:53:35,114 - []
13:53:35,129 - []
13:53:35,145 - []
13:53:35,160 - []
13:53:35,176 - []
13:53:35,190 - []
13:53:35,206 - []
13:53:35,222 - []
13:53:35,239 - []
13:53:35,256 - []
13:53:35,273 - []
13:53:35,289 - []
13:53:35,306 - []
13:53:35,322 - []
13:53:35,338 - []
13:53:35,356 - []
13:53:35,373 - []
13:53:35,389 - []
13:53:35,405 - []
13:53:35,424 - []
13:53:35,440 - []
13:53:35,455 - []
13:53:35,470 - []
13:53:35,484 - []
13:53:35,500 - []
13:53:35,516 - []
13:53:35,532 - []
13:53:35,547 - []
13:53:35,564 - []
13:53:35,581 - []
13:53:35,598 - []
13:53:35,614 - []
13:53:35,632 - []
13:53:35,648 - []
13:53:35,663 - []
13:53:35,680 - []
13:53:35,695 - []
13:53:35,711 - []
13:53:35,726 - []
13:53:35,744 - []
13:53:35,762 - []
13:53:35,780 - []
13:53:35,796 - []
13:53:35,814 - []
13:53:35,831 - []
13:53:35,848 - []
13:53:35,865 - []
13:53:35,882 - []
13:53:35,899 - []
13:53:35,916 - []
13:53:35,932 - []
13:53:35,949 - []
13:53:35,964 - []
13:53:35,978 - []
13:53:35,994 - []
13:53:36,012 - []
13:53:36,027 - []
13:53:36,045 - []
13:53:36,062 - []
13:53:36,077 - []
13:53:36,093 - []
13:53:36,108 - []
13:53:36,125 - []
13:53:36,140 - []
13:53:36,156 - []
13:53:36,171 - []
13:53:36,188 - []
13:53:36,204 - []
13:53:36,220 - []
13:53:36,234 - []
13:53:36,250 - []
13:53:36,265 - []
13:53:36,282 - []
13:53:36,299 - []
13:53:36,316 - []
13:53:36,332 - []
13:53:36,349 - []
13:53:36,365 - []
13:53:36,382 - []
13:53:36,398 - []
13:53:36,414 - []
13:53:36,431 - []
13:53:36,448 - []
13:53:36,465 - []
13:53:36,482 - []
13:53:36,499 - []
13:53:36,515 - []
13:53:36,532 - []
13:53:36,549 - []
13:53:36,566 - []
13:53:36,582 - []
13:53:36,599 - []
13:53:36,615 - []
13:53:36,632 - []
13:53:36,649 - []
13:53:36,665 - []
13:53:36,682 - []
13:53:36,699 - []
13:53:36,716 - []
13:53:36,732 - []
13:53:36,749 - []
13:53:36,766 - []
13:53:36,782 - []
13:53:36,799 - []
13:53:36,815 - []
13:53:36,832 - []
13:53:36,849 - []
13:53:36,865 - []
13:53:36,881 - []
13:53:36,898 - []
13:53:36,914 - []
13:53:36,931 - []
13:53:36,947 - []
13:53:36,962 - []
13:53:36,979 - []
13:53:36,995 - []
13:53:37,009 - []
13:53:37,024 - []
13:53:37,041 - []
13:53:37,056 - []
13:53:37,073 - []
13:53:37,089 - []
13:53:37,107 - []
13:53:37,124 - []
13:53:37,139 - []
13:53:37,156 - []
13:53:37,172 - []
13:53:37,189 - []
13:53:37,206 - []
13:53:37,220 - []
13:53:37,235 - []
13:53:37,250 - []
13:53:37,265 - []
13:53:37,282 - []
13:53:37,299 - []
13:53:37,316 - []
13:53:37,332 - []
13:53:37,349 - []
13:53:37,365 - []
13:53:37,382 - []
13:53:37,399 - []
13:53:37,415 - []
13:53:37,432 - []
13:53:37,449 - []
13:53:37,465 - []
13:53:37,482 - []
13:53:37,499 - []
13:53:37,515 - []
13:53:37,532 - []
13:53:37,549 - []
13:53:37,565 - []
13:53:37,581 - []
13:53:37,597 - []
13:53:37,615 - []
13:53:37,632 - []
13:53:37,648 - []
13:53:37,665 - []
13:53:37,682 - []
13:53:37,699 - []
13:53:37,715 - []
13:53:37,732 - []
13:53:37,749 - []
13:53:37,764 - []
13:53:37,780 - []
13:53:37,798 - []
13:53:37,815 - []
13:53:37,831 - []
13:53:37,848 - []
13:53:37,864 - []
13:53:37,881 - []
13:53:37,899 - []
13:53:37,916 - []
13:53:37,932 - []
13:53:37,949 - []
13:53:37,964 - []
13:53:37,981 - []
13:53:37,996 - []
13:53:38,015 - []
13:53:38,032 - []
13:53:38,047 - []
13:53:38,062 - []
13:53:38,078 - []
13:53:38,094 - []
13:53:38,110 - []
13:53:38,126 - []
13:53:38,141 - []
13:53:38,156 - []
13:53:38,172 - []
13:53:38,189 - []
13:53:38,206 - []
13:53:38,222 - []
13:53:38,237 - []
13:53:38,255 - []
13:53:38,273 - []
13:53:38,290 - []
13:53:38,306 - []
13:53:38,323 - []
13:53:38,341 - []
13:53:38,356 - []
13:53:38,373 - []
13:53:38,389 - []
13:53:38,406 - []
13:53:38,421 - []
13:53:38,436 - []
13:53:38,452 - []
13:53:38,468 - []
13:53:38,483 - []
13:53:38,499 - []
13:53:38,516 - []
13:53:38,532 - []
13:53:38,549 - []
13:53:38,566 - []
13:53:38,582 - []
13:53:38,599 - []
13:53:38,616 - []
13:53:38,632 - []
13:53:38,648 - []
13:53:38,665 - []
13:53:38,682 - []
13:53:38,699 - []
13:53:38,715 - []
13:53:38,731 - []
13:53:38,749 - []
13:53:38,766 - []
13:53:38,782 - []
13:53:38,799 - []
13:53:38,816 - []
13:53:38,832 - []
13:53:38,849 - []
13:53:38,866 - []
13:53:38,882 - []
13:53:38,899 - []
13:53:38,916 - []
13:53:38,932 - []
13:53:38,949 - []
13:53:38,965 - []
13:53:38,982 - []
13:53:38,999 - []
13:53:39,015 - []
13:53:39,032 - []
13:53:39,049 - []
13:53:39,065 - []
13:53:39,082 - []
13:53:39,099 - []
13:53:39,116 - []
13:53:39,132 - []
13:53:39,149 - []
13:53:39,165 - []
13:53:39,182 - []
13:53:39,198 - []
13:53:39,215 - []
13:53:39,232 - []
13:53:39,249 - []
13:53:39,266 - []
13:53:39,282 - []
13:53:39,297 - []
13:53:39,314 - []
13:53:39,331 - []
13:53:39,348 - []
13:53:39,364 - []
13:53:39,381 - []
13:53:39,398 - []
13:53:39,414 - []
13:53:39,430 - []
13:53:39,445 - []
13:53:39,462 - []
13:53:39,478 - []
13:53:39,496 - []
13:53:39,514 - []
13:53:39,530 - []
13:53:39,546 - []
13:53:39,564 - []
13:53:39,580 - []
13:53:39,598 - []
13:53:39,615 - []
13:53:39,631 - []
13:53:39,648 - []
13:53:39,665 - []
13:53:39,681 - []
13:53:39,696 - []
13:53:39,714 - []
13:53:39,729 - []
13:53:39,746 - []
13:53:39,762 - []
13:53:39,779 - []
13:53:39,794 - []
13:53:39,812 - []
13:53:39,828 - []
13:53:39,846 - []
13:53:39,864 - []
13:53:39,882 - []
13:53:39,898 - []
13:53:39,916 - []
13:53:39,932 - []
13:53:39,947 - []
13:53:39,965 - []
13:53:39,981 - []
13:53:39,999 - []
13:53:40,016 - []
13:53:40,032 - []
13:53:40,048 - []
13:53:40,064 - []
13:53:40,081 - []
13:53:40,098 - []
13:53:40,115 - []
13:53:40,132 - []
13:53:40,149 - []
13:53:40,166 - []
13:53:40,182 - []
13:53:40,199 - []
13:53:40,216 - []
13:53:40,232 - []
13:53:40,247 - []
13:53:40,265 - []
13:53:40,281 - []
13:53:40,299 - []
13:53:40,315 - []
13:53:40,331 - []
13:53:40,348 - []
13:53:40,364 - []
13:53:40,381 - []
13:53:40,397 - []
13:53:40,415 - []
13:53:40,432 - []
13:53:40,449 - []
13:53:40,466 - []
13:53:40,481 - []
13:53:40,495 - []
13:53:40,513 - []
13:53:40,530 - []
13:53:40,547 - []
13:53:40,564 - []
13:53:40,579 - []
13:53:40,595 - []
13:53:40,611 - []
13:53:40,626 - []
13:53:40,641 - []
13:53:40,656 - []
13:53:40,673 - []
13:53:40,689 - []
13:53:40,706 - []
13:53:40,723 - []
13:53:40,738 - []
13:53:40,753 - []
13:53:40,768 - []
13:53:40,783 - []
13:53:40,797 - []
13:53:40,813 - []
13:53:40,828 - []
13:53:40,843 - []
13:53:40,858 - []
13:53:40,875 - []
13:53:40,891 - []
13:53:40,906 - []
13:53:40,923 - []
13:53:40,939 - []
13:53:40,955 - []
13:53:40,971 - []
13:53:40,986 - []
13:53:41,001 - []
13:53:41,018 - []
13:53:41,034 - []
13:53:41,050 - []
13:53:41,066 - []
13:53:41,081 - []
13:53:41,098 - []
13:53:41,115 - []
13:53:41,132 - []
13:53:41,148 - []
13:53:41,165 - []
13:53:41,182 - []
13:53:41,198 - []
13:53:41,215 - []
13:53:41,231 - []
13:53:41,248 - []
13:53:41,265 - []
13:53:41,282 - []
13:53:41,298 - []
13:53:41,315 - []
13:53:41,331 - []
13:53:41,348 - []
13:53:41,365 - []
13:53:41,382 - []
13:53:41,398 - []
13:53:41,415 - []
13:53:41,432 - []
13:53:41,448 - []
13:53:41,465 - []
13:53:41,482 - []
13:53:41,499 - []
13:53:41,515 - []
13:53:41,531 - []
13:53:41,548 - []
13:53:41,565 - []
13:53:41,580 - []
13:53:41,598 - []
13:53:41,614 - []
13:53:41,632 - []
13:53:41,648 - []
13:53:41,666 - []
13:53:41,681 - []
13:53:41,698 - []
13:53:41,715 - []
13:53:41,732 - []
13:53:41,749 - []
13:53:41,765 - []
13:53:41,781 - []
13:53:41,798 - []
13:53:41,814 - []
13:53:41,829 - []
13:53:41,844 - []
13:53:41,863 - []
13:53:41,878 - []
13:53:41,895 - []
13:53:41,912 - []
13:53:41,928 - []
13:53:41,944 - []
13:53:41,960 - []
13:53:41,978 - []
13:53:41,994 - []
13:53:42,010 - []
13:53:42,026 - []
13:53:42,046 - []
13:53:42,064 - []
13:53:42,082 - []
13:53:42,098 - []
13:53:42,115 - []
13:53:42,132 - []
13:53:42,148 - []
13:53:42,166 - []
13:53:42,182 - []
13:53:42,198 - []
13:53:42,215 - []
13:53:42,231 - []
13:53:42,248 - []
13:53:42,266 - []
13:53:42,283 - []
13:53:42,299 - []
13:53:42,314 - []
13:53:42,332 - []
13:53:42,348 - []
13:53:42,366 - []
13:53:42,382 - []
13:53:42,398 - []
13:53:42,415 - []
13:53:42,431 - []
13:53:42,448 - []
13:53:42,465 - []
13:53:42,482 - []
13:53:42,498 - []
13:53:42,514 - []
13:53:42,529 - []
13:53:42,546 - []
13:53:42,564 - []
13:53:42,582 - []
13:53:42,598 - []
13:53:42,615 - []
13:53:42,632 - []
13:53:42,648 - []
13:53:42,664 - []
13:53:42,681 - []
13:53:42,698 - []
13:53:42,716 - []
13:53:42,731 - []
13:53:42,748 - []
13:53:42,765 - []
13:53:42,781 - []
13:53:42,799 - []
13:53:42,816 - []
13:53:42,833 - []
13:53:42,849 - []
13:53:42,865 - []
13:53:42,882 - []
13:53:42,899 - []
13:53:42,916 - []
13:53:42,932 - []
13:53:42,948 - []
13:53:42,964 - []
13:53:42,980 - []
13:53:42,998 - []
13:53:43,014 - []
13:53:43,031 - []
13:53:43,048 - []
13:53:43,064 - []
13:53:43,082 - []
13:53:43,098 - []
13:53:43,114 - []
13:53:43,131 - []
13:53:43,149 - []
13:53:43,166 - []
13:53:43,184 - []
13:53:43,201 - []
13:53:43,217 - []
13:53:43,234 - []
13:53:43,251 - []
13:53:43,268 - []
13:53:43,284 - []
13:53:43,300 - []
13:53:43,317 - []
13:53:43,332 - []
13:53:43,349 - []
13:53:43,366 - []
13:53:43,382 - []
13:53:43,399 - []
13:53:43,415 - []
13:53:43,432 - []
13:53:43,448 - []
13:53:43,465 - []
13:53:43,481 - []
13:53:43,497 - []
13:53:43,514 - []
13:53:43,530 - []
13:53:43,546 - []
13:53:43,564 - []
13:53:43,582 - []
13:53:43,597 - []
13:53:43,615 - []
13:53:43,632 - []
13:53:43,649 - []
13:53:43,665 - []
13:53:43,681 - []
13:53:43,696 - []
13:53:43,714 - []
13:53:43,731 - []
13:53:43,748 - []
13:53:43,765 - []
13:53:43,782 - []
13:53:43,798 - []
13:53:43,814 - []
13:53:43,831 - []
13:53:43,849 - []
13:53:43,866 - []
13:53:43,882 - []
13:53:43,899 - []
13:53:43,914 - []
13:53:43,929 - []
13:53:43,945 - []
13:53:43,962 - []
13:53:43,978 - []
13:53:43,994 - []
13:53:44,011 - []
13:53:44,026 - []
13:53:44,041 - []
13:53:44,057 - []
13:53:44,073 - []
13:53:44,089 - []
13:53:44,106 - []
13:53:44,124 - []
13:53:44,139 - []
13:53:44,156 - []
13:53:44,172 - []
13:53:44,188 - []
13:53:44,202 - []
13:53:44,218 - []
13:53:44,234 - []
13:53:44,249 - []
13:53:44,266 - []
13:53:44,282 - []
13:53:44,298 - []
13:53:44,316 - []
13:53:44,332 - []
13:53:44,348 - []
13:53:44,365 - []
13:53:44,382 - []
13:53:44,399 - []
13:53:44,415 - []
13:53:44,432 - []
13:53:44,449 - []
13:53:44,466 - []
13:53:44,482 - []
13:53:44,500 - []
13:53:44,516 - []
13:53:44,534 - []
13:53:44,549 - []
13:53:44,565 - []
13:53:44,580 - []
13:53:44,597 - []
13:53:44,613 - []
13:53:44,631 - []
13:53:44,648 - []
13:53:44,666 - []
13:53:44,681 - []
13:53:44,698 - []
13:53:44,716 - []
13:53:44,731 - []
13:53:44,749 - []
13:53:44,765 - []
13:53:44,782 - []
13:53:44,799 - []
13:53:44,814 - []
13:53:44,831 - []
13:53:44,847 - []
13:53:44,862 - []
13:53:44,877 - []
13:53:44,893 - []
13:53:44,908 - []
13:53:44,924 - []
13:53:44,939 - []
13:53:44,953 - []
13:53:44,968 - []
13:53:44,983 - []
13:53:44,999 - []
13:53:45,014 - []
13:53:45,031 - []
13:53:45,048 - []
13:53:45,065 - []
13:53:45,082 - []
13:53:45,099 - []
13:53:45,114 - []
13:53:45,131 - []
13:53:45,148 - []
13:53:45,165 - []
13:53:45,181 - []
13:53:45,197 - []
13:53:45,214 - []
13:53:45,230 - []
13:53:45,247 - []
13:53:45,262 - []
13:53:45,278 - []
13:53:45,294 - []
13:53:45,309 - []
13:53:45,326 - []
13:53:45,343 - []
13:53:45,359 - []
13:53:45,375 - []
13:53:45,391 - []
13:53:45,407 - []
13:53:45,423 - []
13:53:45,439 - []
13:53:45,457 - []
13:53:45,475 - []
13:53:45,491 - []
13:53:45,506 - []
13:53:45,523 - []
13:53:45,539 - []
13:53:45,556 - []
13:53:45,573 - []
13:53:45,590 - []
13:53:45,606 - []
13:53:45,621 - []
13:53:45,637 - []
13:53:45,654 - []
13:53:45,668 - []
13:53:45,684 - []
13:53:45,699 - []
13:53:45,713 - []
13:53:45,730 - []
13:53:45,747 - []
13:53:45,761 - []
13:53:45,776 - []
13:53:45,791 - []
13:53:45,807 - []
13:53:45,825 - []
13:53:45,841 - []
13:53:45,856 - []
13:53:45,871 - []
13:53:45,886 - []
13:53:45,902 - []
13:53:45,917 - []
13:53:45,933 - []
13:53:45,948 - []
13:53:45,965 - []
13:53:45,980 - []
13:53:45,996 - []
13:53:46,011 - []
13:53:46,025 - []
13:53:46,041 - []
13:53:46,056 - []
13:53:46,072 - []
13:53:46,088 - []
13:53:46,103 - []
13:53:46,118 - []
13:53:46,134 - []
13:53:46,149 - []
13:53:46,167 - []
13:53:46,182 - []
13:53:46,199 - []
13:53:46,215 - []
13:53:46,232 - []
13:53:46,247 - []
13:53:46,264 - []
13:53:46,282 - []
13:53:46,297 - []
13:53:46,313 - []
13:53:46,330 - []
13:53:46,347 - []
13:53:46,364 - []
13:53:46,380 - []
13:53:46,395 - []
13:53:46,412 - []
13:53:46,426 - []
13:53:46,441 - []
13:53:46,458 - []
13:53:46,475 - []
13:53:46,491 - []
13:53:46,508 - []
13:53:46,523 - []
13:53:46,539 - []
13:53:46,555 - []
13:53:46,573 - []
13:53:46,590 - []
13:53:46,607 - []
13:53:46,623 - []
13:53:46,638 - []
13:53:46,656 - []
13:53:46,673 - []
13:53:46,689 - []
13:53:46,707 - []
13:53:46,724 - []
13:53:46,741 - []
13:53:46,757 - []
13:53:46,774 - []
13:53:46,791 - []
13:53:46,806 - []
13:53:46,823 - []
13:53:46,840 - []
13:53:46,856 - []
13:53:46,873 - []
13:53:46,889 - []
13:53:46,905 - []
13:53:46,920 - []
13:53:46,935 - []
13:53:46,951 - []
13:53:46,968 - []
13:53:46,983 - []
13:53:47,001 - []
13:53:47,016 - []
13:53:47,032 - []
13:53:47,049 - []
13:53:47,066 - []
13:53:47,083 - []
13:53:47,099 - []
13:53:47,116 - []
13:53:47,132 - []
13:53:47,149 - []
13:53:47,164 - []
13:53:47,180 - []
13:53:47,196 - []
13:53:47,212 - []
13:53:47,228 - []
13:53:47,244 - []
13:53:47,261 - []
13:53:47,277 - []
13:53:47,292 - []
13:53:47,307 - []
13:53:47,322 - []
13:53:47,338 - []
13:53:47,355 - []
13:53:47,373 - []
13:53:47,389 - []
13:53:47,407 - []
13:53:47,425 - []
13:53:47,442 - []
13:53:47,458 - []
13:53:47,473 - []
13:53:47,489 - []
13:53:47,504 - []
13:53:47,520 - []
13:53:47,535 - []
13:53:47,551 - []
13:53:47,566 - []
13:53:47,582 - []
13:53:47,599 - []
13:53:47,616 - []
13:53:47,632 - []
13:53:47,648 - []
13:53:47,665 - []
13:53:47,682 - []
13:53:47,698 - []
13:53:47,715 - []
13:53:47,733 - []
13:53:47,750 - []
13:53:47,768 - []
13:53:47,784 - []
13:53:47,801 - []
13:53:47,818 - []
13:53:47,836 - []
13:53:47,853 - []
13:53:47,869 - []
13:53:47,885 - []
13:53:47,901 - []
13:53:47,918 - []
13:53:47,935 - []
13:53:47,951 - []
13:53:47,968 - []
13:53:47,982 - []
13:53:47,999 - []
13:53:48,014 - []
13:53:48,030 - []
13:53:48,045 - []
13:53:48,063 - []
13:53:48,079 - []
13:53:48,093 - []
13:53:48,111 - []
13:53:48,128 - []
13:53:48,145 - []
13:53:48,162 - []
13:53:48,178 - []
13:53:48,196 - []
13:53:48,214 - []
13:53:48,229 - []
13:53:48,245 - []
13:53:48,261 - []
13:53:48,279 - []
13:53:48,297 - []
13:53:48,313 - []
13:53:48,329 - []
13:53:48,346 - []
13:53:48,361 - []
13:53:48,378 - []
13:53:48,394 - []
13:53:48,411 - []
13:53:48,427 - []
13:53:48,445 - []
13:53:48,461 - []
13:53:48,479 - []
13:53:48,496 - []
13:53:48,511 - []
13:53:48,528 - []
13:53:48,542 - []
13:53:48,556 - []
13:53:48,573 - []
13:53:48,590 - []
13:53:48,606 - []
13:53:48,623 - []
13:53:48,641 - []
13:53:48,656 - []
13:53:48,673 - []
13:53:48,689 - []
13:53:48,704 - []
13:53:48,719 - []
13:53:48,735 - []
13:53:48,751 - []
13:53:48,766 - []
13:53:48,783 - []
13:53:48,799 - []
13:53:48,815 - []
13:53:48,832 - []
13:53:48,848 - []
13:53:48,864 - []
13:53:48,880 - []
13:53:48,898 - []
13:53:48,915 - []
13:53:48,932 - []
13:53:48,949 - []
13:53:48,964 - []
13:53:48,982 - []
13:53:48,999 - []
13:53:49,014 - []
13:53:49,030 - []
13:53:49,046 - []
13:53:49,063 - []
13:53:49,080 - []
13:53:49,096 - []
13:53:49,114 - []
13:53:49,131 - []
13:53:49,148 - []
13:53:49,166 - []
13:53:49,182 - []
13:53:49,197 - []
13:53:49,214 - []
13:53:49,231 - []
13:53:49,248 - []
13:53:49,264 - []
13:53:49,282 - []
13:53:49,299 - []
13:53:49,316 - []
13:53:49,332 - []
13:53:49,347 - []
13:53:49,361 - []
13:53:49,378 - []
13:53:49,393 - []
13:53:49,409 - []
13:53:49,423 - []
13:53:49,439 - []
13:53:49,456 - []
13:53:49,473 - []
13:53:49,489 - []
13:53:49,506 - []
13:53:49,524 - []
13:53:49,541 - []
13:53:49,556 - []
13:53:49,573 - []
13:53:49,590 - []
13:53:49,606 - []
13:53:49,623 - []
13:53:49,640 - []
13:53:49,656 - []
13:53:49,673 - []
13:53:49,689 - []
13:53:49,705 - []
13:53:49,723 - []
13:53:49,738 - []
13:53:49,755 - []
13:53:49,773 - []
13:53:49,788 - []
13:53:49,805 - []
13:53:49,823 - []
13:53:49,840 - []
13:53:49,856 - []
13:53:49,872 - []
13:53:49,889 - []
13:53:49,903 - []
13:53:49,919 - []
13:53:49,935 - []
13:53:49,951 - []
13:53:49,968 - []
13:53:49,985 - []
13:53:49,999 - []
13:53:50,015 - []
13:53:50,030 - []
13:53:50,045 - []
13:53:50,061 - []
13:53:50,079 - []
13:53:50,097 - []
13:53:50,113 - []
13:53:50,129 - []
13:53:50,147 - []
13:53:50,163 - []
13:53:50,179 - []
13:53:50,194 - []
13:53:50,210 - []
13:53:50,225 - []
13:53:50,240 - []
13:53:50,256 - []
13:53:50,273 - []
13:53:50,289 - []
13:53:50,305 - []
13:53:50,324 - []
13:53:50,339 - []
13:53:50,356 - []
13:53:50,373 - []
13:53:50,390 - []
13:53:50,406 - []
13:53:50,423 - []
13:53:50,440 - []
13:53:50,457 - []
13:53:50,473 - []
13:53:50,489 - []
13:53:50,507 - []
13:53:50,522 - []
13:53:50,539 - []
13:53:50,557 - []
13:53:50,573 - []
13:53:50,588 - []
13:53:50,605 - []
13:53:50,622 - []
13:53:50,637 - []
13:53:50,652 - []
13:53:50,667 - []
13:53:50,683 - []
13:53:50,699 - []
13:53:50,716 - []
13:53:50,731 - []
13:53:50,746 - []
13:53:50,764 - []
13:53:50,781 - []
13:53:50,798 - []
13:53:50,815 - []
13:53:50,832 - []
13:53:50,849 - []
13:53:50,865 - []
13:53:50,881 - []
13:53:50,899 - []
13:53:50,916 - []
13:53:50,932 - []
13:53:50,948 - []
13:53:50,966 - []
13:53:50,982 - []
13:53:50,998 - []
13:53:51,014 - []
13:53:51,032 - []
13:53:51,048 - []
13:53:51,065 - []
13:53:51,081 - []
13:53:51,098 - []
13:53:51,114 - []
13:53:51,131 - []
13:53:51,146 - []
13:53:51,161 - []
13:53:51,176 - []
13:53:51,191 - []
13:53:51,206 - []
13:53:51,223 - []
13:53:51,239 - []
13:53:51,256 - []
13:53:51,272 - []
13:53:51,289 - []
13:53:51,306 - []
13:53:51,322 - []
13:53:51,339 - []
13:53:51,356 - []
13:53:51,373 - []
13:53:51,388 - []
13:53:51,403 - []
13:53:51,418 - []
13:53:51,433 - []
13:53:51,449 - []
13:53:51,464 - []
13:53:51,479 - []
13:53:51,494 - []
13:53:51,510 - []
13:53:51,526 - []
13:53:51,541 - []
13:53:51,556 - []
13:53:51,573 - []
13:53:51,589 - []
13:53:51,606 - []
13:53:51,620 - []
13:53:51,635 - []
13:53:51,652 - []
13:53:51,668 - []
13:53:51,684 - []
13:53:51,700 - []
13:53:51,716 - []
13:53:51,732 - []
13:53:51,749 - []
13:53:51,766 - []
13:53:51,783 - []
13:53:51,799 - []
13:53:51,816 - []
13:53:51,832 - []
13:53:51,849 - []
13:53:51,866 - []
13:53:51,882 - []
13:53:51,898 - []
13:53:51,915 - []
13:53:51,931 - []
13:53:51,946 - []
13:53:51,963 - []
13:53:51,981 - []
13:53:51,998 - []
13:53:52,015 - []
13:53:52,031 - []
13:53:52,048 - []
13:53:52,064 - []
13:53:52,081 - []
13:53:52,096 - []
13:53:52,112 - []
13:53:52,128 - []
13:53:52,145 - []
13:53:52,163 - []
13:53:52,179 - []
13:53:52,197 - []
13:53:52,212 - []
13:53:52,229 - []
13:53:52,245 - []
13:53:52,262 - []
13:53:52,278 - []
13:53:52,294 - []
13:53:52,309 - []
13:53:52,325 - []
13:53:52,339 - []
13:53:52,355 - []
13:53:52,372 - []
13:53:52,389 - []
13:53:52,406 - []
13:53:52,423 - []
13:53:52,439 - []
13:53:52,456 - []
13:53:52,473 - []
13:53:52,489 - []
13:53:52,506 - []
13:53:52,523 - []
13:53:52,539 - []
13:53:52,556 - []
13:53:52,573 - []
13:53:52,589 - []
13:53:52,606 - []
13:53:52,623 - []
13:53:52,640 - []
13:53:52,656 - []
13:53:52,673 - []
13:53:52,689 - []
13:53:52,706 - []
13:53:52,723 - []
13:53:52,739 - []
13:53:52,756 - []
13:53:52,773 - []
13:53:52,787 - []
13:53:52,802 - []
13:53:52,817 - []
13:53:52,835 - []
13:53:52,851 - []
13:53:52,866 - []
13:53:52,881 - []
13:53:52,899 - []
13:53:52,915 - []
13:53:52,931 - []
13:53:52,947 - []
13:53:52,964 - []
13:53:52,980 - []
13:53:52,997 - []
13:53:53,015 - []
13:53:53,031 - []
13:53:53,048 - []
13:53:53,065 - []
13:53:53,081 - []
13:53:53,097 - []
13:53:53,113 - []
13:53:53,130 - []
13:53:53,145 - []
13:53:53,162 - []
13:53:53,180 - []
13:53:53,197 - []
13:53:53,215 - []
13:53:53,230 - []
13:53:53,247 - []
13:53:53,265 - []
13:53:53,281 - []
13:53:53,298 - []
13:53:53,315 - []
13:53:53,332 - []
13:53:53,347 - []
13:53:53,364 - []
13:53:53,381 - []
13:53:53,397 - []
13:53:53,411 - []
13:53:53,428 - []
13:53:53,446 - []
13:53:53,463 - []
13:53:53,481 - []
13:53:53,496 - []
13:53:53,512 - []
13:53:53,528 - []
13:53:53,546 - []
13:53:53,563 - []
13:53:53,581 - []
13:53:53,596 - []
13:53:53,614 - []
13:53:53,630 - []
13:53:53,648 - []
13:53:53,665 - []
13:53:53,680 - []
13:53:53,698 - []
13:53:53,715 - []
13:53:53,731 - []
13:53:53,748 - []
13:53:53,764 - []
13:53:53,778 - []
13:53:53,795 - []
13:53:53,810 - []
13:53:53,826 - []
13:53:53,842 - []
13:53:53,857 - []
13:53:53,873 - []
13:53:53,888 - []
13:53:53,905 - []
13:53:53,923 - []
13:53:53,940 - []
13:53:53,957 - []
13:53:53,973 - []
13:53:53,990 - []
13:53:54,006 - []
13:53:54,023 - []
13:53:54,038 - []
13:53:54,056 - []
13:53:54,073 - []
13:53:54,087 - []
13:53:54,102 - []
13:53:54,118 - []
13:53:54,134 - []
13:53:54,149 - []
13:53:54,166 - []
13:53:54,182 - []
13:53:54,198 - []
13:53:54,214 - []
13:53:54,230 - []
13:53:54,245 - []
13:53:54,261 - []
13:53:54,278 - []
13:53:54,295 - []
13:53:54,313 - []
13:53:54,330 - []
13:53:54,347 - []
13:53:54,365 - []
13:53:54,382 - []
13:53:54,398 - []
13:53:54,415 - []
13:53:54,432 - []
13:53:54,448 - []
13:53:54,464 - []
13:53:54,482 - []
13:53:54,499 - []
13:53:54,515 - []
13:53:54,530 - []
13:53:54,545 - []
13:53:54,563 - []
13:53:54,579 - []
13:53:54,594 - []
13:53:54,609 - []
13:53:54,625 - []
13:53:54,641 - []
13:53:54,656 - []
13:53:54,671 - []
13:53:54,687 - []
13:53:54,702 - []
13:53:54,719 - []
13:53:54,734 - []
13:53:54,748 - []
13:53:54,765 - []
13:53:54,780 - []
13:53:54,794 - []
13:53:54,811 - []
13:53:54,826 - []
13:53:54,843 - []
13:53:54,858 - []
13:53:54,873 - []
13:53:54,889 - []
13:53:54,906 - []
13:53:54,923 - []
13:53:54,939 - []
13:53:54,956 - []
13:53:54,974 - []
13:53:54,989 - []
13:53:55,006 - []
13:53:55,023 - []
13:53:55,039 - []
13:53:55,056 - []
13:53:55,073 - []
13:53:55,089 - []
13:53:55,106 - []
13:53:55,123 - []
13:53:55,137 - []
13:53:55,153 - []
13:53:55,168 - []
13:53:55,183 - []
13:53:55,198 - []
13:53:55,215 - []
13:53:55,232 - []
13:53:55,249 - []
13:53:55,264 - []
13:53:55,281 - []
13:53:55,298 - []
13:53:55,315 - []
13:53:55,331 - []
13:53:55,345 - []
13:53:55,362 - []
13:53:55,376 - []
13:53:55,391 - []
13:53:55,406 - []
13:53:55,421 - []
13:53:55,435 - []
13:53:55,450 - []
13:53:55,464 - []
13:53:55,480 - []
13:53:55,495 - []
13:53:55,509 - []
13:53:55,525 - []
13:53:55,540 - []
13:53:55,556 - []
13:53:55,573 - []
13:53:55,588 - []
13:53:55,602 - []
13:53:55,617 - []
13:53:55,635 - []
13:53:55,651 - []
13:53:55,668 - []
13:53:55,684 - []
13:53:55,699 - []
13:53:55,714 - []
13:53:55,730 - []
13:53:55,747 - []
13:53:55,764 - []
13:53:55,779 - []
13:53:55,794 - []
13:53:55,811 - []
13:53:55,828 - []
13:53:55,845 - []
13:53:55,862 - []
13:53:55,877 - []
13:53:55,892 - []
13:53:55,907 - []
13:53:55,923 - []
13:53:55,938 - []
13:53:55,952 - []
13:53:55,968 - []
13:53:55,984 - []
13:53:56,001 - []
13:53:56,018 - []
13:53:56,033 - []
13:53:56,050 - []
