12:26:07,854 - sequence
12:26:07,854 - room RoomA3 contains blocks:  O W
12:26:07,855 - room RoomA2 contains blocks:  Y O O
12:26:07,855 - room RoomB3 contains blocks:  B W R
12:26:07,855 - room RoomC1 contains blocks:  P R Y O G Y
12:26:07,855 - room RoomA1 contains blocks:  R G W Y
12:26:07,855 - room RoomB2 contains blocks:  Y P G Y
12:26:07,855 - room RoomC3 contains blocks:  P
12:26:07,855 - room RoomB1 contains blocks:  G R
12:26:07,855 - room RoomC2 contains blocks:  O Y G
12:26:07,855 - sequence O R Y G Y G
12:26:17,097 - []
12:26:17,098 - []
12:26:17,142 - action Bot_1 goTo(RoomA1)
12:26:17,142 - action Bot_2 goTo(RoomA1)
12:26:17,157 - []
12:26:17,158 - []
12:26:17,184 - []
12:26:17,184 - []
12:26:17,202 - []
12:26:17,202 - []
12:26:17,221 - []
12:26:17,221 - []
12:26:17,240 - []
12:26:17,241 - []
12:26:17,259 - []
12:26:17,259 - []
12:26:17,278 - []
12:26:17,278 - []
12:26:17,298 - []
12:26:17,298 - []
12:26:17,316 - []
12:26:17,317 - []
12:26:17,336 - []
12:26:17,336 - []
12:26:17,354 - []
12:26:17,354 - []
12:26:17,373 - []
12:26:17,373 - []
12:26:17,392 - []
12:26:17,392 - []
12:26:17,408 - []
12:26:17,409 - []
12:26:17,428 - []
12:26:17,428 - []
12:26:17,446 - []
12:26:17,446 - []
12:26:17,465 - []
12:26:17,465 - []
12:26:17,485 - []
12:26:17,486 - []
12:26:17,502 - []
12:26:17,503 - []
12:26:17,520 - []
12:26:17,520 - []
12:26:17,540 - []
12:26:17,541 - []
12:26:17,558 - []
12:26:17,558 - []
12:26:17,577 - []
12:26:17,578 - []
12:26:17,593 - []
12:26:17,594 - []
12:26:17,609 - []
12:26:17,610 - []
12:26:17,626 - []
12:26:17,627 - []
12:26:17,641 - []
12:26:17,643 - []
12:26:17,658 - []
12:26:17,659 - []
12:26:17,674 - []
12:26:17,675 - []
12:26:17,691 - []
12:26:17,692 - []
12:26:17,707 - []
12:26:17,707 - []
12:26:17,724 - []
12:26:17,725 - []
12:26:17,741 - []
12:26:17,742 - []
12:26:17,758 - []
12:26:17,759 - []
12:26:17,776 - []
12:26:17,776 - []
12:26:17,792 - []
12:26:17,792 - []
12:26:17,808 - []
12:26:17,808 - []
12:26:17,825 - []
12:26:17,825 - []
12:26:17,842 - []
12:26:17,842 - []
12:26:17,859 - []
12:26:17,859 - []
12:26:17,877 - []
12:26:17,877 - []
12:26:17,894 - []
12:26:17,894 - []
12:26:17,911 - []
12:26:17,911 - []
12:26:17,927 - []
12:26:17,927 - []
12:26:17,945 - []
12:26:17,946 - []
12:26:17,962 - []
12:26:17,963 - []
12:26:17,978 - []
12:26:17,978 - []
12:26:17,994 - []
12:26:17,994 - []
12:26:18,011 - []
12:26:18,011 - []
12:26:18,027 - []
12:26:18,028 - []
12:26:18,044 - []
12:26:18,044 - []
12:26:18,060 - []
12:26:18,061 - []
12:26:18,076 - []
12:26:18,077 - []
12:26:18,093 - []
12:26:18,093 - []
12:26:18,111 - []
12:26:18,111 - []
12:26:18,128 - []
12:26:18,128 - []
12:26:18,144 - []
12:26:18,144 - []
12:26:18,160 - []
12:26:18,160 - []
12:26:18,178 - []
12:26:18,178 - []
12:26:18,194 - []
12:26:18,195 - []
12:26:18,210 - []
12:26:18,210 - []
12:26:18,227 - []
12:26:18,228 - []
12:26:18,243 - []
12:26:18,244 - []
12:26:18,261 - []
12:26:18,261 - []
12:26:18,278 - []
12:26:18,278 - []
12:26:18,294 - []
12:26:18,295 - []
12:26:18,311 - []
12:26:18,311 - []
12:26:18,326 - []
12:26:18,327 - []
12:26:18,342 - []
12:26:18,342 - []
12:26:18,358 - []
12:26:18,358 - []
12:26:18,375 - []
12:26:18,375 - []
12:26:18,391 - []
12:26:18,391 - []
12:26:18,407 - []
12:26:18,407 - []
12:26:18,423 - []
12:26:18,423 - []
12:26:18,439 - []
12:26:18,439 - []
12:26:18,456 - []
12:26:18,457 - []
12:26:18,473 - []
12:26:18,473 - []
12:26:18,490 - []
12:26:18,491 - []
12:26:18,506 - []
12:26:18,507 - []
12:26:18,523 - []
12:26:18,523 - []
12:26:18,540 - []
12:26:18,541 - []
12:26:18,557 - []
12:26:18,558 - []
12:26:18,573 - []
12:26:18,573 - []
12:26:18,590 - []
12:26:18,590 - []
12:26:18,607 - []
12:26:18,607 - []
12:26:18,625 - []
12:26:18,626 - []
12:26:18,642 - []
12:26:18,643 - []
12:26:18,661 - []
12:26:18,661 - []
12:26:18,677 - []
12:26:18,678 - []
12:26:18,694 - []
12:26:18,694 - []
12:26:18,710 - []
12:26:18,710 - []
12:26:18,726 - []
12:26:18,726 - []
12:26:18,743 - []
12:26:18,744 - []
12:26:18,760 - []
12:26:18,760 - []
12:26:18,777 - []
12:26:18,778 - []
12:26:18,794 - []
12:26:18,794 - []
12:26:18,811 - []
12:26:18,811 - []
12:26:18,828 - []
12:26:18,828 - []
12:26:18,844 - []
12:26:18,844 - []
12:26:18,859 - []
12:26:18,859 - []
12:26:18,876 - []
12:26:18,877 - []
12:26:18,892 - []
12:26:18,893 - []
12:26:18,908 - []
12:26:18,908 - []
12:26:18,925 - []
12:26:18,925 - []
12:26:18,941 - []
12:26:18,941 - []
12:26:18,958 - []
12:26:18,958 - []
12:26:18,974 - []
12:26:18,974 - []
12:26:18,990 - []
12:26:18,991 - []
12:26:19,007 - []
12:26:19,007 - []
12:26:19,024 - []
12:26:19,025 - []
12:26:19,041 - []
12:26:19,041 - []
12:26:19,061 - []
12:26:19,061 - []
12:26:19,077 - []
12:26:19,077 - []
12:26:19,093 - []
12:26:19,093 - []
12:26:19,109 - []
12:26:19,110 - []
12:26:19,125 - []
12:26:19,125 - []
12:26:19,141 - []
12:26:19,142 - []
12:26:19,157 - []
12:26:19,158 - []
12:26:19,174 - []
12:26:19,175 - []
12:26:19,190 - []
12:26:19,190 - []
12:26:19,208 - []
12:26:19,208 - []
12:26:19,223 - []
12:26:19,224 - []
12:26:19,239 - []
12:26:19,241 - []
12:26:19,256 - []
12:26:19,256 - []
12:26:19,273 - []
12:26:19,273 - []
12:26:19,290 - []
12:26:19,290 - []
12:26:19,307 - []
12:26:19,307 - []
12:26:19,323 - []
12:26:19,323 - []
12:26:19,340 - []
12:26:19,340 - []
12:26:19,356 - []
12:26:19,356 - []
12:26:19,373 - []
12:26:19,373 - []
12:26:19,388 - []
12:26:19,388 - []
12:26:19,403 - []
12:26:19,404 - []
12:26:19,421 - []
12:26:19,421 - []
12:26:19,438 - []
12:26:19,438 - []
12:26:19,456 - []
12:26:19,456 - []
12:26:19,472 - []
12:26:19,472 - []
12:26:19,488 - []
12:26:19,489 - []
12:26:19,504 - []
12:26:19,504 - []
12:26:19,519 - []
12:26:19,519 - []
12:26:19,536 - []
12:26:19,536 - []
12:26:19,550 - []
12:26:19,553 - []
12:26:19,566 - []
12:26:19,567 - []
12:26:19,583 - []
12:26:19,583 - []
12:26:19,597 - []
12:26:19,598 - []
12:26:19,615 - []
12:26:19,615 - []
12:26:19,632 - []
12:26:19,632 - []
12:26:19,649 - []
12:26:19,649 - []
12:26:19,667 - []
12:26:19,667 - []
12:26:19,685 - []
12:26:19,685 - []
12:26:19,700 - []
12:26:19,701 - []
12:26:19,717 - []
12:26:19,718 - []
12:26:19,733 - []
12:26:19,734 - []
12:26:19,749 - []
12:26:19,749 - []
12:26:19,764 - []
12:26:19,764 - []
12:26:19,779 - []
12:26:19,779 - []
12:26:19,795 - []
12:26:19,795 - []
12:26:19,810 - []
12:26:19,811 - []
12:26:19,826 - []
12:26:19,826 - []
12:26:19,841 - []
12:26:19,841 - []
12:26:19,856 - []
12:26:19,856 - []
12:26:19,872 - []
12:26:19,872 - []
12:26:19,887 - []
12:26:19,887 - []
12:26:19,903 - []
12:26:19,903 - []
12:26:19,920 - []
12:26:19,921 - []
12:26:19,937 - []
12:26:19,937 - []
12:26:19,952 - []
12:26:19,952 - []
12:26:19,969 - []
12:26:19,969 - []
12:26:19,986 - []
12:26:19,986 - []
12:26:20,000 - []
12:26:20,001 - []
12:26:20,015 - []
12:26:20,015 - []
12:26:20,030 - []
12:26:20,031 - []
12:26:20,045 - []
12:26:20,045 - []
12:26:20,061 - []
12:26:20,061 - []
12:26:20,076 - []
12:26:20,076 - []
12:26:20,091 - []
12:26:20,093 - []
12:26:20,108 - []
12:26:20,108 - []
12:26:20,123 - []
12:26:20,124 - []
12:26:20,138 - []
12:26:20,139 - []
12:26:20,154 - []
12:26:20,156 - []
12:26:20,169 - []
12:26:20,170 - []
12:26:20,186 - []
12:26:20,186 - []
12:26:20,203 - []
12:26:20,203 - []
12:26:20,220 - []
12:26:20,220 - []
12:26:20,238 - []
12:26:20,238 - []
12:26:20,254 - []
12:26:20,255 - []
12:26:20,271 - []
12:26:20,272 - []
12:26:20,289 - []
12:26:20,289 - []
12:26:20,306 - []
12:26:20,306 - []
12:26:20,321 - []
12:26:20,321 - []
12:26:20,338 - []
12:26:20,338 - []
12:26:20,354 - []
12:26:20,354 - []
12:26:20,372 - []
12:26:20,372 - []
12:26:20,387 - []
12:26:20,388 - []
12:26:20,403 - []
12:26:20,403 - []
12:26:20,420 - []
12:26:20,420 - []
12:26:20,436 - []
12:26:20,437 - []
12:26:20,452 - []
12:26:20,452 - []
12:26:20,468 - []
12:26:20,469 - []
12:26:20,485 - []
12:26:20,485 - []
12:26:20,500 - []
12:26:20,500 - []
12:26:20,514 - []
12:26:20,515 - []
12:26:20,529 - []
12:26:20,530 - []
12:26:20,545 - []
12:26:20,545 - []
12:26:20,561 - []
12:26:20,561 - []
12:26:20,575 - []
12:26:20,575 - []
12:26:20,590 - []
12:26:20,591 - []
12:26:20,605 - []
12:26:20,605 - []
12:26:20,620 - []
12:26:20,620 - []
12:26:20,635 - []
12:26:20,635 - []
12:26:20,649 - []
12:26:20,649 - []
12:26:20,663 - []
12:26:20,664 - []
12:26:20,678 - []
12:26:20,678 - []
12:26:20,692 - []
12:26:20,693 - []
12:26:20,707 - []
12:26:20,707 - []
12:26:20,722 - []
12:26:20,722 - []
12:26:20,736 - []
12:26:20,737 - []
12:26:20,751 - []
12:26:20,751 - []
12:26:20,766 - []
12:26:20,766 - []
12:26:20,781 - []
12:26:20,782 - []
12:26:20,797 - []
12:26:20,797 - []
12:26:20,811 - []
12:26:20,811 - []
12:26:20,827 - []
12:26:20,828 - []
12:26:20,842 - []
12:26:20,842 - []
12:26:20,857 - []
12:26:20,858 - []
12:26:20,874 - []
12:26:20,875 - []
12:26:20,889 - []
12:26:20,890 - []
12:26:20,907 - []
12:26:20,907 - []
12:26:20,924 - []
12:26:20,924 - []
12:26:20,939 - []
12:26:20,940 - []
12:26:20,957 - []
12:26:20,957 - []
12:26:20,973 - []
12:26:20,974 - []
12:26:20,990 - []
12:26:20,990 - []
12:26:21,006 - []
12:26:21,007 - []
12:26:21,022 - []
12:26:21,022 - []
12:26:21,038 - []
12:26:21,039 - []
12:26:21,056 - []
12:26:21,056 - []
12:26:21,073 - []
12:26:21,073 - []
12:26:21,090 - []
12:26:21,090 - []
12:26:21,107 - []
12:26:21,107 - []
12:26:21,124 - []
12:26:21,124 - []
12:26:21,140 - []
12:26:21,140 - []
12:26:21,156 - []
12:26:21,157 - []
12:26:21,172 - []
12:26:21,173 - []
12:26:21,189 - []
12:26:21,190 - []
12:26:21,205 - []
12:26:21,206 - []
12:26:21,221 - []
12:26:21,222 - []
12:26:21,237 - []
12:26:21,237 - []
12:26:21,254 - []
12:26:21,254 - []
12:26:21,269 - []
12:26:21,269 - []
12:26:21,284 - []
12:26:21,285 - []
12:26:21,302 - []
12:26:21,302 - []
12:26:21,318 - []
12:26:21,319 - []
12:26:21,337 - []
12:26:21,337 - []
12:26:21,354 - []
12:26:21,355 - []
12:26:21,372 - []
12:26:21,373 - []
12:26:21,390 - []
12:26:21,390 - []
12:26:21,407 - []
12:26:21,407 - []
12:26:21,423 - []
12:26:21,423 - []
12:26:21,440 - []
12:26:21,440 - []
12:26:21,456 - []
12:26:21,457 - []
12:26:21,473 - []
12:26:21,473 - []
12:26:21,488 - []
12:26:21,488 - []
12:26:21,506 - []
12:26:21,506 - []
12:26:21,523 - []
12:26:21,523 - []
12:26:21,540 - []
12:26:21,540 - []
12:26:21,556 - []
12:26:21,556 - []
12:26:21,571 - []
12:26:21,571 - []
12:26:21,587 - []
12:26:21,588 - []
12:26:21,605 - []
12:26:21,605 - []
12:26:21,622 - []
12:26:21,622 - []
12:26:21,637 - []
12:26:21,637 - []
12:26:21,653 - []
12:26:21,653 - []
12:26:21,660 - Bot Bot_2 collided.
12:26:21,669 - []
12:26:21,670 - []
12:26:21,675 - action Bot_2 goTo(RoomA1)
12:26:21,686 - []
12:26:21,689 - []
12:26:21,703 - []
12:26:21,703 - []
12:26:21,717 - []
12:26:21,720 - []
12:26:21,722 - action Bot_1 goTo(RoomA2)
12:26:21,736 - []
12:26:21,736 - []
12:26:21,752 - []
12:26:21,752 - []
12:26:21,770 - []
12:26:21,770 - []
12:26:21,788 - []
12:26:21,789 - []
12:26:21,805 - []
12:26:21,806 - []
12:26:21,823 - []
12:26:21,824 - []
12:26:21,840 - []
12:26:21,840 - []
12:26:21,856 - []
12:26:21,856 - []
12:26:21,871 - []
12:26:21,871 - []
12:26:21,889 - []
12:26:21,890 - []
12:26:21,905 - []
12:26:21,906 - []
12:26:21,922 - []
12:26:21,922 - []
12:26:21,939 - []
12:26:21,939 - []
12:26:21,956 - []
12:26:21,957 - []
12:26:21,974 - []
12:26:21,974 - []
12:26:21,989 - []
12:26:21,990 - []
12:26:22,007 - []
12:26:22,007 - []
12:26:22,023 - []
12:26:22,024 - []
12:26:22,039 - []
12:26:22,040 - []
12:26:22,056 - []
12:26:22,057 - []
12:26:22,072 - []
12:26:22,073 - []
12:26:22,089 - []
12:26:22,090 - []
12:26:22,107 - []
12:26:22,107 - []
12:26:22,122 - []
12:26:22,122 - []
12:26:22,137 - []
12:26:22,137 - []
12:26:22,154 - []
12:26:22,154 - []
12:26:22,171 - []
12:26:22,171 - []
12:26:22,189 - []
12:26:22,189 - []
12:26:22,206 - []
12:26:22,207 - []
12:26:22,222 - []
12:26:22,222 - []
12:26:22,240 - []
12:26:22,240 - []
12:26:22,258 - []
12:26:22,258 - []
12:26:22,273 - []
12:26:22,274 - []
12:26:22,290 - []
12:26:22,290 - []
12:26:22,306 - []
12:26:22,307 - []
12:26:22,323 - []
12:26:22,324 - []
12:26:22,340 - []
12:26:22,341 - []
12:26:22,357 - []
12:26:22,357 - []
12:26:22,374 - []
12:26:22,374 - []
12:26:22,391 - []
12:26:22,391 - []
12:26:22,397 - action Bot_2 goTo(RoomA2)
12:26:22,408 - []
12:26:22,409 - []
12:26:22,424 - []
12:26:22,424 - []
12:26:22,439 - []
12:26:22,439 - []
12:26:22,454 - []
12:26:22,454 - []
12:26:22,470 - []
12:26:22,471 - []
12:26:22,487 - []
12:26:22,487 - []
12:26:22,504 - []
12:26:22,505 - []
12:26:22,522 - []
12:26:22,523 - []
12:26:22,538 - []
12:26:22,539 - []
12:26:22,556 - []
12:26:22,557 - []
12:26:22,572 - []
12:26:22,573 - []
12:26:22,590 - []
12:26:22,590 - []
12:26:22,606 - []
12:26:22,607 - []
12:26:22,622 - []
12:26:22,622 - []
12:26:22,640 - []
12:26:22,640 - []
12:26:22,656 - []
12:26:22,657 - []
12:26:22,673 - []
12:26:22,674 - []
12:26:22,690 - []
12:26:22,690 - []
12:26:22,706 - []
12:26:22,706 - []
12:26:22,723 - []
12:26:22,724 - []
12:26:22,740 - []
12:26:22,741 - []
12:26:22,756 - []
12:26:22,757 - []
12:26:22,772 - []
12:26:22,772 - []
12:26:22,790 - []
12:26:22,790 - []
12:26:22,807 - []
12:26:22,807 - []
12:26:22,824 - []
12:26:22,824 - []
12:26:22,841 - []
12:26:22,841 - []
12:26:22,857 - []
12:26:22,857 - []
12:26:22,873 - []
12:26:22,874 - []
12:26:22,889 - []
12:26:22,890 - []
12:26:22,903 - []
12:26:22,906 - []
12:26:22,920 - []
12:26:22,924 - []
12:26:22,936 - []
12:26:22,940 - []
12:26:22,951 - []
12:26:22,957 - []
12:26:22,967 - []
12:26:22,972 - []
12:26:22,984 - []
12:26:22,989 - []
12:26:23,003 - []
12:26:23,006 - []
12:26:23,019 - []
12:26:23,023 - []
12:26:23,037 - []
12:26:23,038 - []
12:26:23,054 - []
12:26:23,055 - []
12:26:23,072 - []
12:26:23,072 - []
12:26:23,088 - []
12:26:23,088 - []
12:26:23,106 - []
12:26:23,106 - []
12:26:23,123 - []
12:26:23,124 - []
12:26:23,139 - []
12:26:23,140 - []
12:26:23,156 - []
12:26:23,157 - []
12:26:23,162 - action Bot_1 goTo(RoomA3)
12:26:23,173 - []
12:26:23,174 - []
12:26:23,188 - []
12:26:23,191 - []
12:26:23,204 - []
12:26:23,206 - []
12:26:23,223 - []
12:26:23,223 - []
12:26:23,240 - []
12:26:23,240 - []
12:26:23,256 - []
12:26:23,256 - []
12:26:23,273 - []
12:26:23,274 - []
12:26:23,290 - []
12:26:23,291 - []
12:26:23,307 - []
12:26:23,308 - []
12:26:23,324 - []
12:26:23,324 - []
12:26:23,340 - []
12:26:23,340 - []
12:26:23,357 - []
12:26:23,357 - []
12:26:23,373 - []
12:26:23,373 - []
12:26:23,390 - []
12:26:23,391 - []
12:26:23,407 - []
12:26:23,407 - []
12:26:23,423 - []
12:26:23,424 - []
12:26:23,440 - []
12:26:23,440 - []
12:26:23,456 - []
12:26:23,457 - []
12:26:23,473 - []
12:26:23,474 - []
12:26:23,490 - []
12:26:23,490 - []
12:26:23,507 - []
12:26:23,507 - []
12:26:23,524 - []
12:26:23,525 - []
12:26:23,540 - []
12:26:23,541 - []
12:26:23,557 - []
12:26:23,558 - []
12:26:23,572 - []
12:26:23,572 - []
12:26:23,590 - []
12:26:23,590 - []
12:26:23,607 - []
12:26:23,607 - []
12:26:23,623 - []
12:26:23,623 - []
12:26:23,640 - []
12:26:23,641 - []
12:26:23,656 - []
12:26:23,656 - []
12:26:23,673 - []
12:26:23,674 - []
12:26:23,688 - []
12:26:23,689 - []
12:26:23,706 - []
12:26:23,706 - []
12:26:23,723 - []
12:26:23,723 - []
12:26:23,740 - []
12:26:23,740 - []
12:26:23,756 - []
12:26:23,756 - []
12:26:23,771 - []
12:26:23,772 - []
12:26:23,788 - []
12:26:23,788 - []
12:26:23,805 - []
12:26:23,806 - []
12:26:23,810 - action Bot_2 goTo(RoomA3)
12:26:23,823 - []
12:26:23,823 - []
12:26:23,840 - []
12:26:23,840 - []
12:26:23,855 - []
12:26:23,855 - []
12:26:23,870 - []
12:26:23,870 - []
12:26:23,887 - []
12:26:23,887 - []
12:26:23,902 - []
12:26:23,903 - []
12:26:23,917 - []
12:26:23,917 - []
12:26:23,934 - []
12:26:23,934 - []
12:26:23,951 - []
12:26:23,951 - []
12:26:23,969 - []
12:26:23,969 - []
12:26:23,987 - []
12:26:23,987 - []
12:26:24,004 - []
12:26:24,005 - []
12:26:24,022 - []
12:26:24,023 - []
12:26:24,038 - []
12:26:24,038 - []
12:26:24,056 - []
12:26:24,056 - []
12:26:24,073 - []
12:26:24,073 - []
12:26:24,090 - []
12:26:24,090 - []
12:26:24,106 - []
12:26:24,106 - []
12:26:24,123 - []
12:26:24,124 - []
12:26:24,140 - []
12:26:24,141 - []
12:26:24,156 - []
12:26:24,157 - []
12:26:24,173 - []
12:26:24,173 - []
12:26:24,190 - []
12:26:24,190 - []
12:26:24,206 - []
12:26:24,206 - []
12:26:24,220 - []
12:26:24,221 - []
12:26:24,238 - []
12:26:24,239 - []
12:26:24,256 - []
12:26:24,256 - []
12:26:24,273 - []
12:26:24,274 - []
12:26:24,290 - []
12:26:24,291 - []
12:26:24,306 - []
12:26:24,307 - []
12:26:24,324 - []
12:26:24,324 - []
12:26:24,341 - []
12:26:24,341 - []
12:26:24,358 - []
12:26:24,358 - []
12:26:24,374 - []
12:26:24,375 - []
12:26:24,390 - []
12:26:24,391 - []
12:26:24,406 - []
12:26:24,407 - []
12:26:24,423 - []
12:26:24,423 - []
12:26:24,440 - []
12:26:24,440 - []
12:26:24,456 - []
12:26:24,457 - []
12:26:24,473 - []
12:26:24,473 - []
12:26:24,490 - []
12:26:24,490 - []
12:26:24,507 - []
12:26:24,507 - []
12:26:24,523 - []
12:26:24,523 - []
12:26:24,539 - []
12:26:24,539 - []
12:26:24,556 - []
12:26:24,557 - []
12:26:24,574 - []
12:26:24,574 - []
12:26:24,590 - []
12:26:24,590 - []
12:26:24,595 - action Bot_1 goTo(RoomB1)
12:26:24,606 - []
12:26:24,607 - []
12:26:24,623 - []
12:26:24,623 - []
12:26:24,640 - []
12:26:24,640 - []
12:26:24,656 - []
12:26:24,657 - []
12:26:24,673 - []
12:26:24,673 - []
12:26:24,690 - []
12:26:24,690 - []
12:26:24,707 - []
12:26:24,707 - []
12:26:24,723 - []
12:26:24,723 - []
12:26:24,741 - []
12:26:24,741 - []
12:26:24,756 - []
12:26:24,757 - []
12:26:24,774 - []
12:26:24,774 - []
12:26:24,789 - []
12:26:24,791 - []
12:26:24,806 - []
12:26:24,806 - []
12:26:24,824 - []
12:26:24,824 - []
12:26:24,840 - []
12:26:24,840 - []
12:26:24,856 - []
12:26:24,856 - []
12:26:24,874 - []
12:26:24,874 - []
12:26:24,890 - []
12:26:24,890 - []
12:26:24,907 - []
12:26:24,907 - []
12:26:24,924 - []
12:26:24,925 - []
12:26:24,941 - []
12:26:24,941 - []
12:26:24,957 - []
12:26:24,957 - []
12:26:24,973 - []
12:26:24,973 - []
12:26:24,989 - []
12:26:24,990 - []
12:26:25,007 - []
12:26:25,007 - []
12:26:25,024 - []
12:26:25,025 - []
12:26:25,040 - []
12:26:25,040 - []
12:26:25,055 - []
12:26:25,055 - []
12:26:25,073 - []
12:26:25,073 - []
12:26:25,090 - []
12:26:25,090 - []
12:26:25,106 - []
12:26:25,107 - []
12:26:25,123 - []
12:26:25,123 - []
12:26:25,140 - []
12:26:25,140 - []
12:26:25,157 - []
12:26:25,158 - []
12:26:25,173 - []
12:26:25,173 - []
12:26:25,190 - []
12:26:25,190 - []
12:26:25,207 - []
12:26:25,207 - []
12:26:25,223 - []
12:26:25,223 - []
12:26:25,240 - []
12:26:25,240 - []
12:26:25,245 - action Bot_2 goTo(RoomB1)
12:26:25,257 - []
12:26:25,258 - []
12:26:25,273 - []
12:26:25,274 - []
12:26:25,290 - []
12:26:25,290 - []
12:26:25,308 - []
12:26:25,308 - []
12:26:25,323 - []
12:26:25,323 - []
12:26:25,340 - []
12:26:25,341 - []
12:26:25,357 - []
12:26:25,357 - []
12:26:25,372 - []
12:26:25,372 - []
12:26:25,390 - []
12:26:25,390 - []
12:26:25,405 - []
12:26:25,405 - []
12:26:25,422 - []
12:26:25,422 - []
12:26:25,440 - []
12:26:25,440 - []
12:26:25,456 - []
12:26:25,457 - []
12:26:25,472 - []
12:26:25,472 - []
12:26:25,490 - []
12:26:25,490 - []
12:26:25,505 - []
12:26:25,505 - []
12:26:25,523 - []
12:26:25,523 - []
12:26:25,540 - []
12:26:25,540 - []
12:26:25,556 - []
12:26:25,557 - []
12:26:25,573 - []
12:26:25,574 - []
12:26:25,590 - []
12:26:25,590 - []
12:26:25,606 - []
12:26:25,606 - []
12:26:25,621 - []
12:26:25,622 - []
12:26:25,640 - []
12:26:25,640 - []
12:26:25,656 - []
12:26:25,657 - []
12:26:25,673 - []
12:26:25,673 - []
12:26:25,690 - []
12:26:25,690 - []
12:26:25,706 - []
12:26:25,706 - []
12:26:25,722 - []
12:26:25,723 - []
12:26:25,738 - []
12:26:25,738 - []
12:26:25,753 - []
12:26:25,755 - []
12:26:25,771 - []
12:26:25,771 - []
12:26:25,789 - []
12:26:25,789 - []
12:26:25,807 - []
12:26:25,807 - []
12:26:25,823 - []
12:26:25,824 - []
12:26:25,840 - []
12:26:25,840 - []
12:26:25,857 - []
12:26:25,857 - []
12:26:25,873 - []
12:26:25,873 - []
12:26:25,889 - []
12:26:25,891 - []
12:26:25,907 - []
12:26:25,907 - []
12:26:25,924 - []
12:26:25,924 - []
12:26:25,940 - []
12:26:25,940 - []
12:26:25,956 - []
12:26:25,956 - []
12:26:25,974 - []
12:26:25,974 - []
12:26:25,990 - []
12:26:25,990 - []
12:26:26,005 - []
12:26:26,006 - []
12:26:26,022 - []
12:26:26,022 - []
12:26:26,037 - []
12:26:26,038 - []
12:26:26,055 - []
12:26:26,055 - []
12:26:26,072 - []
12:26:26,072 - []
12:26:26,089 - []
12:26:26,089 - []
12:26:26,106 - []
12:26:26,107 - []
12:26:26,123 - []
12:26:26,124 - []
12:26:26,140 - []
12:26:26,140 - []
12:26:26,157 - []
12:26:26,158 - []
12:26:26,173 - []
12:26:26,174 - []
12:26:26,190 - []
12:26:26,190 - []
12:26:26,206 - []
12:26:26,206 - []
12:26:26,222 - []
12:26:26,222 - []
12:26:26,239 - []
12:26:26,239 - []
12:26:26,254 - []
12:26:26,255 - []
12:26:26,272 - []
12:26:26,273 - []
12:26:26,288 - []
12:26:26,289 - []
12:26:26,306 - []
12:26:26,306 - []
12:26:26,323 - []
12:26:26,323 - []
12:26:26,339 - []
12:26:26,339 - []
12:26:26,356 - []
12:26:26,356 - []
12:26:26,372 - []
12:26:26,372 - []
12:26:26,390 - []
12:26:26,390 - []
12:26:26,405 - []
12:26:26,406 - []
12:26:26,423 - []
12:26:26,423 - []
12:26:26,440 - []
12:26:26,441 - []
12:26:26,456 - []
12:26:26,456 - []
12:26:26,472 - []
12:26:26,473 - []
12:26:26,489 - []
12:26:26,489 - []
12:26:26,506 - []
12:26:26,506 - []
12:26:26,523 - []
12:26:26,524 - []
12:26:26,539 - []
12:26:26,540 - []
12:26:26,556 - []
12:26:26,557 - []
12:26:26,574 - []
12:26:26,574 - []
12:26:26,590 - []
12:26:26,590 - []
12:26:26,606 - []
12:26:26,607 - []
12:26:26,622 - []
12:26:26,623 - []
12:26:26,637 - []
12:26:26,638 - []
12:26:26,653 - []
12:26:26,655 - []
12:26:26,671 - []
12:26:26,671 - []
12:26:26,688 - []
12:26:26,689 - []
12:26:26,706 - []
12:26:26,706 - []
12:26:26,723 - []
12:26:26,723 - []
12:26:26,739 - []
12:26:26,739 - []
12:26:26,753 - []
12:26:26,753 - []
12:26:26,771 - []
12:26:26,771 - []
12:26:26,789 - []
12:26:26,789 - []
12:26:26,806 - []
12:26:26,806 - []
12:26:26,821 - []
12:26:26,822 - []
12:26:26,836 - []
12:26:26,837 - []
12:26:26,854 - []
12:26:26,855 - []
12:26:26,872 - []
12:26:26,872 - []
12:26:26,887 - []
12:26:26,887 - []
12:26:26,903 - []
12:26:26,904 - []
12:26:26,921 - []
12:26:26,922 - []
12:26:26,939 - []
12:26:26,939 - []
12:26:26,956 - []
12:26:26,956 - []
12:26:26,973 - []
12:26:26,974 - []
12:26:26,990 - []
12:26:26,990 - []
12:26:27,006 - []
12:26:27,006 - []
12:26:27,023 - []
12:26:27,023 - []
12:26:27,040 - []
12:26:27,040 - []
12:26:27,057 - []
12:26:27,057 - []
12:26:27,073 - []
12:26:27,073 - []
12:26:27,090 - []
12:26:27,090 - []
12:26:27,104 - []
12:26:27,105 - []
12:26:27,122 - []
12:26:27,123 - []
12:26:27,138 - []
12:26:27,139 - []
12:26:27,153 - []
12:26:27,156 - []
12:26:27,171 - []
12:26:27,171 - []
12:26:27,189 - []
12:26:27,189 - []
12:26:27,207 - []
12:26:27,207 - []
12:26:27,223 - []
12:26:27,224 - []
12:26:27,240 - []
12:26:27,240 - []
12:26:27,257 - []
12:26:27,257 - []
12:26:27,273 - []
12:26:27,273 - []
12:26:27,290 - []
12:26:27,290 - []
12:26:27,306 - []
12:26:27,306 - []
12:26:27,323 - []
12:26:27,323 - []
12:26:27,340 - []
12:26:27,340 - []
12:26:27,356 - []
12:26:27,357 - []
12:26:27,372 - []
12:26:27,372 - []
12:26:27,390 - []
12:26:27,390 - []
12:26:27,406 - []
12:26:27,406 - []
12:26:27,423 - []
12:26:27,424 - []
12:26:27,440 - []
12:26:27,440 - []
12:26:27,457 - []
12:26:27,457 - []
12:26:27,472 - []
12:26:27,472 - []
12:26:27,490 - []
12:26:27,490 - []
12:26:27,507 - []
12:26:27,507 - []
12:26:27,523 - []
12:26:27,524 - []
12:26:27,539 - []
12:26:27,540 - []
12:26:27,554 - []
12:26:27,556 - []
12:26:27,570 - []
12:26:27,571 - []
12:26:27,587 - []
12:26:27,587 - []
12:26:27,601 - []
12:26:27,602 - []
12:26:27,619 - []
12:26:27,619 - []
12:26:27,637 - []
12:26:27,637 - []
12:26:27,653 - []
12:26:27,653 - []
12:26:27,671 - []
12:26:27,672 - []
12:26:27,689 - []
12:26:27,690 - []
12:26:27,706 - []
12:26:27,707 - []
12:26:27,722 - []
12:26:27,723 - []
12:26:27,740 - []
12:26:27,741 - []
12:26:27,756 - []
12:26:27,757 - []
12:26:27,773 - []
12:26:27,773 - []
12:26:27,790 - []
12:26:27,790 - []
12:26:27,807 - []
12:26:27,807 - []
12:26:27,823 - []
12:26:27,823 - []
12:26:27,840 - []
12:26:27,840 - []
12:26:27,857 - []
12:26:27,857 - []
12:26:27,873 - []
12:26:27,874 - []
12:26:27,889 - []
12:26:27,890 - []
12:26:27,905 - []
12:26:27,905 - []
12:26:27,922 - []
12:26:27,922 - []
12:26:27,938 - []
12:26:27,939 - []
12:26:27,953 - []
12:26:27,955 - []
12:26:27,969 - []
12:26:27,970 - []
12:26:27,984 - []
12:26:27,984 - []
12:26:28,001 - []
12:26:28,002 - []
12:26:28,018 - []
12:26:28,019 - []
12:26:28,036 - []
12:26:28,037 - []
12:26:28,055 - []
12:26:28,055 - []
12:26:28,072 - []
12:26:28,072 - []
12:26:28,089 - []
12:26:28,089 - []
12:26:28,106 - []
12:26:28,107 - []
12:26:28,123 - []
12:26:28,124 - []
12:26:28,140 - []
12:26:28,141 - []
12:26:28,157 - []
12:26:28,158 - []
12:26:28,173 - []
12:26:28,174 - []
12:26:28,189 - []
12:26:28,189 - []
12:26:28,206 - []
12:26:28,206 - []
12:26:28,224 - []
12:26:28,224 - []
12:26:28,239 - []
12:26:28,239 - []
12:26:28,253 - []
12:26:28,256 - []
12:26:28,271 - []
12:26:28,272 - []
12:26:28,288 - []
12:26:28,289 - []
12:26:28,306 - []
12:26:28,307 - []
12:26:28,323 - []
12:26:28,323 - []
12:26:28,340 - []
12:26:28,340 - []
12:26:28,345 - action Bot_1 goTo(RoomB2)
12:26:28,356 - []
12:26:28,357 - []
12:26:28,372 - []
12:26:28,373 - []
12:26:28,389 - []
12:26:28,390 - []
12:26:28,407 - []
12:26:28,407 - []
12:26:28,423 - []
12:26:28,423 - []
12:26:28,439 - []
12:26:28,439 - []
12:26:28,454 - []
12:26:28,456 - []
12:26:28,470 - []
12:26:28,473 - []
12:26:28,487 - []
12:26:28,488 - []
12:26:28,505 - []
12:26:28,505 - []
12:26:28,523 - []
12:26:28,524 - []
12:26:28,540 - []
12:26:28,540 - []
12:26:28,556 - []
12:26:28,556 - []
12:26:28,572 - []
12:26:28,572 - []
12:26:28,589 - []
12:26:28,590 - []
12:26:28,606 - []
12:26:28,606 - []
12:26:28,623 - []
12:26:28,624 - []
12:26:28,639 - []
12:26:28,640 - []
12:26:28,657 - []
12:26:28,657 - []
12:26:28,674 - []
12:26:28,674 - []
12:26:28,689 - []
12:26:28,689 - []
12:26:28,706 - []
12:26:28,706 - []
12:26:28,723 - []
12:26:28,724 - []
12:26:28,739 - []
12:26:28,739 - []
12:26:28,756 - []
12:26:28,756 - []
12:26:28,773 - []
12:26:28,773 - []
12:26:28,790 - []
12:26:28,790 - []
12:26:28,806 - []
12:26:28,807 - []
12:26:28,822 - []
12:26:28,823 - []
12:26:28,840 - []
12:26:28,840 - []
12:26:28,856 - []
12:26:28,857 - []
12:26:28,872 - []
12:26:28,872 - []
12:26:28,887 - []
12:26:28,887 - []
12:26:28,904 - []
12:26:28,904 - []
12:26:28,920 - []
12:26:28,920 - []
12:26:28,938 - []
12:26:28,939 - []
12:26:28,956 - []
12:26:28,956 - []
12:26:28,973 - []
12:26:28,973 - []
12:26:28,990 - []
12:26:28,990 - []
12:26:28,994 - action Bot_2 goTo(RoomB2)
12:26:29,006 - []
12:26:29,007 - []
12:26:29,022 - []
12:26:29,023 - []
12:26:29,040 - []
12:26:29,040 - []
12:26:29,056 - []
12:26:29,057 - []
12:26:29,073 - []
12:26:29,074 - []
12:26:29,090 - []
12:26:29,091 - []
12:26:29,106 - []
12:26:29,107 - []
12:26:29,123 - []
12:26:29,124 - []
12:26:29,137 - []
12:26:29,141 - []
12:26:29,153 - []
12:26:29,157 - []
12:26:29,171 - []
12:26:29,172 - []
12:26:29,189 - []
12:26:29,189 - []
12:26:29,206 - []
12:26:29,207 - []
12:26:29,222 - []
12:26:29,222 - []
12:26:29,239 - []
12:26:29,240 - []
12:26:29,257 - []
12:26:29,257 - []
12:26:29,273 - []
12:26:29,273 - []
12:26:29,288 - []
12:26:29,289 - []
12:26:29,303 - []
12:26:29,303 - []
12:26:29,321 - []
12:26:29,321 - []
12:26:29,338 - []
12:26:29,339 - []
12:26:29,354 - []
12:26:29,354 - []
12:26:29,371 - []
12:26:29,372 - []
12:26:29,390 - []
12:26:29,390 - []
12:26:29,407 - []
12:26:29,407 - []
12:26:29,423 - []
12:26:29,423 - []
12:26:29,439 - []
12:26:29,440 - []
12:26:29,456 - []
12:26:29,456 - []
12:26:29,473 - []
12:26:29,473 - []
12:26:29,487 - []
12:26:29,488 - []
12:26:29,503 - []
12:26:29,504 - []
12:26:29,520 - []
12:26:29,520 - []
12:26:29,537 - []
12:26:29,537 - []
12:26:29,554 - []
12:26:29,555 - []
12:26:29,571 - []
12:26:29,571 - []
12:26:29,589 - []
12:26:29,590 - []
12:26:29,606 - []
12:26:29,606 - []
12:26:29,623 - []
12:26:29,624 - []
12:26:29,639 - []
12:26:29,640 - []
12:26:29,655 - []
12:26:29,655 - []
12:26:29,672 - []
12:26:29,672 - []
12:26:29,687 - []
12:26:29,687 - []
12:26:29,702 - []
12:26:29,703 - []
12:26:29,716 - []
12:26:29,717 - []
12:26:29,733 - []
12:26:29,733 - []
12:26:29,748 - []
12:26:29,749 - []
12:26:29,765 - []
12:26:29,766 - []
12:26:29,770 - action Bot_1 goTo(RoomB3)
12:26:29,780 - []
12:26:29,784 - []
12:26:29,795 - []
12:26:29,799 - []
12:26:29,812 - []
12:26:29,816 - []
12:26:29,828 - []
12:26:29,831 - []
12:26:29,842 - []
12:26:29,846 - []
12:26:29,857 - []
12:26:29,862 - []
12:26:29,873 - []
12:26:29,877 - []
12:26:29,890 - []
12:26:29,892 - []
12:26:29,906 - []
12:26:29,907 - []
12:26:29,923 - []
12:26:29,924 - []
12:26:29,940 - []
12:26:29,940 - []
12:26:29,956 - []
12:26:29,956 - []
12:26:29,973 - []
12:26:29,973 - []
12:26:29,989 - []
12:26:29,990 - []
12:26:30,006 - []
12:26:30,007 - []
12:26:30,023 - []
12:26:30,023 - []
12:26:30,040 - []
12:26:30,040 - []
12:26:30,057 - []
12:26:30,058 - []
12:26:30,072 - []
12:26:30,073 - []
12:26:30,089 - []
12:26:30,090 - []
12:26:30,105 - []
12:26:30,106 - []
12:26:30,123 - []
12:26:30,123 - []
12:26:30,140 - []
12:26:30,140 - []
12:26:30,156 - []
12:26:30,157 - []
12:26:30,173 - []
12:26:30,173 - []
12:26:30,190 - []
12:26:30,191 - []
12:26:30,207 - []
12:26:30,207 - []
12:26:30,224 - []
12:26:30,224 - []
12:26:30,240 - []
12:26:30,241 - []
12:26:30,255 - []
12:26:30,257 - []
12:26:30,273 - []
12:26:30,273 - []
12:26:30,290 - []
12:26:30,290 - []
12:26:30,306 - []
12:26:30,307 - []
12:26:30,322 - []
12:26:30,323 - []
12:26:30,339 - []
12:26:30,340 - []
12:26:30,357 - []
12:26:30,357 - []
12:26:30,372 - []
12:26:30,373 - []
12:26:30,389 - []
12:26:30,390 - []
12:26:30,407 - []
12:26:30,407 - []
12:26:30,412 - action Bot_2 goTo(RoomB3)
12:26:30,423 - []
12:26:30,424 - []
12:26:30,439 - []
12:26:30,440 - []
12:26:30,455 - []
12:26:30,456 - []
12:26:30,473 - []
12:26:30,473 - []
12:26:30,490 - []
12:26:30,490 - []
12:26:30,507 - []
12:26:30,507 - []
12:26:30,523 - []
12:26:30,524 - []
12:26:30,540 - []
12:26:30,540 - []
12:26:30,555 - []
12:26:30,556 - []
12:26:30,573 - []
12:26:30,573 - []
12:26:30,590 - []
12:26:30,590 - []
12:26:30,606 - []
12:26:30,606 - []
12:26:30,621 - []
12:26:30,621 - []
12:26:30,637 - []
12:26:30,637 - []
12:26:30,653 - []
12:26:30,653 - []
12:26:30,670 - []
12:26:30,670 - []
12:26:30,686 - []
12:26:30,687 - []
12:26:30,703 - []
12:26:30,703 - []
12:26:30,720 - []
12:26:30,720 - []
12:26:30,737 - []
12:26:30,737 - []
12:26:30,754 - []
12:26:30,754 - []
12:26:30,771 - []
12:26:30,771 - []
12:26:30,788 - []
12:26:30,788 - []
12:26:30,804 - []
12:26:30,804 - []
12:26:30,819 - []
12:26:30,820 - []
12:26:30,835 - []
12:26:30,836 - []
12:26:30,853 - []
12:26:30,853 - []
12:26:30,868 - []
12:26:30,869 - []
12:26:30,884 - []
12:26:30,884 - []
12:26:30,900 - []
12:26:30,900 - []
12:26:30,916 - []
12:26:30,916 - []
12:26:30,930 - []
12:26:30,930 - []
12:26:30,945 - []
12:26:30,945 - []
12:26:30,960 - []
12:26:30,960 - []
12:26:30,974 - []
12:26:30,974 - []
12:26:30,989 - []
12:26:30,989 - []
12:26:31,005 - []
12:26:31,005 - []
12:26:31,020 - []
12:26:31,020 - []
12:26:31,036 - []
12:26:31,037 - []
12:26:31,052 - []
12:26:31,052 - []
12:26:31,069 - []
12:26:31,069 - []
12:26:31,084 - []
12:26:31,085 - []
12:26:31,103 - []
12:26:31,103 - []
12:26:31,120 - []
12:26:31,120 - []
12:26:31,138 - []
12:26:31,138 - []
12:26:31,154 - []
12:26:31,154 - []
12:26:31,171 - []
12:26:31,171 - []
12:26:31,176 - action Bot_1 goTo(RoomC1)
12:26:31,187 - []
12:26:31,188 - []
12:26:31,204 - []
12:26:31,204 - []
12:26:31,221 - []
12:26:31,221 - []
12:26:31,236 - []
12:26:31,236 - []
12:26:31,253 - []
12:26:31,253 - []
12:26:31,270 - []
12:26:31,270 - []
12:26:31,286 - []
12:26:31,286 - []
12:26:31,301 - []
12:26:31,301 - []
12:26:31,316 - []
12:26:31,316 - []
12:26:31,333 - []
12:26:31,333 - []
12:26:31,348 - []
12:26:31,348 - []
12:26:31,363 - []
12:26:31,363 - []
12:26:31,378 - []
12:26:31,378 - []
12:26:31,393 - []
12:26:31,393 - []
12:26:31,408 - []
12:26:31,409 - []
12:26:31,424 - []
12:26:31,424 - []
12:26:31,440 - []
12:26:31,440 - []
12:26:31,456 - []
12:26:31,456 - []
12:26:31,473 - []
12:26:31,473 - []
12:26:31,489 - []
12:26:31,490 - []
12:26:31,505 - []
12:26:31,505 - []
12:26:31,522 - []
12:26:31,522 - []
12:26:31,537 - []
12:26:31,538 - []
12:26:31,552 - []
12:26:31,553 - []
12:26:31,569 - []
12:26:31,569 - []
12:26:31,586 - []
12:26:31,586 - []
12:26:31,603 - []
12:26:31,604 - []
12:26:31,619 - []
12:26:31,619 - []
12:26:31,635 - []
12:26:31,636 - []
12:26:31,653 - []
12:26:31,654 - []
12:26:31,668 - []
12:26:31,669 - []
12:26:31,685 - []
12:26:31,685 - []
12:26:31,702 - []
12:26:31,703 - []
12:26:31,718 - []
12:26:31,719 - []
12:26:31,736 - []
12:26:31,736 - []
12:26:31,753 - []
12:26:31,753 - []
12:26:31,768 - []
12:26:31,768 - []
12:26:31,784 - []
12:26:31,784 - []
12:26:31,801 - []
12:26:31,801 - []
12:26:31,815 - []
12:26:31,815 - []
12:26:31,819 - action Bot_2 goTo(RoomC1)
12:26:31,832 - []
12:26:31,832 - []
12:26:31,848 - []
12:26:31,848 - []
12:26:31,863 - []
12:26:31,863 - []
12:26:31,878 - []
12:26:31,878 - []
12:26:31,893 - []
12:26:31,893 - []
12:26:31,908 - []
12:26:31,908 - []
12:26:31,924 - []
12:26:31,924 - []
12:26:31,940 - []
12:26:31,940 - []
12:26:31,954 - []
12:26:31,955 - []
12:26:31,971 - []
12:26:31,971 - []
12:26:31,986 - []
12:26:31,986 - []
12:26:32,001 - []
12:26:32,002 - []
12:26:32,018 - []
12:26:32,018 - []
12:26:32,034 - []
12:26:32,034 - []
12:26:32,048 - []
12:26:32,048 - []
12:26:32,062 - []
12:26:32,063 - []
12:26:32,078 - []
12:26:32,078 - []
12:26:32,093 - []
12:26:32,093 - []
12:26:32,109 - []
12:26:32,110 - []
12:26:32,124 - []
12:26:32,124 - []
12:26:32,139 - []
12:26:32,139 - []
12:26:32,155 - []
12:26:32,155 - []
12:26:32,170 - []
12:26:32,171 - []
12:26:32,186 - []
12:26:32,186 - []
12:26:32,201 - []
12:26:32,202 - []
12:26:32,218 - []
12:26:32,218 - []
12:26:32,236 - []
12:26:32,236 - []
12:26:32,253 - []
12:26:32,253 - []
12:26:32,271 - []
12:26:32,271 - []
12:26:32,286 - []
12:26:32,286 - []
12:26:32,302 - []
12:26:32,302 - []
12:26:32,316 - []
12:26:32,317 - []
12:26:32,331 - []
12:26:32,331 - []
12:26:32,345 - []
12:26:32,346 - []
12:26:32,360 - []
12:26:32,360 - []
12:26:32,375 - []
12:26:32,375 - []
12:26:32,389 - []
12:26:32,389 - []
12:26:32,404 - []
12:26:32,404 - []
12:26:32,419 - []
12:26:32,420 - []
12:26:32,436 - []
12:26:32,436 - []
12:26:32,451 - []
12:26:32,452 - []
12:26:32,469 - []
12:26:32,469 - []
12:26:32,486 - []
12:26:32,486 - []
12:26:32,501 - []
12:26:32,501 - []
12:26:32,518 - []
12:26:32,518 - []
12:26:32,535 - []
12:26:32,535 - []
12:26:32,549 - []
12:26:32,550 - []
12:26:32,564 - []
12:26:32,564 - []
12:26:32,579 - []
12:26:32,579 - []
12:26:32,593 - []
12:26:32,594 - []
12:26:32,610 - []
12:26:32,610 - []
12:26:32,625 - []
12:26:32,625 - []
12:26:32,640 - []
12:26:32,641 - []
12:26:32,655 - []
12:26:32,657 - []
12:26:32,670 - []
12:26:32,672 - []
12:26:32,687 - []
12:26:32,688 - []
12:26:32,703 - []
12:26:32,703 - []
12:26:32,718 - []
12:26:32,718 - []
12:26:32,734 - []
12:26:32,734 - []
12:26:32,750 - []
12:26:32,750 - []
12:26:32,765 - []
12:26:32,765 - []
12:26:32,780 - []
12:26:32,780 - []
12:26:32,797 - []
12:26:32,797 - []
12:26:32,812 - []
12:26:32,812 - []
12:26:32,827 - []
12:26:32,828 - []
12:26:32,843 - []
12:26:32,843 - []
12:26:32,858 - []
12:26:32,859 - []
12:26:32,873 - []
12:26:32,873 - []
12:26:32,890 - []
12:26:32,890 - []
12:26:32,907 - []
12:26:32,907 - []
12:26:32,923 - []
12:26:32,923 - []
12:26:32,939 - []
12:26:32,939 - []
12:26:32,956 - []
12:26:32,956 - []
12:26:32,972 - []
12:26:32,973 - []
12:26:32,989 - []
12:26:32,990 - []
12:26:33,004 - []
12:26:33,006 - []
12:26:33,018 - []
12:26:33,023 - []
12:26:33,036 - []
12:26:33,038 - []
12:26:33,052 - []
12:26:33,054 - []
12:26:33,066 - []
12:26:33,070 - []
12:26:33,083 - []
12:26:33,087 - []
12:26:33,100 - []
12:26:33,101 - []
12:26:33,117 - []
12:26:33,117 - []
12:26:33,133 - []
12:26:33,133 - []
12:26:33,150 - []
12:26:33,151 - []
12:26:33,168 - []
12:26:33,168 - []
12:26:33,186 - []
12:26:33,186 - []
12:26:33,201 - []
12:26:33,201 - []
12:26:33,215 - []
12:26:33,216 - []
12:26:33,233 - []
12:26:33,233 - []
12:26:33,249 - []
12:26:33,250 - []
12:26:33,264 - []
12:26:33,266 - []
12:26:33,281 - []
12:26:33,281 - []
12:26:33,296 - []
12:26:33,296 - []
12:26:33,312 - []
12:26:33,312 - []
12:26:33,327 - []
12:26:33,327 - []
12:26:33,341 - []
12:26:33,341 - []
12:26:33,357 - []
12:26:33,358 - []
12:26:33,372 - []
12:26:33,373 - []
12:26:33,389 - []
12:26:33,389 - []
12:26:33,406 - []
12:26:33,406 - []
12:26:33,423 - []
12:26:33,423 - []
12:26:33,438 - []
12:26:33,438 - []
12:26:33,456 - []
12:26:33,456 - []
12:26:33,473 - []
12:26:33,473 - []
12:26:33,488 - []
12:26:33,488 - []
12:26:33,505 - []
12:26:33,505 - []
12:26:33,522 - []
12:26:33,522 - []
12:26:33,538 - []
12:26:33,538 - []
12:26:33,555 - []
12:26:33,556 - []
12:26:33,571 - []
12:26:33,571 - []
12:26:33,587 - []
12:26:33,587 - []
12:26:33,605 - []
12:26:33,605 - []
12:26:33,620 - []
12:26:33,620 - []
12:26:33,635 - []
12:26:33,635 - []
12:26:33,650 - []
12:26:33,650 - []
12:26:33,665 - []
12:26:33,665 - []
12:26:33,680 - []
12:26:33,682 - []
12:26:33,698 - []
12:26:33,698 - []
12:26:33,716 - []
12:26:33,716 - []
12:26:33,732 - []
12:26:33,733 - []
12:26:33,749 - []
12:26:33,750 - []
12:26:33,765 - []
12:26:33,766 - []
12:26:33,781 - []
12:26:33,781 - []
12:26:33,796 - []
12:26:33,796 - []
12:26:33,811 - []
12:26:33,811 - []
12:26:33,825 - []
12:26:33,826 - []
12:26:33,840 - []
12:26:33,841 - []
12:26:33,857 - []
12:26:33,857 - []
12:26:33,873 - []
12:26:33,874 - []
12:26:33,889 - []
12:26:33,890 - []
12:26:33,903 - []
12:26:33,904 - []
12:26:33,919 - []
12:26:33,920 - []
12:26:33,935 - []
12:26:33,935 - []
12:26:33,951 - []
12:26:33,951 - []
12:26:33,968 - []
12:26:33,968 - []
12:26:33,983 - []
12:26:33,983 - []
12:26:34,001 - []
12:26:34,001 - []
12:26:34,018 - []
12:26:34,018 - []
12:26:34,034 - []
12:26:34,034 - []
12:26:34,052 - []
12:26:34,052 - []
12:26:34,069 - []
12:26:34,069 - []
12:26:34,085 - []
12:26:34,086 - []
12:26:34,102 - []
12:26:34,103 - []
12:26:34,117 - []
12:26:34,118 - []
12:26:34,135 - []
12:26:34,135 - []
12:26:34,152 - []
12:26:34,153 - []
12:26:34,170 - []
12:26:34,171 - []
12:26:34,185 - []
12:26:34,185 - []
12:26:34,202 - []
12:26:34,202 - []
12:26:34,217 - []
12:26:34,217 - []
12:26:34,233 - []
12:26:34,233 - []
12:26:34,250 - []
12:26:34,251 - []
12:26:34,266 - []
12:26:34,267 - []
12:26:34,283 - []
12:26:34,284 - []
12:26:34,299 - []
12:26:34,299 - []
12:26:34,314 - []
12:26:34,315 - []
12:26:34,331 - []
12:26:34,331 - []
12:26:34,346 - []
12:26:34,346 - []
12:26:34,362 - []
12:26:34,363 - []
12:26:34,378 - []
12:26:34,378 - []
12:26:34,393 - []
12:26:34,393 - []
12:26:34,409 - []
12:26:34,409 - []
12:26:34,423 - []
12:26:34,424 - []
12:26:34,439 - []
12:26:34,439 - []
12:26:34,456 - []
12:26:34,457 - []
12:26:34,471 - []
12:26:34,471 - []
12:26:34,486 - []
12:26:34,486 - []
12:26:34,504 - []
12:26:34,504 - []
12:26:34,519 - []
12:26:34,520 - []
12:26:34,537 - []
12:26:34,538 - []
12:26:34,553 - []
12:26:34,555 - []
12:26:34,569 - []
12:26:34,570 - []
12:26:34,584 - []
12:26:34,585 - []
12:26:34,600 - []
12:26:34,600 - []
12:26:34,618 - []
12:26:34,618 - []
12:26:34,634 - []
12:26:34,635 - []
12:26:34,650 - []
12:26:34,652 - []
12:26:34,668 - []
12:26:34,668 - []
12:26:34,685 - []
12:26:34,685 - []
12:26:34,700 - []
12:26:34,701 - []
12:26:34,716 - []
12:26:34,716 - []
12:26:34,731 - []
12:26:34,732 - []
12:26:34,746 - []
12:26:34,746 - []
12:26:34,761 - []
12:26:34,761 - []
12:26:34,776 - []
12:26:34,776 - []
12:26:34,791 - []
12:26:34,791 - []
12:26:34,806 - []
12:26:34,806 - []
12:26:34,821 - []
12:26:34,821 - []
12:26:34,826 - action Bot_1 goTo(RoomC2)
12:26:34,836 - []
12:26:34,839 - []
12:26:34,852 - []
12:26:34,856 - []
12:26:34,868 - []
12:26:34,873 - []
12:26:34,885 - []
12:26:34,889 - []
12:26:34,901 - []
12:26:34,906 - []
12:26:34,918 - []
12:26:34,923 - []
12:26:34,936 - []
12:26:34,940 - []
12:26:34,952 - []
12:26:34,955 - []
12:26:34,969 - []
12:26:34,970 - []
12:26:34,986 - []
12:26:34,986 - []
12:26:35,002 - []
12:26:35,002 - []
12:26:35,019 - []
12:26:35,019 - []
12:26:35,034 - []
12:26:35,034 - []
12:26:35,052 - []
12:26:35,052 - []
12:26:35,070 - []
12:26:35,070 - []
12:26:35,086 - []
12:26:35,087 - []
12:26:35,101 - []
12:26:35,101 - []
12:26:35,118 - []
12:26:35,118 - []
12:26:35,135 - []
12:26:35,135 - []
12:26:35,153 - []
12:26:35,153 - []
12:26:35,170 - []
12:26:35,171 - []
12:26:35,188 - []
12:26:35,189 - []
12:26:35,203 - []
12:26:35,204 - []
12:26:35,221 - []
12:26:35,221 - []
12:26:35,239 - []
12:26:35,239 - []
12:26:35,256 - []
12:26:35,256 - []
12:26:35,273 - []
12:26:35,273 - []
12:26:35,290 - []
12:26:35,290 - []
12:26:35,307 - []
12:26:35,307 - []
12:26:35,322 - []
12:26:35,323 - []
12:26:35,340 - []
12:26:35,340 - []
12:26:35,355 - []
12:26:35,356 - []
12:26:35,373 - []
12:26:35,373 - []
12:26:35,388 - []
12:26:35,389 - []
12:26:35,406 - []
12:26:35,406 - []
12:26:35,423 - []
12:26:35,423 - []
12:26:35,441 - []
12:26:35,441 - []
12:26:35,457 - []
12:26:35,457 - []
12:26:35,473 - []
12:26:35,473 - []
12:26:35,479 - action Bot_2 goTo(RoomC2)
12:26:35,489 - []
12:26:35,490 - []
12:26:35,505 - []
12:26:35,506 - []
12:26:35,520 - []
12:26:35,521 - []
12:26:35,536 - []
12:26:35,536 - []
12:26:35,552 - []
12:26:35,552 - []
12:26:35,567 - []
12:26:35,567 - []
12:26:35,585 - []
12:26:35,586 - []
12:26:35,602 - []
12:26:35,603 - []
12:26:35,620 - []
12:26:35,620 - []
12:26:35,634 - []
12:26:35,635 - []
12:26:35,653 - []
12:26:35,653 - []
12:26:35,670 - []
12:26:35,670 - []
12:26:35,686 - []
12:26:35,686 - []
12:26:35,702 - []
12:26:35,702 - []
12:26:35,720 - []
12:26:35,720 - []
12:26:35,737 - []
12:26:35,738 - []
12:26:35,755 - []
12:26:35,756 - []
12:26:35,772 - []
12:26:35,773 - []
12:26:35,786 - []
12:26:35,787 - []
12:26:35,804 - []
12:26:35,805 - []
12:26:35,822 - []
12:26:35,822 - []
12:26:35,837 - []
12:26:35,837 - []
12:26:35,852 - []
12:26:35,852 - []
12:26:35,868 - []
12:26:35,869 - []
12:26:35,884 - []
12:26:35,885 - []
12:26:35,899 - []
12:26:35,899 - []
12:26:35,915 - []
12:26:35,916 - []
12:26:35,934 - []
12:26:35,934 - []
12:26:35,950 - []
12:26:35,951 - []
12:26:35,968 - []
12:26:35,968 - []
12:26:35,983 - []
12:26:35,983 - []
12:26:35,999 - []
12:26:35,999 - []
12:26:36,016 - []
12:26:36,016 - []
12:26:36,034 - []
12:26:36,035 - []
12:26:36,052 - []
12:26:36,052 - []
12:26:36,068 - []
12:26:36,068 - []
12:26:36,085 - []
12:26:36,085 - []
12:26:36,101 - []
12:26:36,102 - []
12:26:36,116 - []
12:26:36,117 - []
12:26:36,134 - []
12:26:36,134 - []
12:26:36,152 - []
12:26:36,152 - []
12:26:36,169 - []
12:26:36,169 - []
12:26:36,186 - []
12:26:36,186 - []
12:26:36,202 - []
12:26:36,202 - []
12:26:36,218 - []
12:26:36,218 - []
12:26:36,236 - []
12:26:36,236 - []
12:26:36,242 - action Bot_1 goTo(RoomC3)
12:26:36,251 - []
12:26:36,255 - []
12:26:36,269 - []
12:26:36,273 - []
12:26:36,285 - []
12:26:36,290 - []
12:26:36,303 - []
12:26:36,305 - []
12:26:36,319 - []
12:26:36,322 - []
12:26:36,336 - []
12:26:36,337 - []
12:26:36,351 - []
12:26:36,351 - []
12:26:36,367 - []
12:26:36,368 - []
12:26:36,383 - []
12:26:36,383 - []
12:26:36,398 - []
12:26:36,399 - []
12:26:36,412 - []
12:26:36,413 - []
12:26:36,428 - []
12:26:36,428 - []
12:26:36,443 - []
12:26:36,443 - []
12:26:36,458 - []
12:26:36,458 - []
12:26:36,473 - []
12:26:36,473 - []
12:26:36,488 - []
12:26:36,489 - []
12:26:36,505 - []
12:26:36,505 - []
12:26:36,521 - []
12:26:36,521 - []
12:26:36,536 - []
12:26:36,536 - []
12:26:36,551 - []
12:26:36,551 - []
12:26:36,567 - []
12:26:36,567 - []
12:26:36,581 - []
12:26:36,584 - []
12:26:36,598 - []
12:26:36,598 - []
12:26:36,614 - []
12:26:36,615 - []
12:26:36,630 - []
12:26:36,630 - []
12:26:36,646 - []
12:26:36,646 - []
12:26:36,662 - []
12:26:36,662 - []
12:26:36,677 - []
12:26:36,677 - []
12:26:36,692 - []
12:26:36,692 - []
12:26:36,706 - []
12:26:36,706 - []
12:26:36,723 - []
12:26:36,723 - []
12:26:36,740 - []
12:26:36,740 - []
12:26:36,755 - []
12:26:36,755 - []
12:26:36,770 - []
12:26:36,770 - []
12:26:36,785 - []
12:26:36,785 - []
12:26:36,799 - []
12:26:36,799 - []
12:26:36,814 - []
12:26:36,816 - []
12:26:36,828 - []
12:26:36,830 - []
12:26:36,842 - []
12:26:36,844 - []
12:26:36,856 - []
12:26:36,860 - []
12:26:36,872 - []
12:26:36,877 - []
12:26:36,877 - action Bot_2 goTo(RoomC3)
12:26:36,889 - []
12:26:36,892 - []
12:26:36,903 - []
12:26:36,907 - []
12:26:36,918 - []
12:26:36,922 - []
12:26:36,933 - []
12:26:36,937 - []
12:26:36,949 - []
12:26:36,953 - []
12:26:36,965 - []
12:26:36,969 - []
12:26:36,980 - []
12:26:36,984 - []
12:26:36,997 - []
12:26:37,000 - []
12:26:37,010 - []
12:26:37,015 - []
12:26:37,025 - []
12:26:37,029 - []
12:26:37,040 - []
12:26:37,044 - []
12:26:37,056 - []
12:26:37,060 - []
12:26:37,073 - []
12:26:37,074 - []
12:26:37,088 - []
12:26:37,089 - []
12:26:37,103 - []
12:26:37,104 - []
12:26:37,118 - []
12:26:37,118 - []
12:26:37,132 - []
12:26:37,133 - []
12:26:37,148 - []
12:26:37,150 - []
12:26:37,164 - []
12:26:37,164 - []
12:26:37,179 - []
12:26:37,179 - []
12:26:37,193 - []
12:26:37,193 - []
12:26:37,208 - []
12:26:37,208 - []
12:26:37,224 - []
12:26:37,224 - []
12:26:37,239 - []
12:26:37,239 - []
12:26:37,253 - []
12:26:37,254 - []
12:26:37,269 - []
12:26:37,269 - []
12:26:37,284 - []
12:26:37,284 - []
12:26:37,298 - []
12:26:37,300 - []
12:26:37,312 - []
12:26:37,315 - []
12:26:37,326 - []
12:26:37,330 - []
12:26:37,341 - []
12:26:37,345 - []
12:26:37,357 - []
12:26:37,360 - []
12:26:37,371 - []
12:26:37,375 - []
12:26:37,387 - []
12:26:37,390 - []
12:26:37,404 - []
12:26:37,406 - []
12:26:37,421 - []
12:26:37,421 - []
12:26:37,436 - []
12:26:37,437 - []
12:26:37,451 - []
12:26:37,451 - []
12:26:37,467 - []
12:26:37,468 - []
12:26:37,483 - []
12:26:37,501 - []
12:26:37,516 - []
12:26:37,517 - []
12:26:37,532 - []
12:26:37,532 - []
12:26:37,547 - []
12:26:37,547 - []
12:26:37,562 - []
12:26:37,562 - []
12:26:37,577 - []
12:26:37,577 - []
12:26:37,592 - []
12:26:37,593 - []
12:26:37,607 - []
12:26:37,607 - []
12:26:37,612 - action Bot_1 goTo(DropZone)
12:26:37,622 - []
12:26:37,623 - []
12:26:37,640 - []
12:26:37,640 - []
12:26:37,656 - []
12:26:37,656 - []
12:26:37,671 - []
12:26:37,671 - []
12:26:37,686 - []
12:26:37,686 - []
12:26:37,701 - []
12:26:37,701 - []
12:26:37,717 - []
12:26:37,717 - []
12:26:37,734 - []
12:26:37,734 - []
12:26:37,751 - []
12:26:37,751 - []
12:26:37,768 - []
12:26:37,768 - []
12:26:37,782 - []
12:26:37,783 - []
12:26:37,797 - []
12:26:37,797 - []
12:26:37,812 - []
12:26:37,813 - []
12:26:37,828 - []
12:26:37,828 - []
12:26:37,843 - []
12:26:37,844 - []
12:26:37,858 - []
12:26:37,858 - []
12:26:37,873 - []
12:26:37,873 - []
12:26:37,889 - []
12:26:37,889 - []
12:26:37,905 - []
12:26:37,906 - []
12:26:37,922 - []
12:26:37,923 - []
12:26:37,938 - []
12:26:37,938 - []
12:26:37,953 - []
12:26:37,954 - []
12:26:37,969 - []
12:26:37,969 - []
12:26:37,985 - []
12:26:37,985 - []
12:26:37,999 - []
12:26:37,999 - []
12:26:38,014 - []
12:26:38,015 - []
12:26:38,028 - []
12:26:38,030 - []
12:26:38,042 - []
12:26:38,044 - []
12:26:38,056 - []
12:26:38,060 - []
12:26:38,072 - []
12:26:38,074 - []
12:26:38,086 - []
12:26:38,087 - []
12:26:38,102 - []
12:26:38,103 - []
12:26:38,119 - []
12:26:38,119 - []
12:26:38,135 - []
12:26:38,136 - []
12:26:38,154 - []
12:26:38,154 - []
12:26:38,171 - []
12:26:38,172 - []
12:26:38,189 - []
12:26:38,189 - []
12:26:38,205 - []
12:26:38,205 - []
12:26:38,221 - []
12:26:38,221 - []
12:26:38,236 - []
12:26:38,237 - []
12:26:38,254 - []
12:26:38,254 - []
12:26:38,259 - action Bot_2 goTo(DropZone)
12:26:38,271 - []
12:26:38,272 - []
12:26:38,288 - []
12:26:38,289 - []
12:26:38,303 - []
12:26:38,304 - []
12:26:38,321 - []
12:26:38,322 - []
12:26:38,338 - []
12:26:38,338 - []
12:26:38,355 - []
12:26:38,355 - []
12:26:38,373 - []
12:26:38,373 - []
12:26:38,389 - []
12:26:38,390 - []
12:26:38,406 - []
12:26:38,407 - []
12:26:38,421 - []
12:26:38,422 - []
12:26:38,438 - []
12:26:38,438 - []
12:26:38,454 - []
12:26:38,454 - []
12:26:38,469 - []
12:26:38,469 - []
12:26:38,487 - []
12:26:38,487 - []
12:26:38,502 - []
12:26:38,504 - []
12:26:38,517 - []
12:26:38,521 - []
12:26:38,534 - []
12:26:38,536 - []
12:26:38,552 - []
12:26:38,552 - []
12:26:38,567 - []
12:26:38,567 - []
12:26:38,584 - []
12:26:38,584 - []
12:26:38,600 - []
12:26:38,600 - []
12:26:38,617 - []
12:26:38,618 - []
12:26:38,635 - []
12:26:38,635 - []
12:26:38,649 - []
12:26:38,649 - []
12:26:38,667 - []
12:26:38,667 - []
12:26:38,683 - []
12:26:38,683 - []
12:26:38,698 - []
12:26:38,698 - []
12:26:38,712 - []
12:26:38,713 - []
12:26:38,727 - []
12:26:38,727 - []
12:26:38,741 - []
12:26:38,741 - []
12:26:38,755 - []
12:26:38,756 - []
12:26:38,772 - []
12:26:38,772 - []
12:26:38,787 - []
12:26:38,787 - []
12:26:38,803 - []
12:26:38,804 - []
12:26:38,821 - []
12:26:38,822 - []
12:26:38,840 - []
12:26:38,840 - []
12:26:38,857 - []
12:26:38,857 - []
12:26:38,873 - []
12:26:38,873 - []
12:26:38,889 - []
12:26:38,889 - []
12:26:38,905 - []
12:26:38,905 - []
12:26:38,921 - []
12:26:38,921 - []
12:26:38,937 - []
12:26:38,937 - []
12:26:38,954 - []
12:26:38,954 - []
12:26:38,971 - []
12:26:38,972 - []
12:26:38,987 - []
12:26:38,988 - []
12:26:39,002 - []
12:26:39,003 - []
12:26:39,019 - []
12:26:39,020 - []
12:26:39,038 - []
12:26:39,038 - []
12:26:39,055 - []
12:26:39,055 - []
12:26:39,072 - []
12:26:39,072 - []
12:26:39,089 - []
12:26:39,090 - []
12:26:39,106 - []
12:26:39,106 - []
12:26:39,122 - []
12:26:39,122 - []
12:26:39,139 - []
12:26:39,139 - []
12:26:39,154 - []
12:26:39,154 - []
12:26:39,169 - []
12:26:39,169 - []
12:26:39,185 - []
12:26:39,185 - []
12:26:39,200 - []
12:26:39,200 - []
12:26:39,216 - []
12:26:39,217 - []
12:26:39,234 - []
12:26:39,235 - []
12:26:39,250 - []
12:26:39,250 - []
12:26:39,264 - []
12:26:39,267 - []
12:26:39,278 - []
12:26:39,282 - []
12:26:39,293 - []
12:26:39,296 - []
12:26:39,307 - []
12:26:39,311 - []
12:26:39,324 - []
12:26:39,327 - []
12:26:39,341 - []
12:26:39,341 - []
12:26:39,356 - []
12:26:39,357 - []
12:26:39,372 - []
12:26:39,373 - []
12:26:39,387 - []
12:26:39,387 - []
12:26:39,403 - []
12:26:39,403 - []
12:26:39,419 - []
12:26:39,419 - []
12:26:39,435 - []
12:26:39,435 - []
12:26:39,449 - []
12:26:39,449 - []
12:26:39,465 - []
12:26:39,466 - []
12:26:39,479 - []
12:26:39,480 - []
12:26:39,494 - []
12:26:39,494 - []
12:26:39,508 - []
12:26:39,508 - []
12:26:39,524 - []
12:26:39,524 - []
12:26:39,539 - []
12:26:39,540 - []
12:26:39,555 - []
12:26:39,556 - []
12:26:39,570 - []
12:26:39,570 - []
12:26:39,585 - []
12:26:39,585 - []
12:26:39,599 - []
12:26:39,600 - []
12:26:39,614 - []
12:26:39,614 - []
12:26:39,630 - []
12:26:39,630 - []
12:26:39,645 - []
12:26:39,646 - []
12:26:39,659 - []
12:26:39,660 - []
12:26:39,673 - []
12:26:39,675 - []
12:26:39,689 - []
12:26:39,690 - []
12:26:39,706 - []
12:26:39,706 - []
12:26:39,722 - []
12:26:39,723 - []
12:26:39,736 - []
12:26:39,737 - []
12:26:39,751 - []
12:26:39,751 - []
12:26:39,767 - []
12:26:39,767 - []
12:26:39,782 - []
12:26:39,782 - []
12:26:39,797 - []
12:26:39,797 - []
12:26:39,812 - []
12:26:39,813 - []
12:26:39,827 - []
12:26:39,827 - []
12:26:39,843 - []
12:26:39,843 - []
12:26:39,858 - []
12:26:39,859 - []
12:26:39,874 - []
12:26:39,874 - []
12:26:39,890 - []
12:26:39,891 - []
12:26:39,906 - []
12:26:39,906 - []
12:26:39,922 - []
12:26:39,922 - []
12:26:39,936 - []
12:26:39,937 - []
12:26:39,951 - []
12:26:39,951 - []
12:26:39,967 - []
12:26:39,968 - []
12:26:39,983 - []
12:26:39,984 - []
12:26:40,000 - []
12:26:40,001 - []
12:26:40,018 - []
12:26:40,018 - []
12:26:40,035 - []
12:26:40,035 - []
12:26:40,052 - []
12:26:40,052 - []
12:26:40,069 - []
12:26:40,069 - []
12:26:40,085 - []
12:26:40,086 - []
12:26:40,101 - []
12:26:40,101 - []
12:26:40,116 - []
12:26:40,117 - []
12:26:40,133 - []
12:26:40,133 - []
12:26:40,147 - []
12:26:40,147 - []
12:26:40,162 - []
12:26:40,163 - []
12:26:40,177 - []
12:26:40,178 - []
12:26:40,193 - []
12:26:40,193 - []
12:26:40,207 - []
12:26:40,208 - []
12:26:40,224 - []
12:26:40,224 - []
12:26:40,239 - []
12:26:40,240 - []
12:26:40,254 - []
12:26:40,254 - []
12:26:40,270 - []
12:26:40,270 - []
12:26:40,286 - []
12:26:40,287 - []
12:26:40,304 - []
12:26:40,304 - []
12:26:40,320 - []
12:26:40,320 - []
12:26:40,336 - []
12:26:40,336 - []
12:26:40,354 - []
12:26:40,355 - []
12:26:40,372 - []
12:26:40,372 - []
12:26:40,389 - []
12:26:40,389 - []
12:26:40,406 - []
12:26:40,406 - []
12:26:40,423 - []
12:26:40,423 - []
12:26:40,440 - []
12:26:40,440 - []
12:26:40,455 - []
12:26:40,455 - []
12:26:40,470 - []
12:26:40,470 - []
12:26:40,485 - []
12:26:40,486 - []
12:26:40,503 - []
12:26:40,503 - []
12:26:40,520 - []
12:26:40,520 - []
12:26:40,535 - []
12:26:40,535 - []
12:26:40,551 - []
12:26:40,551 - []
12:26:40,568 - []
12:26:40,585 - []
12:26:40,602 - []
12:26:40,619 - []
12:26:40,635 - []
12:26:40,652 - []
12:26:40,667 - []
12:26:40,686 - []
12:26:40,703 - []
12:26:40,719 - []
12:26:40,736 - []
12:26:40,753 - []
12:26:40,768 - []
12:26:40,783 - []
12:26:40,798 - []
12:26:40,814 - []
12:26:40,832 - []
12:26:40,850 - []
12:26:40,864 - []
12:26:40,880 - []
12:26:40,895 - []
12:26:40,910 - []
12:26:40,928 - []
12:26:40,944 - []
12:26:40,959 - []
12:26:40,973 - []
12:26:40,987 - []
12:26:41,004 - []
12:26:41,020 - []
12:26:41,037 - []
12:26:41,051 - []
12:26:41,068 - []
12:26:41,084 - []
12:26:41,101 - []
12:26:41,117 - []
12:26:41,134 - []
12:26:41,151 - []
12:26:41,169 - []
12:26:41,183 - Bot Bot_2 collided.
12:26:41,184 - []
12:26:41,188 - action Bot_2 goTo(DropZone)
12:26:41,200 - []
12:26:41,216 - []
12:26:41,230 - []
12:26:41,245 - []
12:26:41,261 - []
12:26:41,276 - []
12:26:41,291 - []
12:26:41,308 - []
12:26:41,324 - []
12:26:41,339 - []
12:26:41,355 - []
12:26:41,370 - []
12:26:41,385 - []
12:26:41,400 - []
12:26:41,415 - []
12:26:41,432 - []
12:26:41,447 - []
12:26:41,462 - []
12:26:41,479 - []
12:26:41,495 - []
12:26:41,510 - []
12:26:41,525 - []
12:26:41,540 - []
12:26:41,557 - []
12:26:41,573 - []
12:26:41,590 - []
12:26:41,606 - []
12:26:41,623 - []
12:26:41,634 - Bot Bot_2 collided.
12:26:41,640 - []
12:26:41,644 - action Bot_2 goTo(DropZone)
12:26:41,657 - []
12:26:41,673 - []
12:26:41,689 - []
12:26:41,706 - []
12:26:41,724 - []
12:26:41,740 - []
12:26:41,756 - []
12:26:41,774 - []
12:26:41,789 - []
12:26:41,804 - []
12:26:41,820 - []
12:26:41,838 - []
12:26:41,853 - []
12:26:41,869 - []
12:26:41,885 - []
12:26:41,903 - []
12:26:41,918 - []
12:26:41,935 - []
12:26:41,953 - []
12:26:41,969 - []
12:26:41,986 - []
12:26:42,003 - []
12:26:42,019 - []
12:26:42,035 - []
12:26:42,053 - []
12:26:42,071 - []
12:26:42,088 - Bot Bot_2 collided.
12:26:42,089 - []
12:26:42,094 - action Bot_2 goTo(DropZone)
12:26:42,106 - []
12:26:42,122 - []
12:26:42,139 - []
12:26:42,155 - []
12:26:42,170 - []
12:26:42,188 - []
12:26:42,203 - []
12:26:42,220 - []
12:26:42,236 - []
12:26:42,253 - []
12:26:42,268 - []
12:26:42,283 - []
12:26:42,299 - []
12:26:42,316 - []
12:26:42,332 - []
12:26:42,350 - []
12:26:42,368 - []
12:26:42,385 - []
12:26:42,402 - []
12:26:42,420 - []
12:26:42,435 - []
12:26:42,454 - []
12:26:42,469 - []
12:26:42,484 - []
12:26:42,502 - []
12:26:42,519 - []
12:26:42,534 - Bot Bot_2 collided.
12:26:42,535 - []
12:26:42,540 - action Bot_2 goTo(DropZone)
12:26:42,553 - []
12:26:42,569 - []
12:26:42,586 - []
12:26:42,602 - []
12:26:42,620 - []
12:26:42,635 - []
12:26:42,653 - []
12:26:42,670 - []
12:26:42,689 - []
12:26:42,706 - []
12:26:42,723 - []
12:26:42,739 - []
12:26:42,756 - []
12:26:42,772 - []
12:26:42,788 - []
12:26:42,806 - []
12:26:42,823 - []
12:26:42,839 - []
12:26:42,854 - []
12:26:42,872 - []
12:26:42,890 - []
12:26:42,905 - []
12:26:42,922 - []
12:26:42,940 - []
12:26:42,958 - []
12:26:42,974 - []
12:26:42,990 - Bot Bot_2 collided.
12:26:42,991 - []
12:26:42,996 - action Bot_2 goTo(DropZone)
12:26:43,009 - []
12:26:43,024 - []
12:26:43,039 - []
12:26:43,057 - []
12:26:43,072 - []
12:26:43,088 - []
12:26:43,106 - []
12:26:43,122 - []
12:26:43,137 - []
12:26:43,151 - []
12:26:43,165 - []
12:26:43,179 - []
12:26:43,193 - []
12:26:43,207 - []
12:26:43,222 - []
12:26:43,238 - []
12:26:43,254 - []
12:26:43,271 - []
12:26:43,289 - []
12:26:43,307 - []
12:26:43,323 - []
12:26:43,340 - []
12:26:43,356 - []
12:26:43,372 - []
12:26:43,389 - []
12:26:43,404 - []
12:26:43,419 - []
12:26:43,425 - Bot Bot_2 collided.
12:26:43,437 - []
12:26:43,441 - action Bot_2 goTo(DropZone)
12:26:43,453 - []
12:26:43,471 - []
12:26:43,486 - []
12:26:43,504 - []
12:26:43,520 - []
12:26:43,536 - []
12:26:43,552 - []
12:26:43,569 - []
12:26:43,584 - []
12:26:43,601 - []
12:26:43,618 - []
12:26:43,635 - []
12:26:43,650 - []
12:26:43,669 - []
12:26:43,685 - []
12:26:43,703 - []
12:26:43,718 - []
12:26:43,734 - []
12:26:43,752 - []
12:26:43,768 - []
12:26:43,784 - []
12:26:43,802 - []
12:26:43,819 - []
12:26:43,835 - []
12:26:43,851 - []
12:26:43,868 - []
12:26:43,884 - Bot Bot_2 collided.
12:26:43,885 - []
12:26:43,891 - action Bot_2 goTo(DropZone)
12:26:43,902 - []
12:26:43,919 - []
12:26:43,933 - []
12:26:43,950 - []
12:26:43,966 - []
12:26:43,984 - []
12:26:44,000 - []
12:26:44,018 - []
12:26:44,035 - []
12:26:44,051 - []
12:26:44,068 - []
12:26:44,083 - []
12:26:44,101 - []
12:26:44,117 - []
12:26:44,133 - []
12:26:44,149 - []
12:26:44,167 - []
12:26:44,184 - []
12:26:44,201 - []
12:26:44,219 - []
12:26:44,235 - []
12:26:44,250 - []
12:26:44,267 - []
12:26:44,285 - []
12:26:44,301 - []
12:26:44,316 - []
12:26:44,330 - Bot Bot_2 collided.
12:26:44,333 - []
12:26:44,338 - action Bot_2 goTo(DropZone)
12:26:44,352 - []
12:26:44,368 - []
12:26:44,383 - []
12:26:44,400 - []
12:26:44,415 - []
12:26:44,430 - []
12:26:44,447 - []
12:26:44,464 - []
12:26:44,479 - []
12:26:44,494 - []
12:26:44,510 - []
12:26:44,527 - []
12:26:44,542 - []
12:26:44,558 - []
12:26:44,575 - []
12:26:44,591 - []
12:26:44,607 - []
12:26:44,623 - []
12:26:44,638 - []
12:26:44,653 - []
12:26:44,671 - []
12:26:44,688 - []
12:26:44,704 - []
12:26:44,721 - []
12:26:44,739 - []
12:26:44,756 - []
12:26:44,773 - []
12:26:44,777 - Bot Bot_2 collided.
12:26:44,790 - []
12:26:44,795 - action Bot_2 goTo(DropZone)
12:26:44,807 - []
12:26:44,824 - []
12:26:44,839 - []
12:26:44,855 - []
12:26:44,870 - []
12:26:44,884 - []
12:26:44,899 - []
12:26:44,916 - []
12:26:44,934 - []
12:26:44,950 - []
12:26:44,967 - []
12:26:44,982 - []
12:26:44,996 - []
12:26:45,013 - []
12:26:45,028 - []
12:26:45,044 - []
12:26:45,060 - []
12:26:45,075 - []
12:26:45,093 - []
12:26:45,109 - []
12:26:45,124 - []
12:26:45,140 - []
12:26:45,155 - []
12:26:45,172 - []
12:26:45,189 - []
12:26:45,206 - []
12:26:45,223 - []
12:26:45,239 - Bot Bot_2 collided.
12:26:45,240 - []
12:26:45,244 - action Bot_2 goTo(DropZone)
12:26:45,257 - []
12:26:45,273 - []
12:26:45,288 - []
12:26:45,306 - []
12:26:45,323 - []
12:26:45,340 - []
12:26:45,357 - []
12:26:45,374 - []
12:26:45,389 - []
12:26:45,406 - []
12:26:45,423 - []
12:26:45,440 - []
12:26:45,456 - []
12:26:45,473 - []
12:26:45,489 - []
12:26:45,504 - []
12:26:45,518 - []
12:26:45,535 - []
12:26:45,550 - []
12:26:45,569 - []
12:26:45,587 - []
12:26:45,603 - []
12:26:45,620 - []
12:26:45,636 - []
12:26:45,652 - []
12:26:45,668 - []
12:26:45,679 - Bot Bot_2 collided.
12:26:45,686 - []
12:26:45,691 - action Bot_2 goTo(DropZone)
12:26:45,703 - []
12:26:45,718 - []
12:26:45,736 - []
12:26:45,751 - []
12:26:45,769 - []
12:26:45,786 - []
12:26:45,804 - []
12:26:45,819 - []
12:26:45,837 - []
12:26:45,856 - []
12:26:45,873 - []
12:26:45,890 - []
12:26:45,906 - []
12:26:45,923 - []
12:26:45,938 - []
12:26:45,955 - []
12:26:45,973 - []
12:26:45,989 - []
12:26:46,007 - []
12:26:46,023 - []
12:26:46,039 - []
12:26:46,055 - []
12:26:46,071 - []
12:26:46,089 - []
12:26:46,106 - []
12:26:46,123 - []
12:26:46,138 - Bot Bot_2 collided.
12:26:46,139 - []
12:26:46,145 - action Bot_2 goTo(DropZone)
12:26:46,157 - []
12:26:46,174 - []
12:26:46,190 - []
12:26:46,206 - []
12:26:46,223 - []
12:26:46,240 - []
12:26:46,256 - []
12:26:46,273 - []
12:26:46,290 - []
12:26:46,306 - []
12:26:46,322 - []
12:26:46,338 - []
12:26:46,355 - []
12:26:46,372 - []
12:26:46,390 - []
12:26:46,407 - []
12:26:46,423 - []
12:26:46,440 - []
12:26:46,455 - []
12:26:46,469 - []
12:26:46,485 - []
12:26:46,503 - []
12:26:46,520 - []
12:26:46,537 - []
12:26:46,555 - []
12:26:46,573 - []
12:26:46,582 - Bot Bot_2 collided.
12:26:46,589 - []
12:26:46,594 - action Bot_2 goTo(DropZone)
12:26:46,607 - []
12:26:46,622 - []
12:26:46,638 - []
12:26:46,653 - []
12:26:46,672 - []
12:26:46,689 - []
12:26:46,706 - []
12:26:46,723 - []
12:26:46,738 - []
12:26:46,756 - []
12:26:46,774 - []
12:26:46,790 - []
12:26:46,806 - []
12:26:46,823 - []
12:26:46,839 - []
12:26:46,856 - []
12:26:46,873 - []
12:26:46,890 - []
12:26:46,907 - []
12:26:46,923 - []
12:26:46,940 - []
12:26:46,956 - []
12:26:46,973 - []
12:26:46,989 - []
12:26:47,006 - []
12:26:47,023 - []
12:26:47,040 - []
12:26:47,042 - Bot Bot_2 collided.
12:26:47,056 - []
12:26:47,061 - action Bot_2 goTo(DropZone)
12:26:47,072 - []
12:26:47,090 - []
12:26:47,106 - []
12:26:47,123 - []
12:26:47,139 - []
12:26:47,156 - []
12:26:47,174 - []
12:26:47,190 - []
12:26:47,206 - []
12:26:47,224 - []
12:26:47,241 - []
12:26:47,256 - []
12:26:47,273 - []
12:26:47,289 - []
12:26:47,307 - []
12:26:47,323 - []
12:26:47,341 - []
12:26:47,357 - []
12:26:47,374 - []
12:26:47,389 - []
12:26:47,406 - []
12:26:47,423 - []
12:26:47,438 - []
12:26:47,456 - []
12:26:47,472 - []
12:26:47,488 - []
12:26:47,503 - []
12:26:47,512 - Bot Bot_2 collided.
12:26:47,519 - []
12:26:47,525 - action Bot_2 goTo(DropZone)
12:26:47,539 - []
12:26:47,555 - []
12:26:47,572 - []
12:26:47,588 - []
12:26:47,603 - []
12:26:47,620 - []
12:26:47,636 - []
12:26:47,654 - []
12:26:47,671 - []
12:26:47,686 - []
12:26:47,702 - []
12:26:47,721 - []
12:26:47,739 - []
12:26:47,756 - []
12:26:47,772 - []
12:26:47,789 - []
12:26:47,807 - []
12:26:47,823 - []
12:26:47,839 - []
12:26:47,855 - []
12:26:47,869 - []
12:26:47,885 - []
12:26:47,901 - []
12:26:47,919 - []
12:26:47,938 - []
12:26:47,954 - []
12:26:47,970 - []
12:26:47,974 - Bot Bot_2 collided.
12:26:47,987 - []
12:26:47,991 - action Bot_2 goTo(DropZone)
12:26:48,003 - []
12:26:48,020 - []
12:26:48,035 - []
12:26:48,050 - []
12:26:48,066 - []
12:26:48,082 - []
12:26:48,096 - []
12:26:48,111 - []
12:26:48,128 - []
12:26:48,143 - []
12:26:48,157 - []
12:26:48,173 - []
12:26:48,189 - []
12:26:48,206 - []
12:26:48,223 - []
12:26:48,240 - []
12:26:48,255 - []
12:26:48,273 - []
12:26:48,290 - []
12:26:48,306 - []
12:26:48,323 - []
12:26:48,339 - []
12:26:48,356 - []
12:26:48,373 - []
12:26:48,390 - []
12:26:48,406 - []
12:26:48,423 - []
12:26:48,438 - Bot Bot_2 collided.
12:26:48,439 - []
12:26:48,444 - action Bot_2 goTo(DropZone)
12:26:48,457 - []
12:26:48,474 - []
12:26:48,491 - []
12:26:48,506 - []
12:26:48,523 - []
12:26:48,539 - []
12:26:48,555 - []
12:26:48,572 - []
12:26:48,590 - []
12:26:48,606 - []
12:26:48,623 - []
12:26:48,640 - []
12:26:48,657 - []
12:26:48,674 - []
12:26:48,690 - []
12:26:48,707 - []
12:26:48,722 - []
12:26:48,737 - []
12:26:48,755 - []
12:26:48,772 - []
12:26:48,789 - []
12:26:48,806 - []
12:26:48,823 - []
12:26:48,839 - []
12:26:48,856 - []
12:26:48,873 - []
12:26:48,889 - []
12:26:48,894 - Bot Bot_2 collided.
12:26:48,906 - []
12:26:48,910 - action Bot_2 goTo(DropZone)
12:26:48,922 - []
12:26:48,940 - []
12:26:48,956 - []
12:26:48,973 - []
12:26:48,991 - []
12:26:49,007 - []
12:26:49,023 - []
12:26:49,038 - []
12:26:49,053 - []
12:26:49,071 - []
12:26:49,087 - []
12:26:49,105 - []
12:26:49,121 - []
12:26:49,139 - []
12:26:49,156 - []
12:26:49,172 - []
12:26:49,189 - []
12:26:49,205 - []
12:26:49,223 - []
12:26:49,240 - []
12:26:49,256 - []
12:26:49,273 - []
12:26:49,289 - []
12:26:49,306 - []
12:26:49,323 - []
12:26:49,340 - []
12:26:49,355 - Bot Bot_2 collided.
12:26:49,356 - []
12:26:49,362 - action Bot_2 goTo(DropZone)
12:26:49,374 - []
12:26:49,390 - []
12:26:49,406 - []
12:26:49,424 - []
12:26:49,440 - []
12:26:49,469 - []
12:26:49,487 - []
12:26:49,504 - []
12:26:49,519 - []
12:26:49,535 - []
12:26:49,553 - []
12:26:49,569 - []
12:26:49,585 - []
12:26:49,603 - []
12:26:49,621 - []
12:26:49,639 - []
12:26:49,657 - []
12:26:49,673 - []
12:26:49,689 - []
12:26:49,705 - []
12:26:49,723 - []
12:26:49,738 - []
12:26:49,755 - []
12:26:49,769 - []
12:26:49,783 - []
12:26:49,797 - []
12:26:49,800 - Bot Bot_2 collided.
12:26:49,814 - []
12:26:49,820 - action Bot_2 goTo(DropZone)
12:26:49,834 - []
12:26:49,851 - []
12:26:49,866 - []
12:26:49,883 - []
12:26:49,902 - []
12:26:49,920 - []
12:26:49,936 - []
12:26:49,954 - []
12:26:49,973 - []
12:26:49,989 - []
12:26:50,005 - []
12:26:50,022 - []
12:26:50,039 - []
12:26:50,056 - []
12:26:50,074 - []
12:26:50,090 - []
12:26:50,106 - []
12:26:50,122 - []
12:26:50,137 - []
12:26:50,153 - []
12:26:50,171 - []
12:26:50,188 - []
12:26:50,205 - []
12:26:50,222 - []
12:26:50,240 - []
12:26:50,255 - []
12:26:50,259 - Bot Bot_2 collided.
12:26:50,273 - []
12:26:50,278 - action Bot_2 goTo(DropZone)
12:26:50,290 - []
12:26:50,306 - []
12:26:50,322 - []
12:26:50,339 - []
12:26:50,356 - []
12:26:50,373 - []
12:26:50,388 - []
12:26:50,403 - []
12:26:50,422 - []
12:26:50,439 - []
12:26:50,455 - []
12:26:50,472 - []
12:26:50,489 - []
12:26:50,505 - []
12:26:50,521 - []
12:26:50,538 - []
12:26:50,556 - []
12:26:50,574 - []
12:26:50,591 - []
12:26:50,606 - []
12:26:50,623 - []
12:26:50,639 - []
12:26:50,654 - []
12:26:50,672 - []
12:26:50,689 - []
12:26:50,706 - []
12:26:50,716 - Bot Bot_2 collided.
12:26:50,721 - []
12:26:50,726 - action Bot_2 goTo(DropZone)
12:26:50,738 - []
12:26:50,755 - []
12:26:50,772 - []
12:26:50,789 - []
12:26:50,806 - []
12:26:50,823 - []
12:26:50,840 - []
12:26:50,856 - []
12:26:50,873 - []
12:26:50,889 - []
12:26:50,906 - []
12:26:50,923 - []
12:26:50,940 - []
12:26:50,956 - []
12:26:50,973 - []
12:26:50,991 - []
12:26:51,007 - []
12:26:51,023 - []
12:26:51,040 - []
12:26:51,057 - []
12:26:51,072 - []
12:26:51,090 - []
12:26:51,105 - []
12:26:51,122 - []
12:26:51,139 - []
12:26:51,156 - []
12:26:51,173 - []
12:26:51,174 - Bot Bot_2 collided.
12:26:51,190 - []
12:26:51,195 - action Bot_2 goTo(DropZone)
12:26:51,207 - []
12:26:51,224 - []
12:26:51,239 - []
12:26:51,256 - []
12:26:51,273 - []
12:26:51,291 - []
12:26:51,306 - []
12:26:51,321 - []
12:26:51,339 - []
12:26:51,356 - []
12:26:51,374 - []
12:26:51,391 - []
12:26:51,408 - []
12:26:51,424 - []
12:26:51,439 - []
12:26:51,456 - []
12:26:51,473 - []
12:26:51,489 - []
12:26:51,506 - []
12:26:51,523 - []
12:26:51,538 - []
12:26:51,556 - []
12:26:51,572 - []
12:26:51,589 - []
12:26:51,606 - []
12:26:51,623 - []
12:26:51,640 - []
12:26:51,651 - Bot Bot_2 collided.
12:26:51,656 - []
12:26:51,661 - action Bot_2 goTo(DropZone)
12:26:51,674 - []
12:26:51,689 - []
12:26:51,706 - []
12:26:51,722 - []
12:26:51,739 - []
12:26:51,756 - []
12:26:51,773 - []
12:26:51,788 - []
12:26:51,804 - []
12:26:51,822 - []
12:26:51,840 - []
12:26:51,857 - []
12:26:51,873 - []
12:26:51,889 - []
12:26:51,905 - []
12:26:51,922 - []
12:26:51,938 - []
12:26:51,956 - []
12:26:51,974 - []
12:26:51,990 - []
12:26:52,007 - []
12:26:52,024 - []
12:26:52,041 - []
12:26:52,057 - []
12:26:52,074 - []
12:26:52,092 - []
12:26:52,107 - []
12:26:52,124 - []
12:26:52,128 - Bot Bot_2 collided.
12:26:52,140 - []
12:26:52,144 - action Bot_2 goTo(DropZone)
12:26:52,157 - []
12:26:52,172 - []
12:26:52,189 - []
12:26:52,206 - []
12:26:52,223 - []
12:26:52,240 - []
12:26:52,256 - []
12:26:52,272 - []
12:26:52,289 - []
12:26:52,306 - []
12:26:52,323 - []
12:26:52,340 - []
12:26:52,356 - []
12:26:52,372 - []
12:26:52,387 - []
12:26:52,403 - []
12:26:52,419 - []
12:26:52,433 - []
12:26:52,450 - []
12:26:52,467 - []
12:26:52,484 - []
12:26:52,499 - []
12:26:52,516 - []
12:26:52,532 - []
12:26:52,549 - []
12:26:52,567 - []
12:26:52,584 - []
12:26:52,591 - Bot Bot_2 collided.
12:26:52,602 - []
12:26:52,607 - action Bot_2 goTo(DropZone)
12:26:52,622 - []
12:26:52,638 - []
12:26:52,653 - []
12:26:52,668 - []
12:26:52,685 - []
12:26:52,700 - []
12:26:52,715 - []
12:26:52,733 - []
12:26:52,749 - []
12:26:52,764 - []
12:26:52,780 - []
12:26:52,797 - []
12:26:52,813 - []
12:26:52,828 - []
12:26:52,844 - []
12:26:52,859 - []
12:26:52,875 - []
12:26:52,890 - []
12:26:52,907 - []
12:26:52,924 - []
12:26:52,939 - []
12:26:52,956 - []
12:26:52,973 - []
12:26:52,990 - []
12:26:53,005 - []
12:26:53,019 - []
12:26:53,033 - []
12:26:53,044 - Bot Bot_2 collided.
12:26:53,048 - []
12:26:53,053 - action Bot_2 goTo(DropZone)
12:26:53,065 - []
12:26:53,082 - []
12:26:53,097 - []
12:26:53,113 - []
12:26:53,130 - []
12:26:53,146 - []
12:26:53,161 - []
12:26:53,175 - []
12:26:53,192 - []
12:26:53,208 - []
12:26:53,224 - []
12:26:53,239 - []
12:26:53,256 - []
12:26:53,273 - []
12:26:53,289 - []
12:26:53,305 - []
12:26:53,322 - []
12:26:53,337 - []
12:26:53,354 - []
12:26:53,372 - []
12:26:53,389 - []
12:26:53,405 - []
12:26:53,423 - []
12:26:53,439 - []
12:26:53,455 - []
12:26:53,473 - []
12:26:53,489 - []
12:26:53,495 - Bot Bot_2 collided.
12:26:53,506 - []
12:26:53,511 - action Bot_2 goTo(DropZone)
12:26:53,523 - []
12:26:53,539 - []
12:26:53,556 - []
12:26:53,572 - []
12:26:53,590 - []
12:26:53,605 - []
12:26:53,623 - []
12:26:53,640 - []
12:26:53,657 - []
12:26:53,673 - []
12:26:53,690 - []
12:26:53,705 - []
12:26:53,720 - []
12:26:53,739 - []
12:26:53,756 - []
12:26:53,773 - []
12:26:53,789 - []
12:26:53,807 - []
12:26:53,824 - []
12:26:53,840 - []
12:26:53,856 - []
12:26:53,873 - []
12:26:53,889 - []
12:26:53,906 - []
12:26:53,922 - []
12:26:53,940 - []
12:26:53,950 - Bot Bot_2 collided.
12:26:53,956 - []
12:26:53,961 - action Bot_2 goTo(DropZone)
12:26:53,974 - []
12:26:53,990 - []
12:26:54,006 - []
12:26:54,022 - []
12:26:54,039 - []
12:26:54,056 - []
12:26:54,071 - []
12:26:54,086 - []
12:26:54,102 - []
12:26:54,117 - []
12:26:54,135 - []
12:26:54,149 - []
12:26:54,166 - []
12:26:54,183 - []
12:26:54,201 - []
12:26:54,216 - []
12:26:54,231 - []
12:26:54,246 - []
12:26:54,262 - []
12:26:54,278 - []
12:26:54,293 - []
12:26:54,309 - []
12:26:54,324 - []
12:26:54,340 - []
12:26:54,356 - []
12:26:54,373 - []
12:26:54,388 - []
12:26:54,403 - []
12:26:54,405 - Bot Bot_2 collided.
12:26:54,418 - []
12:26:54,423 - action Bot_2 goTo(DropZone)
12:26:54,434 - []
12:26:54,450 - []
12:26:54,465 - []
12:26:54,481 - []
12:26:54,499 - []
12:26:54,516 - []
12:26:54,531 - []
12:26:54,546 - []
12:26:54,561 - []
12:26:54,577 - []
12:26:54,592 - []
12:26:54,607 - []
12:26:54,622 - []
12:26:54,639 - []
12:26:54,656 - []
12:26:54,672 - []
12:26:54,689 - []
12:26:54,706 - []
12:26:54,721 - []
12:26:54,737 - []
12:26:54,751 - []
12:26:54,766 - []
12:26:54,781 - []
12:26:54,795 - []
12:26:54,809 - []
12:26:54,825 - []
12:26:54,840 - []
12:26:54,855 - []
12:26:54,863 - Bot Bot_2 collided.
12:26:54,869 - []
12:26:54,874 - action Bot_2 goTo(DropZone)
12:26:54,885 - []
12:26:54,900 - []
12:26:54,914 - []
12:26:54,929 - []
12:26:54,943 - []
12:26:54,958 - []
12:26:54,974 - []
12:26:54,990 - []
12:26:55,004 - []
12:26:55,021 - []
12:26:55,036 - []
12:26:55,051 - []
12:26:55,066 - []
12:26:55,082 - []
12:26:55,098 - []
12:26:55,113 - []
12:26:55,130 - []
12:26:55,145 - []
12:26:55,160 - []
12:26:55,174 - []
12:26:55,189 - []
12:26:55,206 - []
12:26:55,221 - []
12:26:55,236 - []
12:26:55,250 - []
12:26:55,265 - []
12:26:55,279 - []
12:26:55,295 - []
12:26:55,297 - Bot Bot_2 collided.
12:26:55,311 - []
12:26:55,315 - action Bot_2 goTo(DropZone)
12:26:55,327 - []
12:26:55,342 - []
12:26:55,358 - []
12:26:55,373 - []
12:26:55,389 - []
12:26:55,406 - []
12:26:55,422 - []
12:26:55,439 - []
12:26:55,454 - []
12:26:55,468 - []
12:26:55,484 - []
12:26:55,500 - []
12:26:55,515 - []
12:26:55,530 - []
12:26:55,544 - []
12:26:55,559 - []
12:26:55,574 - []
12:26:55,590 - []
12:26:55,605 - []
12:26:55,621 - []
12:26:55,637 - []
12:26:55,653 - []
12:26:55,669 - []
12:26:55,684 - []
12:26:55,700 - []
12:26:55,718 - []
12:26:55,735 - []
12:26:55,752 - Bot Bot_2 collided.
12:26:55,753 - []
12:26:55,758 - action Bot_2 goTo(DropZone)
12:26:55,773 - []
12:26:55,789 - []
12:26:55,804 - []
12:26:55,819 - []
12:26:55,834 - []
12:26:55,848 - []
12:26:55,865 - []
12:26:55,881 - []
12:26:55,895 - []
12:26:55,910 - []
12:26:55,927 - []
12:26:55,942 - []
12:26:55,956 - []
12:26:55,970 - []
12:26:55,985 - []
12:26:56,001 - []
12:26:56,016 - []
12:26:56,033 - []
12:26:56,047 - []
12:26:56,061 - []
12:26:56,075 - []
12:26:56,090 - []
12:26:56,104 - []
12:26:56,121 - []
12:26:56,136 - []
12:26:56,153 - []
12:26:56,168 - []
12:26:56,184 - []
12:26:56,200 - Bot Bot_2 collided.
12:26:56,200 - []
12:26:56,205 - action Bot_2 goTo(DropZone)
12:26:56,217 - []
12:26:56,234 - []
12:26:56,250 - []
12:26:56,265 - []
12:26:56,281 - []
12:26:56,297 - []
12:26:56,313 - []
12:26:56,328 - []
12:26:56,343 - []
12:26:56,357 - []
12:26:56,372 - []
12:26:56,388 - []
12:26:56,403 - []
12:26:56,419 - []
12:26:56,434 - []
12:26:56,452 - []
12:26:56,471 - []
12:26:56,487 - []
12:26:56,504 - []
12:26:56,521 - []
12:26:56,537 - []
12:26:56,554 - []
12:26:56,571 - []
12:26:56,589 - []
12:26:56,606 - []
12:26:56,622 - []
12:26:56,639 - []
12:26:56,651 - Bot Bot_2 collided.
12:26:56,655 - []
12:26:56,660 - action Bot_2 goTo(DropZone)
12:26:56,674 - []
12:26:56,690 - []
12:26:56,706 - []
12:26:56,722 - []
12:26:56,738 - []
12:26:56,756 - []
12:26:56,772 - []
12:26:56,787 - []
12:26:56,804 - []
12:26:56,820 - []
12:26:56,836 - []
12:26:56,853 - []
12:26:56,871 - []
12:26:56,888 - []
12:26:56,903 - []
12:26:56,920 - []
12:26:56,935 - []
12:26:56,953 - []
12:26:56,969 - []
12:26:56,987 - []
12:26:57,004 - []
12:26:57,021 - []
12:26:57,036 - []
12:26:57,051 - []
12:26:57,067 - []
12:26:57,082 - []
12:26:57,096 - []
12:26:57,099 - Bot Bot_2 collided.
12:26:57,110 - []
12:26:57,115 - action Bot_2 goTo(DropZone)
12:26:57,129 - []
12:26:57,143 - []
12:26:57,158 - []
12:26:57,173 - []
12:26:57,189 - []
12:26:57,206 - []
12:26:57,222 - []
12:26:57,239 - []
12:26:57,256 - []
12:26:57,272 - []
12:26:57,289 - []
12:26:57,305 - []
12:26:57,321 - []
12:26:57,336 - []
12:26:57,351 - []
12:26:57,366 - []
12:26:57,384 - []
12:26:57,401 - []
12:26:57,418 - []
12:26:57,434 - []
12:26:57,451 - []
12:26:57,468 - []
12:26:57,486 - []
12:26:57,502 - []
12:26:57,517 - []
12:26:57,534 - []
12:26:57,551 - []
12:26:57,558 - Bot Bot_2 collided.
12:26:57,568 - []
12:26:57,573 - action Bot_2 goTo(DropZone)
12:26:57,585 - []
12:26:57,600 - []
12:26:57,616 - []
12:26:57,632 - []
12:26:57,646 - []
12:26:57,662 - []
12:26:57,677 - []
12:26:57,695 - []
12:26:57,710 - []
12:26:57,725 - []
12:26:57,740 - []
12:26:57,756 - []
12:26:57,772 - []
12:26:57,789 - []
12:26:57,805 - []
12:26:57,823 - []
12:26:57,840 - []
12:26:57,855 - []
12:26:57,872 - []
12:26:57,888 - []
12:26:57,903 - []
12:26:57,920 - []
12:26:57,935 - []
12:26:57,952 - []
12:26:57,968 - []
12:26:57,985 - []
12:26:58,001 - []
12:26:58,014 - Bot Bot_2 collided.
12:26:58,018 - []
12:26:58,022 - action Bot_2 goTo(DropZone)
12:26:58,037 - []
12:26:58,053 - []
12:26:58,069 - []
12:26:58,085 - []
12:26:58,102 - []
12:26:58,118 - []
12:26:58,133 - []
12:26:58,150 - []
12:26:58,168 - []
12:26:58,185 - []
12:26:58,200 - []
12:26:58,218 - []
12:26:58,233 - []
12:26:58,249 - []
12:26:58,264 - []
12:26:58,279 - []
12:26:58,295 - []
12:26:58,312 - []
12:26:58,326 - []
12:26:58,342 - []
12:26:58,358 - []
12:26:58,374 - []
12:26:58,389 - []
12:26:58,406 - []
12:26:58,422 - []
12:26:58,437 - []
12:26:58,452 - []
12:26:58,464 - Bot Bot_2 collided.
12:26:58,470 - []
12:26:58,475 - action Bot_2 goTo(DropZone)
12:26:58,488 - []
12:26:58,503 - []
12:26:58,517 - []
12:26:58,533 - []
12:26:58,548 - []
12:26:58,565 - []
12:26:58,582 - []
12:26:58,600 - []
12:26:58,615 - []
12:26:58,630 - []
12:26:58,645 - []
12:26:58,660 - []
12:26:58,675 - []
12:26:58,690 - []
12:26:58,705 - []
12:26:58,722 - []
12:26:58,739 - []
12:26:58,754 - []
12:26:58,769 - []
12:26:58,784 - []
12:26:58,802 - []
12:26:58,818 - []
12:26:58,833 - []
12:26:58,850 - []
12:26:58,868 - []
12:26:58,885 - []
12:26:58,901 - []
12:26:58,916 - []
12:26:58,921 - Bot Bot_2 collided.
12:26:58,933 - []
12:26:58,939 - action Bot_2 goTo(DropZone)
12:26:58,954 - []
12:26:58,969 - []
12:26:58,986 - []
12:26:59,002 - []
12:26:59,020 - []
12:26:59,035 - []
12:26:59,050 - []
12:26:59,065 - []
12:26:59,079 - []
12:26:59,094 - []
12:26:59,108 - []
12:26:59,123 - []
12:26:59,139 - []
12:26:59,153 - []
12:26:59,168 - []
12:26:59,184 - []
12:26:59,198 - []
12:26:59,212 - []
12:26:59,227 - []
12:26:59,241 - []
12:26:59,256 - []
12:26:59,271 - []
12:26:59,286 - []
12:26:59,300 - []
12:26:59,315 - []
12:26:59,331 - []
12:26:59,345 - []
12:26:59,362 - []
12:26:59,365 - Bot Bot_2 collided.
12:26:59,378 - []
12:26:59,382 - action Bot_2 goTo(DropZone)
12:26:59,394 - []
12:26:59,409 - []
12:26:59,426 - []
12:26:59,444 - []
12:26:59,460 - []
12:26:59,474 - []
12:26:59,488 - []
12:26:59,503 - []
12:26:59,519 - []
12:26:59,535 - []
12:26:59,551 - []
12:26:59,567 - []
12:26:59,584 - []
12:26:59,600 - []
12:26:59,618 - []
12:26:59,634 - []
12:26:59,650 - []
12:26:59,666 - []
12:26:59,683 - []
12:26:59,699 - []
12:26:59,716 - []
12:26:59,731 - []
12:26:59,749 - []
12:26:59,765 - []
12:26:59,780 - []
12:26:59,797 - []
12:26:59,815 - []
12:26:59,824 - Bot Bot_2 collided.
12:26:59,831 - []
12:26:59,836 - action Bot_2 goTo(DropZone)
12:26:59,848 - []
12:26:59,864 - []
12:26:59,878 - []
12:26:59,895 - []
12:26:59,911 - []
12:26:59,926 - []
12:26:59,940 - []
12:26:59,957 - []
12:26:59,972 - []
12:26:59,986 - []
12:27:00,002 - []
12:27:00,018 - []
12:27:00,033 - []
12:27:00,047 - []
12:27:00,065 - []
12:27:00,082 - []
12:27:00,099 - []
12:27:00,118 - []
12:27:00,134 - []
12:27:00,150 - []
12:27:00,167 - []
12:27:00,183 - []
12:27:00,199 - []
12:27:00,216 - []
12:27:00,232 - []
12:27:00,249 - []
12:27:00,264 - []
12:27:00,274 - Bot Bot_2 collided.
12:27:00,280 - []
12:27:00,285 - action Bot_2 goTo(DropZone)
12:27:00,297 - []
12:27:00,313 - []
12:27:00,329 - []
12:27:00,344 - []
12:27:00,359 - []
12:27:00,374 - []
12:27:00,390 - []
12:27:00,406 - []
12:27:00,423 - []
12:27:00,439 - []
12:27:00,455 - []
12:27:00,472 - []
12:27:00,489 - []
12:27:00,505 - []
12:27:00,522 - []
12:27:00,539 - []
12:27:00,555 - []
12:27:00,573 - []
12:27:00,590 - []
12:27:00,605 - []
12:27:00,622 - []
12:27:00,639 - []
12:27:00,655 - []
12:27:00,672 - []
12:27:00,689 - []
12:27:00,706 - []
12:27:00,722 - []
12:27:00,737 - Bot Bot_2 collided.
12:27:00,738 - []
12:27:00,743 - action Bot_2 goTo(DropZone)
12:27:00,755 - []
12:27:00,773 - []
12:27:00,790 - []
12:27:00,805 - []
12:27:00,823 - []
12:27:00,840 - []
12:27:00,855 - []
12:27:00,871 - []
12:27:00,886 - []
12:27:00,903 - []
12:27:00,920 - []
12:27:00,937 - []
12:27:00,955 - []
12:27:00,973 - []
12:27:00,989 - []
12:27:01,005 - []
12:27:01,022 - []
12:27:01,039 - []
12:27:01,055 - []
12:27:01,069 - []
12:27:01,087 - []
12:27:01,105 - []
12:27:01,123 - []
12:27:01,139 - []
12:27:01,157 - []
12:27:01,173 - []
12:27:01,189 - []
12:27:01,202 - Bot Bot_2 collided.
12:27:01,206 - []
12:27:01,211 - action Bot_2 goTo(DropZone)
12:27:01,223 - []
12:27:01,238 - []
12:27:01,256 - []
12:27:01,271 - []
12:27:01,288 - []
12:27:01,305 - []
12:27:01,321 - []
12:27:01,336 - []
12:27:01,354 - []
12:27:01,372 - []
12:27:01,388 - []
12:27:01,406 - []
12:27:01,422 - []
12:27:01,440 - []
12:27:01,455 - []
12:27:01,472 - []
12:27:01,489 - []
12:27:01,506 - []
12:27:01,523 - []
12:27:01,540 - []
12:27:01,556 - []
12:27:01,573 - []
12:27:01,590 - []
12:27:01,607 - []
12:27:01,622 - []
12:27:01,638 - []
12:27:01,656 - []
12:27:01,658 - Bot Bot_2 collided.
12:27:01,673 - []
12:27:01,678 - action Bot_2 goTo(DropZone)
12:27:01,690 - []
12:27:01,706 - []
12:27:01,722 - []
12:27:01,736 - []
12:27:01,751 - []
12:27:01,768 - []
12:27:01,786 - []
12:27:01,804 - []
12:27:01,822 - []
12:27:01,839 - []
12:27:01,856 - []
12:27:01,873 - []
12:27:01,889 - []
12:27:01,906 - []
12:27:01,923 - []
12:27:01,939 - []
12:27:01,956 - []
12:27:01,972 - []
12:27:01,989 - []
12:27:02,006 - []
12:27:02,022 - []
12:27:02,039 - []
12:27:02,055 - []
12:27:02,073 - []
12:27:02,089 - []
12:27:02,108 - []
12:27:02,124 - []
12:27:02,134 - Bot Bot_2 collided.
12:27:02,139 - []
12:27:02,144 - action Bot_2 goTo(DropZone)
12:27:02,156 - []
12:27:02,172 - []
12:27:02,190 - []
12:27:02,206 - []
12:27:02,222 - []
12:27:02,239 - []
12:27:02,255 - []
12:27:02,272 - []
12:27:02,290 - []
12:27:02,307 - []
12:27:02,323 - []
12:27:02,339 - []
12:27:02,356 - []
12:27:02,371 - []
12:27:02,389 - []
12:27:02,406 - []
12:27:02,422 - []
12:27:02,439 - []
12:27:02,456 - []
12:27:02,473 - []
12:27:02,489 - []
12:27:02,506 - []
12:27:02,523 - []
12:27:02,539 - []
12:27:02,556 - []
12:27:02,574 - []
12:27:02,590 - []
12:27:02,598 - Bot Bot_2 collided.
12:27:02,606 - []
12:27:02,610 - action Bot_2 goTo(DropZone)
12:27:02,622 - []
12:27:02,639 - []
12:27:02,653 - []
12:27:02,672 - []
12:27:02,689 - []
12:27:02,706 - []
12:27:02,722 - []
12:27:02,739 - []
12:27:02,756 - []
12:27:02,772 - []
12:27:02,789 - []
12:27:02,807 - []
12:27:02,822 - []
12:27:02,839 - []
12:27:02,854 - []
12:27:02,872 - []
12:27:02,889 - []
12:27:02,905 - []
12:27:02,922 - []
12:27:02,939 - []
12:27:02,956 - []
12:27:02,973 - []
12:27:02,990 - []
12:27:03,006 - []
12:27:03,022 - []
12:27:03,040 - []
12:27:03,057 - []
12:27:03,065 - Bot Bot_2 collided.
12:27:03,072 - []
12:27:03,078 - action Bot_2 goTo(DropZone)
12:27:03,090 - []
12:27:03,106 - []
12:27:03,122 - []
12:27:03,139 - []
12:27:03,155 - []
12:27:03,171 - []
12:27:03,186 - []
12:27:03,203 - []
12:27:03,219 - []
12:27:03,236 - []
12:27:03,252 - []
12:27:03,269 - []
12:27:03,284 - []
