23:37:05,258 - sequence
23:37:05,258 - room RoomA3 contains blocks:  B W B
23:37:05,258 - room RoomA2 contains blocks:  G R G
23:37:05,259 - room RoomB3 contains blocks:  W G B
23:37:05,259 - room RoomC1 contains blocks:  W O Y P
23:37:05,259 - room RoomA1 contains blocks:  B R
23:37:05,259 - room RoomB2 contains blocks:  G W
23:37:05,259 - room RoomC3 contains blocks:  Y O P O R
23:37:05,259 - room RoomB1 contains blocks:  P B
23:37:05,259 - room RoomC2 contains blocks:  G W G Y
23:37:05,259 - sequence B W G P Y W
01:03:42,557 - []
01:03:42,590 - action Bot_1 goTo(RoomA1)
01:03:42,608 - []
01:03:42,636 - []
01:03:42,658 - []
01:03:42,679 - []
01:03:42,697 - []
01:03:42,716 - []
01:03:42,735 - []
01:03:42,753 - []
01:03:42,773 - []
01:03:42,792 - []
01:03:42,811 - []
01:03:42,830 - []
01:03:42,848 - []
01:03:42,866 - []
01:03:42,885 - []
01:03:42,903 - []
01:03:42,921 - []
01:03:42,937 - []
01:03:42,953 - []
01:03:42,970 - []
01:03:42,987 - []
01:03:43,004 - []
01:03:43,020 - []
01:03:43,038 - []
01:03:43,055 - []
01:03:43,073 - []
01:03:43,089 - []
01:03:43,109 - []
01:03:43,129 - []
01:03:43,147 - []
01:03:43,164 - []
01:03:43,181 - []
01:03:43,197 - []
01:03:43,215 - []
01:03:43,233 - []
01:03:43,251 - []
01:03:43,268 - []
01:03:43,285 - []
01:03:43,302 - []
01:03:43,319 - []
01:03:43,338 - []
01:03:43,355 - []
01:03:43,371 - []
01:03:43,388 - []
01:03:43,407 - []
01:03:43,425 - []
01:03:43,443 - []
01:03:43,460 - []
01:03:43,477 - []
01:03:43,493 - []
01:03:43,509 - []
01:03:43,526 - []
01:03:43,544 - []
01:03:43,560 - []
01:03:43,577 - []
01:03:43,594 - []
01:03:43,611 - []
01:03:43,629 - []
01:03:43,647 - []
01:03:43,665 - []
01:03:43,681 - []
01:03:43,698 - []
01:03:43,715 - []
01:03:43,732 - []
01:03:43,751 - []
01:03:43,768 - []
01:03:43,785 - []
01:03:43,803 - []
01:03:43,823 - []
01:03:43,842 - []
01:03:43,859 - []
01:03:43,877 - []
01:03:43,894 - []
01:03:43,913 - []
01:03:43,932 - []
01:03:43,948 - []
01:03:43,967 - []
01:03:43,985 - []
01:03:44,001 - []
01:03:44,018 - []
01:03:44,034 - []
01:03:44,050 - []
01:03:44,067 - []
01:03:44,084 - []
01:03:44,100 - []
01:03:44,117 - []
01:03:44,135 - []
01:03:44,152 - []
01:03:44,169 - []
01:03:44,184 - []
01:03:44,201 - []
01:03:44,218 - []
01:03:44,235 - []
01:03:44,252 - []
01:03:44,268 - []
01:03:44,286 - []
01:03:44,302 - []
01:03:44,320 - []
01:03:44,336 - []
01:03:44,352 - []
01:03:44,367 - []
01:03:44,383 - []
01:03:44,399 - []
01:03:44,415 - []
01:03:44,431 - []
01:03:44,448 - []
01:03:44,464 - []
01:03:44,480 - []
01:03:44,497 - []
01:03:44,514 - []
01:03:44,531 - []
01:03:44,546 - []
01:03:44,563 - []
01:03:44,580 - []
01:03:44,597 - []
01:03:44,615 - []
01:03:44,631 - []
01:03:44,647 - []
01:03:44,666 - []
01:03:44,684 - []
01:03:44,701 - []
01:03:44,718 - []
01:03:44,734 - []
01:03:44,750 - []
01:03:44,767 - []
01:03:44,787 - []
01:03:44,803 - []
01:03:44,820 - []
01:03:44,838 - []
01:03:44,856 - []
01:03:44,874 - []
01:03:44,892 - []
01:03:44,909 - []
01:03:44,926 - []
01:03:44,944 - []
01:03:44,962 - []
01:03:44,980 - []
01:03:44,997 - []
01:03:45,014 - []
01:03:45,031 - []
01:03:45,046 - []
01:03:45,062 - []
01:03:45,078 - []
01:03:45,095 - []
01:03:45,111 - []
01:03:45,128 - []
01:03:45,144 - []
01:03:45,160 - []
01:03:45,177 - []
01:03:45,193 - []
01:03:45,208 - []
01:03:45,224 - []
01:03:45,243 - []
01:03:45,260 - []
01:03:45,276 - []
01:03:45,293 - []
01:03:45,311 - []
01:03:45,327 - []
01:03:45,344 - []
01:03:45,360 - []
01:03:45,376 - []
01:03:45,393 - []
01:03:45,409 - []
01:03:45,427 - []
01:03:45,443 - []
01:03:45,459 - []
01:03:45,477 - []
01:03:45,495 - []
01:03:45,513 - []
01:03:45,530 - []
01:03:45,547 - []
01:03:45,564 - []
01:03:45,580 - []
01:03:45,601 - []
01:03:45,618 - []
01:03:45,634 - []
01:03:45,649 - []
01:03:45,665 - []
01:03:45,683 - []
01:03:45,700 - []
01:03:45,715 - []
01:03:45,731 - []
01:03:45,748 - []
01:03:45,766 - []
01:03:45,781 - []
01:03:45,799 - []
01:03:45,815 - []
01:03:45,830 - []
01:03:45,847 - []
01:03:45,864 - []
01:03:45,881 - []
01:03:45,897 - []
01:03:45,913 - []
01:03:45,931 - []
01:03:45,948 - []
01:03:45,964 - []
01:03:45,980 - []
01:03:45,996 - []
01:03:46,014 - []
01:03:46,030 - []
01:03:46,048 - []
01:03:46,067 - []
01:03:46,085 - []
01:03:46,101 - []
01:03:46,119 - []
01:03:46,135 - []
01:03:46,152 - []
01:03:46,170 - []
01:03:46,186 - []
01:03:46,203 - []
01:03:46,219 - []
01:03:46,236 - []
01:03:46,253 - []
01:03:46,269 - []
01:03:46,284 - []
01:03:46,300 - []
01:03:46,315 - []
01:03:46,332 - []
01:03:46,349 - []
01:03:46,364 - []
01:03:46,381 - []
01:03:46,395 - []
01:03:46,412 - []
01:03:46,428 - []
01:03:46,444 - []
01:03:46,459 - []
01:03:46,475 - []
01:03:46,492 - []
01:03:46,508 - []
01:03:46,526 - []
01:03:46,542 - []
01:03:46,559 - []
01:03:46,576 - []
01:03:46,595 - []
01:03:46,612 - []
01:03:46,628 - []
01:03:46,643 - []
01:03:46,661 - []
01:03:46,679 - []
01:03:46,694 - []
01:03:46,711 - []
01:03:46,727 - []
01:03:46,745 - []
01:03:46,761 - []
01:03:46,776 - []
01:03:46,792 - []
01:03:46,809 - []
01:03:46,825 - []
01:03:46,842 - []
01:03:46,859 - []
01:03:46,877 - []
01:03:46,894 - []
01:03:46,910 - []
01:03:46,927 - []
01:03:46,943 - []
01:03:46,958 - []
01:03:46,975 - []
01:03:46,992 - []
01:03:47,009 - []
01:03:47,027 - []
01:03:47,043 - []
01:03:47,060 - []
01:03:47,077 - []
01:03:47,094 - []
01:03:47,109 - []
01:03:47,125 - []
01:03:47,142 - []
01:03:47,158 - []
01:03:47,175 - []
01:03:47,192 - []
01:03:47,208 - []
01:03:47,225 - []
01:03:47,242 - []
01:03:47,258 - []
01:03:47,275 - []
01:03:47,292 - []
01:03:47,309 - []
01:03:47,326 - []
01:03:47,344 - []
01:03:47,360 - []
01:03:47,375 - []
01:03:47,390 - []
01:03:47,407 - []
01:03:47,424 - []
01:03:47,439 - []
01:03:47,455 - []
01:03:47,471 - []
01:03:47,486 - []
01:03:47,501 - []
01:03:47,517 - []
01:03:47,534 - []
01:03:47,551 - []
01:03:47,568 - []
01:03:47,584 - []
01:03:47,602 - []
01:03:47,617 - []
01:03:47,634 - []
01:03:47,650 - []
01:03:47,668 - []
01:03:47,684 - []
01:03:47,701 - []
01:03:47,717 - []
01:03:47,734 - []
01:03:47,751 - []
01:03:47,766 - []
01:03:47,783 - []
01:03:47,799 - []
01:03:47,815 - []
01:03:47,830 - []
01:03:47,847 - []
01:03:47,865 - []
01:03:47,881 - []
01:03:47,897 - []
01:03:47,914 - []
01:03:47,931 - []
01:03:47,947 - []
01:03:47,963 - []
01:03:47,980 - []
01:03:47,996 - []
01:03:48,013 - []
01:03:48,030 - []
01:03:48,047 - []
01:03:48,063 - []
01:03:48,080 - []
01:03:48,097 - []
01:03:48,115 - []
01:03:48,131 - []
01:03:48,146 - []
01:03:48,163 - []
01:03:48,180 - []
01:03:48,196 - []
01:03:48,213 - []
01:03:48,231 - []
01:03:48,248 - []
01:03:48,263 - []
01:03:48,279 - []
01:03:48,296 - []
01:03:48,313 - []
01:03:48,329 - []
01:03:48,345 - []
01:03:48,360 - []
01:03:48,376 - []
01:03:48,392 - []
01:03:48,408 - []
01:03:48,425 - []
01:03:48,442 - []
01:03:48,458 - []
01:03:48,475 - []
01:03:48,490 - []
01:03:48,507 - []
01:03:48,525 - []
01:03:48,540 - []
01:03:48,559 - []
01:03:48,575 - []
01:03:48,592 - []
01:03:48,610 - []
01:03:48,628 - []
01:03:48,643 - []
01:03:48,660 - []
01:03:48,677 - []
01:03:48,694 - []
01:03:48,711 - []
01:03:48,730 - []
01:03:48,747 - []
01:03:48,764 - []
01:03:48,780 - []
01:03:48,796 - []
01:03:48,812 - []
01:03:48,827 - []
01:03:48,845 - []
01:03:48,863 - []
01:03:48,879 - []
01:03:48,896 - []
01:03:48,912 - []
01:03:48,928 - []
01:03:48,945 - []
01:03:48,960 - []
01:03:48,979 - []
01:03:48,996 - []
01:03:49,013 - []
01:03:49,029 - []
01:03:49,046 - []
01:03:49,063 - []
01:03:49,079 - []
01:03:49,095 - []
01:03:49,111 - []
01:03:49,127 - []
01:03:49,142 - []
01:03:49,158 - []
01:03:49,177 - []
01:03:49,193 - []
01:03:49,211 - []
01:03:49,229 - []
01:03:49,246 - []
01:03:49,264 - []
01:03:49,280 - []
01:03:49,297 - []
01:03:49,313 - []
01:03:49,330 - []
01:03:49,346 - []
01:03:49,363 - []
01:03:49,380 - []
01:03:49,396 - []
01:03:49,413 - []
01:03:49,430 - []
01:03:49,446 - []
01:03:49,463 - []
01:03:49,479 - []
01:03:49,497 - []
01:03:49,513 - []
01:03:49,531 - []
01:03:49,546 - []
01:03:49,563 - []
01:03:49,579 - []
01:03:49,595 - []
01:03:49,613 - []
01:03:49,630 - []
01:03:49,646 - []
01:03:49,663 - []
01:03:49,680 - []
01:03:49,696 - []
01:03:49,713 - []
01:03:49,730 - []
01:03:49,745 - []
01:03:49,763 - []
01:03:49,780 - []
01:03:49,796 - []
01:03:49,811 - []
01:03:49,826 - []
01:03:49,842 - []
01:03:49,859 - []
01:03:49,874 - []
01:03:49,890 - []
01:03:49,907 - []
01:03:49,924 - []
01:03:49,940 - []
01:03:49,955 - []
01:03:49,969 - []
01:03:49,984 - []
01:03:50,001 - []
01:03:50,019 - []
01:03:50,035 - []
01:03:50,051 - []
01:03:50,067 - []
01:03:50,082 - []
01:03:50,098 - []
01:03:50,115 - []
01:03:50,132 - []
01:03:50,147 - []
01:03:50,163 - []
01:03:50,178 - []
01:03:50,193 - []
01:03:50,208 - []
01:03:50,225 - []
01:03:50,242 - []
01:03:50,258 - []
01:03:50,275 - []
01:03:50,292 - []
01:03:50,308 - []
01:03:50,325 - []
01:03:50,340 - []
01:03:50,355 - []
01:03:50,369 - []
01:03:50,386 - []
01:03:50,401 - []
01:03:50,417 - []
01:03:50,433 - []
01:03:50,449 - []
01:03:50,465 - []
01:03:50,480 - []
01:03:50,495 - []
01:03:50,512 - []
01:03:50,527 - []
01:03:50,542 - []
01:03:50,558 - []
01:03:50,574 - []
01:03:50,589 - []
01:03:50,605 - []
01:03:50,622 - []
01:03:50,638 - []
01:03:50,653 - []
01:03:50,669 - []
01:03:50,686 - []
01:03:50,702 - []
01:03:50,717 - []
01:03:50,734 - []
01:03:50,751 - []
01:03:50,767 - []
01:03:50,782 - []
01:03:50,797 - []
01:03:50,813 - []
01:03:50,830 - []
01:03:50,846 - []
01:03:50,864 - []
01:03:50,881 - []
01:03:50,898 - []
01:03:50,913 - []
01:03:50,932 - []
01:03:50,950 - []
01:03:50,965 - []
01:03:50,980 - []
01:03:50,996 - []
01:03:51,013 - []
01:03:51,030 - []
01:03:51,047 - []
01:03:51,064 - []
01:03:51,080 - []
01:03:51,096 - []
01:03:51,112 - []
01:03:51,128 - []
01:03:51,145 - []
01:03:51,162 - []
01:03:51,180 - []
01:03:51,197 - []
01:03:51,213 - []
01:03:51,230 - []
01:03:51,246 - []
01:03:51,264 - []
01:03:51,279 - []
01:03:51,295 - []
01:03:51,311 - []
01:03:51,326 - []
01:03:51,342 - []
01:03:51,359 - []
01:03:51,376 - []
01:03:51,391 - []
01:03:51,406 - []
01:03:51,423 - []
01:03:51,440 - []
01:03:51,456 - []
01:03:51,472 - []
01:03:51,488 - []
01:03:51,503 - []
01:03:51,518 - []
01:03:51,533 - []
01:03:51,548 - []
01:03:51,565 - []
01:03:51,580 - []
01:03:51,596 - []
01:03:51,610 - []
01:03:51,626 - []
01:03:51,644 - []
01:03:51,659 - []
01:03:51,675 - []
01:03:51,691 - []
01:03:51,706 - []
01:03:51,722 - []
01:03:51,736 - []
01:03:51,751 - []
01:03:51,767 - []
01:03:51,784 - []
01:03:51,799 - []
01:03:51,815 - []
01:03:51,832 - []
01:03:51,848 - []
01:03:51,863 - []
01:03:51,880 - []
01:03:51,896 - []
01:03:51,914 - []
01:03:51,931 - []
01:03:51,947 - []
01:03:51,963 - []
01:03:51,980 - []
01:03:51,996 - []
01:03:52,013 - []
01:03:52,030 - []
01:03:52,046 - []
01:03:52,063 - []
01:03:52,079 - []
01:03:52,095 - []
01:03:52,110 - []
01:03:52,128 - []
01:03:52,145 - []
01:03:52,161 - []
01:03:52,176 - []
01:03:52,193 - []
01:03:52,209 - []
01:03:52,225 - []
01:03:52,240 - []
01:03:52,256 - []
01:03:52,272 - []
01:03:52,289 - []
01:03:52,304 - []
01:03:52,319 - []
01:03:52,333 - []
01:03:52,348 - []
01:03:52,365 - []
01:03:52,380 - []
01:03:52,397 - []
01:03:52,413 - []
01:03:52,428 - []
01:03:52,446 - []
01:03:52,463 - []
01:03:52,479 - []
01:03:52,495 - []
01:03:52,510 - []
01:03:52,525 - []
01:03:52,542 - []
01:03:52,558 - []
01:03:52,574 - []
01:03:52,590 - []
01:03:52,606 - []
01:03:52,623 - []
01:03:52,640 - []
01:03:52,655 - []
01:03:52,670 - []
01:03:52,686 - []
01:03:52,701 - []
01:03:52,715 - []
01:03:52,731 - []
01:03:52,746 - []
01:03:52,762 - []
01:03:52,777 - []
01:03:52,792 - []
01:03:52,808 - []
01:03:52,823 - []
01:03:52,837 - []
01:03:52,851 - []
01:03:52,866 - []
01:03:52,882 - []
01:03:52,897 - []
01:03:52,912 - []
01:03:52,927 - []
01:03:52,942 - []
01:03:52,958 - []
01:03:52,976 - []
01:03:52,993 - []
01:03:53,010 - []
01:03:53,026 - []
01:03:53,042 - []
01:03:53,059 - []
01:03:53,075 - []
01:03:53,092 - []
01:03:53,108 - []
01:03:53,123 - []
01:03:53,139 - []
01:03:53,157 - []
01:03:53,172 - []
01:03:53,189 - []
01:03:53,208 - []
01:03:53,226 - []
01:03:53,243 - []
01:03:53,261 - []
01:03:53,279 - []
01:03:53,296 - []
01:03:53,313 - []
01:03:53,330 - []
01:03:53,346 - []
01:03:53,363 - []
01:03:53,380 - []
01:03:53,397 - []
01:03:53,414 - []
01:03:53,430 - []
01:03:53,447 - []
01:03:53,464 - []
01:03:53,480 - []
01:03:53,497 - []
01:03:53,514 - []
01:03:53,530 - []
01:03:53,547 - []
01:03:53,566 - []
01:03:53,582 - []
01:03:53,598 - []
01:03:53,615 - []
01:03:53,631 - []
01:03:53,647 - []
01:03:53,664 - []
01:03:53,680 - []
01:03:53,697 - []
01:03:53,713 - []
01:03:53,728 - []
01:03:53,745 - []
01:03:53,761 - []
01:03:53,777 - []
01:03:53,794 - []
01:03:53,810 - []
01:03:53,826 - []
01:03:53,841 - []
01:03:53,858 - []
01:03:53,876 - []
01:03:53,891 - []
01:03:53,908 - []
01:03:53,926 - []
01:03:53,943 - []
01:03:53,958 - []
01:03:53,975 - []
01:03:53,991 - []
01:03:54,007 - []
01:03:54,023 - []
01:03:54,039 - []
01:03:54,055 - []
01:03:54,070 - []
01:03:54,087 - []
01:03:54,103 - []
01:03:54,120 - []
01:03:54,134 - []
01:03:54,148 - []
01:03:54,163 - []
01:03:54,178 - []
01:03:54,194 - []
01:03:54,211 - []
01:03:54,226 - []
01:03:54,242 - []
01:03:54,259 - []
01:03:54,275 - []
01:03:54,293 - []
01:03:54,308 - []
01:03:54,324 - []
01:03:54,341 - []
01:03:54,357 - []
01:03:54,374 - []
01:03:54,391 - []
01:03:54,409 - []
01:03:54,426 - []
01:03:54,442 - []
01:03:54,457 - []
01:03:54,473 - []
01:03:54,488 - []
01:03:54,503 - []
01:03:54,517 - []
01:03:54,535 - []
01:03:54,550 - []
01:03:54,565 - []
01:03:54,581 - []
01:03:54,598 - []
01:03:54,615 - []
01:03:54,630 - []
01:03:54,646 - []
01:03:54,664 - []
01:03:54,680 - []
01:03:54,696 - []
01:03:54,712 - []
01:03:54,728 - []
01:03:54,745 - []
01:03:54,763 - []
01:03:54,780 - []
01:03:54,797 - []
01:03:54,812 - []
01:03:54,828 - []
01:03:54,843 - []
01:03:54,859 - []
01:03:54,875 - []
01:03:54,892 - []
01:03:54,909 - []
01:03:54,926 - []
01:03:54,942 - []
01:03:54,959 - []
01:03:54,976 - []
01:03:54,993 - []
01:03:55,014 - []
01:03:55,037 - []
01:03:55,059 - []
01:03:55,080 - []
01:03:55,096 - []
01:03:55,114 - []
01:03:55,130 - []
01:03:55,147 - []
01:03:55,163 - []
01:03:55,180 - []
01:03:55,197 - []
01:03:55,214 - []
01:03:55,229 - []
01:03:55,246 - []
01:03:55,263 - []
01:03:55,280 - []
01:03:55,295 - []
01:03:55,313 - []
01:03:55,329 - []
01:03:55,347 - []
01:03:55,364 - []
01:03:55,380 - []
01:03:55,397 - []
01:03:55,414 - []
01:03:55,431 - []
01:03:55,447 - []
01:03:55,463 - []
01:03:55,480 - []
01:03:55,497 - []
01:03:55,513 - []
01:03:55,530 - []
01:03:55,547 - []
01:03:55,564 - []
01:03:55,580 - []
01:03:55,596 - []
01:03:55,614 - []
01:03:55,630 - []
01:03:55,646 - []
01:03:55,663 - []
01:03:55,680 - []
01:03:55,696 - []
01:03:55,714 - []
01:03:55,730 - []
01:03:55,747 - []
01:03:55,763 - []
01:03:55,780 - []
01:03:55,796 - []
01:03:55,814 - []
01:03:55,830 - []
01:03:55,846 - []
01:03:55,863 - []
01:03:55,881 - []
01:03:55,897 - []
01:03:55,914 - []
01:03:55,929 - []
01:03:55,947 - []
01:03:55,961 - []
01:03:55,976 - []
01:03:55,992 - []
01:03:56,009 - []
01:03:56,027 - []
01:03:56,042 - []
01:03:56,059 - []
01:03:56,076 - []
01:03:56,091 - []
01:03:56,109 - []
01:03:56,126 - []
01:03:56,142 - []
01:03:56,160 - []
01:03:56,177 - []
01:03:56,191 - []
01:03:56,207 - []
01:03:56,222 - []
01:03:56,239 - []
01:03:56,256 - []
01:03:56,272 - []
01:03:56,287 - []
01:03:56,303 - []
01:03:56,318 - []
01:03:56,335 - []
01:03:56,351 - []
01:03:56,368 - []
01:03:56,385 - []
01:03:56,401 - []
01:03:56,416 - []
01:03:56,431 - []
01:03:56,446 - []
01:03:56,461 - []
01:03:56,485 - []
01:03:56,501 - []
01:03:56,518 - []
01:03:56,535 - []
01:03:56,551 - []
01:03:56,567 - []
01:03:56,582 - []
01:03:56,599 - []
01:03:56,615 - []
01:03:56,632 - []
01:03:56,648 - []
01:03:56,663 - []
01:03:56,680 - []
01:03:56,696 - []
01:03:56,714 - []
01:03:56,730 - []
01:03:56,746 - []
01:03:56,762 - []
01:03:56,779 - []
01:03:56,796 - []
01:03:56,813 - []
01:03:56,829 - []
01:03:56,844 - []
01:03:56,858 - []
01:03:56,874 - []
01:03:56,889 - []
01:03:56,903 - []
01:03:56,917 - []
01:03:56,934 - []
01:03:56,951 - []
01:03:56,966 - []
01:03:56,982 - []
01:03:56,999 - []
01:03:57,018 - []
01:03:57,034 - []
01:03:57,050 - []
01:03:57,065 - []
01:03:57,081 - []
01:03:57,099 - []
01:03:57,116 - []
01:03:57,134 - []
01:03:57,149 - []
01:03:57,167 - []
01:03:57,182 - []
01:03:57,198 - []
01:03:57,214 - []
01:03:57,230 - []
01:03:57,246 - []
01:03:57,262 - []
01:03:57,279 - []
01:03:57,296 - []
01:03:57,313 - []
01:03:57,330 - []
01:03:57,346 - []
01:03:57,363 - []
01:03:57,380 - []
01:03:57,396 - []
01:03:57,413 - []
01:03:57,430 - []
01:03:57,446 - []
01:03:57,462 - []
01:03:57,477 - []
01:03:57,492 - []
01:03:57,506 - []
01:03:57,522 - []
01:03:57,538 - []
01:03:57,552 - []
01:03:57,567 - []
01:03:57,582 - []
01:03:57,597 - []
01:03:57,613 - []
01:03:57,629 - []
01:03:57,645 - []
01:03:57,660 - []
01:03:57,675 - []
01:03:57,692 - []
01:03:57,709 - []
01:03:57,724 - []
01:03:57,741 - []
01:03:57,756 - []
01:03:57,771 - []
01:03:57,786 - []
01:03:57,804 - []
01:03:57,821 - []
01:03:57,837 - []
01:03:57,855 - []
01:03:57,874 - []
01:03:57,889 - []
01:03:57,904 - []
01:03:57,919 - []
01:03:57,935 - []
01:03:57,951 - []
01:03:57,968 - []
01:03:57,984 - []
01:03:57,999 - []
01:03:58,015 - []
01:03:58,030 - []
01:03:58,046 - []
01:03:58,062 - []
01:03:58,077 - []
01:03:58,092 - []
01:03:58,108 - []
01:03:58,125 - []
01:03:58,142 - []
01:03:58,158 - []
01:03:58,175 - []
01:03:58,190 - []
01:03:58,207 - []
01:03:58,222 - []
01:03:58,238 - []
01:03:58,254 - []
01:03:58,270 - []
01:03:58,287 - []
01:03:58,303 - []
01:03:58,318 - []
01:03:58,335 - []
01:03:58,352 - []
01:03:58,368 - []
01:03:58,386 - []
01:03:58,402 - []
01:03:58,419 - []
01:03:58,434 - []
01:03:58,450 - []
01:03:58,468 - []
01:03:58,484 - []
01:03:58,502 - []
01:03:58,518 - []
01:03:58,533 - []
01:03:58,551 - []
01:03:58,568 - []
01:03:58,584 - []
01:03:58,602 - []
01:03:58,618 - []
01:03:58,633 - []
01:03:58,648 - []
01:03:58,664 - []
01:03:58,678 - []
01:03:58,694 - []
01:03:58,709 - []
01:03:58,725 - []
01:03:58,742 - []
01:03:58,760 - []
01:03:58,777 - []
01:03:58,793 - []
01:03:58,809 - []
01:03:58,825 - []
01:03:58,843 - []
01:03:58,859 - []
01:03:58,875 - []
01:03:58,893 - []
01:03:58,909 - []
01:03:58,925 - []
01:03:58,939 - []
01:03:58,955 - []
01:03:58,972 - []
01:03:58,989 - []
01:03:59,006 - []
01:03:59,023 - []
01:03:59,039 - []
01:03:59,055 - []
01:03:59,071 - []
01:03:59,086 - []
01:03:59,101 - []
01:03:59,118 - []
01:03:59,136 - []
01:03:59,151 - []
01:03:59,167 - []
01:03:59,183 - []
01:03:59,199 - []
01:03:59,213 - []
01:03:59,229 - []
01:03:59,246 - []
01:03:59,263 - []
01:03:59,280 - []
01:03:59,296 - []
01:03:59,313 - []
01:03:59,329 - []
01:03:59,346 - []
01:03:59,361 - []
01:03:59,375 - []
01:03:59,392 - []
01:03:59,408 - []
01:03:59,425 - []
01:03:59,442 - []
01:03:59,458 - []
01:03:59,475 - []
01:03:59,492 - []
01:03:59,508 - []
01:03:59,526 - []
01:03:59,542 - []
01:03:59,557 - []
01:03:59,575 - []
01:03:59,592 - []
01:03:59,609 - []
01:03:59,623 - []
01:03:59,639 - []
01:03:59,656 - []
01:03:59,673 - []
01:03:59,690 - []
01:03:59,708 - []
01:03:59,726 - []
01:03:59,742 - []
01:03:59,757 - []
01:03:59,772 - []
01:03:59,787 - []
01:03:59,805 - []
01:03:59,821 - []
01:03:59,836 - []
01:03:59,851 - []
01:03:59,868 - []
01:03:59,884 - []
01:03:59,901 - []
01:03:59,918 - []
01:03:59,934 - []
01:03:59,951 - []
01:03:59,968 - []
01:03:59,984 - []
01:03:59,999 - []
01:04:00,015 - []
01:04:00,030 - []
01:04:00,046 - []
01:04:00,063 - []
01:04:00,079 - []
01:04:00,093 - []
01:04:00,108 - []
01:04:00,126 - []
01:04:00,141 - []
01:04:00,158 - []
01:04:00,175 - []
01:04:00,190 - []
01:04:00,205 - []
01:04:00,223 - []
01:04:00,239 - []
01:04:00,256 - []
01:04:00,270 - []
01:04:00,286 - []
01:04:00,303 - []
01:04:00,318 - []
01:04:00,333 - []
01:04:00,348 - []
01:04:00,363 - []
01:04:00,379 - []
01:04:00,395 - []
01:04:00,413 - []
01:04:00,430 - []
01:04:00,446 - []
01:04:00,463 - []
01:04:00,478 - []
01:04:00,495 - []
01:04:00,510 - []
01:04:00,525 - []
01:04:00,542 - []
01:04:00,558 - []
01:04:00,575 - []
01:04:00,592 - []
01:04:00,608 - []
01:04:00,625 - []
01:04:00,641 - []
01:04:00,657 - []
01:04:00,675 - []
01:04:00,692 - []
01:04:00,707 - []
01:04:00,724 - []
01:04:00,743 - []
01:04:00,759 - []
01:04:00,775 - []
01:04:00,793 - []
01:04:00,809 - []
01:04:00,826 - []
01:04:00,841 - []
01:04:00,857 - []
01:04:00,874 - []
01:04:00,892 - []
01:04:00,909 - []
01:04:00,927 - []
01:04:00,944 - []
01:04:00,961 - []
01:04:00,978 - []
01:04:00,996 - []
01:04:01,014 - []
01:04:01,029 - []
01:04:01,046 - []
01:04:01,063 - []
01:04:01,079 - []
01:04:01,096 - []
01:04:01,113 - []
01:04:01,131 - []
01:04:01,146 - []
01:04:01,164 - []
01:04:01,180 - []
01:04:01,197 - []
01:04:01,215 - []
01:04:01,230 - []
01:04:01,246 - []
01:04:01,263 - []
01:04:01,280 - []
01:04:01,297 - []
01:04:01,313 - []
01:04:01,331 - []
01:04:01,346 - []
01:04:01,362 - []
01:04:01,380 - []
01:04:01,396 - []
01:04:01,410 - []
01:04:01,427 - []
01:04:01,443 - []
01:04:01,459 - []
01:04:01,475 - []
01:04:01,493 - []
01:04:01,509 - []
01:04:01,526 - []
01:04:01,542 - []
01:04:01,558 - []
01:04:01,575 - []
01:04:01,591 - []
01:04:01,609 - []
01:04:01,627 - []
01:04:01,643 - []
01:04:01,658 - []
01:04:01,675 - []
01:04:01,693 - []
01:04:01,709 - []
01:04:01,725 - []
01:04:01,743 - []
01:04:01,759 - []
01:04:01,775 - []
01:04:01,792 - []
01:04:01,807 - []
01:04:01,823 - []
01:04:01,841 - []
01:04:01,859 - []
01:04:01,874 - []
01:04:01,892 - []
01:04:01,908 - []
01:04:01,925 - []
01:04:01,940 - []
01:04:01,956 - []
01:04:01,974 - []
01:04:01,991 - []
01:04:02,007 - []
01:04:02,023 - []
01:04:02,039 - []
01:04:02,055 - []
01:04:02,073 - []
01:04:02,092 - []
01:04:02,108 - []
01:04:02,124 - []
01:04:02,142 - []
01:04:02,159 - []
01:04:02,175 - []
01:04:02,192 - []
01:04:02,209 - []
01:04:02,225 - []
01:04:02,242 - []
01:04:02,259 - []
01:04:02,276 - []
01:04:02,291 - []
01:04:02,308 - []
01:04:02,326 - []
01:04:02,343 - []
01:04:02,359 - []
01:04:02,376 - []
01:04:02,392 - []
01:04:02,409 - []
01:04:02,425 - []
01:04:02,442 - []
01:04:02,459 - []
01:04:02,475 - []
01:04:02,493 - []
01:04:02,509 - []
01:04:02,526 - []
01:04:02,543 - []
01:04:02,559 - []
01:04:02,576 - []
01:04:02,592 - []
01:04:02,608 - []
01:04:02,625 - []
01:04:02,643 - []
01:04:02,659 - []
01:04:02,675 - []
01:04:02,690 - []
01:04:02,708 - []
01:04:02,723 - []
01:04:02,740 - []
01:04:02,758 - []
01:04:02,776 - []
01:04:02,792 - []
01:04:02,809 - []
01:04:02,826 - []
01:04:02,843 - []
01:04:02,859 - []
01:04:02,875 - []
01:04:02,892 - []
01:04:02,909 - []
01:04:02,926 - []
01:04:02,942 - []
01:04:02,958 - []
01:04:02,975 - []
01:04:02,991 - []
01:04:03,009 - []
01:04:03,029 - []
01:04:03,046 - []
01:04:03,063 - []
01:04:03,079 - []
01:04:03,096 - []
01:04:03,113 - []
01:04:03,130 - []
01:04:03,148 - []
01:04:03,163 - []
01:04:03,179 - []
01:04:03,197 - []
01:04:03,213 - []
01:04:03,230 - []
01:04:03,246 - []
01:04:03,263 - []
01:04:03,280 - []
01:04:03,296 - []
01:04:03,314 - []
01:04:03,330 - []
01:04:03,348 - []
01:04:03,363 - []
01:04:03,379 - []
01:04:03,396 - []
01:04:03,413 - []
01:04:03,429 - []
01:04:03,447 - []
01:04:03,464 - []
01:04:03,481 - []
01:04:03,500 - []
01:04:03,517 - []
01:04:03,535 - []
01:04:03,574 - []
01:04:03,590 - []
01:04:03,608 - []
01:04:03,625 - []
01:04:03,643 - []
01:04:03,660 - []
01:04:03,679 - []
01:04:03,695 - []
01:04:03,713 - []
01:04:03,729 - []
01:04:03,746 - []
01:04:03,763 - []
01:04:03,780 - []
01:04:03,797 - []
01:04:03,815 - []
01:04:03,830 - []
01:04:03,846 - []
01:04:03,863 - []
01:04:03,881 - []
01:04:03,896 - []
01:04:03,913 - []
01:04:03,931 - []
01:04:03,947 - []
01:04:03,963 - []
01:04:03,981 - []
01:04:03,997 - []
01:04:04,013 - []
01:04:04,029 - []
01:04:04,047 - []
01:04:04,065 - []
01:04:04,080 - []
01:04:04,096 - []
01:04:04,113 - []
01:04:04,131 - []
01:04:04,137 - action Bot_1 goTo(RoomA2)
01:04:04,151 - []
01:04:04,168 - []
01:04:04,184 - []
01:04:04,201 - []
01:04:04,219 - []
01:04:04,235 - []
01:04:04,252 - []
01:04:04,286 - []
01:04:04,302 - []
01:04:04,318 - []
01:04:04,335 - []
01:04:04,351 - []
01:04:04,369 - []
01:04:04,388 - []
01:04:04,406 - []
01:04:04,423 - []
01:04:04,441 - []
01:04:04,460 - []
01:04:04,475 - []
01:04:04,492 - []
01:04:04,509 - []
01:04:04,525 - []
01:04:04,542 - []
01:04:04,559 - []
01:04:04,576 - []
01:04:04,594 - []
01:04:04,612 - []
01:04:04,630 - []
01:04:04,646 - []
01:04:04,662 - []
01:04:04,677 - []
01:04:04,692 - []
01:04:04,709 - []
01:04:04,725 - []
01:04:04,742 - []
01:04:04,760 - []
01:04:04,775 - []
01:04:04,790 - []
01:04:04,808 - []
01:04:04,825 - []
01:04:04,841 - []
01:04:04,859 - []
01:04:04,874 - []
01:04:04,891 - []
01:04:04,908 - []
01:04:04,925 - []
01:04:04,943 - []
01:04:04,961 - []
01:04:04,979 - []
01:04:04,996 - []
01:04:05,014 - []
01:04:05,030 - []
01:04:05,046 - []
01:04:05,063 - []
01:04:05,080 - []
01:04:05,096 - []
01:04:05,113 - []
01:04:05,128 - []
01:04:05,143 - []
01:04:05,159 - []
01:04:05,177 - []
01:04:05,193 - []
01:04:05,211 - []
01:04:05,227 - []
01:04:05,243 - []
01:04:05,258 - []
01:04:05,276 - []
01:04:05,292 - []
01:04:05,307 - []
01:04:05,326 - []
01:04:05,342 - []
01:04:05,359 - []
01:04:05,375 - []
01:04:05,391 - []
01:04:05,408 - []
01:04:05,424 - []
01:04:05,441 - []
01:04:05,457 - []
01:04:05,472 - []
01:04:05,487 - []
01:04:05,502 - []
01:04:05,517 - []
01:04:05,535 - []
01:04:05,551 - []
01:04:05,567 - []
01:04:05,583 - []
01:04:05,599 - []
01:04:05,615 - []
01:04:05,630 - []
01:04:05,646 - []
01:04:05,663 - []
01:04:05,679 - []
01:04:05,695 - []
01:04:05,711 - []
01:04:05,727 - []
01:04:05,743 - []
01:04:05,759 - []
01:04:05,774 - []
01:04:05,791 - []
01:04:05,809 - []
01:04:05,825 - []
01:04:05,841 - []
01:04:05,858 - []
01:04:05,877 - []
01:04:05,893 - []
01:04:05,908 - []
01:04:05,924 - []
01:04:05,940 - []
01:04:05,957 - []
01:04:05,975 - []
01:04:05,992 - []
01:04:06,008 - []
01:04:06,023 - []
01:04:06,040 - []
01:04:06,056 - []
01:04:06,071 - []
01:04:06,085 - []
01:04:06,101 - []
01:04:06,116 - []
01:04:06,131 - []
01:04:06,146 - []
01:04:06,162 - []
01:04:06,178 - []
01:04:06,193 - []
01:04:06,207 - []
01:04:06,222 - []
01:04:06,239 - []
01:04:06,256 - []
01:04:06,270 - []
01:04:06,285 - []
01:04:06,301 - []
01:04:06,317 - []
01:04:06,334 - []
01:04:06,351 - []
01:04:06,369 - []
01:04:06,385 - []
01:04:06,400 - []
01:04:06,418 - []
01:04:06,435 - []
01:04:06,450 - []
01:04:06,466 - []
01:04:06,484 - []
01:04:06,501 - []
01:04:06,518 - []
01:04:06,534 - []
01:04:06,551 - []
01:04:06,567 - []
01:04:06,581 - []
01:04:06,596 - []
01:04:06,611 - []
01:04:06,626 - []
01:04:06,642 - []
01:04:06,658 - []
01:04:06,675 - []
01:04:06,690 - []
01:04:06,704 - []
01:04:06,719 - []
01:04:06,734 - []
01:04:06,750 - []
01:04:06,765 - []
01:04:06,779 - []
01:04:06,794 - []
01:04:06,810 - []
01:04:06,825 - []
01:04:06,842 - []
01:04:06,857 - []
01:04:06,873 - []
01:04:06,887 - []
01:04:06,903 - []
01:04:06,918 - []
01:04:06,933 - []
01:04:06,948 - []
01:04:06,963 - []
01:04:06,979 - []
01:04:06,995 - []
01:04:07,011 - []
01:04:07,027 - []
01:04:07,043 - []
01:04:07,059 - []
01:04:07,075 - []
01:04:07,090 - []
01:04:07,107 - []
01:04:07,123 - []
01:04:07,138 - []
01:04:07,152 - []
01:04:07,168 - []
01:04:07,184 - []
01:04:07,201 - []
01:04:07,217 - []
01:04:07,232 - []
01:04:07,247 - []
01:04:07,263 - []
01:04:07,279 - []
01:04:07,294 - []
01:04:07,308 - []
01:04:07,322 - []
01:04:07,339 - []
01:04:07,354 - []
01:04:07,371 - []
01:04:07,385 - []
01:04:07,401 - []
01:04:07,416 - []
01:04:07,433 - []
01:04:07,447 - []
01:04:07,462 - []
01:04:07,476 - []
01:04:07,492 - []
01:04:07,507 - []
01:04:07,523 - []
01:04:07,538 - []
01:04:07,554 - []
01:04:07,569 - []
01:04:07,584 - []
01:04:07,599 - []
01:04:07,616 - []
01:04:07,631 - []
01:04:07,646 - []
01:04:07,663 - []
01:04:07,681 - []
01:04:07,697 - []
01:04:07,713 - []
01:04:07,730 - []
01:04:07,746 - []
01:04:07,763 - []
01:04:07,779 - []
01:04:07,796 - []
01:04:07,811 - []
01:04:07,826 - []
01:04:07,844 - []
01:04:07,860 - []
01:04:07,878 - []
01:04:07,893 - []
01:04:07,910 - []
01:04:07,925 - []
01:04:07,942 - []
01:04:07,958 - []
01:04:07,975 - []
01:04:07,990 - []
01:04:08,006 - []
01:04:08,022 - []
01:04:08,038 - []
01:04:08,052 - []
01:04:08,069 - []
01:04:08,085 - []
01:04:08,100 - []
01:04:08,119 - []
01:04:08,135 - []
01:04:08,150 - []
01:04:08,168 - []
01:04:08,185 - []
01:04:08,202 - []
01:04:08,217 - []
01:04:08,235 - []
01:04:08,252 - []
01:04:08,268 - []
01:04:08,284 - []
01:04:08,301 - []
01:04:08,318 - []
01:04:08,334 - []
01:04:08,350 - []
01:04:08,368 - []
01:04:08,384 - []
01:04:08,400 - []
01:04:08,417 - []
01:04:08,435 - []
01:04:08,452 - []
01:04:08,468 - []
01:04:08,483 - []
01:04:08,501 - []
01:04:08,518 - []
01:04:08,535 - []
01:04:08,551 - []
01:04:08,568 - []
01:04:08,585 - []
01:04:08,601 - []
01:04:08,619 - []
01:04:08,637 - []
01:04:08,655 - []
01:04:08,672 - []
01:04:08,689 - []
01:04:08,706 - []
01:04:08,724 - []
01:04:08,741 - []
01:04:08,757 - []
01:04:08,773 - []
01:04:08,789 - []
01:04:08,806 - []
01:04:08,825 - []
01:04:08,840 - []
01:04:08,858 - []
01:04:08,876 - []
01:04:08,892 - []
01:04:08,908 - []
01:04:08,925 - []
01:04:08,943 - []
01:04:08,960 - []
01:04:08,975 - []
01:04:08,992 - []
01:04:09,008 - []
01:04:09,024 - []
01:04:09,041 - []
01:04:09,058 - []
01:04:09,076 - []
01:04:09,092 - []
01:04:09,109 - []
01:04:09,127 - []
01:04:09,144 - []
01:04:09,159 - []
01:04:09,177 - []
01:04:09,194 - []
01:04:09,210 - []
01:04:09,228 - []
01:04:09,243 - []
01:04:09,261 - []
01:04:09,276 - []
01:04:09,293 - []
01:04:09,309 - []
01:04:09,326 - []
01:04:09,342 - []
01:04:09,359 - []
01:04:09,376 - []
01:04:09,393 - []
01:04:09,408 - []
01:04:09,426 - []
01:04:09,443 - []
01:04:09,459 - []
01:04:09,477 - []
01:04:09,492 - []
01:04:09,509 - []
01:04:09,526 - []
01:04:09,544 - []
01:04:09,560 - []
01:04:09,579 - []
01:04:09,596 - []
01:04:09,613 - []
01:04:09,630 - []
01:04:09,648 - []
01:04:09,664 - []
01:04:09,680 - []
01:04:09,696 - []
01:04:09,712 - []
01:04:09,729 - []
01:04:09,744 - []
01:04:09,763 - []
01:04:09,779 - []
01:04:09,797 - []
01:04:09,814 - []
01:04:09,829 - []
01:04:09,848 - []
01:04:09,863 - []
01:04:09,879 - []
01:04:09,897 - []
01:04:09,913 - []
01:04:09,929 - []
01:04:09,947 - []
01:04:09,962 - []
01:04:09,980 - []
01:04:09,996 - []
01:04:10,011 - []
01:04:10,029 - []
01:04:10,045 - []
01:04:10,063 - []
01:04:10,080 - []
01:04:10,098 - []
01:04:10,113 - []
01:04:10,129 - []
01:04:10,146 - []
01:04:10,163 - []
01:04:10,179 - []
01:04:10,197 - []
01:04:10,213 - []
01:04:10,230 - []
01:04:10,246 - []
01:04:10,263 - []
01:04:10,279 - []
01:04:10,295 - []
01:04:10,311 - []
01:04:10,326 - []
01:04:10,343 - []
01:04:10,360 - []
01:04:10,375 - []
01:04:10,392 - []
01:04:10,408 - []
01:04:10,424 - []
01:04:10,440 - []
01:04:10,455 - []
01:04:10,469 - []
01:04:10,484 - []
01:04:10,501 - []
01:04:10,517 - []
01:04:10,534 - []
01:04:10,549 - []
01:04:10,566 - []
01:04:10,581 - []
01:04:10,596 - []
01:04:10,611 - []
01:04:10,626 - []
01:04:10,641 - []
01:04:10,658 - []
01:04:10,665 - action Bot_1 goTo(RoomA3)
01:04:10,678 - []
01:04:10,695 - []
01:04:10,710 - []
01:04:10,725 - []
01:04:10,743 - []
01:04:10,758 - []
01:04:10,774 - []
01:04:10,789 - []
01:04:10,806 - []
01:04:10,823 - []
01:04:10,842 - []
01:04:10,858 - []
01:04:10,874 - []
01:04:10,892 - []
01:04:10,906 - []
01:04:10,921 - []
01:04:10,938 - []
01:04:10,956 - []
01:04:10,974 - []
01:04:10,991 - []
01:04:11,009 - []
01:04:11,025 - []
01:04:11,042 - []
01:04:11,058 - []
01:04:11,075 - []
01:04:11,091 - []
01:04:11,109 - []
01:04:11,125 - []
01:04:11,143 - []
01:04:11,158 - []
01:04:11,173 - []
01:04:11,186 - []
01:04:11,201 - []
01:04:11,218 - []
01:04:11,235 - []
01:04:11,252 - []
01:04:11,267 - []
01:04:11,283 - []
01:04:11,301 - []
01:04:11,318 - []
01:04:11,335 - []
01:04:11,351 - []
01:04:11,368 - []
01:04:11,384 - []
01:04:11,400 - []
01:04:11,414 - []
01:04:11,431 - []
01:04:11,447 - []
01:04:11,464 - []
01:04:11,480 - []
01:04:11,495 - []
01:04:11,510 - []
01:04:11,525 - []
01:04:11,542 - []
01:04:11,559 - []
01:04:11,575 - []
01:04:11,590 - []
01:04:11,607 - []
01:04:11,626 - []
01:04:11,642 - []
01:04:11,659 - []
01:04:11,675 - []
01:04:11,692 - []
01:04:11,707 - []
01:04:11,723 - []
01:04:11,740 - []
01:04:11,756 - []
01:04:11,772 - []
01:04:11,789 - []
01:04:11,808 - []
01:04:11,825 - []
01:04:11,843 - []
01:04:11,859 - []
01:04:11,874 - []
01:04:11,888 - []
01:04:11,903 - []
01:04:11,918 - []
01:04:11,934 - []
01:04:11,951 - []
01:04:11,967 - []
01:04:11,982 - []
01:04:11,998 - []
01:04:12,013 - []
01:04:12,029 - []
01:04:12,045 - []
01:04:12,060 - []
01:04:12,074 - []
01:04:12,090 - []
01:04:12,106 - []
01:04:12,123 - []
01:04:12,138 - []
01:04:12,153 - []
01:04:12,167 - []
01:04:12,182 - []
01:04:12,197 - []
01:04:12,213 - []
01:04:12,230 - []
01:04:12,246 - []
01:04:12,262 - []
01:04:12,276 - []
01:04:12,291 - []
01:04:12,309 - []
01:04:12,325 - []
01:04:12,341 - []
01:04:12,356 - []
01:04:12,372 - []
01:04:12,389 - []
01:04:12,406 - []
01:04:12,421 - []
01:04:12,437 - []
01:04:12,451 - []
01:04:12,466 - []
01:04:12,484 - []
01:04:12,501 - []
01:04:12,519 - []
01:04:12,535 - []
01:04:12,550 - []
01:04:12,568 - []
01:04:12,584 - []
01:04:12,598 - []
01:04:12,616 - []
01:04:12,633 - []
01:04:12,651 - []
01:04:12,665 - []
01:04:12,679 - []
01:04:12,696 - []
01:04:12,712 - []
01:04:12,728 - []
01:04:12,743 - []
01:04:12,758 - []
01:04:12,775 - []
01:04:12,790 - []
01:04:12,807 - []
01:04:12,823 - []
01:04:12,839 - []
01:04:12,853 - []
01:04:12,868 - []
01:04:12,882 - []
01:04:12,897 - []
01:04:12,912 - []
01:04:12,926 - []
01:04:12,940 - []
01:04:12,957 - []
01:04:12,973 - []
01:04:12,988 - []
01:04:13,005 - []
01:04:13,022 - []
01:04:13,037 - []
01:04:13,054 - []
01:04:13,070 - []
01:04:13,086 - []
01:04:13,101 - []
01:04:13,118 - []
01:04:13,133 - []
01:04:13,147 - []
01:04:13,161 - []
01:04:13,175 - []
01:04:13,190 - []
01:04:13,207 - []
01:04:13,224 - []
01:04:13,240 - []
01:04:13,256 - []
01:04:13,270 - []
01:04:13,285 - []
01:04:13,301 - []
01:04:13,317 - []
01:04:13,334 - []
01:04:13,348 - []
01:04:13,363 - []
01:04:13,378 - []
01:04:13,393 - []
01:04:13,407 - []
01:04:13,421 - []
01:04:13,436 - []
01:04:13,451 - []
01:04:13,468 - []
01:04:13,482 - []
01:04:13,496 - []
01:04:13,512 - []
01:04:13,528 - []
01:04:13,545 - []
01:04:13,559 - []
01:04:13,574 - []
01:04:13,590 - []
01:04:13,607 - []
01:04:13,623 - []
01:04:13,637 - []
01:04:13,652 - []
01:04:13,667 - []
01:04:13,684 - []
01:04:13,698 - []
01:04:13,715 - []
01:04:13,731 - []
01:04:13,748 - []
01:04:13,763 - []
01:04:13,778 - []
01:04:13,794 - []
01:04:13,808 - []
01:04:13,824 - []
01:04:13,839 - []
01:04:13,854 - []
01:04:13,869 - []
01:04:13,885 - []
01:04:13,901 - []
01:04:13,918 - []
01:04:13,933 - []
01:04:13,949 - []
01:04:13,963 - []
01:04:13,978 - []
01:04:13,992 - []
01:04:14,007 - []
01:04:14,022 - []
01:04:14,037 - []
01:04:14,051 - []
01:04:14,067 - []
01:04:14,084 - []
01:04:14,099 - []
01:04:14,113 - []
01:04:14,129 - []
01:04:14,145 - []
01:04:14,163 - []
01:04:14,180 - []
01:04:14,196 - []
01:04:14,210 - []
01:04:14,225 - []
01:04:14,241 - []
01:04:14,259 - []
01:04:14,275 - []
01:04:14,292 - []
01:04:14,308 - []
01:04:14,325 - []
01:04:14,341 - []
01:04:14,359 - []
01:04:14,375 - []
01:04:14,392 - []
01:04:14,408 - []
01:04:14,425 - []
01:04:14,443 - []
01:04:14,459 - []
01:04:14,475 - []
01:04:14,492 - []
01:04:14,509 - []
01:04:14,526 - []
01:04:14,542 - []
01:04:14,558 - []
01:04:14,575 - []
01:04:14,593 - []
01:04:14,609 - []
01:04:14,624 - []
01:04:14,641 - []
01:04:14,659 - []
01:04:14,676 - []
01:04:14,692 - []
01:04:14,709 - []
01:04:14,724 - []
01:04:14,739 - []
01:04:14,755 - []
01:04:14,771 - []
01:04:14,787 - []
01:04:14,802 - []
01:04:14,817 - []
01:04:14,831 - []
01:04:14,846 - []
01:04:14,860 - []
01:04:14,875 - []
01:04:14,892 - []
01:04:14,909 - []
01:04:14,926 - []
01:04:14,943 - []
01:04:14,959 - []
01:04:14,976 - []
01:04:14,992 - []
01:04:15,008 - []
01:04:15,024 - []
01:04:15,039 - []
01:04:15,055 - []
01:04:15,070 - []
01:04:15,086 - []
01:04:15,102 - []
01:04:15,118 - []
01:04:15,135 - []
01:04:15,151 - []
01:04:15,166 - []
01:04:15,183 - []
01:04:15,199 - []
01:04:15,213 - []
01:04:15,229 - []
01:04:15,246 - []
01:04:15,262 - []
01:04:15,276 - []
01:04:15,293 - []
01:04:15,309 - []
01:04:15,324 - []
01:04:15,341 - []
01:04:15,357 - []
01:04:15,373 - []
01:04:15,387 - []
01:04:15,405 - []
01:04:15,420 - []
01:04:15,439 - []
01:04:15,457 - []
01:04:15,475 - []
01:04:15,491 - []
01:04:15,508 - []
01:04:15,524 - []
01:04:15,543 - []
01:04:15,559 - []
01:04:15,575 - []
01:04:15,592 - []
01:04:15,609 - []
01:04:15,625 - []
01:04:15,641 - []
01:04:15,658 - []
01:04:15,676 - []
01:04:15,692 - []
01:04:15,708 - []
01:04:15,725 - []
01:04:15,742 - []
01:04:15,759 - []
01:04:15,775 - []
01:04:15,790 - []
01:04:15,805 - []
01:04:15,823 - []
01:04:15,839 - []
01:04:15,853 - []
01:04:15,868 - []
01:04:15,885 - []
01:04:15,901 - []
01:04:15,919 - []
01:04:15,936 - []
01:04:15,951 - []
01:04:15,968 - []
01:04:15,985 - []
01:04:16,002 - []
01:04:16,017 - []
01:04:16,035 - []
01:04:16,052 - []
01:04:16,068 - []
01:04:16,085 - []
01:04:16,101 - []
01:04:16,118 - []
01:04:16,134 - []
01:04:16,150 - []
01:04:16,166 - []
01:04:16,186 - []
01:04:16,201 - []
01:04:16,218 - []
01:04:16,235 - []
01:04:16,253 - []
01:04:16,268 - []
01:04:16,285 - []
01:04:16,302 - []
01:04:16,318 - []
01:04:16,335 - []
01:04:16,351 - []
01:04:16,368 - []
01:04:16,385 - []
01:04:16,401 - []
01:04:16,418 - []
01:04:16,435 - []
01:04:16,451 - []
01:04:16,468 - []
01:04:16,485 - []
01:04:16,501 - []
01:04:16,518 - []
01:04:16,534 - []
01:04:16,551 - []
01:04:16,568 - []
01:04:16,584 - []
01:04:16,601 - []
01:04:16,618 - []
01:04:16,635 - []
01:04:16,654 - []
01:04:16,669 - []
01:04:16,685 - []
01:04:16,703 - []
01:04:16,719 - []
01:04:16,735 - []
01:04:16,752 - []
01:04:16,770 - []
01:04:16,784 - []
01:04:16,801 - []
01:04:16,818 - []
01:04:16,834 - []
01:04:16,851 - []
01:04:16,865 - []
01:04:16,880 - []
01:04:16,896 - []
01:04:16,912 - []
01:04:16,928 - []
01:04:16,945 - []
01:04:16,963 - []
01:04:16,979 - []
01:04:16,996 - []
01:04:17,013 - []
01:04:17,030 - []
01:04:17,046 - []
01:04:17,062 - []
01:04:17,078 - []
01:04:17,095 - []
01:04:17,110 - []
01:04:17,125 - []
01:04:17,141 - []
01:04:17,158 - []
01:04:17,175 - []
01:04:17,181 - action Bot_1 goTo(RoomB1)
01:04:17,195 - []
01:04:17,213 - []
01:04:17,229 - []
01:04:17,244 - []
01:04:17,259 - []
01:04:17,277 - []
01:04:17,293 - []
01:04:17,308 - []
01:04:17,324 - []
01:04:17,343 - []
01:04:17,359 - []
01:04:17,375 - []
01:04:17,393 - []
01:04:17,408 - []
01:04:17,425 - []
01:04:17,442 - []
01:04:17,458 - []
01:04:17,475 - []
01:04:17,491 - []
01:04:17,505 - []
01:04:17,521 - []
01:04:17,539 - []
01:04:17,556 - []
01:04:17,573 - []
01:04:17,588 - []
01:04:17,603 - []
01:04:17,620 - []
01:04:17,635 - []
01:04:17,651 - []
01:04:17,669 - []
01:04:17,685 - []
01:04:17,702 - []
01:04:17,719 - []
01:04:17,735 - []
01:04:17,752 - []
01:04:17,768 - []
01:04:17,783 - []
01:04:17,802 - []
01:04:17,820 - []
01:04:17,835 - []
01:04:17,851 - []
01:04:17,866 - []
01:04:17,882 - []
01:04:17,897 - []
01:04:17,913 - []
01:04:17,931 - []
01:04:17,947 - []
01:04:17,963 - []
01:04:17,979 - []
01:04:17,996 - []
01:04:18,013 - []
01:04:18,029 - []
01:04:18,047 - []
01:04:18,064 - []
01:04:18,080 - []
01:04:18,097 - []
01:04:18,113 - []
01:04:18,130 - []
01:04:18,146 - []
01:04:18,163 - []
01:04:18,180 - []
01:04:18,196 - []
01:04:18,214 - []
01:04:18,229 - []
01:04:18,245 - []
01:04:18,263 - []
01:04:18,279 - []
01:04:18,294 - []
01:04:18,313 - []
01:04:18,328 - []
01:04:18,344 - []
01:04:18,361 - []
01:04:18,377 - []
01:04:18,395 - []
01:04:18,413 - []
01:04:18,430 - []
01:04:18,446 - []
01:04:18,462 - []
01:04:18,477 - []
01:04:18,492 - []
01:04:18,509 - []
01:04:18,525 - []
01:04:18,540 - []
01:04:18,558 - []
01:04:18,574 - []
01:04:18,593 - []
01:04:18,609 - []
01:04:18,626 - []
01:04:18,641 - []
01:04:18,658 - []
01:04:18,674 - []
01:04:18,691 - []
01:04:18,708 - []
01:04:18,726 - []
01:04:18,743 - []
01:04:18,759 - []
01:04:18,776 - []
01:04:18,793 - []
01:04:18,810 - []
01:04:18,827 - []
01:04:18,846 - []
01:04:18,863 - []
01:04:18,880 - []
01:04:18,896 - []
01:04:18,912 - []
01:04:18,929 - []
01:04:18,947 - []
01:04:18,963 - []
01:04:18,981 - []
01:04:18,997 - []
01:04:19,012 - []
01:04:19,030 - []
01:04:19,047 - []
01:04:19,063 - []
01:04:19,080 - []
01:04:19,096 - []
01:04:19,113 - []
01:04:19,129 - []
01:04:19,146 - []
01:04:19,164 - []
01:04:19,180 - []
01:04:19,196 - []
01:04:19,213 - []
01:04:19,230 - []
01:04:19,246 - []
01:04:19,263 - []
01:04:19,279 - []
01:04:19,296 - []
01:04:19,312 - []
01:04:19,329 - []
01:04:19,346 - []
01:04:19,363 - []
01:04:19,380 - []
01:04:19,397 - []
01:04:19,412 - []
01:04:19,430 - []
01:04:19,446 - []
01:04:19,463 - []
01:04:19,480 - []
01:04:19,496 - []
01:04:19,512 - []
01:04:19,530 - []
01:04:19,546 - []
01:04:19,564 - []
01:04:19,579 - []
01:04:19,596 - []
01:04:19,613 - []
01:04:19,629 - []
01:04:19,646 - []
01:04:19,663 - []
01:04:19,678 - []
01:04:19,694 - []
01:04:19,708 - []
01:04:19,724 - []
01:04:19,743 - []
01:04:19,759 - []
01:04:19,775 - []
01:04:19,792 - []
01:04:19,809 - []
01:04:19,826 - []
01:04:19,842 - []
01:04:19,858 - []
01:04:19,876 - []
01:04:19,892 - []
01:04:19,908 - []
01:04:19,926 - []
01:04:19,942 - []
01:04:19,959 - []
01:04:19,975 - []
01:04:19,992 - []
01:04:20,010 - []
01:04:20,025 - []
01:04:20,040 - []
01:04:20,059 - []
01:04:20,076 - []
01:04:20,093 - []
01:04:20,109 - []
01:04:20,125 - []
01:04:20,142 - []
01:04:20,159 - []
01:04:20,174 - []
01:04:20,192 - []
01:04:20,208 - []
01:04:20,225 - []
01:04:20,242 - []
01:04:20,259 - []
01:04:20,274 - []
01:04:20,290 - []
01:04:20,307 - []
01:04:20,325 - []
01:04:20,342 - []
01:04:20,358 - []
01:04:20,374 - []
01:04:20,392 - []
01:04:20,407 - []
01:04:20,423 - []
01:04:20,441 - []
01:04:20,458 - []
01:04:20,474 - []
01:04:20,491 - []
01:04:20,508 - []
01:04:20,526 - []
01:04:20,541 - []
01:04:20,556 - []
01:04:20,572 - []
01:04:20,590 - []
01:04:20,607 - []
01:04:20,625 - []
01:04:20,643 - []
01:04:20,659 - []
01:04:20,676 - []
01:04:20,692 - []
01:04:20,708 - []
01:04:20,725 - []
01:04:20,742 - []
01:04:20,758 - []
01:04:20,776 - []
01:04:20,792 - []
01:04:20,807 - []
01:04:20,826 - []
01:04:20,842 - []
01:04:20,859 - []
01:04:20,876 - []
01:04:20,892 - []
01:04:20,909 - []
01:04:20,925 - []
01:04:20,943 - []
01:04:20,960 - []
01:04:20,975 - []
01:04:20,989 - []
01:04:21,006 - []
01:04:21,024 - []
01:04:21,040 - []
01:04:21,055 - []
01:04:21,072 - []
01:04:21,089 - []
01:04:21,107 - []
01:04:21,124 - []
01:04:21,139 - []
01:04:21,156 - []
01:04:21,171 - []
01:04:21,186 - []
01:04:21,202 - []
01:04:21,218 - []
01:04:21,235 - []
01:04:21,252 - []
01:04:21,270 - []
01:04:21,288 - []
01:04:21,305 - []
01:04:21,323 - []
01:04:21,340 - []
01:04:21,356 - []
01:04:21,373 - []
01:04:21,391 - []
01:04:21,408 - []
01:04:21,426 - []
01:04:21,443 - []
01:04:21,459 - []
01:04:21,476 - []
01:04:21,492 - []
01:04:21,510 - []
01:04:21,526 - []
01:04:21,544 - []
01:04:21,560 - []
01:04:21,576 - []
01:04:21,592 - []
01:04:21,609 - []
01:04:21,626 - []
01:04:21,643 - []
01:04:21,659 - []
01:04:21,676 - []
01:04:21,692 - []
01:04:21,709 - []
01:04:21,725 - []
01:04:21,742 - []
01:04:21,756 - []
01:04:21,774 - []
01:04:21,791 - []
01:04:21,809 - []
01:04:21,826 - []
01:04:21,843 - []
01:04:21,859 - []
01:04:21,876 - []
01:04:21,895 - []
01:04:21,910 - []
01:04:21,927 - []
01:04:21,942 - []
01:04:21,959 - []
01:04:21,974 - []
01:04:21,991 - []
01:04:22,008 - []
01:04:22,026 - []
01:04:22,043 - []
01:04:22,059 - []
01:04:22,074 - []
01:04:22,087 - []
01:04:22,101 - []
01:04:22,117 - []
01:04:22,135 - []
01:04:22,150 - []
01:04:22,166 - []
01:04:22,184 - []
01:04:22,201 - []
01:04:22,218 - []
01:04:22,235 - []
01:04:22,253 - []
01:04:22,268 - []
01:04:22,284 - []
01:04:22,302 - []
01:04:22,319 - []
01:04:22,336 - []
01:04:22,352 - []
01:04:22,368 - []
01:04:22,385 - []
01:04:22,401 - []
01:04:22,419 - []
01:04:22,435 - []
01:04:22,452 - []
01:04:22,469 - []
01:04:22,485 - []
01:04:22,503 - []
01:04:22,521 - []
01:04:22,538 - []
01:04:22,553 - []
01:04:22,568 - []
01:04:22,586 - []
01:04:22,602 - []
01:04:22,618 - []
01:04:22,633 - []
01:04:22,651 - []
01:04:22,668 - []
01:04:22,685 - []
01:04:22,703 - []
01:04:22,719 - []
01:04:22,735 - []
01:04:22,751 - []
01:04:22,766 - []
01:04:22,785 - []
01:04:22,802 - []
01:04:22,817 - []
01:04:22,833 - []
01:04:22,851 - []
01:04:22,868 - []
01:04:22,884 - []
01:04:22,902 - []
01:04:22,918 - []
01:04:22,935 - []
01:04:22,951 - []
01:04:22,966 - []
01:04:22,983 - []
01:04:23,001 - []
01:04:23,019 - []
01:04:23,036 - []
01:04:23,052 - []
01:04:23,069 - []
01:04:23,086 - []
01:04:23,102 - []
01:04:23,119 - []
01:04:23,134 - []
01:04:23,150 - []
01:04:23,168 - []
01:04:23,185 - []
01:04:23,203 - []
01:04:23,219 - []
01:04:23,235 - []
01:04:23,252 - []
01:04:23,268 - []
01:04:23,285 - []
01:04:23,302 - []
01:04:23,319 - []
01:04:23,335 - []
01:04:23,350 - []
01:04:23,365 - []
01:04:23,381 - []
01:04:23,396 - []
01:04:23,413 - []
01:04:23,430 - []
01:04:23,447 - []
01:04:23,463 - []
01:04:23,480 - []
01:04:23,495 - []
01:04:23,511 - []
01:04:23,526 - []
01:04:23,542 - []
01:04:23,558 - []
01:04:23,575 - []
01:04:23,591 - []
01:04:23,606 - []
01:04:23,623 - []
01:04:23,639 - []
01:04:23,657 - []
01:04:23,675 - []
01:04:23,692 - []
01:04:23,709 - []
01:04:23,724 - []
01:04:23,741 - []
01:04:23,755 - []
01:04:23,772 - []
01:04:23,789 - []
01:04:23,806 - []
01:04:23,822 - []
01:04:23,838 - []
01:04:23,853 - []
01:04:23,867 - []
01:04:23,881 - []
01:04:23,895 - []
01:04:23,910 - []
01:04:23,926 - []
01:04:23,942 - []
01:04:23,958 - []
01:04:23,975 - []
01:04:23,989 - []
01:04:24,005 - []
01:04:24,019 - []
01:04:24,034 - []
01:04:24,050 - []
01:04:24,064 - []
01:04:24,079 - []
01:04:24,093 - []
01:04:24,108 - []
01:04:24,122 - []
01:04:24,136 - []
01:04:24,150 - []
01:04:24,166 - []
01:04:24,179 - []
01:04:24,196 - []
01:04:24,209 - []
01:04:24,223 - []
01:04:24,237 - []
01:04:24,254 - []
01:04:24,271 - []
01:04:24,289 - []
01:04:24,306 - []
01:04:24,322 - []
01:04:24,340 - []
01:04:24,356 - []
01:04:24,373 - []
01:04:24,391 - []
01:04:24,406 - []
01:04:24,420 - []
01:04:24,437 - []
01:04:24,455 - []
01:04:24,473 - []
01:04:24,487 - []
01:04:24,505 - []
01:04:24,522 - []
01:04:24,548 - []
01:04:24,564 - []
01:04:24,580 - []
01:04:24,595 - []
01:04:24,610 - []
01:04:24,626 - []
01:04:24,642 - []
01:04:24,659 - []
01:04:24,675 - []
01:04:24,692 - []
01:04:24,708 - []
01:04:24,725 - []
01:04:24,741 - []
01:04:24,757 - []
01:04:24,774 - []
01:04:24,790 - []
01:04:24,806 - []
01:04:24,820 - []
01:04:24,836 - []
01:04:24,852 - []
01:04:24,868 - []
01:04:24,884 - []
01:04:24,899 - []
01:04:24,914 - []
01:04:24,931 - []
01:04:24,947 - []
01:04:24,961 - []
01:04:24,976 - []
01:04:24,992 - []
01:04:25,006 - []
01:04:25,021 - []
01:04:25,037 - []
01:04:25,054 - []
01:04:25,069 - []
01:04:25,085 - []
01:04:25,101 - []
01:04:25,118 - []
01:04:25,134 - []
01:04:25,150 - []
01:04:25,166 - []
01:04:25,180 - []
01:04:25,194 - []
01:04:25,208 - []
01:04:25,224 - []
01:04:25,238 - []
01:04:25,253 - []
01:04:25,267 - []
01:04:25,281 - []
01:04:25,296 - []
01:04:25,310 - []
01:04:25,325 - []
01:04:25,340 - []
01:04:25,357 - []
01:04:25,374 - []
01:04:25,391 - []
01:04:25,409 - []
01:04:25,426 - []
01:04:25,442 - []
01:04:25,459 - []
01:04:25,475 - []
01:04:25,492 - []
01:04:25,510 - []
01:04:25,525 - []
01:04:25,540 - []
01:04:25,556 - []
01:04:25,571 - []
01:04:25,585 - []
01:04:25,599 - []
01:04:25,614 - []
01:04:25,630 - []
01:04:25,645 - []
01:04:25,662 - []
01:04:25,678 - []
01:04:25,694 - []
01:04:25,710 - []
01:04:25,724 - []
01:04:25,739 - []
01:04:25,755 - []
01:04:25,769 - []
01:04:25,783 - []
01:04:25,798 - []
01:04:25,813 - []
01:04:25,828 - []
01:04:25,842 - []
01:04:25,859 - []
01:04:25,874 - []
01:04:25,891 - []
01:04:25,906 - []
01:04:25,921 - []
01:04:25,936 - []
01:04:25,950 - []
01:04:25,966 - []
01:04:25,983 - []
01:04:25,999 - []
01:04:26,016 - []
01:04:26,032 - []
01:04:26,049 - []
01:04:26,065 - []
01:04:26,082 - []
01:04:26,100 - []
01:04:26,117 - []
01:04:26,132 - []
01:04:26,146 - []
01:04:26,160 - []
01:04:26,174 - []
01:04:26,190 - []
01:04:26,206 - []
01:04:26,222 - []
01:04:26,238 - []
01:04:26,253 - []
01:04:26,267 - []
01:04:26,283 - []
01:04:26,298 - []
01:04:26,313 - []
01:04:26,330 - []
01:04:26,344 - []
01:04:26,359 - []
01:04:26,375 - []
01:04:26,390 - []
01:04:26,406 - []
01:04:26,422 - []
01:04:26,438 - []
01:04:26,455 - []
01:04:26,470 - []
01:04:26,496 - []
01:04:26,511 - []
01:04:26,527 - []
01:04:26,543 - []
01:04:26,557 - []
01:04:26,571 - []
01:04:26,586 - []
01:04:26,601 - []
01:04:26,617 - []
01:04:26,633 - []
01:04:26,649 - []
01:04:26,667 - []
01:04:26,683 - []
01:04:26,700 - []
01:04:26,716 - []
01:04:26,735 - []
01:04:26,750 - []
01:04:26,765 - []
01:04:26,781 - []
01:04:26,797 - []
01:04:26,813 - []
01:04:26,829 - []
01:04:26,846 - []
01:04:26,862 - []
01:04:26,879 - []
01:04:26,893 - []
01:04:26,910 - []
01:04:26,926 - []
01:04:26,941 - []
01:04:26,956 - []
01:04:26,972 - []
01:04:26,989 - []
01:04:27,005 - []
01:04:27,020 - []
01:04:27,037 - []
01:04:27,055 - []
01:04:27,074 - []
01:04:27,091 - []
01:04:27,109 - []
01:04:27,124 - []
01:04:27,141 - []
01:04:27,159 - []
01:04:27,176 - []
01:04:27,191 - []
01:04:27,207 - []
01:04:27,223 - []
01:04:27,241 - []
01:04:27,258 - []
01:04:27,276 - []
01:04:27,292 - []
01:04:27,307 - []
01:04:27,324 - []
01:04:27,342 - []
01:04:27,358 - []
01:04:27,376 - []
01:04:27,394 - []
01:04:27,409 - []
01:04:27,427 - []
01:04:27,444 - []
01:04:27,459 - []
01:04:27,476 - []
01:04:27,492 - []
01:04:27,507 - []
01:04:27,524 - []
01:04:27,540 - []
01:04:27,554 - []
01:04:27,568 - []
01:04:27,583 - []
01:04:27,597 - []
01:04:27,613 - []
01:04:27,627 - []
01:04:27,642 - []
01:04:27,658 - []
01:04:27,676 - []
01:04:27,692 - []
01:04:27,707 - []
01:04:27,723 - []
01:04:27,737 - []
01:04:27,751 - []
01:04:27,766 - []
01:04:27,781 - []
01:04:27,796 - []
01:04:27,813 - []
01:04:27,830 - []
01:04:27,846 - []
01:04:27,862 - []
01:04:27,876 - []
01:04:27,892 - []
01:04:27,908 - []
01:04:27,923 - []
01:04:27,937 - []
01:04:27,952 - []
01:04:27,969 - []
01:04:27,984 - []
01:04:27,999 - []
01:04:28,017 - []
01:04:28,035 - []
01:04:28,052 - []
01:04:28,067 - []
01:04:28,084 - []
01:04:28,101 - []
01:04:28,118 - []
01:04:28,134 - []
01:04:28,150 - []
01:04:28,167 - []
01:04:28,182 - []
01:04:28,200 - []
01:04:28,218 - []
01:04:28,234 - []
01:04:28,250 - []
01:04:28,265 - []
01:04:28,283 - []
01:04:28,300 - []
01:04:28,315 - []
01:04:28,332 - []
01:04:28,350 - []
01:04:28,368 - []
01:04:28,383 - []
01:04:28,402 - []
01:04:28,420 - []
01:04:28,436 - []
01:04:28,452 - []
01:04:28,470 - []
01:04:28,488 - []
01:04:28,503 - []
01:04:28,522 - []
01:04:28,540 - []
01:04:28,556 - []
01:04:28,572 - []
01:04:28,590 - []
01:04:28,607 - []
01:04:28,624 - []
01:04:28,640 - []
01:04:28,656 - []
01:04:28,672 - []
01:04:28,689 - []
01:04:28,705 - []
01:04:28,719 - []
01:04:28,734 - []
01:04:28,749 - []
01:04:28,763 - []
01:04:28,777 - []
01:04:28,793 - []
01:04:28,809 - []
01:04:28,823 - []
01:04:28,838 - []
01:04:28,854 - []
01:04:28,868 - []
01:04:28,882 - []
01:04:28,896 - []
01:04:28,911 - []
01:04:28,925 - []
01:04:28,940 - []
01:04:28,955 - []
01:04:28,971 - []
01:04:28,985 - []
01:04:29,001 - []
01:04:29,016 - []
01:04:29,030 - []
01:04:29,044 - []
01:04:29,058 - []
01:04:29,074 - []
01:04:29,089 - []
01:04:29,103 - []
01:04:29,119 - []
01:04:29,135 - []
01:04:29,151 - []
01:04:29,166 - []
01:04:29,182 - []
01:04:29,198 - []
01:04:29,213 - []
01:04:29,229 - []
01:04:29,245 - []
01:04:29,259 - []
01:04:29,275 - []
01:04:29,292 - []
01:04:29,307 - []
01:04:29,321 - []
01:04:29,335 - []
01:04:29,351 - []
01:04:29,366 - []
01:04:29,382 - []
01:04:29,399 - []
01:04:29,415 - []
01:04:29,429 - []
01:04:29,446 - []
01:04:29,463 - []
01:04:29,479 - []
01:04:29,496 - []
01:04:29,510 - []
01:04:29,525 - []
01:04:29,540 - []
01:04:29,555 - []
01:04:29,572 - []
01:04:29,586 - []
01:04:29,603 - []
01:04:29,618 - []
01:04:29,634 - []
01:04:29,651 - []
01:04:29,665 - []
01:04:29,679 - []
01:04:29,695 - []
01:04:29,709 - []
01:04:29,725 - []
01:04:29,740 - []
01:04:29,757 - []
01:04:29,771 - []
01:04:29,787 - []
01:04:29,804 - []
01:04:29,818 - []
01:04:29,834 - []
01:04:29,848 - []
01:04:29,864 - []
01:04:29,879 - []
01:04:29,894 - []
01:04:29,908 - []
01:04:29,924 - []
01:04:29,939 - []
01:04:29,954 - []
01:04:29,970 - []
01:04:29,984 - []
01:04:30,000 - []
01:04:30,014 - []
01:04:30,028 - []
01:04:30,043 - []
01:04:30,058 - []
01:04:30,074 - []
01:04:30,088 - []
01:04:30,104 - []
01:04:30,118 - []
01:04:30,132 - []
01:04:30,146 - []
01:04:30,162 - []
01:04:30,176 - []
01:04:30,192 - []
01:04:30,208 - []
01:04:30,223 - []
01:04:30,238 - []
01:04:30,254 - []
01:04:30,268 - []
01:04:30,285 - []
01:04:30,299 - []
01:04:30,315 - []
01:04:30,329 - []
01:04:30,343 - []
01:04:30,359 - []
01:04:30,374 - []
01:04:30,389 - []
01:04:30,404 - []
01:04:30,419 - []
01:04:30,434 - []
01:04:30,448 - []
01:04:30,463 - []
01:04:30,479 - []
01:04:30,496 - []
01:04:30,510 - []
01:04:30,525 - []
01:04:30,539 - []
01:04:30,556 - []
01:04:30,573 - []
01:04:30,588 - []
01:04:30,604 - []
01:04:30,618 - []
01:04:30,632 - []
01:04:30,646 - []
01:04:30,662 - []
01:04:30,676 - []
01:04:30,692 - []
01:04:30,707 - []
01:04:30,720 - []
01:04:30,738 - []
01:04:30,752 - []
01:04:30,769 - []
01:04:30,787 - []
01:04:30,803 - []
01:04:30,821 - []
01:04:30,839 - []
01:04:30,857 - []
01:04:30,875 - []
01:04:30,892 - []
01:04:30,911 - []
01:04:30,926 - []
01:04:30,942 - []
01:04:30,959 - []
01:04:30,976 - []
01:04:30,994 - []
01:04:31,009 - []
01:04:31,026 - []
01:04:31,042 - []
01:04:31,058 - []
01:04:31,076 - []
01:04:31,093 - []
01:04:31,109 - []
01:04:31,125 - []
01:04:31,140 - []
01:04:31,158 - []
01:04:31,174 - []
01:04:31,193 - []
01:04:31,208 - []
01:04:31,225 - []
01:04:31,243 - []
01:04:31,260 - []
01:04:31,276 - []
01:04:31,292 - []
01:04:31,310 - []
01:04:31,327 - []
01:04:31,345 - []
01:04:31,361 - []
01:04:31,376 - []
01:04:31,392 - []
01:04:31,408 - []
01:04:31,424 - []
01:04:31,442 - []
01:04:31,457 - []
01:04:31,472 - []
01:04:31,490 - []
01:04:31,509 - []
01:04:31,526 - []
01:04:31,544 - []
01:04:31,559 - []
01:04:31,575 - []
01:04:31,592 - []
01:04:31,609 - []
01:04:31,626 - []
01:04:31,642 - []
01:04:31,658 - []
01:04:31,674 - []
01:04:31,692 - []
01:04:31,710 - []
01:04:31,726 - []
01:04:31,742 - []
01:04:31,759 - []
01:04:31,777 - []
01:04:31,793 - []
01:04:31,808 - []
01:04:31,826 - []
01:04:31,842 - []
01:04:31,859 - []
01:04:31,876 - []
01:04:31,893 - []
01:04:31,909 - []
01:04:31,926 - []
01:04:31,942 - []
01:04:31,960 - []
01:04:31,975 - []
01:04:31,991 - []
01:04:32,007 - []
01:04:32,025 - []
01:04:32,043 - []
01:04:32,049 - action Bot_1 goTo(RoomB2)
01:04:32,061 - []
01:04:32,077 - []
01:04:32,093 - []
01:04:32,109 - []
01:04:32,124 - []
01:04:32,139 - []
01:04:32,155 - []
01:04:32,170 - []
01:04:32,185 - []
01:04:32,201 - []
01:04:32,217 - []
01:04:32,232 - []
01:04:32,249 - []
01:04:32,265 - []
01:04:32,281 - []
01:04:32,296 - []
01:04:32,312 - []
01:04:32,327 - []
01:04:32,342 - []
01:04:32,358 - []
01:04:32,373 - []
01:04:32,388 - []
01:04:32,403 - []
01:04:32,421 - []
01:04:32,435 - []
01:04:32,451 - []
01:04:32,467 - []
01:04:32,482 - []
01:04:32,497 - []
01:04:32,514 - []
01:04:32,530 - []
01:04:32,547 - []
01:04:32,562 - []
01:04:32,577 - []
01:04:32,595 - []
01:04:32,610 - []
01:04:32,626 - []
01:04:32,643 - []
01:04:32,659 - []
01:04:32,676 - []
01:04:32,692 - []
01:04:32,709 - []
01:04:32,726 - []
01:04:32,742 - []
01:04:32,759 - []
01:04:32,777 - []
01:04:32,792 - []
01:04:32,810 - []
01:04:32,826 - []
01:04:32,842 - []
01:04:32,858 - []
01:04:32,876 - []
01:04:32,893 - []
01:04:32,909 - []
01:04:32,927 - []
01:04:32,943 - []
01:04:32,960 - []
01:04:32,975 - []
01:04:32,992 - []
01:04:33,009 - []
01:04:33,026 - []
01:04:33,042 - []
01:04:33,059 - []
01:04:33,076 - []
01:04:33,093 - []
01:04:33,109 - []
01:04:33,126 - []
01:04:33,142 - []
01:04:33,159 - []
01:04:33,176 - []
01:04:33,192 - []
01:04:33,210 - []
01:04:33,225 - []
01:04:33,243 - []
01:04:33,258 - []
01:04:33,276 - []
01:04:33,291 - []
01:04:33,308 - []
01:04:33,325 - []
01:04:33,343 - []
01:04:33,359 - []
01:04:33,375 - []
01:04:33,392 - []
01:04:33,408 - []
01:04:33,423 - []
01:04:33,442 - []
01:04:33,459 - []
01:04:33,477 - []
01:04:33,493 - []
01:04:33,508 - []
01:04:33,525 - []
01:04:33,540 - []
01:04:33,557 - []
01:04:33,576 - []
01:04:33,593 - []
01:04:33,609 - []
01:04:33,626 - []
01:04:33,643 - []
01:04:33,659 - []
01:04:33,676 - []
01:04:33,692 - []
01:04:33,708 - []
01:04:33,723 - []
01:04:33,739 - []
01:04:33,753 - []
01:04:33,769 - []
01:04:33,786 - []
01:04:33,800 - []
01:04:33,814 - []
01:04:33,829 - []
01:04:33,845 - []
01:04:33,861 - []
01:04:33,876 - []
01:04:33,893 - []
01:04:33,910 - []
01:04:33,925 - []
01:04:33,942 - []
01:04:33,959 - []
01:04:33,977 - []
01:04:33,992 - []
01:04:34,009 - []
01:04:34,025 - []
01:04:34,042 - []
01:04:34,059 - []
01:04:34,075 - []
01:04:34,089 - []
01:04:34,103 - []
01:04:34,118 - []
01:04:34,132 - []
01:04:34,146 - []
01:04:34,163 - []
01:04:34,177 - []
01:04:34,192 - []
01:04:34,208 - []
01:04:34,222 - []
01:04:34,238 - []
01:04:34,254 - []
01:04:34,271 - []
01:04:34,286 - []
01:04:34,303 - []
01:04:34,318 - []
01:04:34,334 - []
01:04:34,349 - []
01:04:34,362 - []
01:04:34,376 - []
01:04:34,392 - []
01:04:34,409 - []
01:04:34,425 - []
01:04:34,442 - []
01:04:34,456 - []
01:04:34,470 - []
01:04:34,486 - []
01:04:34,504 - []
01:04:34,521 - []
01:04:34,540 - []
01:04:34,557 - []
01:04:34,576 - []
01:04:34,592 - []
01:04:34,609 - []
01:04:34,625 - []
01:04:34,643 - []
01:04:34,659 - []
01:04:34,674 - []
01:04:34,691 - []
01:04:34,709 - []
01:04:34,726 - []
01:04:34,742 - []
01:04:34,760 - []
01:04:34,776 - []
01:04:34,792 - []
01:04:34,807 - []
01:04:34,822 - []
01:04:34,838 - []
01:04:34,852 - []
01:04:34,866 - []
01:04:34,880 - []
01:04:34,897 - []
01:04:34,913 - []
01:04:34,929 - []
01:04:34,946 - []
01:04:34,964 - []
01:04:34,979 - []
01:04:34,996 - []
01:04:35,013 - []
01:04:35,030 - []
01:04:35,046 - []
01:04:35,063 - []
01:04:35,079 - []
01:04:35,097 - []
01:04:35,112 - []
01:04:35,129 - []
01:04:35,147 - []
01:04:35,163 - []
01:04:35,180 - []
01:04:35,196 - []
01:04:35,213 - []
01:04:35,230 - []
01:04:35,246 - []
01:04:35,263 - []
01:04:35,281 - []
01:04:35,298 - []
01:04:35,316 - []
01:04:35,334 - []
01:04:35,352 - []
01:04:35,368 - []
01:04:35,386 - []
01:04:35,403 - []
01:04:35,421 - []
01:04:35,436 - []
01:04:35,454 - []
01:04:35,470 - []
01:04:35,489 - []
01:04:35,505 - []
01:04:35,522 - []
01:04:35,540 - []
01:04:35,556 - []
01:04:35,570 - []
01:04:35,588 - []
01:04:35,605 - []
01:04:35,623 - []
01:04:35,641 - []
01:04:35,656 - []
01:04:35,671 - []
01:04:35,687 - []
01:04:35,702 - []
01:04:35,720 - []
01:04:35,735 - []
01:04:35,753 - []
01:04:35,770 - []
01:04:35,787 - []
01:04:35,805 - []
01:04:35,821 - []
01:04:35,838 - []
01:04:35,856 - []
01:04:35,874 - []
01:04:35,892 - []
01:04:35,908 - []
01:04:35,926 - []
01:04:35,941 - []
01:04:35,956 - []
01:04:35,974 - []
01:04:35,992 - []
01:04:36,007 - []
01:04:36,025 - []
01:04:36,040 - []
01:04:36,058 - []
01:04:36,076 - []
01:04:36,092 - []
01:04:36,108 - []
01:04:36,126 - []
01:04:36,142 - []
01:04:36,158 - []
01:04:36,172 - []
01:04:36,187 - []
01:04:36,204 - []
01:04:36,221 - []
01:04:36,240 - []
01:04:36,256 - []
01:04:36,273 - []
01:04:36,292 - []
01:04:36,307 - []
01:04:36,324 - []
01:04:36,342 - []
01:04:36,359 - []
01:04:36,376 - []
01:04:36,392 - []
01:04:36,409 - []
01:04:36,424 - []
01:04:36,441 - []
01:04:36,458 - []
01:04:36,475 - []
01:04:36,492 - []
01:04:36,509 - []
01:04:36,525 - []
01:04:36,540 - []
01:04:36,558 - []
01:04:36,576 - []
01:04:36,594 - []
01:04:36,613 - []
01:04:36,631 - []
01:04:36,646 - []
01:04:36,662 - []
01:04:36,677 - []
01:04:36,693 - []
01:04:36,710 - []
01:04:36,728 - []
01:04:36,744 - []
01:04:36,759 - []
01:04:36,775 - []
01:04:36,793 - []
01:04:36,809 - []
01:04:36,825 - []
01:04:36,843 - []
01:04:36,859 - []
01:04:36,876 - []
01:04:36,893 - []
01:04:36,909 - []
01:04:36,924 - []
01:04:36,940 - []
01:04:36,957 - []
01:04:36,976 - []
01:04:36,994 - []
01:04:37,010 - []
01:04:37,027 - []
01:04:37,042 - []
01:04:37,059 - []
01:04:37,076 - []
01:04:37,095 - []
01:04:37,110 - []
01:04:37,124 - []
01:04:37,140 - []
01:04:37,158 - []
01:04:37,174 - []
01:04:37,192 - []
01:04:37,208 - []
01:04:37,224 - []
01:04:37,242 - []
01:04:37,259 - []
01:04:37,275 - []
01:04:37,293 - []
01:04:37,308 - []
01:04:37,326 - []
01:04:37,341 - []
01:04:37,356 - []
01:04:37,375 - []
01:04:37,392 - []
01:04:37,409 - []
01:04:37,426 - []
01:04:37,442 - []
01:04:37,459 - []
01:04:37,476 - []
01:04:37,493 - []
01:04:37,510 - []
01:04:37,525 - []
01:04:37,542 - []
01:04:37,559 - []
01:04:37,577 - []
01:04:37,593 - []
01:04:37,609 - []
01:04:37,627 - []
01:04:37,642 - []
01:04:37,660 - []
01:04:37,665 - action Bot_1 goTo(RoomB3)
01:04:37,677 - []
01:04:37,693 - []
01:04:37,709 - []
01:04:37,725 - []
01:04:37,740 - []
01:04:37,758 - []
01:04:37,775 - []
01:04:37,791 - []
01:04:37,808 - []
01:04:37,826 - []
01:04:37,842 - []
01:04:37,860 - []
01:04:37,876 - []
01:04:37,892 - []
01:04:37,909 - []
01:04:37,924 - []
01:04:37,942 - []
01:04:37,958 - []
01:04:37,976 - []
01:04:37,992 - []
01:04:38,007 - []
01:04:38,022 - []
01:04:38,037 - []
01:04:38,052 - []
01:04:38,068 - []
01:04:38,087 - []
01:04:38,103 - []
01:04:38,118 - []
01:04:38,134 - []
01:04:38,151 - []
01:04:38,167 - []
01:04:38,182 - []
01:04:38,196 - []
01:04:38,212 - []
01:04:38,229 - []
01:04:38,246 - []
01:04:38,264 - []
01:04:38,280 - []
01:04:38,296 - []
01:04:38,314 - []
01:04:38,331 - []
01:04:38,346 - []
01:04:38,362 - []
01:04:38,379 - []
01:04:38,396 - []
01:04:38,413 - []
01:04:38,430 - []
01:04:38,445 - []
01:04:38,461 - []
01:04:38,478 - []
01:04:38,494 - []
01:04:38,509 - []
01:04:38,525 - []
01:04:38,542 - []
01:04:38,559 - []
01:04:38,576 - []
01:04:38,592 - []
01:04:38,608 - []
01:04:38,624 - []
01:04:38,643 - []
01:04:38,659 - []
01:04:38,675 - []
01:04:38,692 - []
01:04:38,710 - []
01:04:38,726 - []
01:04:38,741 - []
01:04:38,759 - []
01:04:38,775 - []
01:04:38,791 - []
01:04:38,809 - []
01:04:38,826 - []
01:04:38,842 - []
01:04:38,858 - []
01:04:38,874 - []
01:04:38,892 - []
01:04:38,910 - []
01:04:38,925 - []
01:04:38,940 - []
01:04:38,956 - []
01:04:38,971 - []
01:04:38,987 - []
01:04:39,005 - []
01:04:39,023 - []
01:04:39,040 - []
01:04:39,055 - []
01:04:39,071 - []
01:04:39,085 - []
01:04:39,100 - []
01:04:39,116 - []
01:04:39,130 - []
01:04:39,145 - []
01:04:39,160 - []
01:04:39,174 - []
01:04:39,188 - []
01:04:39,204 - []
01:04:39,218 - []
01:04:39,235 - []
01:04:39,252 - []
01:04:39,269 - []
01:04:39,285 - []
01:04:39,300 - []
01:04:39,317 - []
01:04:39,335 - []
01:04:39,351 - []
01:04:39,368 - []
01:04:39,383 - []
01:04:39,401 - []
01:04:39,416 - []
01:04:39,431 - []
01:04:39,447 - []
01:04:39,463 - []
01:04:39,480 - []
01:04:39,496 - []
01:04:39,513 - []
01:04:39,529 - []
01:04:39,545 - []
01:04:39,562 - []
01:04:39,580 - []
01:04:39,596 - []
01:04:39,613 - []
01:04:39,630 - []
01:04:39,646 - []
01:04:39,663 - []
01:04:39,679 - []
01:04:39,696 - []
01:04:39,713 - []
01:04:39,728 - []
01:04:39,743 - []
01:04:39,760 - []
01:04:39,775 - []
01:04:39,790 - []
01:04:39,806 - []
01:04:39,821 - []
01:04:39,839 - []
01:04:39,855 - []
01:04:39,870 - []
01:04:39,886 - []
01:04:39,903 - []
01:04:39,918 - []
01:04:39,932 - []
01:04:39,948 - []
01:04:39,962 - []
01:04:39,978 - []
01:04:39,996 - []
01:04:40,012 - []
01:04:40,029 - []
01:04:40,045 - []
01:04:40,061 - []
01:04:40,076 - []
01:04:40,093 - []
01:04:40,108 - []
01:04:40,125 - []
01:04:40,143 - []
01:04:40,158 - []
01:04:40,175 - []
01:04:40,192 - []
01:04:40,210 - []
01:04:40,226 - []
01:04:40,241 - []
01:04:40,256 - []
01:04:40,271 - []
01:04:40,286 - []
01:04:40,303 - []
01:04:40,318 - []
01:04:40,335 - []
01:04:40,350 - []
01:04:40,364 - []
01:04:40,379 - []
01:04:40,393 - []
01:04:40,410 - []
01:04:40,425 - []
01:04:40,441 - []
01:04:40,456 - []
01:04:40,472 - []
01:04:40,487 - []
01:04:40,503 - []
01:04:40,519 - []
01:04:40,535 - []
01:04:40,550 - []
01:04:40,566 - []
01:04:40,583 - []
01:04:40,601 - []
01:04:40,618 - []
01:04:40,632 - []
01:04:40,648 - []
01:04:40,664 - []
01:04:40,678 - []
01:04:40,693 - []
01:04:40,710 - []
01:04:40,726 - []
01:04:40,741 - []
01:04:40,758 - []
01:04:40,775 - []
01:04:40,790 - []
01:04:40,807 - []
01:04:40,824 - []
01:04:40,839 - []
01:04:40,854 - []
01:04:40,871 - []
01:04:40,887 - []
01:04:40,903 - []
01:04:40,919 - []
01:04:40,935 - []
01:04:40,951 - []
01:04:40,966 - []
01:04:40,982 - []
01:04:40,997 - []
01:04:41,013 - []
01:04:41,028 - []
01:04:41,043 - []
01:04:41,059 - []
01:04:41,076 - []
01:04:41,092 - []
01:04:41,107 - []
01:04:41,125 - []
01:04:41,140 - []
01:04:41,156 - []
01:04:41,171 - []
01:04:41,187 - []
01:04:41,203 - []
01:04:41,217 - []
01:04:41,232 - []
01:04:41,246 - []
01:04:41,261 - []
01:04:41,276 - []
01:04:41,292 - []
01:04:41,310 - []
01:04:41,325 - []
01:04:41,340 - []
01:04:41,355 - []
01:04:41,372 - []
01:04:41,389 - []
01:04:41,406 - []
01:04:41,422 - []
01:04:41,440 - []
01:04:41,456 - []
01:04:41,471 - []
01:04:41,486 - []
01:04:41,503 - []
01:04:41,519 - []
01:04:41,534 - []
01:04:41,550 - []
01:04:41,566 - []
01:04:41,583 - []
01:04:41,599 - []
01:04:41,613 - []
01:04:41,630 - []
01:04:41,646 - []
01:04:41,663 - []
01:04:41,680 - []
01:04:41,695 - []
01:04:41,712 - []
01:04:41,730 - []
01:04:41,746 - []
01:04:41,763 - []
01:04:41,780 - []
01:04:41,796 - []
01:04:41,813 - []
01:04:41,830 - []
01:04:41,847 - []
01:04:41,863 - []
01:04:41,879 - []
01:04:41,895 - []
01:04:41,911 - []
01:04:41,926 - []
01:04:41,943 - []
01:04:41,959 - []
01:04:41,975 - []
01:04:41,990 - []
01:04:42,007 - []
01:04:42,022 - []
01:04:42,039 - []
01:04:42,055 - []
01:04:42,071 - []
01:04:42,087 - []
01:04:42,103 - []
01:04:42,119 - []
01:04:42,135 - []
01:04:42,151 - []
01:04:42,167 - []
01:04:42,183 - []
01:04:42,199 - []
01:04:42,216 - []
01:04:42,231 - []
01:04:42,246 - []
01:04:42,263 - []
01:04:42,280 - []
01:04:42,298 - []
01:04:42,313 - []
01:04:42,330 - []
01:04:42,347 - []
01:04:42,363 - []
01:04:42,379 - []
01:04:42,396 - []
01:04:42,412 - []
01:04:42,430 - []
01:04:42,445 - []
01:04:42,463 - []
01:04:42,479 - []
01:04:42,495 - []
01:04:42,513 - []
01:04:42,529 - []
01:04:42,546 - []
01:04:42,564 - []
01:04:42,579 - []
01:04:42,596 - []
01:04:42,613 - []
01:04:42,628 - []
01:04:42,646 - []
01:04:42,663 - []
01:04:42,679 - []
01:04:42,696 - []
01:04:42,712 - []
01:04:42,730 - []
01:04:42,745 - []
01:04:42,762 - []
01:04:42,776 - []
01:04:42,792 - []
01:04:42,809 - []
01:04:42,825 - []
01:04:42,842 - []
01:04:42,860 - []
01:04:42,876 - []
01:04:42,892 - []
01:04:42,910 - []
01:04:42,927 - []
01:04:42,942 - []
01:04:42,959 - []
01:04:42,976 - []
01:04:42,991 - []
01:04:43,007 - []
01:04:43,022 - []
01:04:43,036 - []
01:04:43,051 - []
01:04:43,068 - []
01:04:43,084 - []
01:04:43,101 - []
01:04:43,119 - []
01:04:43,134 - []
01:04:43,149 - []
01:04:43,164 - []
01:04:43,180 - []
01:04:43,195 - []
01:04:43,209 - []
01:04:43,226 - []
01:04:43,243 - []
01:04:43,257 - []
01:04:43,274 - []
01:04:43,291 - []
01:04:43,309 - []
01:04:43,326 - []
01:04:43,342 - []
01:04:43,359 - []
01:04:43,375 - []
01:04:43,393 - []
01:04:43,409 - []
01:04:43,426 - []
01:04:43,442 - []
01:04:43,459 - []
01:04:43,476 - []
01:04:43,492 - []
01:04:43,509 - []
01:04:43,527 - []
01:04:43,544 - []
01:04:43,560 - []
01:04:43,576 - []
01:04:43,591 - []
01:04:43,606 - []
01:04:43,624 - []
01:04:43,643 - []
01:04:43,659 - []
01:04:43,676 - []
01:04:43,692 - []
01:04:43,708 - []
01:04:43,725 - []
01:04:43,743 - []
01:04:43,759 - []
01:04:43,775 - []
01:04:43,792 - []
01:04:43,811 - []
01:04:43,829 - []
01:04:43,845 - []
01:04:43,863 - []
01:04:43,879 - []
01:04:43,897 - []
01:04:43,913 - []
01:04:43,929 - []
01:04:43,934 - action Bot_1 goTo(RoomC1)
01:04:43,947 - []
01:04:43,965 - []
01:04:43,981 - []
01:04:43,997 - []
01:04:44,014 - []
01:04:44,030 - []
01:04:44,046 - []
01:04:44,062 - []
01:04:44,080 - []
01:04:44,095 - []
01:04:44,111 - []
01:04:44,128 - []
01:04:44,143 - []
01:04:44,158 - []
01:04:44,175 - []
01:04:44,192 - []
01:04:44,211 - []
01:04:44,226 - []
01:04:44,243 - []
01:04:44,260 - []
01:04:44,276 - []
01:04:44,292 - []
01:04:44,311 - []
01:04:44,329 - []
01:04:44,346 - []
01:04:44,362 - []
01:04:44,377 - []
01:04:44,392 - []
01:04:44,408 - []
01:04:44,426 - []
01:04:44,444 - []
01:04:44,461 - []
01:04:44,478 - []
01:04:44,494 - []
01:04:44,513 - []
01:04:44,529 - []
01:04:44,547 - []
01:04:44,564 - []
01:04:44,579 - []
01:04:44,597 - []
01:04:44,613 - []
01:04:44,629 - []
01:04:44,645 - []
01:04:44,661 - []
01:04:44,676 - []
01:04:44,692 - []
01:04:44,707 - []
01:04:44,725 - []
01:04:44,742 - []
01:04:44,761 - []
01:04:44,777 - []
01:04:44,793 - []
01:04:44,809 - []
01:04:44,825 - []
01:04:44,842 - []
01:04:44,858 - []
01:04:44,875 - []
01:04:44,893 - []
01:04:44,909 - []
01:04:44,926 - []
01:04:44,943 - []
01:04:44,958 - []
01:04:44,975 - []
01:04:44,990 - []
01:04:45,007 - []
01:04:45,023 - []
01:04:45,038 - []
01:04:45,054 - []
01:04:45,071 - []
01:04:45,086 - []
01:04:45,102 - []
01:04:45,118 - []
01:04:45,135 - []
01:04:45,151 - []
01:04:45,167 - []
01:04:45,183 - []
01:04:45,198 - []
01:04:45,214 - []
01:04:45,229 - []
01:04:45,246 - []
01:04:45,263 - []
01:04:45,279 - []
01:04:45,295 - []
01:04:45,311 - []
01:04:45,327 - []
01:04:45,343 - []
01:04:45,359 - []
01:04:45,375 - []
01:04:45,392 - []
01:04:45,407 - []
01:04:45,423 - []
01:04:45,439 - []
01:04:45,455 - []
01:04:45,471 - []
01:04:45,487 - []
01:04:45,503 - []
01:04:45,520 - []
01:04:45,537 - []
01:04:45,552 - []
01:04:45,567 - []
01:04:45,583 - []
01:04:45,598 - []
01:04:45,613 - []
01:04:45,629 - []
01:04:45,646 - []
01:04:45,662 - []
01:04:45,680 - []
01:04:45,696 - []
01:04:45,713 - []
01:04:45,729 - []
01:04:45,747 - []
01:04:45,763 - []
01:04:45,780 - []
01:04:45,795 - []
01:04:45,810 - []
01:04:45,826 - []
01:04:45,843 - []
01:04:45,858 - []
01:04:45,875 - []
01:04:45,892 - []
01:04:45,910 - []
01:04:45,927 - []
01:04:45,942 - []
01:04:45,960 - []
01:04:45,975 - []
01:04:45,992 - []
01:04:46,009 - []
01:04:46,026 - []
01:04:46,042 - []
01:04:46,059 - []
01:04:46,076 - []
01:04:46,092 - []
01:04:46,108 - []
01:04:46,125 - []
01:04:46,142 - []
01:04:46,159 - []
01:04:46,176 - []
01:04:46,192 - []
01:04:46,209 - []
01:04:46,225 - []
01:04:46,240 - []
01:04:46,256 - []
01:04:46,271 - []
01:04:46,286 - []
01:04:46,302 - []
01:04:46,319 - []
01:04:46,335 - []
01:04:46,350 - []
01:04:46,365 - []
01:04:46,384 - []
01:04:46,399 - []
01:04:46,415 - []
01:04:46,429 - []
01:04:46,444 - []
01:04:46,463 - []
01:04:46,479 - []
01:04:46,495 - []
01:04:46,513 - []
01:04:46,529 - []
01:04:46,546 - []
01:04:46,561 - []
01:04:46,577 - []
01:04:46,592 - []
01:04:46,607 - []
01:04:46,622 - []
01:04:46,639 - []
01:04:46,655 - []
01:04:46,671 - []
01:04:46,686 - []
01:04:46,703 - []
01:04:46,719 - []
01:04:46,735 - []
01:04:46,750 - []
01:04:46,766 - []
01:04:46,784 - []
01:04:46,801 - []
01:04:46,816 - []
01:04:46,832 - []
01:04:46,849 - []
01:04:46,866 - []
01:04:46,882 - []
01:04:46,897 - []
01:04:46,913 - []
01:04:46,929 - []
01:04:46,944 - []
01:04:46,959 - []
01:04:46,976 - []
01:04:46,992 - []
01:04:47,007 - []
01:04:47,024 - []
01:04:47,039 - []
01:04:47,056 - []
01:04:47,071 - []
01:04:47,086 - []
01:04:47,103 - []
01:04:47,120 - []
01:04:47,135 - []
01:04:47,150 - []
01:04:47,166 - []
01:04:47,182 - []
01:04:47,198 - []
01:04:47,213 - []
01:04:47,229 - []
01:04:47,244 - []
01:04:47,259 - []
01:04:47,274 - []
01:04:47,290 - []
01:04:47,306 - []
01:04:47,320 - []
01:04:47,335 - []
01:04:47,352 - []
01:04:47,367 - []
01:04:47,382 - []
01:04:47,396 - []
01:04:47,413 - []
01:04:47,429 - []
01:04:47,444 - []
01:04:47,462 - []
01:04:47,478 - []
01:04:47,493 - []
01:04:47,508 - []
01:04:47,526 - []
01:04:47,542 - []
01:04:47,560 - []
01:04:47,575 - []
01:04:47,591 - []
01:04:47,607 - []
01:04:47,622 - []
01:04:47,637 - []
01:04:47,652 - []
01:04:47,670 - []
01:04:47,687 - []
01:04:47,703 - []
01:04:47,718 - []
01:04:47,732 - []
01:04:47,748 - []
01:04:47,766 - []
01:04:47,782 - []
01:04:47,796 - []
01:04:47,812 - []
01:04:47,827 - []
01:04:47,844 - []
01:04:47,870 - []
01:04:47,885 - []
01:04:47,902 - []
01:04:47,917 - []
01:04:47,931 - []
01:04:47,947 - []
01:04:47,961 - []
01:04:47,975 - []
01:04:47,992 - []
01:04:48,006 - []
01:04:48,020 - []
01:04:48,036 - []
01:04:48,052 - []
01:04:48,068 - []
01:04:48,083 - []
01:04:48,097 - []
01:04:48,111 - []
01:04:48,126 - []
01:04:48,141 - []
01:04:48,156 - []
01:04:48,172 - []
01:04:48,189 - []
01:04:48,204 - []
01:04:48,218 - []
01:04:48,234 - []
01:04:48,249 - []
01:04:48,264 - []
01:04:48,278 - []
01:04:48,293 - []
01:04:48,309 - []
01:04:48,325 - []
01:04:48,342 - []
01:04:48,357 - []
01:04:48,373 - []
01:04:48,389 - []
01:04:48,403 - []
01:04:48,420 - []
01:04:48,435 - []
01:04:48,452 - []
01:04:48,468 - []
01:04:48,486 - []
01:04:48,502 - []
01:04:48,517 - []
01:04:48,532 - []
01:04:48,548 - []
01:04:48,564 - []
01:04:48,579 - []
01:04:48,596 - []
01:04:48,613 - []
01:04:48,629 - []
01:04:48,646 - []
01:04:48,663 - []
01:04:48,678 - []
01:04:48,692 - []
01:04:48,709 - []
01:04:48,725 - []
01:04:48,742 - []
01:04:48,759 - []
01:04:48,776 - []
01:04:48,792 - []
01:04:48,808 - []
01:04:48,824 - []
01:04:48,841 - []
01:04:48,857 - []
01:04:48,872 - []
01:04:48,889 - []
01:04:48,906 - []
01:04:48,923 - []
01:04:48,938 - []
01:04:48,956 - []
01:04:48,971 - []
01:04:48,986 - []
01:04:49,002 - []
01:04:49,019 - []
01:04:49,037 - []
01:04:49,052 - []
01:04:49,068 - []
01:04:49,085 - []
01:04:49,102 - []
01:04:49,120 - []
01:04:49,135 - []
01:04:49,151 - []
01:04:49,166 - []
01:04:49,182 - []
01:04:49,197 - []
01:04:49,213 - []
01:04:49,228 - []
01:04:49,245 - []
01:04:49,260 - []
01:04:49,274 - []
01:04:49,289 - []
01:04:49,305 - []
01:04:49,320 - []
01:04:49,335 - []
01:04:49,351 - []
01:04:49,366 - []
01:04:49,382 - []
01:04:49,398 - []
01:04:49,413 - []
01:04:49,429 - []
01:04:49,446 - []
01:04:49,463 - []
01:04:49,479 - []
01:04:49,496 - []
01:04:49,513 - []
01:04:49,528 - []
01:04:49,543 - []
01:04:49,558 - []
01:04:49,572 - []
01:04:49,587 - []
01:04:49,601 - []
01:04:49,618 - []
01:04:49,633 - []
01:04:49,649 - []
01:04:49,665 - []
01:04:49,682 - []
01:04:49,697 - []
01:04:49,714 - []
01:04:49,730 - []
01:04:49,746 - []
01:04:49,761 - []
01:04:49,775 - []
01:04:49,791 - []
01:04:49,807 - []
01:04:49,824 - []
01:04:49,838 - []
01:04:49,856 - []
01:04:49,873 - []
01:04:49,891 - []
01:04:49,907 - []
01:04:49,925 - []
01:04:49,942 - []
01:04:49,959 - []
01:04:49,977 - []
01:04:49,992 - []
01:04:50,009 - []
01:04:50,025 - []
01:04:50,042 - []
01:04:50,059 - []
01:04:50,074 - []
01:04:50,091 - []
01:04:50,109 - []
01:04:50,125 - []
01:04:50,143 - []
01:04:50,158 - []
01:04:50,176 - []
01:04:50,192 - []
01:04:50,208 - []
01:04:50,225 - []
01:04:50,243 - []
01:04:50,259 - []
01:04:50,276 - []
01:04:50,292 - []
01:04:50,309 - []
01:04:50,325 - []
01:04:50,340 - []
01:04:50,358 - []
01:04:50,375 - []
01:04:50,393 - []
01:04:50,409 - []
01:04:50,425 - []
01:04:50,442 - []
01:04:50,459 - []
01:04:50,475 - []
01:04:50,491 - []
01:04:50,507 - []
01:04:50,524 - []
01:04:50,539 - []
01:04:50,556 - []
01:04:50,572 - []
01:04:50,588 - []
01:04:50,603 - []
01:04:50,619 - []
01:04:50,635 - []
01:04:50,650 - []
01:04:50,666 - []
01:04:50,684 - []
01:04:50,700 - []
01:04:50,715 - []
01:04:50,731 - []
01:04:50,748 - []
01:04:50,766 - []
01:04:50,784 - []
01:04:50,801 - []
01:04:50,816 - []
01:04:50,833 - []
01:04:50,850 - []
01:04:50,865 - []
01:04:50,881 - []
01:04:50,897 - []
01:04:50,912 - []
01:04:50,929 - []
01:04:50,946 - []
01:04:50,963 - []
01:04:50,979 - []
01:04:50,996 - []
01:04:51,013 - []
01:04:51,029 - []
01:04:51,046 - []
01:04:51,060 - []
01:04:51,076 - []
01:04:51,094 - []
01:04:51,109 - []
01:04:51,126 - []
01:04:51,143 - []
01:04:51,160 - []
01:04:51,176 - []
01:04:51,192 - []
01:04:51,209 - []
01:04:51,226 - []
01:04:51,241 - []
01:04:51,257 - []
01:04:51,274 - []
01:04:51,291 - []
01:04:51,309 - []
01:04:51,326 - []
01:04:51,342 - []
01:04:51,358 - []
01:04:51,375 - []
01:04:51,391 - []
01:04:51,406 - []
01:04:51,421 - []
01:04:51,439 - []
01:04:51,455 - []
01:04:51,470 - []
01:04:51,485 - []
01:04:51,501 - []
01:04:51,516 - []
01:04:51,531 - []
01:04:51,547 - []
01:04:51,563 - []
01:04:51,579 - []
01:04:51,596 - []
01:04:51,613 - []
01:04:51,628 - []
01:04:51,645 - []
01:04:51,660 - []
01:04:51,675 - []
01:04:51,692 - []
01:04:51,708 - []
01:04:51,723 - []
01:04:51,740 - []
01:04:51,756 - []
01:04:51,770 - []
01:04:51,785 - []
01:04:51,802 - []
01:04:51,818 - []
01:04:51,834 - []
01:04:51,853 - []
01:04:51,868 - []
01:04:51,885 - []
01:04:51,900 - []
01:04:51,919 - []
01:04:51,936 - []
01:04:51,952 - []
01:04:51,967 - []
01:04:51,986 - []
01:04:52,004 - []
01:04:52,019 - []
01:04:52,035 - []
01:04:52,053 - []
01:04:52,069 - []
01:04:52,085 - []
01:04:52,102 - []
01:04:52,121 - []
01:04:52,136 - []
01:04:52,152 - []
01:04:52,170 - []
01:04:52,188 - []
01:04:52,205 - []
01:04:52,222 - []
01:04:52,238 - []
01:04:52,256 - []
01:04:52,272 - []
01:04:52,287 - []
01:04:52,305 - []
01:04:52,323 - []
01:04:52,342 - []
01:04:52,360 - []
01:04:52,376 - []
01:04:52,393 - []
01:04:52,409 - []
01:04:52,426 - []
01:04:52,442 - []
01:04:52,459 - []
01:04:52,474 - []
01:04:52,492 - []
01:04:52,507 - []
01:04:52,524 - []
01:04:52,540 - []
01:04:52,556 - []
01:04:52,573 - []
01:04:52,589 - []
01:04:52,605 - []
01:04:52,620 - []
01:04:52,638 - []
01:04:52,655 - []
01:04:52,670 - []
01:04:52,685 - []
01:04:52,703 - []
01:04:52,720 - []
01:04:52,735 - []
01:04:52,751 - []
01:04:52,767 - []
01:04:52,784 - []
01:04:52,801 - []
01:04:52,816 - []
01:04:52,831 - []
01:04:52,847 - []
01:04:52,864 - []
01:04:52,879 - []
01:04:52,894 - []
01:04:52,909 - []
01:04:52,926 - []
01:04:52,943 - []
01:04:52,960 - []
01:04:52,975 - []
01:04:52,990 - []
01:04:53,004 - []
01:04:53,018 - []
01:04:53,036 - []
01:04:53,052 - []
01:04:53,069 - []
01:04:53,086 - []
01:04:53,102 - []
01:04:53,117 - []
01:04:53,135 - []
01:04:53,150 - []
01:04:53,167 - []
01:04:53,183 - []
01:04:53,198 - []
01:04:53,212 - []
01:04:53,229 - []
01:04:53,244 - []
01:04:53,259 - []
01:04:53,275 - []
01:04:53,292 - []
01:04:53,307 - []
01:04:53,322 - []
01:04:53,340 - []
01:04:53,357 - []
01:04:53,373 - []
01:04:53,389 - []
01:04:53,406 - []
01:04:53,422 - []
01:04:53,438 - []
01:04:53,453 - []
01:04:53,468 - []
01:04:53,484 - []
01:04:53,502 - []
01:04:53,519 - []
01:04:53,538 - []
01:04:53,556 - []
01:04:53,573 - []
01:04:53,591 - []
01:04:53,608 - []
01:04:53,626 - []
01:04:53,642 - []
01:04:53,659 - []
01:04:53,676 - []
01:04:53,692 - []
01:04:53,708 - []
01:04:53,724 - []
01:04:53,740 - []
01:04:53,758 - []
01:04:53,774 - []
01:04:53,792 - []
01:04:53,809 - []
01:04:53,826 - []
01:04:53,842 - []
01:04:53,859 - []
01:04:53,875 - []
01:04:53,893 - []
01:04:53,909 - []
01:04:53,926 - []
01:04:53,943 - []
01:04:53,960 - []
01:04:53,976 - []
01:04:53,993 - []
01:04:54,009 - []
01:04:54,025 - []
01:04:54,042 - []
01:04:54,056 - []
01:04:54,070 - []
01:04:54,086 - []
01:04:54,102 - []
01:04:54,117 - []
01:04:54,132 - []
01:04:54,148 - []
01:04:54,162 - []
01:04:54,177 - []
01:04:54,192 - []
01:04:54,207 - []
01:04:54,222 - []
01:04:54,238 - []
01:04:54,255 - []
01:04:54,271 - []
01:04:54,288 - []
01:04:54,304 - []
01:04:54,320 - []
01:04:54,336 - []
01:04:54,352 - []
01:04:54,370 - []
01:04:54,385 - []
01:04:54,401 - []
01:04:54,418 - []
01:04:54,436 - []
01:04:54,452 - []
01:04:54,468 - []
01:04:54,483 - []
01:04:54,500 - []
01:04:54,515 - []
01:04:54,531 - []
01:04:54,548 - []
01:04:54,563 - []
01:04:54,579 - []
01:04:54,594 - []
01:04:54,619 - []
01:04:54,639 - []
01:04:54,660 - []
01:04:54,687 - []
01:04:54,704 - []
01:04:54,720 - []
01:04:54,736 - []
01:04:54,753 - []
01:04:54,769 - []
01:04:54,786 - []
01:04:54,802 - []
01:04:54,819 - []
01:04:54,835 - []
01:04:54,851 - []
01:04:54,867 - []
01:04:54,884 - []
01:04:54,901 - []
01:04:54,917 - []
01:04:54,933 - []
01:04:54,949 - []
01:04:54,965 - []
01:04:54,981 - []
01:04:54,997 - []
01:04:55,013 - []
01:04:55,029 - []
01:04:55,045 - []
01:04:55,060 - []
01:04:55,076 - []
01:04:55,092 - []
01:04:55,109 - []
01:04:55,125 - []
01:04:55,143 - []
01:04:55,159 - []
01:04:55,176 - []
01:04:55,193 - []
01:04:55,209 - []
01:04:55,226 - []
01:04:55,243 - []
01:04:55,259 - []
01:04:55,277 - []
01:04:55,293 - []
01:04:55,308 - []
01:04:55,325 - []
01:04:55,341 - []
01:04:55,357 - []
01:04:55,374 - []
01:04:55,390 - []
01:04:55,406 - []
01:04:55,422 - []
01:04:55,439 - []
01:04:55,456 - []
01:04:55,472 - []
01:04:55,487 - []
01:04:55,502 - []
01:04:55,519 - []
01:04:55,535 - []
01:04:55,553 - []
01:04:55,569 - []
01:04:55,586 - []
01:04:55,602 - []
01:04:55,619 - []
01:04:55,636 - []
01:04:55,652 - []
01:04:55,668 - []
01:04:55,685 - []
01:04:55,703 - []
01:04:55,719 - []
01:04:55,737 - []
01:04:55,752 - []
01:04:55,769 - []
01:04:55,787 - []
01:04:55,802 - []
01:04:55,819 - []
01:04:55,836 - []
01:04:55,851 - []
01:04:55,868 - []
01:04:55,884 - []
01:04:55,900 - []
01:04:55,915 - []
01:04:55,931 - []
01:04:55,946 - []
01:04:55,962 - []
01:04:55,977 - []
01:04:55,993 - []
01:04:56,009 - []
01:04:56,025 - []
01:04:56,041 - []
01:04:56,058 - []
01:04:56,075 - []
01:04:56,090 - []
01:04:56,108 - []
01:04:56,124 - []
01:04:56,141 - []
01:04:56,159 - []
01:04:56,175 - []
01:04:56,192 - []
01:04:56,208 - []
01:04:56,223 - []
01:04:56,239 - []
01:04:56,255 - []
01:04:56,272 - []
01:04:56,289 - []
01:04:56,306 - []
01:04:56,324 - []
01:04:56,342 - []
01:04:56,359 - []
01:04:56,375 - []
01:04:56,391 - []
01:04:56,406 - []
01:04:56,424 - []
01:04:56,441 - []
01:04:56,459 - []
01:04:56,477 - []
01:04:56,493 - []
01:04:56,509 - []
01:04:56,526 - []
01:04:56,542 - []
01:04:56,559 - []
01:04:56,575 - []
01:04:56,590 - []
01:04:56,606 - []
01:04:56,623 - []
01:04:56,641 - []
01:04:56,659 - []
01:04:56,675 - []
01:04:56,692 - []
01:04:56,708 - []
01:04:56,724 - []
01:04:56,742 - []
01:04:56,760 - []
01:04:56,776 - []
01:04:56,792 - []
01:04:56,807 - []
01:04:56,823 - []
01:04:56,839 - []
01:04:56,856 - []
01:04:56,871 - []
01:04:56,889 - []
01:04:56,905 - []
01:04:56,921 - []
01:04:56,936 - []
01:04:56,951 - []
01:04:56,969 - []
01:04:56,985 - []
01:04:57,002 - []
01:04:57,020 - []
01:04:57,036 - []
01:04:57,052 - []
01:04:57,069 - []
01:04:57,083 - []
01:04:57,098 - []
01:04:57,112 - []
01:04:57,126 - []
01:04:57,142 - []
01:04:57,157 - []
01:04:57,174 - []
01:04:57,189 - []
01:04:57,203 - []
01:04:57,220 - []
01:04:57,236 - []
01:04:57,252 - []
01:04:57,268 - []
01:04:57,282 - []
01:04:57,298 - []
01:04:57,315 - []
01:04:57,329 - []
01:04:57,346 - []
01:04:57,360 - []
01:04:57,377 - []
01:04:57,391 - []
01:04:57,406 - []
01:04:57,422 - []
01:04:57,437 - []
01:04:57,452 - []
01:04:57,467 - []
01:04:57,481 - []
01:04:57,496 - []
01:04:57,510 - []
01:04:57,524 - []
01:04:57,540 - []
01:04:57,557 - []
01:04:57,572 - []
01:04:57,588 - []
01:04:57,602 - []
01:04:57,616 - []
01:04:57,631 - []
01:04:57,646 - []
01:04:57,661 - []
01:04:57,677 - []
01:04:57,693 - []
01:04:57,710 - []
01:04:57,725 - []
01:04:57,741 - []
01:04:57,756 - []
01:04:57,771 - []
01:04:57,786 - []
01:04:57,801 - []
01:04:57,816 - []
01:04:57,832 - []
01:04:57,847 - []
01:04:57,863 - []
01:04:57,878 - []
01:04:57,894 - []
01:04:57,911 - []
01:04:57,926 - []
01:04:57,943 - []
01:04:57,959 - []
01:04:57,973 - []
01:04:57,988 - []
