16:15:03,984 - sequence
16:15:03,985 - room RoomA3 contains blocks:  O W Y
16:15:03,985 - room RoomA2 contains blocks:  P Y W R
16:15:03,985 - room RoomB3 contains blocks:  R B
16:15:03,986 - room RoomC1 contains blocks:  Y O
16:15:03,986 - room RoomA1 contains blocks:  B B
16:15:03,986 - room RoomB2 contains blocks:  R P
16:15:03,987 - room RoomC3 contains blocks:  Y R G G
16:15:03,987 - room RoomB1 contains blocks:  W B G O B
16:15:03,987 - room RoomC2 contains blocks:  Y O R Y
16:15:03,990 - sequence Y P B Y R R
16:18:00,516 - []
16:18:00,591 - action Bot_1 goTo(RoomA1)
16:18:00,624 - []
16:18:00,660 - []
16:18:00,682 - []
16:18:00,707 - []
16:18:00,730 - []
16:18:00,755 - []
16:18:00,777 - []
16:18:00,799 - []
16:18:00,822 - []
16:18:00,843 - []
16:18:00,866 - []
16:18:00,890 - []
16:18:00,915 - []
16:18:00,937 - []
16:18:00,958 - []
16:18:00,980 - []
16:18:01,003 - []
16:18:01,024 - []
16:18:01,045 - []
16:18:01,065 - []
16:18:01,085 - []
16:18:01,107 - []
16:18:01,129 - []
16:18:01,149 - []
16:18:01,169 - []
16:18:01,190 - []
16:18:01,209 - []
16:18:01,230 - []
16:18:01,249 - []
16:18:01,268 - []
16:18:01,286 - []
16:18:01,304 - []
16:18:01,324 - []
16:18:01,342 - []
16:18:01,361 - []
16:18:01,380 - []
16:18:01,398 - []
16:18:01,417 - []
16:18:01,439 - []
16:18:01,459 - []
16:18:01,480 - []
16:18:01,498 - []
16:18:01,518 - []
16:18:01,538 - []
16:18:01,557 - []
16:18:01,577 - []
16:18:01,597 - []
16:18:01,617 - []
16:18:01,638 - []
16:18:01,657 - []
16:18:01,677 - []
16:18:01,696 - []
16:18:01,714 - []
16:18:01,734 - []
16:18:01,752 - []
16:18:01,772 - []
16:18:01,791 - []
16:18:01,809 - []
16:18:01,829 - []
16:18:01,848 - []
16:18:01,866 - []
16:18:01,884 - []
16:18:01,905 - []
16:18:01,927 - []
16:18:01,949 - []
16:18:01,971 - []
16:18:01,991 - []
16:18:02,010 - []
16:18:02,030 - []
16:18:02,052 - []
16:18:02,073 - []
16:18:02,092 - []
16:18:02,109 - []
16:18:02,130 - []
16:18:02,148 - []
16:18:02,169 - []
16:18:02,188 - []
16:18:02,207 - []
16:18:02,224 - []
16:18:02,241 - []
16:18:02,260 - []
16:18:02,279 - []
16:18:02,298 - []
16:18:02,316 - []
16:18:02,334 - []
16:18:02,350 - []
16:18:02,370 - []
16:18:02,386 - []
16:18:02,403 - []
16:18:02,420 - []
16:18:02,438 - []
16:18:02,455 - []
16:18:02,473 - []
16:18:02,490 - []
16:18:02,507 - []
16:18:02,526 - []
16:18:02,545 - []
16:18:02,563 - []
16:18:02,581 - []
16:18:02,597 - []
16:18:02,614 - []
16:18:02,631 - []
16:18:02,648 - []
16:18:02,664 - []
16:18:02,680 - []
16:18:02,697 - []
16:18:02,714 - []
16:18:02,732 - []
16:18:02,748 - []
16:18:02,765 - []
16:18:02,783 - []
16:18:02,800 - []
16:18:02,817 - []
16:18:02,836 - []
16:18:02,856 - []
16:18:02,873 - []
16:18:02,889 - []
16:18:02,906 - []
16:18:02,922 - []
16:18:02,939 - []
16:18:02,955 - []
16:18:02,972 - []
16:18:02,989 - []
16:18:03,005 - []
16:18:03,024 - []
16:18:03,045 - []
16:18:03,067 - []
16:18:03,085 - []
16:18:03,106 - []
16:18:03,124 - []
16:18:03,142 - []
16:18:03,160 - []
16:18:03,180 - []
16:18:03,198 - []
16:18:03,218 - []
16:18:03,234 - []
16:18:03,252 - []
16:18:03,273 - []
16:18:03,291 - []
16:18:03,309 - []
16:18:03,326 - []
16:18:03,344 - []
16:18:03,364 - []
16:18:03,382 - []
16:18:03,402 - []
16:18:03,422 - []
16:18:03,440 - []
16:18:03,458 - []
16:18:03,476 - []
16:18:03,496 - []
16:18:03,514 - []
16:18:03,531 - []
16:18:03,548 - []
16:18:03,564 - []
16:18:03,581 - []
16:18:03,597 - []
16:18:03,614 - []
16:18:03,634 - []
16:18:03,655 - []
16:18:03,673 - []
16:18:03,689 - []
16:18:03,707 - []
16:18:03,725 - []
16:18:03,741 - []
16:18:03,757 - []
16:18:03,774 - []
16:18:03,790 - []
16:18:03,808 - []
16:18:03,824 - []
16:18:03,842 - []
16:18:03,858 - []
16:18:03,875 - []
16:18:03,893 - []
16:18:03,911 - []
16:18:03,929 - []
16:18:03,947 - []
16:18:03,964 - []
16:18:03,981 - []
16:18:03,998 - []
16:18:04,016 - []
16:18:04,034 - []
16:18:04,050 - []
16:18:04,069 - []
16:18:04,088 - []
16:18:04,105 - []
16:18:04,123 - []
16:18:04,140 - []
16:18:04,161 - []
16:18:04,180 - []
16:18:04,198 - []
16:18:04,219 - []
16:18:04,239 - []
16:18:04,256 - []
16:18:04,273 - []
16:18:04,289 - []
16:18:04,310 - []
16:18:04,328 - []
16:18:04,347 - []
16:18:04,364 - []
16:18:04,381 - []
16:18:04,401 - []
16:18:04,418 - []
16:18:04,438 - []
16:18:04,456 - []
16:18:04,475 - []
16:18:04,494 - []
16:18:04,513 - []
16:18:04,531 - []
16:18:04,547 - []
16:18:04,564 - []
16:18:04,581 - []
16:18:04,597 - []
16:18:04,614 - []
16:18:04,630 - []
16:18:04,647 - []
16:18:04,664 - []
16:18:04,681 - []
16:18:04,698 - []
16:18:04,722 - []
16:18:04,740 - []
16:18:04,756 - []
16:18:04,773 - []
16:18:04,791 - []
16:18:04,810 - []
16:18:04,827 - []
16:18:04,846 - []
16:18:04,863 - []
16:18:04,880 - []
16:18:04,898 - []
16:18:04,915 - []
16:18:04,931 - []
16:18:04,948 - []
16:18:04,965 - []
16:18:04,981 - []
16:18:04,998 - []
16:18:05,014 - []
16:18:05,032 - []
16:18:05,051 - []
16:18:05,068 - []
16:18:05,084 - []
16:18:05,100 - []
16:18:05,116 - []
16:18:05,133 - []
16:18:05,151 - []
16:18:05,168 - []
16:18:05,184 - []
16:18:05,203 - []
16:18:05,221 - []
16:18:05,238 - []
16:18:05,254 - []
16:18:05,271 - []
16:18:05,288 - []
16:18:05,306 - []
16:18:05,323 - []
16:18:05,339 - []
16:18:05,356 - []
16:18:05,372 - []
16:18:05,388 - []
16:18:05,405 - []
16:18:05,421 - []
16:18:05,438 - []
16:18:05,454 - []
16:18:05,471 - []
16:18:05,488 - []
16:18:05,504 - []
16:18:05,521 - []
16:18:05,539 - []
16:18:05,556 - []
16:18:05,572 - []
16:18:05,589 - []
16:18:05,605 - []
16:18:05,622 - []
16:18:05,638 - []
16:18:05,655 - []
16:18:05,672 - []
16:18:05,688 - []
16:18:05,705 - []
16:18:05,721 - []
16:18:05,738 - []
16:18:05,756 - []
16:18:05,773 - []
16:18:05,790 - []
16:18:05,809 - []
16:18:05,828 - []
16:18:05,847 - []
16:18:05,864 - []
16:18:05,881 - []
16:18:05,898 - []
16:18:05,914 - []
16:18:05,932 - []
16:18:05,951 - []
16:18:05,968 - []
16:18:05,985 - []
16:18:06,003 - []
16:18:06,022 - []
16:18:06,040 - []
16:18:06,056 - []
16:18:06,074 - []
16:18:06,091 - []
16:18:06,108 - []
16:18:06,127 - []
16:18:06,145 - []
16:18:06,163 - []
16:18:06,180 - []
16:18:06,197 - []
16:18:06,214 - []
16:18:06,231 - []
16:18:06,248 - []
16:18:06,265 - []
16:18:06,280 - []
16:18:06,297 - []
16:18:06,313 - []
16:18:06,329 - []
16:18:06,347 - []
16:18:06,364 - []
16:18:06,381 - []
16:18:06,397 - []
16:18:06,414 - []
16:18:06,430 - []
16:18:06,447 - []
16:18:06,464 - []
16:18:06,481 - []
16:18:06,498 - []
16:18:06,515 - []
16:18:06,531 - []
16:18:06,549 - []
16:18:06,566 - []
16:18:06,585 - []
16:18:06,604 - []
16:18:06,622 - []
16:18:06,638 - []
16:18:06,655 - []
16:18:06,673 - []
16:18:06,689 - []
16:18:06,707 - []
16:18:06,722 - []
16:18:06,739 - []
16:18:06,756 - []
16:18:06,773 - []
16:18:06,790 - []
16:18:06,807 - []
16:18:06,827 - []
16:18:06,845 - []
16:18:06,863 - []
16:18:06,880 - []
16:18:06,897 - []
16:18:06,914 - []
16:18:06,931 - []
16:18:06,947 - []
16:18:06,964 - []
16:18:06,980 - []
16:18:06,997 - []
16:18:07,012 - []
16:18:07,030 - []
16:18:07,046 - []
16:18:07,062 - []
16:18:07,079 - []
16:18:07,095 - []
16:18:07,113 - []
16:18:07,130 - []
16:18:07,148 - []
16:18:07,164 - []
16:18:07,181 - []
16:18:07,197 - []
16:18:07,213 - []
16:18:07,229 - []
16:18:07,246 - []
16:18:07,264 - []
16:18:07,280 - []
16:18:07,297 - []
16:18:07,312 - []
16:18:07,330 - []
16:18:07,347 - []
16:18:07,365 - []
16:18:07,381 - []
16:18:07,397 - []
16:18:07,414 - []
16:18:07,431 - []
16:18:07,448 - []
16:18:07,465 - []
16:18:07,482 - []
16:18:07,499 - []
16:18:07,515 - []
16:18:07,531 - []
16:18:07,547 - []
16:18:07,564 - []
16:18:07,580 - []
16:18:07,597 - []
16:18:07,614 - []
16:18:07,630 - []
16:18:07,647 - []
16:18:07,664 - []
16:18:07,681 - []
16:18:07,698 - []
16:18:07,714 - []
16:18:07,731 - []
16:18:07,748 - []
16:18:07,765 - []
16:18:07,781 - []
16:18:07,797 - []
16:18:07,814 - []
16:18:07,829 - []
16:18:07,847 - []
16:18:07,862 - []
16:18:07,880 - []
16:18:07,897 - []
16:18:07,913 - []
16:18:07,929 - []
16:18:07,946 - []
16:18:07,963 - []
16:18:07,979 - []
16:18:07,996 - []
16:18:08,013 - []
16:18:08,030 - []
16:18:08,045 - []
16:18:08,062 - []
16:18:08,079 - []
16:18:08,095 - []
16:18:08,113 - []
16:18:08,129 - []
16:18:08,147 - []
16:18:08,164 - []
16:18:08,179 - []
16:18:08,198 - []
16:18:08,214 - []
16:18:08,230 - []
16:18:08,247 - []
16:18:08,264 - []
16:18:08,279 - []
16:18:08,296 - []
16:18:08,312 - []
16:18:08,329 - []
16:18:08,346 - []
16:18:08,363 - []
16:18:08,379 - []
16:18:08,396 - []
16:18:08,412 - []
16:18:08,429 - []
16:18:08,445 - []
16:18:08,462 - []
16:18:08,479 - []
16:18:08,496 - []
16:18:08,512 - []
16:18:08,529 - []
16:18:08,546 - []
16:18:08,560 - []
16:18:08,577 - []
16:18:08,593 - []
16:18:08,609 - []
16:18:08,625 - []
16:18:08,641 - []
16:18:08,659 - []
16:18:08,675 - []
16:18:08,694 - []
16:18:08,709 - []
16:18:08,727 - []
16:18:08,745 - []
16:18:08,762 - []
16:18:08,780 - []
16:18:08,796 - []
16:18:08,812 - []
16:18:08,829 - []
16:18:08,846 - []
16:18:08,864 - []
16:18:08,881 - []
16:18:08,897 - []
16:18:08,914 - []
16:18:08,931 - []
16:18:08,946 - []
16:18:08,962 - []
16:18:08,980 - []
16:18:08,996 - []
16:18:09,013 - []
16:18:09,030 - []
16:18:09,046 - []
16:18:09,062 - []
16:18:09,079 - []
16:18:09,097 - []
16:18:09,114 - []
16:18:09,130 - []
16:18:09,147 - []
16:18:09,164 - []
16:18:09,180 - []
16:18:09,196 - []
16:18:09,214 - []
16:18:09,231 - []
16:18:09,247 - []
16:18:09,264 - []
16:18:09,281 - []
16:18:09,297 - []
16:18:09,314 - []
16:18:09,331 - []
16:18:09,348 - []
16:18:09,364 - []
16:18:09,381 - []
16:18:09,398 - []
16:18:09,414 - []
16:18:09,430 - []
16:18:09,447 - []
16:18:09,464 - []
16:18:09,480 - []
16:18:09,497 - []
16:18:09,514 - []
16:18:09,531 - []
16:18:09,547 - []
16:18:09,563 - []
16:18:09,580 - []
16:18:09,596 - []
16:18:09,613 - []
16:18:09,630 - []
16:18:09,649 - []
16:18:09,665 - []
16:18:09,680 - []
16:18:09,697 - []
16:18:09,714 - []
16:18:09,731 - []
16:18:09,748 - []
16:18:09,764 - []
16:18:09,781 - []
16:18:09,797 - []
16:18:09,814 - []
16:18:09,831 - []
16:18:09,847 - []
16:18:09,864 - []
16:18:09,880 - []
16:18:09,897 - []
16:18:09,912 - []
16:18:09,929 - []
16:18:09,946 - []
16:18:09,963 - []
16:18:09,981 - []
16:18:09,999 - []
16:18:10,018 - []
16:18:10,035 - []
16:18:10,050 - []
16:18:10,067 - []
16:18:10,084 - []
16:18:10,100 - []
16:18:10,116 - []
16:18:10,132 - []
16:18:10,148 - []
16:18:10,165 - []
16:18:10,181 - []
16:18:10,197 - []
16:18:10,214 - []
16:18:10,229 - []
16:18:10,246 - []
16:18:10,263 - []
16:18:10,279 - []
16:18:10,295 - []
16:18:10,311 - []
16:18:10,326 - []
16:18:10,343 - []
16:18:10,359 - []
16:18:10,376 - []
16:18:10,394 - []
16:18:10,409 - []
16:18:10,425 - []
16:18:10,441 - []
16:18:10,458 - []
16:18:10,475 - []
16:18:10,494 - []
16:18:10,512 - []
16:18:10,529 - []
16:18:10,547 - []
16:18:10,564 - []
16:18:10,581 - []
16:18:10,597 - []
16:18:10,614 - []
16:18:10,632 - []
16:18:10,648 - []
16:18:10,664 - []
16:18:10,681 - []
16:18:10,697 - []
16:18:10,714 - []
16:18:10,731 - []
16:18:10,746 - []
16:18:10,763 - []
16:18:10,780 - []
16:18:10,796 - []
16:18:10,813 - []
16:18:10,830 - []
16:18:10,848 - []
16:18:10,864 - []
16:18:10,881 - []
16:18:10,897 - []
16:18:10,914 - []
16:18:10,930 - []
16:18:10,947 - []
16:18:10,964 - []
16:18:10,980 - []
16:18:10,998 - []
16:18:11,014 - []
16:18:11,031 - []
16:18:11,047 - []
16:18:11,064 - []
16:18:11,080 - []
16:18:11,096 - []
16:18:11,115 - []
16:18:11,131 - []
16:18:11,147 - []
16:18:11,164 - []
16:18:11,181 - []
16:18:11,197 - []
16:18:11,214 - []
16:18:11,230 - []
16:18:11,247 - []
16:18:11,264 - []
16:18:11,280 - []
16:18:11,296 - []
16:18:11,312 - []
16:18:11,329 - []
16:18:11,346 - []
16:18:11,363 - []
16:18:11,380 - []
16:18:11,397 - []
16:18:11,413 - []
16:18:11,431 - []
16:18:11,446 - []
16:18:11,462 - []
16:18:11,479 - []
16:18:11,497 - []
16:18:11,513 - []
16:18:11,531 - []
16:18:11,547 - []
16:18:11,564 - []
16:18:11,581 - []
16:18:11,597 - []
16:18:11,613 - []
16:18:11,631 - []
16:18:11,646 - []
16:18:11,663 - []
16:18:11,680 - []
16:18:11,697 - []
16:18:11,713 - []
16:18:11,729 - []
16:18:11,747 - []
16:18:11,764 - []
16:18:11,779 - []
16:18:11,796 - []
16:18:11,814 - []
16:18:11,830 - []
16:18:11,848 - []
16:18:11,864 - []
16:18:11,880 - []
16:18:11,896 - []
16:18:11,913 - []
16:18:11,930 - []
16:18:11,947 - []
16:18:11,963 - []
16:18:11,980 - []
16:18:11,998 - []
16:18:12,014 - []
16:18:12,031 - []
16:18:12,048 - []
16:18:12,064 - []
16:18:12,081 - []
16:18:12,097 - []
16:18:12,114 - []
16:18:12,130 - []
16:18:12,147 - []
16:18:12,164 - []
16:18:12,180 - []
16:18:12,196 - []
16:18:12,214 - []
16:18:12,230 - []
16:18:12,247 - []
16:18:12,263 - []
16:18:12,280 - []
16:18:12,297 - []
16:18:12,314 - []
16:18:12,331 - []
16:18:12,347 - []
16:18:12,362 - []
16:18:12,378 - []
16:18:12,393 - []
16:18:12,410 - []
16:18:12,425 - []
16:18:12,440 - []
16:18:12,455 - []
16:18:12,471 - []
16:18:12,487 - []
16:18:12,504 - []
16:18:12,521 - []
16:18:12,538 - []
16:18:12,554 - []
16:18:12,571 - []
16:18:12,588 - []
16:18:12,605 - []
16:18:12,622 - []
16:18:12,638 - []
16:18:12,655 - []
16:18:12,672 - []
16:18:12,688 - []
16:18:12,705 - []
16:18:12,722 - []
16:18:12,738 - []
16:18:12,755 - []
16:18:12,772 - []
16:18:12,788 - []
16:18:12,805 - []
16:18:12,822 - []
16:18:12,838 - []
16:18:12,855 - []
16:18:12,872 - []
16:18:12,888 - []
16:18:12,905 - []
16:18:12,922 - []
16:18:12,938 - []
16:18:12,954 - []
16:18:12,971 - []
16:18:12,988 - []
16:18:13,004 - []
16:18:13,020 - []
16:18:13,036 - []
16:18:13,055 - []
16:18:13,072 - []
16:18:13,089 - []
16:18:13,106 - []
16:18:13,122 - []
16:18:13,139 - []
16:18:13,156 - []
16:18:13,173 - []
16:18:13,190 - []
16:18:13,209 - []
16:18:13,226 - []
16:18:13,244 - []
16:18:13,261 - []
16:18:13,279 - []
16:18:13,297 - []
16:18:13,313 - []
16:18:13,330 - []
16:18:13,347 - []
16:18:13,363 - []
16:18:13,379 - []
16:18:13,398 - []
16:18:13,414 - []
16:18:13,430 - []
16:18:13,448 - []
16:18:13,464 - []
16:18:13,480 - []
16:18:13,497 - []
16:18:13,514 - []
16:18:13,531 - []
16:18:13,547 - []
16:18:13,562 - []
16:18:13,577 - []
16:18:13,595 - []
16:18:13,611 - []
16:18:13,627 - []
16:18:13,644 - []
16:18:13,662 - []
16:18:13,679 - []
16:18:13,696 - []
16:18:13,712 - []
16:18:13,729 - []
16:18:13,746 - []
16:18:13,762 - []
16:18:13,778 - []
16:18:13,796 - []
16:18:13,812 - []
16:18:13,828 - []
16:18:13,847 - []
16:18:13,864 - []
16:18:13,880 - []
16:18:13,898 - []
16:18:13,914 - []
16:18:13,930 - []
16:18:13,947 - []
16:18:13,964 - []
16:18:13,981 - []
16:18:13,997 - []
16:18:14,013 - []
16:18:14,029 - []
16:18:14,048 - []
16:18:14,064 - []
16:18:14,080 - []
16:18:14,098 - []
16:18:14,114 - []
16:18:14,131 - []
16:18:14,147 - []
16:18:14,164 - []
16:18:14,181 - []
16:18:14,198 - []
16:18:14,213 - []
16:18:14,231 - []
16:18:14,248 - []
16:18:14,264 - []
16:18:14,281 - []
16:18:14,298 - []
16:18:14,314 - []
16:18:14,331 - []
16:18:14,347 - []
16:18:14,364 - []
16:18:14,380 - []
16:18:14,396 - []
16:18:14,413 - []
16:18:14,431 - []
16:18:14,447 - []
16:18:14,464 - []
16:18:14,480 - []
16:18:14,496 - []
16:18:14,513 - []
16:18:14,530 - []
16:18:14,547 - []
16:18:14,563 - []
16:18:14,581 - []
16:18:14,597 - []
16:18:14,614 - []
16:18:14,631 - []
16:18:14,648 - []
16:18:14,664 - []
16:18:14,680 - []
16:18:14,697 - []
16:18:14,713 - []
16:18:14,731 - []
16:18:14,747 - []
16:18:14,764 - []
16:18:14,781 - []
16:18:14,798 - []
16:18:14,814 - []
16:18:14,831 - []
16:18:14,848 - []
16:18:14,864 - []
16:18:14,881 - []
16:18:14,897 - []
16:18:14,914 - []
16:18:14,931 - []
16:18:14,947 - []
16:18:14,964 - []
16:18:14,980 - []
16:18:14,997 - []
16:18:15,013 - []
16:18:15,031 - []
16:18:15,047 - []
16:18:15,064 - []
16:18:15,081 - []
16:18:15,097 - []
16:18:15,113 - []
16:18:15,130 - []
16:18:15,147 - []
16:18:15,164 - []
16:18:15,181 - []
16:18:15,198 - []
16:18:15,214 - []
16:18:15,231 - []
16:18:15,247 - []
16:18:15,264 - []
16:18:15,281 - []
16:18:15,297 - []
16:18:15,314 - []
16:18:15,331 - []
16:18:15,348 - []
16:18:15,364 - []
16:18:15,380 - []
16:18:15,396 - []
16:18:15,415 - []
16:18:15,431 - []
16:18:15,448 - []
16:18:15,464 - []
16:18:15,480 - []
16:18:15,497 - []
16:18:15,514 - []
16:18:15,531 - []
16:18:15,548 - []
16:18:15,564 - []
16:18:15,581 - []
16:18:15,597 - []
16:18:15,613 - []
16:18:15,631 - []
16:18:15,647 - []
16:18:15,664 - []
16:18:15,680 - []
16:18:15,697 - []
16:18:15,714 - []
16:18:15,729 - []
16:18:15,746 - []
16:18:15,763 - []
16:18:15,780 - []
16:18:15,797 - []
16:18:15,813 - []
16:18:15,831 - []
16:18:15,848 - []
16:18:15,864 - []
16:18:15,880 - []
16:18:15,897 - []
16:18:15,914 - []
16:18:15,931 - []
16:18:15,947 - []
16:18:15,964 - []
16:18:15,980 - []
16:18:15,997 - []
16:18:16,013 - []
16:18:16,031 - []
16:18:16,048 - []
16:18:16,064 - []
16:18:16,080 - []
16:18:16,098 - []
16:18:16,114 - []
16:18:16,131 - []
16:18:16,147 - []
16:18:16,164 - []
16:18:16,181 - []
16:18:16,197 - []
16:18:16,213 - []
16:18:16,231 - []
16:18:16,247 - []
16:18:16,264 - []
16:18:16,280 - []
16:18:16,297 - []
16:18:16,314 - []
16:18:16,330 - []
16:18:16,347 - []
16:18:16,364 - []
16:18:16,381 - []
16:18:16,398 - []
16:18:16,414 - []
16:18:16,431 - []
16:18:16,448 - []
16:18:16,464 - []
16:18:16,481 - []
16:18:16,498 - []
16:18:16,514 - []
16:18:16,531 - []
16:18:16,547 - []
16:18:16,564 - []
16:18:16,581 - []
16:18:16,597 - []
16:18:16,614 - []
16:18:16,630 - []
16:18:16,647 - []
16:18:16,664 - []
16:18:16,681 - []
16:18:16,698 - []
16:18:16,714 - []
16:18:16,731 - []
16:18:16,748 - []
16:18:16,764 - []
16:18:16,781 - []
16:18:16,798 - []
16:18:16,814 - []
16:18:16,831 - []
16:18:16,848 - []
16:18:16,864 - []
16:18:16,881 - []
16:18:16,897 - []
16:18:16,913 - []
16:18:16,931 - []
16:18:16,947 - []
16:18:16,963 - []
16:18:16,981 - []
16:18:16,997 - []
16:18:17,014 - []
16:18:17,030 - []
16:18:17,047 - []
16:18:17,064 - []
16:18:17,081 - []
16:18:17,098 - []
16:18:17,114 - []
16:18:17,131 - []
16:18:17,147 - []
16:18:17,163 - []
16:18:17,180 - []
16:18:17,198 - []
16:18:17,214 - []
16:18:17,231 - []
16:18:17,248 - []
16:18:17,264 - []
16:18:17,281 - []
16:18:17,298 - []
16:18:17,314 - []
16:18:17,330 - []
16:18:17,346 - []
16:18:17,364 - []
16:18:17,381 - []
16:18:17,398 - []
16:18:17,414 - []
16:18:17,431 - []
16:18:17,448 - []
16:18:17,464 - []
16:18:17,481 - []
16:18:17,497 - []
16:18:17,514 - []
16:18:17,531 - []
16:18:17,547 - []
16:18:17,563 - []
16:18:17,581 - []
16:18:17,597 - []
16:18:17,613 - []
16:18:17,630 - []
16:18:17,647 - []
16:18:17,664 - []
16:18:17,681 - []
16:18:17,697 - []
16:18:17,713 - []
16:18:17,731 - []
16:18:17,747 - []
16:18:17,764 - []
16:18:17,779 - []
16:18:17,797 - []
16:18:17,813 - []
16:18:17,831 - []
16:18:17,848 - []
16:18:17,864 - []
16:18:17,880 - []
16:18:17,897 - []
16:18:17,912 - []
16:18:17,930 - []
16:18:17,947 - []
16:18:17,963 - []
16:18:17,980 - []
16:18:17,997 - []
16:18:18,013 - []
16:18:18,030 - []
16:18:18,048 - []
16:18:18,064 - []
16:18:18,080 - []
16:18:18,096 - []
16:18:18,114 - []
16:18:18,130 - []
16:18:18,147 - []
16:18:18,164 - []
16:18:18,181 - []
16:18:18,198 - []
16:18:18,214 - []
16:18:18,231 - []
16:18:18,247 - []
16:18:18,264 - []
16:18:18,279 - []
16:18:18,297 - []
16:18:18,314 - []
16:18:18,331 - []
16:18:18,347 - []
16:18:18,364 - []
16:18:18,379 - []
16:18:18,397 - []
16:18:18,414 - []
16:18:18,431 - []
16:18:18,448 - []
16:18:18,464 - []
16:18:18,480 - []
16:18:18,498 - []
16:18:18,514 - []
16:18:18,531 - []
16:18:18,549 - []
16:18:18,566 - []
16:18:18,584 - []
16:18:18,602 - []
16:18:18,618 - []
16:18:18,634 - []
16:18:18,651 - []
16:18:18,668 - []
16:18:18,685 - []
16:18:18,701 - []
16:18:18,718 - []
16:18:18,733 - []
16:18:18,751 - []
16:18:18,770 - []
16:18:18,788 - []
16:18:18,805 - []
16:18:18,822 - []
16:18:18,838 - []
16:18:18,854 - []
16:18:18,871 - []
16:18:18,887 - []
16:18:18,906 - []
16:18:18,924 - []
16:18:18,943 - []
16:18:18,960 - []
16:18:18,976 - []
16:18:18,994 - []
16:18:19,010 - []
16:18:19,026 - []
16:18:19,043 - []
16:18:19,060 - []
16:18:19,077 - []
16:18:19,092 - []
16:18:19,110 - []
16:18:19,128 - []
16:18:19,147 - []
16:18:19,164 - []
16:18:19,181 - []
16:18:19,201 - []
16:18:19,218 - []
16:18:19,235 - []
16:18:19,251 - []
16:18:19,268 - []
16:18:19,283 - []
16:18:19,299 - []
16:18:19,315 - []
16:18:19,331 - []
16:18:19,348 - []
16:18:19,364 - []
16:18:19,381 - []
16:18:19,397 - []
16:18:19,413 - []
16:18:19,430 - []
16:18:19,447 - []
16:18:19,462 - []
16:18:19,477 - []
16:18:19,495 - []
16:18:19,512 - []
16:18:19,529 - []
16:18:19,546 - []
16:18:19,562 - []
16:18:19,579 - []
16:18:19,596 - []
16:18:19,611 - []
16:18:19,629 - []
16:18:19,646 - []
16:18:19,663 - []
16:18:19,680 - []
16:18:19,697 - []
16:18:19,713 - []
16:18:19,730 - []
16:18:19,747 - []
16:18:19,763 - []
16:18:19,780 - []
16:18:19,797 - []
16:18:19,813 - []
16:18:19,831 - []
16:18:19,847 - []
16:18:19,863 - []
16:18:19,879 - []
16:18:19,897 - []
16:18:19,913 - []
16:18:19,930 - []
16:18:19,948 - []
16:18:19,964 - []
16:18:19,980 - []
16:18:19,997 - []
16:18:20,014 - []
16:18:20,031 - []
16:18:20,047 - []
16:18:20,064 - []
16:18:20,079 - []
16:18:20,096 - []
16:18:20,112 - []
16:18:20,129 - []
16:18:20,146 - []
16:18:20,161 - []
16:18:20,178 - []
16:18:20,195 - []
16:18:20,213 - []
16:18:20,229 - []
16:18:20,246 - []
16:18:20,262 - []
16:18:20,280 - []
16:18:20,297 - []
16:18:20,313 - []
16:18:20,330 - []
16:18:20,346 - []
16:18:20,364 - []
16:18:20,381 - []
16:18:20,398 - []
16:18:20,414 - []
16:18:20,430 - []
16:18:20,448 - []
16:18:20,463 - []
16:18:20,481 - []
16:18:20,496 - []
16:18:20,513 - []
16:18:20,529 - []
16:18:20,547 - []
16:18:20,563 - []
16:18:20,580 - []
16:18:20,596 - []
16:18:20,612 - []
16:18:20,630 - []
16:18:20,647 - []
16:18:20,664 - []
16:18:20,680 - []
16:18:20,696 - []
16:18:20,713 - []
16:18:20,731 - []
16:18:20,748 - []
16:18:20,763 - []
16:18:20,780 - []
16:18:20,797 - []
16:18:20,814 - []
16:18:20,831 - []
16:18:20,846 - []
16:18:20,864 - []
16:18:20,880 - []
16:18:20,897 - []
16:18:20,913 - []
16:18:20,930 - []
16:18:20,946 - []
16:18:20,964 - []
16:18:20,980 - []
16:18:20,997 - []
16:18:21,013 - []
16:18:21,030 - []
16:18:21,046 - []
16:18:21,063 - []
16:18:21,080 - []
16:18:21,097 - []
16:18:21,114 - []
16:18:21,130 - []
16:18:21,148 - []
16:18:21,164 - []
16:18:21,180 - []
16:18:21,198 - []
16:18:21,214 - []
16:18:21,231 - []
16:18:21,248 - []
16:18:21,264 - []
16:18:21,281 - []
16:18:21,296 - []
16:18:21,314 - []
16:18:21,331 - []
16:18:21,348 - []
16:18:21,364 - []
16:18:21,381 - []
16:18:21,398 - []
16:18:21,413 - []
16:18:21,431 - []
16:18:21,447 - []
16:18:21,463 - []
16:18:21,481 - []
16:18:21,497 - []
16:18:21,513 - []
16:18:21,531 - []
16:18:21,547 - []
16:18:21,564 - []
16:18:21,581 - []
16:18:21,597 - []
16:18:21,614 - []
16:18:21,630 - []
16:18:21,647 - []
16:18:21,663 - []
16:18:21,680 - []
16:18:21,698 - []
16:18:21,714 - []
16:18:21,730 - []
16:18:21,748 - []
16:18:21,764 - []
16:18:21,781 - []
16:18:21,797 - []
16:18:21,814 - []
16:18:21,831 - []
16:18:21,846 - []
16:18:21,864 - []
16:18:21,881 - []
16:18:21,898 - []
16:18:21,914 - []
16:18:21,930 - []
16:18:21,947 - []
16:18:21,964 - []
16:18:21,980 - []
16:18:21,996 - []
16:18:22,013 - []
16:18:22,029 - []
16:18:22,047 - []
16:18:22,063 - []
16:18:22,081 - []
16:18:22,096 - []
16:18:22,114 - []
16:18:22,131 - []
16:18:22,147 - []
16:18:22,164 - []
16:18:22,181 - []
16:18:22,197 - []
16:18:22,213 - []
16:18:22,230 - []
16:18:22,247 - []
16:18:22,264 - []
16:18:22,278 - []
16:18:22,293 - []
16:18:22,310 - []
16:18:22,328 - []
16:18:22,346 - []
16:18:22,363 - []
16:18:22,379 - []
16:18:22,396 - []
16:18:22,412 - []
16:18:22,428 - []
16:18:22,446 - []
16:18:22,462 - []
16:18:22,480 - []
16:18:22,496 - []
16:18:22,512 - []
16:18:22,530 - []
16:18:22,547 - []
16:18:22,564 - []
16:18:22,580 - []
16:18:22,596 - []
16:18:22,614 - []
16:18:22,631 - []
16:18:22,647 - []
16:18:22,664 - []
16:18:22,681 - []
16:18:22,698 - []
16:18:22,714 - []
16:18:22,731 - []
16:18:22,747 - []
16:18:22,763 - []
16:18:22,781 - []
16:18:22,798 - []
16:18:22,814 - []
16:18:22,831 - []
16:18:22,847 - []
16:18:22,863 - []
16:18:22,881 - []
16:18:22,895 - []
16:18:22,912 - []
16:18:22,929 - []
16:18:22,946 - []
16:18:22,963 - []
16:18:22,979 - []
16:18:22,997 - []
16:18:23,013 - []
16:18:23,030 - []
16:18:23,047 - []
16:18:23,064 - []
16:18:23,080 - []
16:18:23,097 - []
16:18:23,113 - []
16:18:23,130 - []
16:18:23,147 - []
16:18:23,163 - []
16:18:23,180 - []
16:18:23,197 - []
16:18:23,213 - []
16:18:23,230 - []
16:18:23,247 - []
16:18:23,263 - []
16:18:23,280 - []
16:18:23,297 - []
16:18:23,314 - []
16:18:23,331 - []
16:18:23,347 - []
16:18:23,364 - []
16:18:23,379 - []
16:18:23,396 - []
16:18:23,412 - []
16:18:23,430 - []
16:18:23,446 - []
16:18:23,464 - []
16:18:23,481 - []
16:18:23,497 - []
16:18:23,513 - []
16:18:23,531 - []
16:18:23,548 - []
16:18:23,564 - []
16:18:23,580 - []
16:18:23,595 - []
16:18:23,613 - []
16:18:23,629 - []
16:18:23,647 - []
16:18:23,663 - []
16:18:23,681 - []
16:18:23,697 - []
16:18:23,712 - []
16:18:23,727 - []
16:18:23,745 - []
16:18:23,763 - []
16:18:23,781 - []
16:18:23,797 - []
16:18:23,815 - []
16:18:23,831 - []
16:18:23,846 - []
16:18:23,863 - []
16:18:23,881 - []
16:18:23,897 - []
16:18:23,914 - []
16:18:23,931 - []
16:18:23,948 - []
16:18:23,964 - []
16:18:23,981 - []
16:18:23,997 - []
16:18:24,013 - []
16:18:24,030 - []
16:18:24,047 - []
16:18:24,064 - []
16:18:24,079 - []
16:18:24,095 - []
16:18:24,112 - []
16:18:24,129 - []
16:18:24,147 - []
16:18:24,163 - []
16:18:24,179 - []
16:18:24,197 - []
16:18:24,214 - []
16:18:24,231 - []
16:18:24,247 - []
16:18:24,263 - []
16:18:24,281 - []
16:18:24,298 - []
16:18:24,314 - []
16:18:24,330 - []
16:18:24,347 - []
16:18:24,363 - []
16:18:24,380 - []
16:18:24,397 - []
16:18:24,413 - []
16:18:24,430 - []
16:18:24,446 - []
16:18:24,464 - []
16:18:24,481 - []
16:18:24,496 - []
16:18:24,513 - []
16:18:24,529 - []
16:18:24,546 - []
16:18:24,563 - []
16:18:24,579 - []
16:18:24,594 - []
16:18:24,610 - []
16:18:24,626 - []
16:18:24,642 - []
16:18:24,658 - []
16:18:24,674 - []
16:18:24,688 - []
16:18:24,704 - []
16:18:24,721 - []
16:18:24,737 - []
16:18:24,754 - []
16:18:24,770 - []
16:18:24,787 - []
16:18:24,804 - []
16:18:24,822 - []
16:18:24,839 - []
16:18:24,856 - []
16:18:24,871 - []
16:18:24,887 - []
16:18:24,903 - []
16:18:24,920 - []
16:18:24,935 - []
16:18:24,950 - []
16:18:24,967 - []
16:18:24,985 - []
16:18:25,001 - []
16:18:25,018 - []
16:18:25,035 - []
16:18:25,051 - []
16:18:25,068 - []
16:18:25,085 - []
16:18:25,100 - []
16:18:25,116 - []
16:18:25,131 - []
16:18:25,146 - []
16:18:25,163 - []
16:18:25,179 - []
16:18:25,197 - []
16:18:25,214 - []
16:18:25,230 - []
16:18:25,247 - []
16:18:25,263 - []
16:18:25,279 - []
16:18:25,297 - []
16:18:25,313 - []
16:18:25,330 - []
16:18:25,347 - []
16:18:25,363 - []
16:18:25,380 - []
16:18:25,397 - []
16:18:25,413 - []
16:18:25,430 - []
16:18:25,447 - []
16:18:25,463 - []
16:18:25,481 - []
16:18:25,497 - []
16:18:25,513 - []
16:18:25,529 - []
16:18:25,547 - []
16:18:25,563 - []
16:18:25,581 - []
16:18:25,598 - []
16:18:25,614 - []
16:18:25,630 - []
16:18:25,646 - []
16:18:25,662 - []
16:18:25,680 - []
16:18:25,697 - []
16:18:25,714 - []
16:18:25,731 - []
16:18:25,747 - []
16:18:25,764 - []
16:18:25,780 - []
16:18:25,796 - []
16:18:25,813 - []
16:18:25,829 - []
16:18:25,846 - []
16:18:25,862 - []
16:18:25,879 - []
16:18:25,894 - []
16:18:25,911 - []
16:18:25,928 - []
16:18:25,946 - []
16:18:25,963 - []
16:18:25,979 - []
16:18:25,997 - []
16:18:26,013 - []
16:18:26,029 - []
16:18:26,047 - []
16:18:26,063 - []
16:18:26,080 - []
16:18:26,097 - []
16:18:26,113 - []
16:18:26,130 - []
16:18:26,147 - []
16:18:26,163 - []
16:18:26,180 - []
16:18:26,196 - []
16:18:26,213 - []
16:18:26,231 - []
16:18:26,247 - []
16:18:26,263 - []
16:18:26,281 - []
16:18:26,297 - []
16:18:26,314 - []
16:18:26,330 - []
16:18:26,347 - []
16:18:26,364 - []
16:18:26,380 - []
16:18:26,396 - []
16:18:26,414 - []
16:18:26,431 - []
16:18:26,448 - []
16:18:26,464 - []
16:18:26,480 - []
16:18:26,496 - []
16:18:26,513 - []
16:18:26,530 - []
16:18:26,547 - []
16:18:26,564 - []
16:18:26,581 - []
16:18:26,597 - []
16:18:26,613 - []
16:18:26,630 - []
16:18:26,647 - []
16:18:26,663 - []
16:18:26,680 - []
16:18:26,697 - []
16:18:26,713 - []
16:18:26,731 - []
16:18:26,746 - []
16:18:26,763 - []
16:18:26,780 - []
16:18:26,796 - []
16:18:26,813 - []
16:18:26,829 - []
16:18:26,847 - []
16:18:26,863 - []
16:18:26,881 - []
16:18:26,898 - []
16:18:26,914 - []
16:18:26,930 - []
16:18:26,947 - []
16:18:26,963 - []
16:18:26,981 - []
16:18:26,997 - []
16:18:27,014 - []
16:18:27,031 - []
16:18:27,047 - []
16:18:27,063 - []
16:18:27,080 - []
16:18:27,097 - []
16:18:27,114 - []
16:18:27,131 - []
16:18:27,147 - []
16:18:27,163 - []
16:18:27,179 - []
16:18:27,197 - []
16:18:27,214 - []
16:18:27,230 - []
16:18:27,247 - []
16:18:27,264 - []
16:18:27,281 - []
16:18:27,297 - []
16:18:27,313 - []
16:18:27,331 - []
16:18:27,346 - []
16:18:27,363 - []
16:18:27,379 - []
16:18:27,397 - []
16:18:27,413 - []
16:18:27,429 - []
16:18:27,447 - []
16:18:27,463 - []
16:18:27,481 - []
16:18:27,497 - []
16:18:27,514 - []
16:18:27,531 - []
16:18:27,547 - []
16:18:27,563 - []
16:18:27,580 - []
16:18:27,596 - []
16:18:27,614 - []
16:18:27,630 - []
16:18:27,647 - []
16:18:27,664 - []
16:18:27,680 - []
16:18:27,697 - []
16:18:27,713 - []
16:18:27,729 - []
16:18:27,746 - []
16:18:27,763 - []
16:18:27,780 - []
16:18:27,797 - []
16:18:27,813 - []
16:18:27,830 - []
16:18:27,847 - []
16:18:27,863 - []
16:18:27,879 - []
16:18:27,897 - []
16:18:27,914 - []
16:18:27,930 - []
16:18:27,947 - []
16:18:27,963 - []
16:18:27,981 - []
16:18:27,997 - []
16:18:28,014 - []
16:18:28,030 - []
16:18:28,047 - []
16:18:28,063 - []
16:18:28,080 - []
16:18:28,097 - []
16:18:28,113 - []
16:18:28,131 - []
16:18:28,148 - []
16:18:28,164 - []
16:18:28,180 - []
16:18:28,197 - []
16:18:28,214 - []
16:18:28,231 - []
16:18:28,246 - []
16:18:28,263 - []
16:18:28,281 - []
16:18:28,297 - []
16:18:28,314 - []
16:18:28,330 - []
16:18:28,347 - []
16:18:28,364 - []
16:18:28,380 - []
16:18:28,397 - []
16:18:28,413 - []
16:18:28,431 - []
16:18:28,447 - []
16:18:28,463 - []
16:18:28,480 - []
16:18:28,497 - []
16:18:28,514 - []
16:18:28,530 - []
16:18:28,546 - []
16:18:28,563 - []
16:18:28,580 - []
16:18:28,597 - []
16:18:28,614 - []
16:18:28,631 - []
16:18:28,647 - []
16:18:28,662 - []
16:18:28,678 - []
16:18:28,695 - []
16:18:28,713 - []
16:18:28,730 - []
16:18:28,747 - []
16:18:28,763 - []
16:18:28,780 - []
16:18:28,797 - []
16:18:28,813 - []
16:18:28,830 - []
16:18:28,847 - []
16:18:28,864 - []
16:18:28,880 - []
16:18:28,897 - []
16:18:28,913 - []
16:18:28,931 - []
16:18:28,947 - []
16:18:28,963 - []
16:18:28,980 - []
16:18:28,997 - []
16:18:29,013 - []
16:18:29,030 - []
16:18:29,046 - []
16:18:29,063 - []
16:18:29,080 - []
16:18:29,097 - []
16:18:29,114 - []
16:18:29,130 - []
16:18:29,147 - []
16:18:29,163 - []
16:18:29,181 - []
16:18:29,197 - []
16:18:29,213 - []
16:18:29,231 - []
16:18:29,247 - []
16:18:29,263 - []
16:18:29,281 - []
16:18:29,297 - []
16:18:29,314 - []
16:18:29,330 - []
16:18:29,347 - []
16:18:29,364 - []
16:18:29,379 - []
16:18:29,397 - []
16:18:29,413 - []
16:18:29,431 - []
16:18:29,447 - []
16:18:29,462 - []
16:18:29,480 - []
16:18:29,497 - []
16:18:29,513 - []
16:18:29,531 - []
16:18:29,547 - []
16:18:29,563 - []
16:18:29,580 - []
16:18:29,597 - []
16:18:29,612 - []
16:18:29,628 - []
16:18:29,644 - []
16:18:29,662 - []
16:18:29,680 - []
16:18:29,698 - []
16:18:29,713 - []
16:18:29,731 - []
16:18:29,747 - []
16:18:29,762 - []
16:18:29,779 - []
16:18:29,796 - []
16:18:29,813 - []
16:18:29,829 - []
16:18:29,847 - []
16:18:29,863 - []
16:18:29,881 - []
16:18:29,897 - []
16:18:29,914 - []
16:18:29,929 - []
16:18:29,947 - []
16:18:29,964 - []
16:18:29,981 - []
16:18:29,998 - []
16:18:30,014 - []
16:18:30,031 - []
16:18:30,048 - []
16:18:30,064 - []
16:18:30,081 - []
16:18:30,097 - []
16:18:30,113 - []
16:18:30,131 - []
16:18:30,147 - []
16:18:30,163 - []
16:18:30,180 - []
16:18:30,197 - []
16:18:30,213 - []
16:18:30,230 - []
16:18:30,247 - []
16:18:30,264 - []
16:18:30,280 - []
16:18:30,297 - []
16:18:30,314 - []
16:18:30,331 - []
16:18:30,348 - []
16:18:30,364 - []
16:18:30,381 - []
16:18:30,397 - []
16:18:30,413 - []
16:18:30,431 - []
16:18:30,448 - []
16:18:30,463 - []
16:18:30,480 - []
16:18:30,496 - []
16:18:30,514 - []
16:18:30,530 - []
16:18:30,547 - []
16:18:30,563 - []
16:18:30,580 - []
16:18:30,597 - []
16:18:30,613 - []
16:18:30,630 - []
16:18:30,647 - []
16:18:30,664 - []
16:18:30,681 - []
16:18:30,697 - []
16:18:30,713 - []
16:18:30,731 - []
16:18:30,747 - []
16:18:30,763 - []
16:18:30,780 - []
16:18:30,797 - []
16:18:30,813 - []
16:18:30,830 - []
16:18:30,847 - []
16:18:30,863 - []
16:18:30,880 - []
16:18:30,897 - []
16:18:30,913 - []
16:18:30,931 - []
16:18:30,946 - []
16:18:30,962 - []
16:18:30,980 - []
16:18:30,997 - []
16:18:31,014 - []
16:18:31,031 - []
16:18:31,046 - []
16:18:31,064 - []
16:18:31,081 - []
16:18:31,097 - []
16:18:31,113 - []
16:18:31,131 - []
16:18:31,147 - []
16:18:31,164 - []
16:18:31,181 - []
16:18:31,197 - []
16:18:31,213 - []
16:18:31,230 - []
16:18:31,247 - []
16:18:31,264 - []
16:18:31,281 - []
16:18:31,297 - []
16:18:31,313 - []
16:18:31,329 - []
16:18:31,346 - []
16:18:31,363 - []
16:18:31,380 - []
16:18:31,397 - []
16:18:31,414 - []
16:18:31,430 - []
16:18:31,447 - []
16:18:31,464 - []
16:18:31,480 - []
16:18:31,497 - []
16:18:31,514 - []
16:18:31,531 - []
16:18:31,547 - []
16:18:31,563 - []
16:18:31,579 - []
16:18:31,596 - []
16:18:31,613 - []
16:18:31,631 - []
16:18:31,647 - []
16:18:31,664 - []
16:18:31,679 - []
16:18:31,696 - []
16:18:31,712 - []
16:18:31,728 - []
16:18:31,745 - []
16:18:31,763 - []
16:18:31,780 - []
16:18:31,797 - []
16:18:31,813 - []
16:18:31,830 - []
16:18:31,847 - []
16:18:31,864 - []
16:18:31,881 - []
16:18:31,897 - []
16:18:31,913 - []
16:18:31,930 - []
16:18:31,947 - []
16:18:31,963 - []
16:18:31,980 - []
16:18:31,997 - []
16:18:32,013 - []
16:18:32,031 - []
16:18:32,048 - []
16:18:32,064 - []
16:18:32,081 - []
16:18:32,097 - []
16:18:32,113 - []
16:18:32,130 - []
16:18:32,147 - []
16:18:32,164 - []
16:18:32,179 - []
16:18:32,194 - []
16:18:32,212 - []
16:18:32,228 - []
16:18:32,243 - []
16:18:32,261 - []
16:18:32,279 - []
16:18:32,295 - []
16:18:32,313 - []
16:18:32,329 - []
16:18:32,346 - []
16:18:32,364 - []
16:18:32,381 - []
16:18:32,396 - []
16:18:32,412 - []
16:18:32,430 - []
16:18:32,447 - []
16:18:32,464 - []
16:18:32,481 - []
16:18:32,497 - []
16:18:32,514 - []
16:18:32,530 - []
16:18:32,547 - []
16:18:32,564 - []
16:18:32,580 - []
16:18:32,597 - []
16:18:32,613 - []
16:18:32,630 - []
16:18:32,647 - []
16:18:32,663 - []
16:18:32,681 - []
16:18:32,697 - []
16:18:32,714 - []
16:18:32,731 - []
16:18:32,747 - []
16:18:32,764 - []
16:18:32,781 - []
16:18:32,797 - []
16:18:32,813 - []
16:18:32,830 - []
16:18:32,848 - []
16:18:32,863 - []
16:18:32,880 - []
16:18:32,897 - []
16:18:32,914 - []
16:18:32,931 - []
16:18:32,947 - []
16:18:32,963 - []
16:18:32,981 - []
16:18:32,998 - []
16:18:33,014 - []
16:18:33,031 - []
16:18:33,047 - []
16:18:33,064 - []
16:18:33,080 - []
16:18:33,097 - []
16:18:33,113 - []
16:18:33,130 - []
16:18:33,147 - []
16:18:33,164 - []
16:18:33,181 - []
16:18:33,197 - []
16:18:33,213 - []
16:18:33,231 - []
16:18:33,248 - []
16:18:33,263 - []
16:18:33,280 - []
16:18:33,297 - []
16:18:33,314 - []
16:18:33,330 - []
16:18:33,347 - []
16:18:33,363 - []
16:18:33,379 - []
16:18:33,395 - []
16:18:33,414 - []
16:18:33,431 - []
16:18:33,446 - []
16:18:33,463 - []
16:18:33,481 - []
16:18:33,497 - []
16:18:33,513 - []
16:18:33,531 - []
16:18:33,547 - []
16:18:33,565 - []
16:18:33,580 - []
16:18:33,596 - []
16:18:33,613 - []
16:18:33,630 - []
16:18:33,648 - []
16:18:33,663 - []
16:18:33,681 - []
16:18:33,697 - []
16:18:33,713 - []
16:18:33,731 - []
16:18:33,747 - []
16:18:33,765 - []
16:18:33,781 - []
16:18:33,798 - []
16:18:33,813 - []
16:18:33,830 - []
16:18:33,847 - []
16:18:33,863 - []
16:18:33,880 - []
16:18:33,897 - []
16:18:33,914 - []
16:18:33,931 - []
16:18:33,947 - []
16:18:33,963 - []
16:18:33,981 - []
16:18:33,997 - []
16:18:34,012 - []
16:18:34,030 - []
16:18:34,047 - []
16:18:34,064 - []
16:18:34,080 - []
16:18:34,095 - []
16:18:34,113 - []
16:18:34,130 - []
16:18:34,146 - []
16:18:34,164 - []
16:18:34,179 - []
16:18:34,197 - []
16:18:34,213 - []
16:18:34,231 - []
16:18:34,247 - []
16:18:34,263 - []
16:18:34,280 - []
16:18:34,297 - []
16:18:34,314 - []
16:18:34,331 - []
16:18:34,346 - []
16:18:34,363 - []
16:18:34,381 - []
16:18:34,396 - []
16:18:34,413 - []
16:18:34,430 - []
16:18:34,448 - []
16:18:34,463 - []
16:18:34,480 - []
16:18:34,498 - []
16:18:34,514 - []
16:18:34,531 - []
16:18:34,548 - []
16:18:34,564 - []
16:18:34,581 - []
16:18:34,597 - []
16:18:34,614 - []
16:18:34,630 - []
16:18:34,646 - []
16:18:34,664 - []
16:18:34,680 - []
16:18:34,696 - []
16:18:34,714 - []
16:18:34,731 - []
16:18:34,748 - []
16:18:34,765 - []
16:18:34,781 - []
16:18:34,797 - []
16:18:34,814 - []
16:18:34,830 - []
16:18:34,847 - []
16:18:34,864 - []
16:18:34,881 - []
16:18:34,897 - []
16:18:34,913 - []
16:18:34,930 - []
16:18:34,947 - []
16:18:34,964 - []
16:18:34,980 - []
16:18:34,998 - []
16:18:35,014 - []
16:18:35,031 - []
16:18:35,047 - []
16:18:35,064 - []
16:18:35,080 - []
16:18:35,097 - []
16:18:35,113 - []
16:18:35,130 - []
16:18:35,148 - []
16:18:35,163 - []
16:18:35,180 - []
16:18:35,196 - []
16:18:35,213 - []
16:18:35,231 - []
16:18:35,248 - []
16:18:35,263 - []
16:18:35,280 - []
16:18:35,297 - []
16:18:35,314 - []
16:18:35,331 - []
16:18:35,348 - []
16:18:35,364 - []
16:18:35,381 - []
16:18:35,397 - []
16:18:35,413 - []
16:18:35,430 - []
16:18:35,447 - []
16:18:35,463 - []
16:18:35,480 - []
16:18:35,496 - []
16:18:35,513 - []
16:18:35,530 - []
16:18:35,547 - []
16:18:35,563 - []
16:18:35,580 - []
16:18:35,597 - []
16:18:35,613 - []
16:18:35,630 - []
16:18:35,648 - []
16:18:35,664 - []
16:18:35,681 - []
16:18:35,697 - []
16:18:35,713 - []
16:18:35,730 - []
16:18:35,747 - []
16:18:35,764 - []
16:18:35,781 - []
16:18:35,797 - []
16:18:35,814 - []
16:18:35,831 - []
16:18:35,847 - []
16:18:35,863 - []
16:18:35,880 - []
16:18:35,897 - []
16:18:35,913 - []
16:18:35,929 - []
16:18:35,947 - []
16:18:35,964 - []
16:18:35,980 - []
16:18:35,997 - []
16:18:36,015 - []
16:18:36,031 - []
16:18:36,048 - []
16:18:36,064 - []
16:18:36,081 - []
16:18:36,098 - []
16:18:36,114 - []
16:18:36,130 - []
16:18:36,146 - []
16:18:36,165 - []
16:18:36,181 - []
16:18:36,198 - []
16:18:36,214 - []
16:18:36,231 - []
16:18:36,247 - []
16:18:36,262 - []
16:18:36,280 - []
16:18:36,297 - []
16:18:36,313 - []
16:18:36,330 - []
16:18:36,347 - []
16:18:36,364 - []
16:18:36,381 - []
16:18:36,397 - []
16:18:36,414 - []
16:18:36,430 - []
16:18:36,446 - []
16:18:36,463 - []
16:18:36,480 - []
16:18:36,498 - []
16:18:36,513 - []
16:18:36,530 - []
16:18:36,547 - []
16:18:36,564 - []
16:18:36,581 - []
16:18:36,598 - []
16:18:36,613 - []
16:18:36,630 - []
16:18:36,647 - []
16:18:36,663 - []
16:18:36,680 - []
16:18:36,698 - []
16:18:36,714 - []
16:18:36,731 - []
16:18:36,748 - []
16:18:36,763 - []
16:18:36,781 - []
16:18:36,797 - []
16:18:36,813 - []
16:18:36,831 - []
16:18:36,846 - []
16:18:36,864 - []
16:18:36,881 - []
16:18:36,897 - []
16:18:36,914 - []
16:18:36,930 - []
16:18:36,947 - []
16:18:36,964 - []
16:18:36,980 - []
16:18:36,997 - []
16:18:37,013 - []
16:18:37,031 - []
16:18:37,047 - []
16:18:37,063 - []
16:18:37,080 - []
16:18:37,096 - []
16:18:37,113 - []
16:18:37,129 - []
16:18:37,144 - []
16:18:37,161 - []
16:18:37,179 - []
16:18:37,197 - []
16:18:37,213 - []
16:18:37,231 - []
16:18:37,247 - []
16:18:37,263 - []
16:18:37,281 - []
16:18:37,296 - []
16:18:37,312 - []
16:18:37,330 - []
16:18:37,346 - []
16:18:37,364 - []
16:18:37,381 - []
16:18:37,398 - []
16:18:37,412 - []
16:18:37,427 - []
16:18:37,441 - []
16:18:37,457 - []
16:18:37,473 - []
16:18:37,489 - []
16:18:37,506 - []
16:18:37,523 - []
16:18:37,540 - []
16:18:37,556 - []
16:18:37,573 - []
16:18:37,589 - []
16:18:37,607 - []
16:18:37,623 - []
16:18:37,639 - []
16:18:37,655 - []
16:18:37,673 - []
16:18:37,690 - []
16:18:37,706 - []
16:18:37,722 - []
16:18:37,738 - []
16:18:37,755 - []
16:18:37,772 - []
16:18:37,789 - []
16:18:37,806 - []
16:18:37,824 - []
16:18:37,840 - []
16:18:37,857 - []
16:18:37,874 - []
16:18:37,890 - []
16:18:37,905 - []
16:18:37,923 - []
16:18:37,940 - []
16:18:37,956 - []
16:18:37,973 - []
16:18:37,990 - []
16:18:38,006 - []
16:18:38,023 - []
16:18:38,040 - []
16:18:38,056 - []
16:18:38,073 - []
16:18:38,090 - []
16:18:38,106 - []
16:18:38,123 - []
16:18:38,140 - []
16:18:38,156 - []
16:18:38,173 - []
16:18:38,189 - []
16:18:38,206 - []
16:18:38,223 - []
16:18:38,238 - []
16:18:38,257 - []
16:18:38,273 - []
16:18:38,289 - []
16:18:38,306 - []
16:18:38,323 - []
16:18:38,340 - []
16:18:38,355 - []
16:18:38,373 - []
16:18:38,390 - []
16:18:38,406 - []
16:18:38,423 - []
16:18:38,439 - []
16:18:38,456 - []
16:18:38,473 - []
16:18:38,489 - []
16:18:38,506 - []
16:18:38,523 - []
16:18:38,540 - []
16:18:38,557 - []
16:18:38,573 - []
16:18:38,590 - []
16:18:38,606 - []
16:18:38,622 - []
16:18:38,639 - []
16:18:38,656 - []
16:18:38,673 - []
16:18:38,690 - []
16:18:38,706 - []
16:18:38,722 - []
16:18:38,738 - []
16:18:38,755 - []
16:18:38,772 - []
16:18:38,788 - []
16:18:38,806 - []
16:18:38,823 - []
16:18:38,840 - []
16:18:38,856 - []
16:18:38,873 - []
16:18:38,890 - []
16:18:38,907 - []
16:18:38,923 - []
16:18:38,939 - []
16:18:38,956 - []
16:18:38,972 - []
16:18:38,990 - []
16:18:39,007 - []
16:18:39,023 - []
16:18:39,039 - []
16:18:39,056 - []
16:18:39,073 - []
16:18:39,089 - []
16:18:39,105 - []
16:18:39,123 - []
16:18:39,139 - []
16:18:39,155 - []
16:18:39,173 - []
16:18:39,190 - []
16:18:39,207 - []
16:18:39,223 - []
16:18:39,240 - []
16:18:39,256 - []
16:18:39,273 - []
16:18:39,289 - []
16:18:39,306 - []
16:18:39,323 - []
16:18:39,339 - []
16:18:39,356 - []
16:18:39,373 - []
16:18:39,388 - []
16:18:39,405 - []
16:18:39,422 - []
16:18:39,439 - []
16:18:39,456 - []
16:18:39,472 - []
16:18:39,489 - []
16:18:39,506 - []
16:18:39,523 - []
16:18:39,539 - []
16:18:39,557 - []
16:18:39,573 - []
16:18:39,589 - []
16:18:39,605 - []
16:18:39,623 - []
16:18:39,640 - []
16:18:39,656 - []
16:18:39,673 - []
16:18:39,689 - []
16:18:39,706 - []
16:18:39,722 - []
16:18:39,739 - []
16:18:39,756 - []
16:18:39,773 - []
16:18:39,790 - []
16:18:39,806 - []
16:18:39,823 - []
16:18:39,839 - []
16:18:39,857 - []
16:18:39,872 - []
16:18:39,889 - []
16:18:39,907 - []
16:18:39,923 - []
16:18:39,939 - []
16:18:39,956 - []
16:18:39,973 - []
16:18:39,990 - []
16:18:40,007 - []
16:18:40,023 - []
16:18:40,040 - []
16:18:40,056 - []
16:18:40,074 - []
16:18:40,091 - []
16:18:40,106 - []
16:18:40,123 - []
16:18:40,140 - []
16:18:40,156 - []
16:18:40,172 - []
16:18:40,189 - []
16:18:40,206 - []
16:18:40,221 - []
16:18:40,239 - []
16:18:40,256 - []
16:18:40,273 - []
16:18:40,290 - []
16:18:40,306 - []
16:18:40,323 - []
16:18:40,339 - []
16:18:40,356 - []
16:18:40,372 - []
16:18:40,388 - []
16:18:40,404 - []
16:18:40,423 - []
16:18:40,440 - []
16:18:40,456 - []
16:18:40,473 - []
16:18:40,490 - []
16:18:40,506 - []
16:18:40,523 - []
16:18:40,539 - []
16:18:40,556 - []
16:18:40,573 - []
16:18:40,589 - []
16:18:40,606 - []
16:18:40,622 - []
16:18:40,640 - []
16:18:40,656 - []
16:18:40,673 - []
16:18:40,690 - []
16:18:40,706 - []
16:18:40,723 - []
16:18:40,742 - []
16:18:40,760 - []
16:18:40,778 - []
16:18:40,793 - []
16:18:40,809 - []
16:18:40,827 - []
16:18:40,844 - []
16:18:40,863 - []
16:18:40,880 - []
16:18:40,898 - []
16:18:40,913 - []
16:18:40,929 - []
16:18:40,947 - []
16:18:40,963 - []
16:18:40,981 - []
16:18:40,997 - []
16:18:41,011 - []
16:18:41,030 - []
16:18:41,046 - []
16:18:41,064 - []
16:18:41,080 - []
16:18:41,096 - []
16:18:41,114 - []
16:18:41,130 - []
16:18:41,147 - []
16:18:41,163 - []
16:18:41,180 - []
16:18:41,197 - []
16:18:41,214 - []
16:18:41,229 - []
16:18:41,246 - []
16:18:41,263 - []
16:18:41,280 - []
16:18:41,296 - []
16:18:41,315 - []
16:18:41,331 - []
16:18:41,347 - []
16:18:41,364 - []
16:18:41,380 - []
16:18:41,398 - []
16:18:41,414 - []
16:18:41,431 - []
16:18:41,447 - []
16:18:41,462 - []
16:18:41,479 - []
16:18:41,495 - []
16:18:41,513 - []
16:18:41,530 - []
16:18:41,547 - []
16:18:41,563 - []
16:18:41,581 - []
16:18:41,598 - []
16:18:41,614 - []
16:18:41,631 - []
16:18:41,648 - []
16:18:41,663 - []
16:18:41,679 - []
16:18:41,697 - []
16:18:41,714 - []
16:18:41,730 - []
16:18:41,747 - []
16:18:41,763 - []
16:18:41,780 - []
16:18:41,797 - []
16:18:41,814 - []
16:18:41,830 - []
16:18:41,847 - []
16:18:41,863 - []
16:18:41,881 - []
16:18:41,898 - []
16:18:41,914 - []
16:18:41,931 - []
16:18:41,947 - []
16:18:41,964 - []
16:18:41,981 - []
16:18:41,998 - []
16:18:42,014 - []
16:18:42,030 - []
16:18:42,047 - []
16:18:42,064 - []
16:18:42,080 - []
16:18:42,098 - []
16:18:42,114 - []
16:18:42,131 - []
16:18:42,146 - []
16:18:42,163 - []
16:18:42,181 - []
16:18:42,197 - []
16:18:42,213 - []
16:18:42,231 - []
16:18:42,247 - []
16:18:42,262 - []
16:18:42,280 - []
16:18:42,297 - []
16:18:42,315 - []
16:18:42,331 - []
16:18:42,348 - []
16:18:42,365 - []
16:18:42,380 - []
16:18:42,395 - []
16:18:42,413 - []
16:18:42,430 - []
16:18:42,448 - []
16:18:42,464 - []
16:18:42,480 - []
16:18:42,497 - []
16:18:42,515 - []
16:18:42,532 - []
16:18:42,547 - []
16:18:42,563 - []
16:18:42,580 - []
16:18:42,597 - []
16:18:42,613 - []
16:18:42,631 - []
16:18:42,646 - []
16:18:42,664 - []
16:18:42,680 - []
16:18:42,697 - []
16:18:42,714 - []
16:18:42,729 - []
16:18:42,747 - []
16:18:42,764 - []
16:18:42,780 - []
16:18:42,796 - []
16:18:42,814 - []
16:18:42,830 - []
16:18:42,848 - []
16:18:42,864 - []
16:18:42,880 - []
16:18:42,898 - []
16:18:42,914 - []
16:18:42,930 - []
16:18:42,946 - []
16:18:42,963 - []
16:18:42,980 - []
16:18:42,998 - []
16:18:43,015 - []
16:18:43,030 - []
16:18:43,048 - []
16:18:43,064 - []
16:18:43,080 - []
16:18:43,096 - []
16:18:43,113 - []
16:18:43,130 - []
16:18:43,147 - []
16:18:43,164 - []
16:18:43,180 - []
16:18:43,196 - []
16:18:43,214 - []
16:18:43,230 - []
16:18:43,247 - []
16:18:43,265 - []
16:18:43,281 - []
16:18:43,297 - []
16:18:43,314 - []
16:18:43,331 - []
16:18:43,346 - []
16:18:43,364 - []
16:18:43,380 - []
16:18:43,398 - []
16:18:43,413 - []
16:18:43,430 - []
16:18:43,448 - []
16:18:43,464 - []
16:18:43,480 - []
16:18:43,497 - []
16:18:43,514 - []
16:18:43,530 - []
16:18:43,548 - []
16:18:43,564 - []
16:18:43,581 - []
16:18:43,598 - []
16:18:43,614 - []
16:18:43,630 - []
16:18:43,646 - []
16:18:43,663 - []
16:18:43,679 - []
16:18:43,697 - []
16:18:43,713 - []
16:18:43,729 - []
16:18:43,746 - []
16:18:43,763 - []
16:18:43,781 - []
16:18:43,796 - []
16:18:43,814 - []
16:18:43,830 - []
16:18:43,848 - []
16:18:43,863 - []
16:18:43,880 - []
16:18:43,896 - []
16:18:43,914 - []
16:18:43,931 - []
16:18:43,948 - []
16:18:43,964 - []
16:18:43,980 - []
16:18:43,997 - []
16:18:44,014 - []
16:18:44,031 - []
16:18:44,047 - []
16:18:44,064 - []
16:18:44,080 - []
16:18:44,097 - []
16:18:44,114 - []
16:18:44,131 - []
16:18:44,148 - []
16:18:44,164 - []
16:18:44,181 - []
16:18:44,197 - []
16:18:44,214 - []
16:18:44,231 - []
16:18:44,247 - []
16:18:44,263 - []
16:18:44,280 - []
16:18:44,298 - []
16:18:44,314 - []
16:18:44,331 - []
16:18:44,347 - []
16:18:44,364 - []
16:18:44,381 - []
16:18:44,397 - []
16:18:44,413 - []
16:18:44,430 - []
16:18:44,447 - []
16:18:44,463 - []
16:18:44,480 - []
16:18:44,497 - []
16:18:44,514 - []
16:18:44,530 - []
16:18:44,548 - []
16:18:44,564 - []
16:18:44,581 - []
16:18:44,598 - []
16:18:44,614 - []
16:18:44,630 - []
16:18:44,647 - []
16:18:44,664 - []
16:18:44,680 - []
16:18:44,696 - []
16:18:44,713 - []
16:18:44,731 - []
16:18:44,748 - []
16:18:44,764 - []
16:18:44,780 - []
16:18:44,795 - []
16:18:44,812 - []
16:18:44,827 - []
16:18:44,845 - []
16:18:44,863 - []
16:18:44,881 - []
16:18:44,897 - []
16:18:44,914 - []
16:18:44,930 - []
16:18:44,947 - []
16:18:44,963 - []
16:18:44,978 - []
16:18:44,995 - []
16:18:45,014 - []
16:18:45,030 - []
16:18:45,046 - []
16:18:45,063 - []
16:18:45,079 - []
16:18:45,095 - []
16:18:45,111 - []
16:18:45,128 - []
16:18:45,144 - []
16:18:45,160 - []
16:18:45,177 - []
16:18:45,192 - []
16:18:45,211 - []
16:18:45,229 - []
16:18:45,247 - []
16:18:45,264 - []
16:18:45,281 - []
16:18:45,298 - []
16:18:45,314 - []
16:18:45,330 - []
16:18:45,347 - []
16:18:45,364 - []
16:18:45,381 - []
16:18:45,398 - []
16:18:45,414 - []
16:18:45,434 - []
16:18:45,452 - []
16:18:45,469 - []
16:18:45,485 - []
16:18:45,502 - []
16:18:45,518 - []
16:18:45,535 - []
16:18:45,552 - []
16:18:45,567 - []
16:18:45,582 - []
16:18:45,598 - []
16:18:45,614 - []
16:18:45,631 - []
16:18:45,648 - []
16:18:45,664 - []
16:18:45,679 - []
16:18:45,696 - []
16:18:45,713 - []
16:18:45,729 - []
16:18:45,747 - []
16:18:45,763 - []
16:18:45,780 - []
16:18:45,797 - []
16:18:45,813 - []
16:18:45,831 - []
16:18:45,847 - []
16:18:45,864 - []
16:18:45,880 - []
16:18:45,897 - []
16:18:45,914 - []
16:18:45,931 - []
16:18:45,948 - []
16:18:45,964 - []
16:18:45,980 - []
16:18:45,996 - []
16:18:46,014 - []
16:18:46,031 - []
16:18:46,047 - []
16:18:46,064 - []
16:18:46,079 - []
16:18:46,097 - []
16:18:46,113 - []
16:18:46,130 - []
16:18:46,147 - []
16:18:46,164 - []
16:18:46,181 - []
16:18:46,198 - []
16:18:46,213 - []
16:18:46,231 - []
16:18:46,247 - []
16:18:46,264 - []
16:18:46,281 - []
16:18:46,298 - []
16:18:46,314 - []
16:18:46,331 - []
16:18:46,347 - []
16:18:46,364 - []
16:18:46,381 - []
16:18:46,397 - []
16:18:46,414 - []
16:18:46,431 - []
16:18:46,448 - []
16:18:46,465 - []
16:18:46,481 - []
16:18:46,497 - []
16:18:46,514 - []
16:18:46,530 - []
16:18:46,547 - []
16:18:46,564 - []
16:18:46,580 - []
16:18:46,597 - []
16:18:46,614 - []
16:18:46,631 - []
16:18:46,647 - []
16:18:46,663 - []
16:18:46,680 - []
16:18:46,698 - []
16:18:46,714 - []
16:18:46,730 - []
16:18:46,747 - []
16:18:46,762 - []
16:18:46,780 - []
16:18:46,797 - []
16:18:46,814 - []
16:18:46,830 - []
16:18:46,847 - []
16:18:46,863 - []
16:18:46,881 - []
16:18:46,898 - []
16:18:46,914 - []
16:18:46,930 - []
16:18:46,947 - []
16:18:46,964 - []
16:18:46,981 - []
16:18:46,996 - []
16:18:47,014 - []
16:18:47,031 - []
16:18:47,047 - []
16:18:47,063 - []
16:18:47,081 - []
16:18:47,097 - []
16:18:47,113 - []
16:18:47,130 - []
16:18:47,148 - []
16:18:47,164 - []
16:18:47,181 - []
16:18:47,198 - []
16:18:47,214 - []
16:18:47,231 - []
16:18:47,248 - []
16:18:47,264 - []
16:18:47,281 - []
16:18:47,297 - []
16:18:47,314 - []
16:18:47,330 - []
16:18:47,347 - []
16:18:47,363 - []
16:18:47,380 - []
16:18:47,397 - []
16:18:47,414 - []
16:18:47,431 - []
16:18:47,447 - []
16:18:47,464 - []
16:18:47,481 - []
16:18:47,496 - []
16:18:47,513 - []
16:18:47,530 - []
16:18:47,547 - []
16:18:47,563 - []
16:18:47,581 - []
16:18:47,597 - []
16:18:47,614 - []
16:18:47,630 - []
16:18:47,647 - []
16:18:47,664 - []
16:18:47,681 - []
16:18:47,698 - []
16:18:47,715 - []
16:18:47,731 - []
16:18:47,748 - []
16:18:47,764 - []
16:18:47,780 - []
16:18:47,797 - []
16:18:47,814 - []
16:18:47,831 - []
16:18:47,847 - []
16:18:47,864 - []
16:18:47,881 - []
16:18:47,897 - []
16:18:47,914 - []
16:18:47,930 - []
16:18:47,948 - []
16:18:47,965 - []
16:18:47,981 - []
16:18:47,997 - []
16:18:48,014 - []
16:18:48,029 - []
16:18:48,047 - []
16:18:48,063 - []
16:18:48,081 - []
16:18:48,097 - []
16:18:48,114 - []
16:18:48,130 - []
16:18:48,147 - []
16:18:48,163 - []
16:18:48,180 - []
16:18:48,197 - []
16:18:48,214 - []
16:18:48,230 - []
16:18:48,248 - []
16:18:48,263 - []
16:18:48,280 - []
16:18:48,297 - []
16:18:48,314 - []
16:18:48,331 - []
16:18:48,347 - []
16:18:48,364 - []
16:18:48,380 - []
16:18:48,397 - []
16:18:48,414 - []
16:18:48,430 - []
16:18:48,447 - []
16:18:48,463 - []
16:18:48,481 - []
16:18:48,498 - []
16:18:48,514 - []
16:18:48,531 - []
16:18:48,546 - []
16:18:48,564 - []
16:18:48,581 - []
16:18:48,598 - []
16:18:48,615 - []
16:18:48,631 - []
16:18:48,646 - []
16:18:48,663 - []
16:18:48,679 - []
16:18:48,697 - []
16:18:48,714 - []
16:18:48,731 - []
16:18:48,748 - []
16:18:48,764 - []
16:18:48,781 - []
16:18:48,798 - []
16:18:48,814 - []
16:18:48,830 - []
16:18:48,848 - []
16:18:48,864 - []
16:18:48,881 - []
16:18:48,898 - []
16:18:48,913 - []
16:18:48,930 - []
16:18:48,947 - []
16:18:48,964 - []
16:18:48,980 - []
16:18:48,997 - []
16:18:49,014 - []
16:18:49,030 - []
16:18:49,048 - []
16:18:49,064 - []
16:18:49,081 - []
16:18:49,097 - []
16:18:49,114 - []
16:18:49,130 - []
16:18:49,147 - []
16:18:49,164 - []
16:18:49,180 - []
16:18:49,197 - []
16:18:49,213 - []
16:18:49,231 - []
16:18:49,248 - []
16:18:49,264 - []
16:18:49,280 - []
16:18:49,297 - []
16:18:49,314 - []
16:18:49,331 - []
16:18:49,346 - []
16:18:49,364 - []
16:18:49,380 - []
16:18:49,398 - []
16:18:49,414 - []
16:18:49,430 - []
16:18:49,447 - []
16:18:49,463 - []
16:18:49,479 - []
16:18:49,494 - []
16:18:49,508 - []
16:18:49,522 - []
16:18:49,538 - []
16:18:49,555 - []
16:18:49,571 - []
16:18:49,586 - []
16:18:49,601 - []
16:18:49,615 - []
16:18:49,629 - []
16:18:49,647 - []
16:18:49,664 - []
16:18:49,681 - []
16:18:49,698 - []
16:18:49,714 - []
16:18:49,730 - []
16:18:49,747 - []
16:18:49,763 - []
16:18:49,779 - []
16:18:49,794 - []
16:18:49,810 - []
16:18:49,826 - []
16:18:49,844 - []
16:18:49,859 - []
16:18:49,873 - []
16:18:49,890 - []
16:18:49,906 - []
16:18:49,923 - []
16:18:49,940 - []
16:18:49,957 - []
16:18:49,973 - []
16:18:49,990 - []
16:18:50,006 - []
16:18:50,021 - []
16:18:50,035 - []
16:18:50,050 - []
16:18:50,067 - []
16:18:50,084 - []
16:18:50,102 - []
16:18:50,119 - []
16:18:50,135 - []
16:18:50,152 - []
16:18:50,167 - []
16:18:50,185 - []
16:18:50,202 - []
16:18:50,219 - []
16:18:50,235 - []
16:18:50,251 - []
16:18:50,269 - []
16:18:50,285 - []
16:18:50,302 - []
16:18:50,319 - []
16:18:50,336 - []
16:18:50,355 - []
16:18:50,373 - []
16:18:50,389 - []
16:18:50,406 - []
16:18:50,423 - []
16:18:50,440 - []
16:18:50,456 - []
16:18:50,473 - []
16:18:50,489 - []
16:18:50,507 - []
16:18:50,523 - []
16:18:50,540 - []
16:18:50,556 - []
16:18:50,573 - []
16:18:50,590 - []
16:18:50,607 - []
16:18:50,624 - []
16:18:50,640 - []
16:18:50,656 - []
16:18:50,672 - []
16:18:50,688 - []
16:18:50,707 - []
16:18:50,723 - []
16:18:50,740 - []
16:18:50,757 - []
16:18:50,773 - []
16:18:50,789 - []
16:18:50,805 - []
16:18:50,823 - []
16:18:50,839 - []
16:18:50,856 - []
16:18:50,873 - []
16:18:50,890 - []
16:18:50,906 - []
16:18:50,923 - []
16:18:50,940 - []
16:18:50,957 - []
16:18:50,973 - []
16:18:50,990 - []
16:18:51,006 - []
16:18:51,023 - []
16:18:51,040 - []
16:18:51,057 - []
16:18:51,074 - []
16:18:51,090 - []
16:18:51,106 - []
16:18:51,123 - []
16:18:51,138 - []
16:18:51,157 - []
16:18:51,173 - []
16:18:51,190 - []
16:18:51,206 - []
16:18:51,222 - []
16:18:51,240 - []
16:18:51,256 - []
16:18:51,272 - []
16:18:51,289 - []
16:18:51,306 - []
16:18:51,323 - []
16:18:51,339 - []
16:18:51,356 - []
16:18:51,373 - []
16:18:51,389 - []
16:18:51,406 - []
16:18:51,422 - []
16:18:51,440 - []
16:18:51,457 - []
16:18:51,475 - []
16:18:51,490 - []
16:18:51,505 - []
16:18:51,523 - []
16:18:51,541 - []
16:18:51,559 - []
16:18:51,577 - []
16:18:51,594 - []
16:18:51,612 - []
16:18:51,630 - []
16:18:51,648 - []
16:18:51,664 - []
16:18:51,680 - []
16:18:51,698 - []
16:18:51,714 - []
16:18:51,730 - []
16:18:51,747 - []
16:18:51,764 - []
16:18:51,780 - []
16:18:51,798 - []
16:18:51,814 - []
16:18:51,830 - []
16:18:51,846 - []
16:18:51,864 - []
16:18:51,881 - []
16:18:51,897 - []
16:18:51,914 - []
16:18:51,931 - []
16:18:51,947 - []
16:18:51,963 - []
16:18:51,981 - []
16:18:51,998 - []
16:18:52,014 - []
16:18:52,030 - []
16:18:52,047 - []
16:18:52,064 - []
16:18:52,081 - []
16:18:52,097 - []
16:18:52,115 - []
16:18:52,130 - []
16:18:52,147 - []
16:18:52,164 - []
16:18:52,181 - []
16:18:52,198 - []
16:18:52,214 - []
16:18:52,230 - []
16:18:52,247 - []
16:18:52,264 - []
16:18:52,280 - []
16:18:52,297 - []
16:18:52,314 - []
16:18:52,331 - []
16:18:52,347 - []
16:18:52,364 - []
16:18:52,380 - []
16:18:52,397 - []
16:18:52,414 - []
16:18:52,430 - []
16:18:52,448 - []
16:18:52,465 - []
16:18:52,481 - []
16:18:52,497 - []
16:18:52,514 - []
16:18:52,530 - []
16:18:52,548 - []
16:18:52,564 - []
16:18:52,581 - []
16:18:52,597 - []
16:18:52,614 - []
16:18:52,630 - []
16:18:52,647 - []
16:18:52,664 - []
16:18:52,681 - []
16:18:52,698 - []
16:18:52,715 - []
16:18:52,732 - []
16:18:52,748 - []
16:18:52,765 - []
16:18:52,781 - []
16:18:52,798 - []
16:18:52,814 - []
16:18:52,830 - []
16:18:52,848 - []
16:18:52,865 - []
16:18:52,881 - []
16:18:52,897 - []
16:18:52,913 - []
16:18:52,930 - []
16:18:52,947 - []
16:18:52,964 - []
16:18:52,981 - []
16:18:52,997 - []
16:18:53,015 - []
16:18:53,030 - []
16:18:53,047 - []
16:18:53,064 - []
16:18:53,080 - []
16:18:53,098 - []
16:18:53,114 - []
16:18:53,130 - []
16:18:53,148 - []
16:18:53,164 - []
16:18:53,180 - []
16:18:53,197 - []
16:18:53,214 - []
16:18:53,231 - []
16:18:53,247 - []
16:18:53,263 - []
16:18:53,280 - []
16:18:53,298 - []
16:18:53,314 - []
16:18:53,330 - []
16:18:53,346 - []
16:18:53,364 - []
16:18:53,380 - []
16:18:53,396 - []
16:18:53,413 - []
16:18:53,430 - []
16:18:53,448 - []
16:18:53,463 - []
16:18:53,480 - []
16:18:53,498 - []
16:18:53,514 - []
16:18:53,530 - []
16:18:53,546 - []
16:18:53,564 - []
16:18:53,580 - []
16:18:53,596 - []
16:18:53,613 - []
16:18:53,631 - []
16:18:53,648 - []
16:18:53,664 - []
16:18:53,680 - []
16:18:53,697 - []
16:18:53,714 - []
16:18:53,731 - []
16:18:53,747 - []
16:18:53,764 - []
16:18:53,781 - []
16:18:53,797 - []
16:18:53,813 - []
16:18:53,830 - []
16:18:53,847 - []
16:18:53,863 - []
16:18:53,881 - []
16:18:53,897 - []
16:18:53,913 - []
16:18:53,930 - []
16:18:53,946 - []
16:18:53,964 - []
16:18:53,981 - []
16:18:53,997 - []
16:18:54,014 - []
16:18:54,031 - []
16:18:54,048 - []
16:18:54,064 - []
16:18:54,080 - []
16:18:54,096 - []
16:18:54,114 - []
16:18:54,130 - []
16:18:54,147 - []
16:18:54,164 - []
16:18:54,180 - []
16:18:54,196 - []
16:18:54,213 - []
16:18:54,231 - []
16:18:54,248 - []
16:18:54,264 - []
16:18:54,280 - []
16:18:54,297 - []
16:18:54,314 - []
16:18:54,330 - []
16:18:54,347 - []
16:18:54,364 - []
16:18:54,381 - []
16:18:54,397 - []
16:18:54,414 - []
16:18:54,431 - []
16:18:54,448 - []
16:18:54,464 - []
16:18:54,481 - []
16:18:54,498 - []
16:18:54,514 - []
16:18:54,530 - []
16:18:54,548 - []
16:18:54,565 - []
16:18:54,581 - []
16:18:54,598 - []
16:18:54,614 - []
16:18:54,630 - []
16:18:54,647 - []
16:18:54,663 - []
16:18:54,680 - []
16:18:54,698 - []
16:18:54,715 - []
16:18:54,731 - []
16:18:54,748 - []
16:18:54,765 - []
16:18:54,781 - []
16:18:54,797 - []
16:18:54,814 - []
16:18:54,830 - []
16:18:54,848 - []
16:18:54,864 - []
16:18:54,880 - []
16:18:54,897 - []
16:18:54,914 - []
16:18:54,930 - []
16:18:54,946 - []
16:18:54,964 - []
16:18:54,980 - []
16:18:54,996 - []
16:18:55,014 - []
16:18:55,030 - []
16:18:55,048 - []
16:18:55,065 - []
16:18:55,080 - []
16:18:55,098 - []
16:18:55,114 - []
16:18:55,130 - []
16:18:55,146 - []
16:18:55,164 - []
16:18:55,180 - []
16:18:55,198 - []
16:18:55,214 - []
16:18:55,231 - []
16:18:55,247 - []
16:18:55,264 - []
16:18:55,281 - []
16:18:55,297 - []
16:18:55,314 - []
16:18:55,330 - []
16:18:55,348 - []
16:18:55,364 - []
16:18:55,381 - []
16:18:55,397 - []
16:18:55,415 - []
16:18:55,431 - []
16:18:55,448 - []
16:18:55,464 - []
16:18:55,481 - []
16:18:55,496 - []
16:18:55,511 - []
16:18:55,525 - []
16:18:55,540 - []
16:18:55,556 - []
16:18:55,573 - []
16:18:55,590 - []
16:18:55,606 - []
16:18:55,623 - []
16:18:55,639 - []
16:18:55,656 - []
16:18:55,672 - []
16:18:55,690 - []
16:18:55,706 - []
16:18:55,724 - []
16:18:55,740 - []
16:18:55,756 - []
16:18:55,773 - []
16:18:55,789 - []
16:18:55,806 - []
16:18:55,823 - []
16:18:55,839 - []
16:18:55,856 - []
16:18:55,872 - []
16:18:55,890 - []
16:18:55,907 - []
16:18:55,923 - []
16:18:55,939 - []
16:18:55,956 - []
16:18:55,974 - []
16:18:55,990 - []
16:18:56,007 - []
16:18:56,023 - []
16:18:56,041 - []
16:18:56,057 - []
16:18:56,073 - []
16:18:56,090 - []
16:18:56,107 - []
16:18:56,124 - []
16:18:56,140 - []
16:18:56,156 - []
16:18:56,173 - []
16:18:56,190 - []
16:18:56,206 - []
16:18:56,222 - []
16:18:56,240 - []
16:18:56,257 - []
16:18:56,274 - []
16:18:56,290 - []
16:18:56,307 - []
16:18:56,324 - []
16:18:56,340 - []
16:18:56,357 - []
16:18:56,373 - []
16:18:56,390 - []
16:18:56,407 - []
16:18:56,423 - []
16:18:56,439 - []
16:18:56,457 - []
16:18:56,474 - []
16:18:56,490 - []
16:18:56,507 - []
16:18:56,524 - []
16:18:56,540 - []
16:18:56,557 - []
16:18:56,574 - []
16:18:56,590 - []
16:18:56,607 - []
16:18:56,624 - []
16:18:56,640 - []
16:18:56,657 - []
16:18:56,674 - []
16:18:56,690 - []
16:18:56,706 - []
16:18:56,722 - []
16:18:56,739 - []
16:18:56,756 - []
16:18:56,773 - []
16:18:56,788 - []
16:18:56,806 - []
16:18:56,823 - []
16:18:56,839 - []
16:18:56,857 - []
16:18:56,873 - []
16:18:56,890 - []
16:18:56,906 - []
16:18:56,923 - []
16:18:56,940 - []
16:18:56,957 - []
16:18:56,973 - []
16:18:56,990 - []
16:18:57,007 - []
16:18:57,024 - []
16:18:57,040 - []
16:18:57,057 - []
16:18:57,073 - []
16:18:57,089 - []
16:18:57,107 - []
16:18:57,124 - []
16:18:57,140 - []
16:18:57,156 - []
16:18:57,172 - []
16:18:57,189 - []
16:18:57,206 - []
16:18:57,223 - []
16:18:57,240 - []
16:18:57,256 - []
16:18:57,273 - []
16:18:57,289 - []
16:18:57,307 - []
16:18:57,324 - []
16:18:57,340 - []
16:18:57,356 - []
16:18:57,373 - []
16:18:57,389 - []
16:18:57,406 - []
16:18:57,423 - []
16:18:57,440 - []
16:18:57,457 - []
16:18:57,474 - []
16:18:57,490 - []
16:18:57,507 - []
16:18:57,524 - []
16:18:57,540 - []
16:18:57,557 - []
16:18:57,574 - []
16:18:57,590 - []
16:18:57,606 - []
16:18:57,624 - []
16:18:57,640 - []
16:18:57,656 - []
16:18:57,672 - []
16:18:57,688 - []
16:18:57,704 - []
16:18:57,721 - []
16:18:57,738 - []
16:18:57,755 - []
16:18:57,771 - []
16:18:57,787 - []
16:18:57,804 - []
16:18:57,821 - []
16:18:57,838 - []
16:18:57,854 - []
16:18:57,871 - []
16:18:57,888 - []
16:18:57,904 - []
16:18:57,921 - []
16:18:57,938 - []
16:18:57,955 - []
16:18:57,971 - []
16:18:57,988 - []
16:18:58,004 - []
16:18:58,021 - []
16:18:58,037 - []
16:18:58,054 - []
16:18:58,071 - []
16:18:58,087 - []
16:18:58,104 - []
16:18:58,119 - []
16:18:58,134 - []
16:18:58,151 - []
16:18:58,167 - []
16:18:58,182 - []
16:18:58,197 - []
16:18:58,213 - []
16:18:58,230 - []
16:18:58,246 - []
16:18:58,261 - []
16:18:58,280 - []
16:18:58,297 - []
16:18:58,314 - []
16:18:58,329 - []
16:18:58,346 - []
16:18:58,364 - []
16:18:58,381 - []
16:18:58,398 - []
16:18:58,413 - []
16:18:58,431 - []
16:18:58,447 - []
16:18:58,465 - []
16:18:58,481 - []
16:18:58,497 - []
16:18:58,515 - []
16:18:58,531 - []
16:18:58,548 - []
16:18:58,563 - []
16:18:58,580 - []
16:18:58,597 - []
16:18:58,614 - []
16:18:58,630 - []
16:18:58,648 - []
16:18:58,664 - []
16:18:58,680 - []
16:18:58,697 - []
16:18:58,713 - []
16:18:58,731 - []
16:18:58,747 - []
16:18:58,765 - []
16:18:58,781 - []
16:18:58,798 - []
16:18:58,814 - []
16:18:58,830 - []
16:18:58,848 - []
16:18:58,863 - []
16:18:58,880 - []
16:18:58,898 - []
16:18:58,914 - []
16:18:58,931 - []
16:18:58,947 - []
16:18:58,964 - []
16:18:58,981 - []
16:18:58,997 - []
16:18:59,015 - []
16:18:59,030 - []
16:18:59,047 - []
16:18:59,065 - []
16:18:59,081 - []
16:18:59,097 - []
16:18:59,114 - []
16:18:59,130 - []
16:18:59,147 - []
16:18:59,163 - []
16:18:59,181 - []
16:18:59,198 - []
16:18:59,214 - []
16:18:59,230 - []
16:18:59,248 - []
16:18:59,263 - []
16:18:59,281 - []
16:18:59,298 - []
16:18:59,315 - []
16:18:59,331 - []
16:18:59,347 - []
16:18:59,364 - []
16:18:59,381 - []
16:18:59,397 - []
16:18:59,413 - []
16:18:59,430 - []
16:18:59,448 - []
16:18:59,463 - []
16:18:59,481 - []
16:18:59,498 - []
16:18:59,513 - []
16:18:59,530 - []
16:18:59,546 - []
16:18:59,564 - []
16:18:59,581 - []
16:18:59,598 - []
16:18:59,614 - []
16:18:59,631 - []
16:18:59,648 - []
16:18:59,664 - []
16:18:59,681 - []
16:18:59,697 - []
16:18:59,715 - []
16:18:59,731 - []
16:18:59,747 - []
16:18:59,765 - []
16:18:59,781 - []
16:18:59,798 - []
16:18:59,814 - []
16:18:59,831 - []
16:18:59,847 - []
16:18:59,862 - []
16:18:59,881 - []
16:18:59,897 - []
16:18:59,914 - []
16:18:59,931 - []
16:18:59,948 - []
16:18:59,965 - []
16:18:59,980 - []
16:18:59,997 - []
16:19:00,013 - []
16:19:00,030 - []
16:19:00,048 - []
16:19:00,065 - []
16:19:00,082 - []
16:19:00,098 - []
16:19:00,115 - []
16:19:00,131 - []
16:19:00,147 - []
16:19:00,164 - []
16:19:00,181 - []
16:19:00,197 - []
16:19:00,214 - []
16:19:00,231 - []
16:19:00,247 - []
16:19:00,264 - []
16:19:00,280 - []
16:19:00,297 - []
16:19:00,314 - []
16:19:00,332 - []
16:19:00,348 - []
16:19:00,364 - []
16:19:00,381 - []
16:19:00,398 - []
16:19:00,414 - []
16:19:00,430 - []
16:19:00,447 - []
16:19:00,463 - []
16:19:00,480 - []
16:19:00,496 - []
16:19:00,514 - []
16:19:00,531 - []
16:19:00,547 - []
16:19:00,564 - []
16:19:00,580 - []
16:19:00,597 - []
16:19:00,615 - []
16:19:00,631 - []
16:19:00,647 - []
16:19:00,665 - []
16:19:00,681 - []
16:19:00,697 - []
16:19:00,714 - []
16:19:00,731 - []
16:19:00,748 - []
16:19:00,764 - []
16:19:00,782 - []
16:19:00,798 - []
16:19:00,814 - []
16:19:00,831 - []
16:19:00,848 - []
16:19:00,865 - []
16:19:00,881 - []
16:19:00,897 - []
16:19:00,914 - []
16:19:00,931 - []
16:19:00,947 - []
16:19:00,963 - []
16:19:00,981 - []
16:19:00,997 - []
16:19:01,014 - []
16:19:01,030 - []
16:19:01,048 - []
16:19:01,064 - []
16:19:01,080 - []
16:19:01,097 - []
16:19:01,114 - []
16:19:01,130 - []
16:19:01,147 - []
16:19:01,163 - []
16:19:01,182 - []
16:19:01,198 - []
16:19:01,214 - []
16:19:01,231 - []
16:19:01,247 - []
16:19:01,265 - []
16:19:01,280 - []
16:19:01,297 - []
16:19:01,314 - []
16:19:01,329 - []
16:19:01,347 - []
16:19:01,364 - []
16:19:01,381 - []
16:19:01,398 - []
16:19:01,415 - []
16:19:01,431 - []
16:19:01,448 - []
16:19:01,465 - []
16:19:01,481 - []
16:19:01,498 - []
16:19:01,515 - []
16:19:01,532 - []
16:19:01,548 - []
16:19:01,565 - []
16:19:01,582 - []
16:19:01,597 - []
16:19:01,614 - []
16:19:01,631 - []
16:19:01,647 - []
16:19:01,664 - []
16:19:01,680 - []
16:19:01,698 - []
16:19:01,715 - []
16:19:01,731 - []
16:19:01,747 - []
16:19:01,763 - []
16:19:01,782 - []
16:19:01,798 - []
16:19:01,814 - []
16:19:01,830 - []
16:19:01,846 - []
16:19:01,863 - []
16:19:01,880 - []
16:19:01,897 - []
16:19:01,915 - []
16:19:01,931 - []
16:19:01,948 - []
16:19:01,964 - []
16:19:01,982 - []
16:19:01,998 - []
16:19:02,014 - []
16:19:02,030 - []
16:19:02,048 - []
16:19:02,065 - []
16:19:02,081 - []
16:19:02,096 - []
16:19:02,114 - []
16:19:02,130 - []
16:19:02,147 - []
16:19:02,165 - []
16:19:02,181 - []
16:19:02,197 - []
16:19:02,214 - []
16:19:02,230 - []
16:19:02,247 - []
16:19:02,264 - []
16:19:02,280 - []
16:19:02,297 - []
16:19:02,313 - []
16:19:02,330 - []
16:19:02,347 - []
16:19:02,364 - []
16:19:02,380 - []
16:19:02,397 - []
16:19:02,415 - []
16:19:02,431 - []
16:19:02,448 - []
16:19:02,465 - []
16:19:02,481 - []
16:19:02,498 - []
16:19:02,515 - []
16:19:02,531 - []
16:19:02,548 - []
16:19:02,565 - []
16:19:02,581 - []
16:19:02,598 - []
16:19:02,615 - []
16:19:02,632 - []
16:19:02,648 - []
16:19:02,665 - []
16:19:02,682 - []
16:19:02,702 - []
16:19:02,718 - []
16:19:02,735 - []
16:19:02,752 - []
16:19:02,768 - []
16:19:02,786 - []
16:19:02,801 - []
16:19:02,819 - []
16:19:02,835 - []
16:19:02,852 - []
16:19:02,868 - []
16:19:02,885 - []
16:19:02,902 - []
16:19:02,919 - []
16:19:02,935 - []
16:19:02,952 - []
16:19:02,968 - []
16:19:02,984 - []
16:19:03,001 - []
16:19:03,018 - []
16:19:03,035 - []
16:19:03,052 - []
16:19:03,071 - []
16:19:03,089 - []
16:19:03,107 - []
16:19:03,124 - []
16:19:03,140 - []
16:19:03,156 - []
16:19:03,174 - []
16:19:03,190 - []
16:19:03,206 - []
16:19:03,223 - []
16:19:03,239 - []
16:19:03,256 - []
16:19:03,271 - []
16:19:03,288 - []
16:19:03,305 - []
16:19:03,321 - []
16:19:03,338 - []
16:19:03,355 - []
16:19:03,372 - []
16:19:03,388 - []
16:19:03,405 - []
16:19:03,422 - []
16:19:03,437 - []
16:19:03,455 - []
16:19:03,473 - []
16:19:03,490 - []
16:19:03,507 - []
16:19:03,524 - []
16:19:03,540 - []
16:19:03,557 - []
16:19:03,573 - []
16:19:03,589 - []
16:19:03,606 - []
16:19:03,622 - []
16:19:03,639 - []
16:19:03,657 - []
16:19:03,672 - []
16:19:03,690 - []
16:19:03,706 - []
16:19:03,722 - []
16:19:03,740 - []
16:19:03,757 - []
16:19:03,774 - []
16:19:03,790 - []
16:19:03,807 - []
16:19:03,824 - []
16:19:03,840 - []
16:19:03,857 - []
16:19:03,874 - []
16:19:03,890 - []
16:19:03,907 - []
16:19:03,923 - []
16:19:03,940 - []
16:19:03,957 - []
16:19:03,973 - []
16:19:03,991 - []
16:19:04,007 - []
16:19:04,023 - []
16:19:04,040 - []
16:19:04,057 - []
16:19:04,074 - []
16:19:04,092 - []
16:19:04,111 - []
16:19:04,126 - []
16:19:04,142 - []
16:19:04,157 - []
16:19:04,173 - []
16:19:04,190 - []
16:19:04,207 - []
16:19:04,224 - []
16:19:04,240 - []
16:19:04,257 - []
16:19:04,274 - []
16:19:04,289 - []
16:19:04,306 - []
16:19:04,323 - []
16:19:04,339 - []
16:19:04,357 - []
16:19:04,374 - []
16:19:04,389 - []
16:19:04,405 - []
16:19:04,422 - []
16:19:04,439 - []
16:19:04,457 - []
16:19:04,473 - []
16:19:04,490 - []
16:19:04,507 - []
16:19:04,523 - []
16:19:04,540 - []
16:19:04,556 - []
16:19:04,573 - []
16:19:04,589 - []
16:19:04,605 - []
16:19:04,623 - []
16:19:04,640 - []
16:19:04,657 - []
16:19:04,673 - []
16:19:04,690 - []
16:19:04,707 - []
16:19:04,723 - []
16:19:04,740 - []
16:19:04,757 - []
16:19:04,773 - []
16:19:04,790 - []
16:19:04,807 - []
16:19:04,823 - []
16:19:04,839 - []
16:19:04,856 - []
16:19:04,873 - []
16:19:04,889 - []
16:19:04,907 - []
16:19:04,923 - []
16:19:04,939 - []
16:19:04,956 - []
16:19:04,974 - []
16:19:04,990 - []
16:19:05,007 - []
16:19:05,024 - []
16:19:05,040 - []
16:19:05,057 - []
16:19:05,073 - []
16:19:05,091 - []
16:19:05,107 - []
16:19:05,123 - []
16:19:05,140 - []
16:19:05,157 - []
16:19:05,173 - []
16:19:05,189 - []
16:19:05,207 - []
16:19:05,222 - []
16:19:05,238 - []
16:19:05,257 - []
16:19:05,273 - []
16:19:05,290 - []
16:19:05,307 - []
16:19:05,324 - []
16:19:05,339 - []
16:19:05,355 - []
16:19:05,372 - []
16:19:05,388 - []
16:19:05,407 - []
16:19:05,423 - []
16:19:05,440 - []
16:19:05,456 - []
16:19:05,472 - []
16:19:05,489 - []
16:19:05,505 - []
16:19:05,522 - []
16:19:05,539 - []
16:19:05,557 - []
16:19:05,574 - []
16:19:05,589 - []
16:19:05,606 - []
16:19:05,623 - []
16:19:05,638 - []
16:19:05,654 - []
16:19:05,671 - []
16:19:05,690 - []
16:19:05,707 - []
16:19:05,723 - []
16:19:05,740 - []
16:19:05,757 - []
16:19:05,774 - []
16:19:05,791 - []
16:19:05,807 - []
16:19:05,823 - []
16:19:05,840 - []
16:19:05,855 - []
16:19:05,873 - []
16:19:05,890 - []
16:19:05,906 - []
16:19:05,924 - []
16:19:05,941 - []
16:19:05,957 - []
16:19:05,973 - []
16:19:05,990 - []
16:19:06,007 - []
16:19:06,023 - []
16:19:06,040 - []
16:19:06,057 - []
16:19:06,073 - []
16:19:06,088 - []
16:19:06,105 - []
16:19:06,122 - []
16:19:06,139 - []
16:19:06,157 - []
16:19:06,174 - []
16:19:06,190 - []
16:19:06,207 - []
16:19:06,223 - []
16:19:06,239 - []
16:19:06,256 - []
16:19:06,272 - []
16:19:06,289 - []
16:19:06,307 - []
16:19:06,323 - []
16:19:06,339 - []
16:19:06,355 - []
16:19:06,372 - []
16:19:06,390 - []
16:19:06,407 - []
16:19:06,422 - []
16:19:06,439 - []
16:19:06,457 - []
16:19:06,474 - []
16:19:06,491 - []
16:19:06,507 - []
16:19:06,524 - []
16:19:06,540 - []
16:19:06,557 - []
16:19:06,573 - []
16:19:06,590 - []
16:19:06,607 - []
16:19:06,624 - []
16:19:06,640 - []
16:19:06,657 - []
16:19:06,673 - []
16:19:06,691 - []
16:19:06,707 - []
16:19:06,723 - []
16:19:06,740 - []
16:19:06,757 - []
16:19:06,774 - []
16:19:06,789 - []
16:19:06,806 - []
16:19:06,822 - []
16:19:06,838 - []
16:19:06,855 - []
16:19:06,871 - []
16:19:06,889 - []
16:19:06,906 - []
16:19:06,923 - []
16:19:06,940 - []
16:19:06,955 - []
16:19:06,972 - []
16:19:06,990 - []
16:19:07,006 - []
16:19:07,023 - []
16:19:07,040 - []
16:19:07,057 - []
16:19:07,073 - []
16:19:07,089 - []
16:19:07,106 - []
16:19:07,123 - []
16:19:07,140 - []
16:19:07,156 - []
16:19:07,174 - []
16:19:07,190 - []
16:19:07,207 - []
16:19:07,223 - []
16:19:07,240 - []
16:19:07,257 - []
16:19:07,273 - []
16:19:07,290 - []
16:19:07,306 - []
16:19:07,322 - []
16:19:07,339 - []
16:19:07,357 - []
16:19:07,374 - []
16:19:07,390 - []
16:19:07,407 - []
16:19:07,424 - []
16:19:07,440 - []
16:19:07,457 - []
16:19:07,472 - []
16:19:07,488 - []
16:19:07,507 - []
16:19:07,524 - []
16:19:07,541 - []
16:19:07,559 - []
16:19:07,577 - []
16:19:07,595 - []
16:19:07,614 - []
16:19:07,630 - []
16:19:07,648 - []
16:19:07,665 - []
16:19:07,681 - []
16:19:07,698 - []
16:19:07,714 - []
16:19:07,730 - []
16:19:07,748 - []
16:19:07,764 - []
16:19:07,780 - []
16:19:07,797 - []
16:19:07,814 - []
16:19:07,830 - []
16:19:07,846 - []
16:19:07,864 - []
16:19:07,880 - []
16:19:07,898 - []
16:19:07,915 - []
16:19:07,931 - []
16:19:07,947 - []
16:19:07,964 - []
16:19:07,981 - []
16:19:07,997 - []
16:19:08,014 - []
16:19:08,031 - []
16:19:08,047 - []
16:19:08,065 - []
16:19:08,081 - []
16:19:08,098 - []
16:19:08,114 - []
16:19:08,131 - []
16:19:08,148 - []
16:19:08,165 - []
16:19:08,180 - []
16:19:08,197 - []
16:19:08,214 - []
16:19:08,231 - []
16:19:08,247 - []
16:19:08,263 - []
16:19:08,281 - []
16:19:08,298 - []
16:19:08,314 - []
16:19:08,331 - []
16:19:08,347 - []
16:19:08,363 - []
16:19:08,381 - []
16:19:08,397 - []
16:19:08,415 - []
16:19:08,431 - []
16:19:08,447 - []
16:19:08,463 - []
16:19:08,480 - []
16:19:08,497 - []
16:19:08,515 - []
16:19:08,531 - []
16:19:08,548 - []
16:19:08,565 - []
16:19:08,581 - []
16:19:08,597 - []
16:19:08,614 - []
16:19:08,630 - []
16:19:08,648 - []
16:19:08,665 - []
16:19:08,681 - []
16:19:08,698 - []
16:19:08,715 - []
16:19:08,731 - []
16:19:08,748 - []
16:19:08,765 - []
16:19:08,780 - []
16:19:08,798 - []
16:19:08,815 - []
16:19:08,830 - []
16:19:08,846 - []
16:19:08,864 - []
16:19:08,881 - []
16:19:08,898 - []
16:19:08,915 - []
16:19:08,931 - []
16:19:08,948 - []
16:19:08,965 - []
16:19:08,980 - []
16:19:08,998 - []
16:19:09,015 - []
16:19:09,031 - []
16:19:09,047 - []
16:19:09,065 - []
16:19:09,082 - []
16:19:09,098 - []
16:19:09,116 - []
16:19:09,131 - []
16:19:09,147 - []
16:19:09,165 - []
16:19:09,181 - []
16:19:09,198 - []
16:19:09,215 - []
16:19:09,231 - []
16:19:09,247 - []
16:19:09,264 - []
16:19:09,281 - []
16:19:09,297 - []
16:19:09,314 - []
16:19:09,331 - []
16:19:09,347 - []
16:19:09,363 - []
16:19:09,381 - []
16:19:09,397 - []
16:19:09,414 - []
16:19:09,431 - []
16:19:09,447 - []
16:19:09,464 - []
16:19:09,480 - []
16:19:09,498 - []
16:19:09,514 - []
16:19:09,531 - []
16:19:09,547 - []
16:19:09,564 - []
16:19:09,581 - []
16:19:09,597 - []
16:19:09,614 - []
16:19:09,630 - []
16:19:09,647 - []
16:19:09,664 - []
16:19:09,681 - []
16:19:09,698 - []
16:19:09,715 - []
16:19:09,731 - []
16:19:09,747 - []
16:19:09,765 - []
16:19:09,782 - []
16:19:09,798 - []
16:19:09,814 - []
16:19:09,831 - []
16:19:09,848 - []
16:19:09,864 - []
16:19:09,880 - []
16:19:09,897 - []
16:19:09,914 - []
16:19:09,931 - []
16:19:09,947 - []
16:19:09,965 - []
16:19:09,981 - []
16:19:09,997 - []
16:19:10,014 - []
16:19:10,031 - []
16:19:10,048 - []
16:19:10,065 - []
16:19:10,081 - []
16:19:10,098 - []
16:19:10,114 - []
16:19:10,131 - []
16:19:10,147 - []
16:19:10,163 - []
16:19:10,181 - []
16:19:10,198 - []
16:19:10,214 - []
16:19:10,231 - []
16:19:10,247 - []
16:19:10,264 - []
16:19:10,281 - []
16:19:10,297 - []
16:19:10,315 - []
16:19:10,331 - []
16:19:10,347 - []
16:19:10,364 - []
16:19:10,381 - []
16:19:10,398 - []
16:19:10,415 - []
16:19:10,432 - []
16:19:10,447 - []
16:19:10,464 - []
16:19:10,481 - []
16:19:10,497 - []
16:19:10,515 - []
16:19:10,531 - []
16:19:10,547 - []
16:19:10,565 - []
16:19:10,581 - []
16:19:10,597 - []
16:19:10,614 - []
16:19:10,630 - []
16:19:10,646 - []
16:19:10,664 - []
16:19:10,681 - []
16:19:10,698 - []
16:19:10,714 - []
16:19:10,731 - []
16:19:10,748 - []
16:19:10,766 - []
16:19:10,782 - []
16:19:10,798 - []
16:19:10,815 - []
16:19:10,831 - []
16:19:10,847 - []
16:19:10,864 - []
16:19:10,881 - []
16:19:10,897 - []
16:19:10,913 - []
16:19:10,932 - []
16:19:10,947 - []
16:19:10,965 - []
16:19:10,980 - []
16:19:10,997 - []
16:19:11,014 - []
16:19:11,029 - []
16:19:11,046 - []
16:19:11,064 - []
16:19:11,081 - []
16:19:11,097 - []
16:19:11,113 - []
16:19:11,131 - []
16:19:11,147 - []
16:19:11,165 - []
16:19:11,180 - []
16:19:11,197 - []
16:19:11,214 - []
16:19:11,230 - []
16:19:11,247 - []
16:19:11,265 - []
16:19:11,281 - []
16:19:11,297 - []
16:19:11,314 - []
16:19:11,330 - []
16:19:11,348 - []
16:19:11,365 - []
16:19:11,381 - []
16:19:11,397 - []
16:19:11,414 - []
16:19:11,430 - []
16:19:11,447 - []
16:19:11,464 - []
16:19:11,480 - []
16:19:11,497 - []
16:19:11,513 - []
16:19:11,529 - []
16:19:11,547 - []
16:19:11,563 - []
16:19:11,580 - []
16:19:11,597 - []
16:19:11,615 - []
16:19:11,631 - []
16:19:11,647 - []
16:19:11,664 - []
16:19:11,681 - []
16:19:11,697 - []
16:19:11,714 - []
16:19:11,730 - []
16:19:11,747 - []
16:19:11,765 - []
16:19:11,781 - []
16:19:11,798 - []
16:19:11,815 - []
16:19:11,831 - []
16:19:11,848 - []
16:19:11,865 - []
16:19:11,881 - []
16:19:11,897 - []
16:19:11,913 - []
16:19:11,930 - []
16:19:11,946 - []
16:19:11,964 - []
16:19:11,982 - []
16:19:11,998 - []
16:19:12,015 - []
16:19:12,031 - []
16:19:12,048 - []
16:19:12,065 - []
16:19:12,081 - []
16:19:12,097 - []
16:19:12,115 - []
16:19:12,131 - []
16:19:12,147 - []
16:19:12,164 - []
16:19:12,180 - []
16:19:12,197 - []
16:19:12,214 - []
16:19:12,229 - []
16:19:12,247 - []
16:19:12,263 - []
16:19:12,281 - []
16:19:12,297 - []
16:19:12,313 - []
16:19:12,330 - []
16:19:12,347 - []
16:19:12,365 - []
16:19:12,379 - []
16:19:12,394 - []
16:19:12,411 - []
16:19:12,425 - []
16:19:12,442 - []
16:19:12,459 - []
16:19:12,477 - []
16:19:12,496 - []
16:19:12,514 - []
16:19:12,530 - []
16:19:12,547 - []
16:19:12,565 - []
16:19:12,580 - []
16:19:12,597 - []
16:19:12,614 - []
16:19:12,631 - []
16:19:12,647 - []
16:19:12,664 - []
16:19:12,681 - []
16:19:12,696 - []
16:19:12,713 - []
16:19:12,731 - []
16:19:12,747 - []
16:19:12,764 - []
16:19:12,781 - []
16:19:12,797 - []
16:19:12,814 - []
16:19:12,831 - []
16:19:12,848 - []
16:19:12,865 - []
16:19:12,881 - []
16:19:12,897 - []
16:19:12,915 - []
16:19:12,932 - []
16:19:12,948 - []
16:19:12,964 - []
16:19:12,981 - []
16:19:12,997 - []
16:19:13,015 - []
16:19:13,031 - []
16:19:13,047 - []
16:19:13,064 - []
16:19:13,080 - []
16:19:13,096 - []
16:19:13,114 - []
16:19:13,131 - []
16:19:13,146 - []
16:19:13,162 - []
16:19:13,177 - []
16:19:13,193 - []
16:19:13,212 - []
16:19:13,231 - []
16:19:13,248 - []
16:19:13,265 - []
16:19:13,280 - []
16:19:13,297 - []
16:19:13,314 - []
16:19:13,330 - []
16:19:13,348 - []
16:19:13,365 - []
16:19:13,381 - []
16:19:13,397 - []
16:19:13,413 - []
16:19:13,431 - []
16:19:13,448 - []
16:19:13,464 - []
16:19:13,481 - []
16:19:13,498 - []
16:19:13,514 - []
16:19:13,530 - []
16:19:13,547 - []
16:19:13,564 - []
16:19:13,580 - []
16:19:13,598 - []
16:19:13,614 - []
16:19:13,630 - []
16:19:13,647 - []
16:19:13,663 - []
16:19:13,680 - []
16:19:13,697 - []
16:19:13,714 - []
16:19:13,731 - []
16:19:13,748 - []
16:19:13,764 - []
16:19:13,781 - []
16:19:13,798 - []
16:19:13,813 - []
16:19:13,830 - []
16:19:13,847 - []
16:19:13,864 - []
16:19:13,880 - []
16:19:13,897 - []
16:19:13,915 - []
16:19:13,930 - []
16:19:13,947 - []
16:19:13,964 - []
16:19:13,981 - []
16:19:13,998 - []
16:19:14,014 - []
16:19:14,032 - []
16:19:14,047 - []
16:19:14,065 - []
16:19:14,081 - []
16:19:14,097 - []
16:19:14,114 - []
16:19:14,131 - []
16:19:14,147 - []
16:19:14,165 - []
16:19:14,180 - []
16:19:14,197 - []
16:19:14,213 - []
16:19:14,230 - []
16:19:14,246 - []
16:19:14,264 - []
16:19:14,280 - []
16:19:14,297 - []
16:19:14,313 - []
16:19:14,331 - []
16:19:14,347 - []
16:19:14,365 - []
16:19:14,381 - []
16:19:14,398 - []
16:19:14,415 - []
16:19:14,432 - []
16:19:14,448 - []
16:19:14,465 - []
16:19:14,481 - []
16:19:14,496 - []
16:19:14,513 - []
16:19:14,530 - []
16:19:14,547 - []
16:19:14,564 - []
16:19:14,580 - []
16:19:14,597 - []
16:19:14,615 - []
16:19:14,631 - []
16:19:14,647 - []
16:19:14,662 - []
16:19:14,680 - []
16:19:14,696 - []
16:19:14,713 - []
16:19:14,730 - []
16:19:14,745 - []
16:19:14,762 - []
16:19:14,777 - []
16:19:14,794 - []
16:19:14,809 - []
16:19:14,826 - []
16:19:14,841 - []
16:19:14,856 - []
16:19:14,873 - []
16:19:14,888 - []
16:19:14,905 - []
16:19:14,922 - []
16:19:14,938 - []
16:19:14,956 - []
16:19:14,973 - []
16:19:14,991 - []
16:19:15,008 - []
16:19:15,024 - []
16:19:15,040 - []
16:19:15,057 - []
16:19:15,073 - []
16:19:15,090 - []
16:19:15,107 - []
16:19:15,124 - []
16:19:15,140 - []
16:19:15,157 - []
16:19:15,174 - []
16:19:15,189 - []
16:19:15,205 - []
16:19:15,222 - []
16:19:15,239 - []
16:19:15,257 - []
16:19:15,274 - []
16:19:15,290 - []
16:19:15,307 - []
16:19:15,323 - []
16:19:15,340 - []
16:19:15,355 - []
16:19:15,372 - []
16:19:15,391 - []
16:19:15,407 - []
16:19:15,423 - []
16:19:15,441 - []
16:19:15,457 - []
16:19:15,474 - []
16:19:15,491 - []
16:19:15,507 - []
16:19:15,524 - []
16:19:15,540 - []
16:19:15,558 - []
16:19:15,574 - []
16:19:15,591 - []
16:19:15,607 - []
16:19:15,624 - []
16:19:15,640 - []
16:19:15,657 - []
16:19:15,674 - []
16:19:15,690 - []
16:19:15,707 - []
16:19:15,723 - []
16:19:15,739 - []
16:19:15,756 - []
16:19:15,774 - []
16:19:15,791 - []
16:19:15,807 - []
16:19:15,824 - []
16:19:15,840 - []
16:19:15,857 - []
16:19:15,874 - []
16:19:15,890 - []
16:19:15,907 - []
16:19:15,924 - []
16:19:15,940 - []
16:19:15,957 - []
16:19:15,974 - []
16:19:15,990 - []
16:19:16,007 - []
16:19:16,024 - []
16:19:16,041 - []
16:19:16,057 - []
16:19:16,074 - []
16:19:16,090 - []
16:19:16,107 - []
16:19:16,123 - []
16:19:16,139 - []
16:19:16,156 - []
16:19:16,173 - []
16:19:16,191 - []
16:19:16,207 - []
16:19:16,224 - []
16:19:16,241 - []
16:19:16,256 - []
16:19:16,274 - []
16:19:16,290 - []
16:19:16,307 - []
16:19:16,324 - []
16:19:16,340 - []
16:19:16,357 - []
16:19:16,373 - []
16:19:16,389 - []
16:19:16,406 - []
16:19:16,424 - []
16:19:16,441 - []
16:19:16,458 - []
16:19:16,474 - []
16:19:16,491 - []
16:19:16,507 - []
16:19:16,524 - []
16:19:16,540 - []
16:19:16,557 - []
16:19:16,575 - []
16:19:16,590 - []
16:19:16,607 - []
16:19:16,624 - []
16:19:16,640 - []
16:19:16,657 - []
16:19:16,674 - []
16:19:16,691 - []
16:19:16,707 - []
16:19:16,724 - []
16:19:16,741 - []
16:19:16,757 - []
16:19:16,774 - []
16:19:16,790 - []
16:19:16,807 - []
16:19:16,824 - []
16:19:16,839 - []
16:19:16,856 - []
16:19:16,872 - []
16:19:16,888 - []
16:19:16,905 - []
16:19:16,922 - []
16:19:16,939 - []
16:19:16,956 - []
16:19:16,974 - []
16:19:16,990 - []
16:19:17,007 - []
16:19:17,024 - []
16:19:17,041 - []
16:19:17,057 - []
16:19:17,073 - []
16:19:17,090 - []
16:19:17,107 - []
16:19:17,123 - []
16:19:17,140 - []
16:19:17,157 - []
16:19:17,174 - []
16:19:17,190 - []
16:19:17,207 - []
16:19:17,224 - []
16:19:17,240 - []
16:19:17,257 - []
16:19:17,274 - []
16:19:17,291 - []
16:19:17,307 - []
16:19:17,324 - []
16:19:17,340 - []
16:19:17,357 - []
16:19:17,374 - []
16:19:17,390 - []
16:19:17,408 - []
16:19:17,424 - []
16:19:17,440 - []
16:19:17,457 - []
16:19:17,472 - []
16:19:17,490 - []
16:19:17,505 - []
16:19:17,523 - []
16:19:17,541 - []
16:19:17,557 - []
16:19:17,574 - []
16:19:17,590 - []
16:19:17,606 - []
16:19:17,624 - []
16:19:17,640 - []
16:19:17,657 - []
16:19:17,674 - []
16:19:17,690 - []
16:19:17,707 - []
16:19:17,723 - []
16:19:17,740 - []
16:19:17,757 - []
16:19:17,773 - []
16:19:17,790 - []
16:19:17,806 - []
16:19:17,824 - []
16:19:17,840 - []
16:19:17,857 - []
16:19:17,874 - []
16:19:17,890 - []
16:19:17,907 - []
16:19:17,924 - []
16:19:17,940 - []
16:19:17,957 - []
16:19:17,974 - []
16:19:17,991 - []
16:19:18,007 - []
16:19:18,024 - []
16:19:18,040 - []
16:19:18,057 - []
16:19:18,074 - []
16:19:18,089 - []
16:19:18,106 - []
16:19:18,122 - []
16:19:18,140 - []
16:19:18,157 - []
16:19:18,174 - []
16:19:18,190 - []
16:19:18,207 - []
16:19:18,224 - []
16:19:18,241 - []
16:19:18,258 - []
16:19:18,274 - []
16:19:18,291 - []
16:19:18,307 - []
16:19:18,324 - []
16:19:18,340 - []
16:19:18,357 - []
16:19:18,374 - []
16:19:18,391 - []
16:19:18,407 - []
16:19:18,424 - []
16:19:18,441 - []
16:19:18,457 - []
16:19:18,474 - []
16:19:18,490 - []
16:19:18,508 - []
16:19:18,524 - []
16:19:18,541 - []
16:19:18,557 - []
16:19:18,574 - []
16:19:18,590 - []
16:19:18,606 - []
16:19:18,623 - []
16:19:18,641 - []
16:19:18,657 - []
16:19:18,674 - []
16:19:18,690 - []
16:19:18,706 - []
16:19:18,724 - []
16:19:18,740 - []
16:19:18,758 - []
16:19:18,773 - []
16:19:18,788 - []
16:19:18,806 - []
16:19:18,823 - []
16:19:18,839 - []
16:19:18,856 - []
16:19:18,872 - []
16:19:18,889 - []
16:19:18,906 - []
16:19:18,922 - []
16:19:18,941 - []
16:19:18,956 - []
16:19:18,974 - []
16:19:18,991 - []
16:19:19,007 - []
16:19:19,023 - []
16:19:19,041 - []
16:19:19,058 - []
16:19:19,074 - []
16:19:19,090 - []
16:19:19,108 - []
16:19:19,124 - []
16:19:19,140 - []
16:19:19,156 - []
16:19:19,174 - []
16:19:19,190 - []
16:19:19,207 - []
16:19:19,224 - []
16:19:19,240 - []
16:19:19,256 - []
16:19:19,272 - []
16:19:19,291 - []
16:19:19,306 - []
16:19:19,324 - []
16:19:19,340 - []
16:19:19,357 - []
16:19:19,373 - []
16:19:19,391 - []
16:19:19,407 - []
16:19:19,423 - []
16:19:19,440 - []
16:19:19,458 - []
16:19:19,474 - []
16:19:19,489 - []
16:19:19,507 - []
16:19:19,523 - []
16:19:19,539 - []
16:19:19,556 - []
16:19:19,574 - []
16:19:19,590 - []
16:19:19,607 - []
16:19:19,624 - []
16:19:19,641 - []
16:19:19,657 - []
16:19:19,674 - []
16:19:19,690 - []
16:19:19,707 - []
16:19:19,724 - []
16:19:19,741 - []
16:19:19,757 - []
16:19:19,774 - []
16:19:19,790 - []
16:19:19,807 - []
16:19:19,824 - []
16:19:19,840 - []
16:19:19,857 - []
16:19:19,874 - []
16:19:19,890 - []
16:19:19,907 - []
16:19:19,924 - []
16:19:19,940 - []
16:19:19,958 - []
16:19:19,974 - []
16:19:19,990 - []
16:19:20,007 - []
16:19:20,023 - []
16:19:20,041 - []
16:19:20,057 - []
16:19:20,074 - []
16:19:20,090 - []
16:19:20,107 - []
16:19:20,124 - []
16:19:20,140 - []
16:19:20,158 - []
16:19:20,175 - []
16:19:20,190 - []
16:19:20,207 - []
16:19:20,224 - []
16:19:20,240 - []
16:19:20,256 - []
16:19:20,274 - []
16:19:20,290 - []
16:19:20,307 - []
16:19:20,323 - []
16:19:20,340 - []
16:19:20,355 - []
16:19:20,372 - []
16:19:20,390 - []
16:19:20,407 - []
16:19:20,424 - []
16:19:20,441 - []
16:19:20,457 - []
16:19:20,474 - []
16:19:20,491 - []
16:19:20,507 - []
16:19:20,524 - []
16:19:20,542 - []
16:19:20,559 - []
16:19:20,575 - []
16:19:20,591 - []
16:19:20,607 - []
16:19:20,624 - []
16:19:20,644 - []
16:19:20,660 - []
16:19:20,677 - []
16:19:20,694 - []
16:19:20,712 - []
16:19:20,729 - []
16:19:20,748 - []
16:19:20,763 - []
16:19:20,781 - []
16:19:20,797 - []
16:19:20,814 - []
16:19:20,831 - []
16:19:20,847 - []
16:19:20,864 - []
16:19:20,880 - []
16:19:20,898 - []
16:19:20,915 - []
16:19:20,930 - []
16:19:20,948 - []
16:19:20,964 - []
16:19:20,980 - []
16:19:20,997 - []
16:19:21,014 - []
16:19:21,031 - []
16:19:21,047 - []
16:19:21,065 - []
16:19:21,080 - []
16:19:21,097 - []
16:19:21,114 - []
16:19:21,131 - []
16:19:21,147 - []
16:19:21,163 - []
16:19:21,180 - []
16:19:21,197 - []
16:19:21,214 - []
16:19:21,231 - []
16:19:21,247 - []
16:19:21,264 - []
16:19:21,280 - []
16:19:21,297 - []
16:19:21,315 - []
16:19:21,332 - []
16:19:21,347 - []
16:19:21,363 - []
16:19:21,380 - []
16:19:21,398 - []
16:19:21,414 - []
16:19:21,430 - []
16:19:21,448 - []
16:19:21,464 - []
16:19:21,480 - []
16:19:21,498 - []
16:19:21,514 - []
16:19:21,532 - []
16:19:21,547 - []
16:19:21,565 - []
16:19:21,582 - []
16:19:21,597 - []
16:19:21,615 - []
16:19:21,631 - []
16:19:21,647 - []
16:19:21,664 - []
16:19:21,680 - []
16:19:21,697 - []
16:19:21,713 - []
16:19:21,731 - []
16:19:21,747 - []
16:19:21,764 - []
16:19:21,781 - []
16:19:21,797 - []
16:19:21,814 - []
16:19:21,832 - []
16:19:21,848 - []
16:19:21,864 - []
16:19:21,880 - []
16:19:21,897 - []
16:19:21,915 - []
16:19:21,932 - []
16:19:21,948 - []
16:19:21,963 - []
16:19:21,980 - []
16:19:21,997 - []
16:19:22,013 - []
16:19:22,031 - []
16:19:22,048 - []
16:19:22,065 - []
16:19:22,081 - []
16:19:22,098 - []
16:19:22,115 - []
16:19:22,131 - []
16:19:22,146 - []
16:19:22,162 - []
16:19:22,179 - []
16:19:22,197 - []
16:19:22,214 - []
16:19:22,231 - []
16:19:22,248 - []
16:19:22,265 - []
16:19:22,282 - []
16:19:22,297 - []
16:19:22,313 - []
16:19:22,331 - []
16:19:22,347 - []
16:19:22,364 - []
16:19:22,381 - []
16:19:22,398 - []
16:19:22,414 - []
16:19:22,432 - []
16:19:22,448 - []
16:19:22,464 - []
16:19:22,480 - []
16:19:22,497 - []
16:19:22,513 - []
16:19:22,528 - []
16:19:22,542 - []
16:19:22,559 - []
16:19:22,574 - []
16:19:22,589 - []
16:19:22,605 - []
16:19:22,620 - []
16:19:22,637 - []
16:19:22,653 - []
16:19:22,668 - []
16:19:22,685 - []
16:19:22,700 - []
16:19:22,716 - []
16:19:22,731 - []
16:19:22,747 - []
16:19:22,765 - []
16:19:22,782 - []
16:19:22,797 - []
16:19:22,814 - []
16:19:22,832 - []
16:19:22,847 - []
16:19:22,864 - []
16:19:22,880 - []
16:19:22,896 - []
16:19:22,914 - []
16:19:22,931 - []
16:19:22,947 - []
16:19:22,964 - []
16:19:22,981 - []
16:19:22,997 - []
16:19:23,015 - []
16:19:23,032 - []
16:19:23,047 - []
16:19:23,064 - []
16:19:23,081 - []
16:19:23,097 - []
16:19:23,114 - []
16:19:23,132 - []
16:19:23,149 - []
16:19:23,165 - []
16:19:23,182 - []
16:19:23,198 - []
16:19:23,215 - []
16:19:23,231 - []
16:19:23,247 - []
16:19:23,264 - []
16:19:23,281 - []
16:19:23,298 - []
16:19:23,315 - []
16:19:23,331 - []
16:19:23,347 - []
16:19:23,364 - []
16:19:23,381 - []
16:19:23,399 - []
16:19:23,414 - []
16:19:23,432 - []
16:19:23,447 - []
16:19:23,464 - []
16:19:23,481 - []
16:19:23,498 - []
16:19:23,515 - []
16:19:23,530 - []
16:19:23,547 - []
16:19:23,564 - []
16:19:23,581 - []
16:19:23,598 - []
16:19:23,614 - []
16:19:23,631 - []
16:19:23,648 - []
16:19:23,664 - []
16:19:23,680 - []
16:19:23,697 - []
16:19:23,713 - []
16:19:23,729 - []
16:19:23,747 - []
16:19:23,764 - []
16:19:23,781 - []
16:19:23,798 - []
16:19:23,814 - []
16:19:23,830 - []
16:19:23,845 - []
16:19:23,861 - []
16:19:23,877 - []
16:19:23,894 - []
16:19:23,912 - []
16:19:23,928 - []
16:19:23,946 - []
16:19:23,963 - []
16:19:23,980 - []
16:19:23,997 - []
16:19:24,014 - []
16:19:24,030 - []
16:19:24,048 - []
16:19:24,064 - []
16:19:24,080 - []
16:19:24,097 - []
16:19:24,113 - []
16:19:24,131 - []
16:19:24,149 - []
16:19:24,164 - []
16:19:24,182 - []
16:19:24,198 - []
16:19:24,214 - []
16:19:24,232 - []
16:19:24,247 - []
16:19:24,264 - []
16:19:24,280 - []
16:19:24,298 - []
16:19:24,314 - []
16:19:24,332 - []
16:19:24,347 - []
16:19:24,364 - []
16:19:24,382 - []
16:19:24,399 - []
16:19:24,414 - []
16:19:24,431 - []
16:19:24,448 - []
16:19:24,464 - []
16:19:24,481 - []
16:19:24,498 - []
16:19:24,514 - []
16:19:24,531 - []
16:19:24,548 - []
16:19:24,564 - []
16:19:24,581 - []
16:19:24,598 - []
16:19:24,614 - []
16:19:24,631 - []
16:19:24,649 - []
16:19:24,664 - []
16:19:24,680 - []
16:19:24,698 - []
16:19:24,715 - []
16:19:24,731 - []
16:19:24,747 - []
16:19:24,764 - []
16:19:24,780 - []
16:19:24,796 - []
16:19:24,812 - []
16:19:24,830 - []
16:19:24,847 - []
16:19:24,865 - []
16:19:24,882 - []
16:19:24,898 - []
16:19:24,914 - []
16:19:24,932 - []
16:19:24,948 - []
16:19:24,965 - []
16:19:24,982 - []
16:19:24,998 - []
16:19:25,015 - []
16:19:25,032 - []
16:19:25,048 - []
16:19:25,065 - []
16:19:25,081 - []
16:19:25,098 - []
16:19:25,114 - []
16:19:25,131 - []
16:19:25,148 - []
16:19:25,165 - []
16:19:25,181 - []
16:19:25,197 - []
16:19:25,214 - []
16:19:25,232 - []
16:19:25,247 - []
16:19:25,265 - []
16:19:25,281 - []
16:19:25,298 - []
16:19:25,316 - []
16:19:25,332 - []
16:19:25,347 - []
16:19:25,365 - []
16:19:25,381 - []
16:19:25,397 - []
16:19:25,415 - []
16:19:25,430 - []
16:19:25,447 - []
16:19:25,464 - []
16:19:25,481 - []
16:19:25,498 - []
16:19:25,514 - []
16:19:25,531 - []
16:19:25,547 - []
16:19:25,565 - []
16:19:25,582 - []
16:19:25,597 - []
16:19:25,614 - []
16:19:25,631 - []
16:19:25,648 - []
16:19:25,664 - []
16:19:25,679 - []
16:19:25,696 - []
16:19:25,713 - []
16:19:25,730 - []
16:19:25,747 - []
16:19:25,764 - []
16:19:25,780 - []
16:19:25,797 - []
16:19:25,812 - []
16:19:25,830 - []
16:19:25,848 - []
16:19:25,864 - []
16:19:25,882 - []
16:19:25,897 - []
16:19:25,913 - []
16:19:25,931 - []
16:19:25,948 - []
16:19:25,965 - []
16:19:25,981 - []
16:19:25,998 - []
16:19:26,015 - []
16:19:26,032 - []
16:19:26,048 - []
16:19:26,065 - []
16:19:26,081 - []
16:19:26,097 - []
16:19:26,114 - []
16:19:26,131 - []
16:19:26,148 - []
16:19:26,165 - []
16:19:26,181 - []
16:19:26,197 - []
16:19:26,212 - []
16:19:26,227 - []
16:19:26,244 - []
16:19:26,260 - []
16:19:26,276 - []
16:19:26,291 - []
16:19:26,307 - []
16:19:26,322 - []
16:19:26,337 - []
16:19:26,355 - []
16:19:26,371 - []
16:19:26,388 - []
16:19:26,405 - []
16:19:26,423 - []
16:19:26,438 - []
16:19:26,456 - []
16:19:26,472 - []
16:19:26,489 - []
16:19:26,506 - []
16:19:26,523 - []
16:19:26,539 - []
16:19:26,555 - []
16:19:26,572 - []
16:19:26,589 - []
16:19:26,605 - []
16:19:26,622 - []
16:19:26,640 - []
16:19:26,656 - []
16:19:26,673 - []
16:19:26,691 - []
16:19:26,707 - []
16:19:26,723 - []
16:19:26,739 - []
16:19:26,754 - []
16:19:26,770 - []
16:19:26,786 - []
16:19:26,803 - []
16:19:26,818 - []
16:19:26,833 - []
16:19:26,849 - []
16:19:26,865 - []
16:19:26,881 - []
16:19:26,897 - []
16:19:26,913 - []
16:19:26,931 - []
16:19:26,948 - []
16:19:26,965 - []
16:19:26,980 - []
16:19:26,998 - []
16:19:27,015 - []
16:19:27,032 - []
16:19:27,048 - []
16:19:27,065 - []
16:19:27,081 - []
16:19:27,096 - []
16:19:27,114 - []
16:19:27,131 - []
16:19:27,148 - []
16:19:27,164 - []
16:19:27,179 - []
16:19:27,196 - []
16:19:27,214 - []
16:19:27,231 - []
16:19:27,249 - []
16:19:27,264 - []
16:19:27,281 - []
16:19:27,298 - []
16:19:27,314 - []
16:19:27,330 - []
16:19:27,345 - []
