15:07:22,860 - sequence
15:07:22,861 - room RoomA3 contains blocks:  G P P O
15:07:22,861 - room RoomA2 contains blocks:  W G
15:07:22,861 - room RoomB3 contains blocks:  O G G
15:07:22,862 - room RoomC1 contains blocks: 
15:07:22,862 - room RoomA1 contains blocks:  R R W O
15:07:22,862 - room RoomB2 contains blocks: 
15:07:22,862 - room RoomC3 contains blocks:  G W R G
15:07:22,862 - room RoomB1 contains blocks:  O O P G W B
15:07:22,862 - room RoomC2 contains blocks:  O P W Y O
15:07:22,863 - sequence O O O P P G
15:07:32,961 - []
15:07:32,962 - []
15:07:33,036 - action Bot_2 goTo(RoomA1)
15:07:33,036 - action Bot_1 goTo(RoomA1)
15:07:33,055 - []
15:07:33,056 - []
15:07:33,088 - []
15:07:33,089 - []
15:07:33,113 - []
15:07:33,113 - []
15:07:33,139 - []
15:07:33,140 - []
15:07:33,163 - []
15:07:33,163 - []
15:07:33,184 - []
15:07:33,205 - []
15:07:33,230 - []
15:07:33,230 - []
15:07:33,251 - []
15:07:33,252 - []
15:07:33,270 - []
15:07:33,272 - []
15:07:33,297 - []
15:07:33,298 - []
15:07:33,319 - []
15:07:33,320 - []
15:07:33,341 - []
15:07:33,341 - []
15:07:33,362 - []
15:07:33,362 - []
15:07:33,381 - []
15:07:33,381 - []
15:07:33,402 - []
15:07:33,403 - []
15:07:33,422 - []
15:07:33,422 - []
15:07:33,442 - []
15:07:33,442 - []
15:07:33,460 - []
15:07:33,481 - []
15:07:33,503 - []
15:07:33,533 - []
15:07:33,557 - []
15:07:33,557 - []
15:07:33,578 - []
15:07:33,579 - []
15:07:33,603 - []
15:07:33,603 - []
15:07:33,627 - []
15:07:33,627 - []
15:07:33,649 - []
15:07:33,650 - []
15:07:33,671 - []
15:07:33,672 - []
15:07:33,692 - []
15:07:33,693 - []
15:07:33,711 - []
15:07:33,712 - []
15:07:33,733 - []
15:07:33,733 - []
15:07:33,754 - []
15:07:33,754 - []
15:07:33,773 - []
15:07:33,773 - []
15:07:33,791 - []
15:07:33,791 - []
15:07:33,812 - []
15:07:33,812 - []
15:07:33,830 - []
15:07:33,831 - []
15:07:33,851 - []
15:07:33,854 - []
15:07:33,877 - []
15:07:33,879 - []
15:07:33,898 - []
15:07:33,898 - []
15:07:33,919 - []
15:07:33,919 - []
15:07:33,939 - []
15:07:33,940 - []
15:07:33,960 - []
15:07:33,961 - []
15:07:33,979 - []
15:07:33,982 - []
15:07:34,001 - []
15:07:34,003 - []
15:07:34,022 - []
15:07:34,023 - []
15:07:34,044 - []
15:07:34,044 - []
15:07:34,063 - []
15:07:34,064 - []
15:07:34,087 - []
15:07:34,087 - []
15:07:34,104 - []
15:07:34,104 - []
15:07:34,122 - []
15:07:34,122 - []
15:07:34,138 - []
15:07:34,139 - []
15:07:34,155 - []
15:07:34,155 - []
15:07:34,174 - []
15:07:34,174 - []
15:07:34,191 - []
15:07:34,191 - []
15:07:34,207 - []
15:07:34,208 - []
15:07:34,224 - []
15:07:34,226 - []
15:07:34,241 - []
15:07:34,241 - []
15:07:34,257 - []
15:07:34,257 - []
15:07:34,274 - []
15:07:34,274 - []
15:07:34,290 - []
15:07:34,291 - []
15:07:34,308 - []
15:07:34,308 - []
15:07:34,325 - []
15:07:34,326 - []
15:07:34,346 - []
15:07:34,347 - []
15:07:34,362 - []
15:07:34,363 - []
15:07:34,379 - []
15:07:34,380 - []
15:07:34,397 - []
15:07:34,398 - []
15:07:34,413 - []
15:07:34,417 - []
15:07:34,429 - []
15:07:34,434 - []
15:07:34,448 - []
15:07:34,451 - []
15:07:34,463 - []
15:07:34,468 - []
15:07:34,481 - []
15:07:34,487 - []
15:07:34,497 - []
15:07:34,504 - []
15:07:34,514 - []
15:07:34,520 - []
15:07:34,530 - []
15:07:34,537 - []
15:07:34,546 - []
15:07:34,556 - []
15:07:34,563 - []
15:07:34,573 - []
15:07:34,580 - []
15:07:34,589 - []
15:07:34,596 - []
15:07:34,605 - []
15:07:34,612 - []
15:07:34,620 - []
15:07:34,628 - []
15:07:34,637 - []
15:07:34,645 - []
15:07:34,655 - []
15:07:34,662 - []
15:07:34,670 - []
15:07:34,678 - []
15:07:34,687 - []
15:07:34,695 - []
15:07:34,704 - []
15:07:34,712 - []
15:07:34,720 - []
15:07:34,728 - []
15:07:34,737 - []
15:07:34,745 - []
15:07:34,755 - []
15:07:34,762 - []
15:07:34,772 - []
15:07:34,780 - []
15:07:34,788 - []
15:07:34,797 - []
15:07:34,805 - []
15:07:34,813 - []
15:07:34,820 - []
15:07:34,829 - []
15:07:34,837 - []
15:07:34,847 - []
15:07:34,855 - []
15:07:34,863 - []
15:07:34,871 - []
15:07:34,880 - []
15:07:34,887 - []
15:07:34,896 - []
15:07:34,904 - []
15:07:34,912 - []
15:07:34,921 - []
15:07:34,930 - []
15:07:34,938 - []
15:07:34,947 - []
15:07:34,954 - []
15:07:34,964 - []
15:07:34,970 - []
15:07:34,981 - []
15:07:34,988 - []
15:07:34,997 - []
15:07:35,009 - []
15:07:35,014 - []
15:07:35,026 - []
15:07:35,030 - []
15:07:35,042 - []
15:07:35,046 - []
15:07:35,061 - []
15:07:35,062 - []
15:07:35,078 - []
15:07:35,079 - []
15:07:35,094 - []
15:07:35,094 - []
15:07:35,111 - []
15:07:35,111 - []
15:07:35,128 - []
15:07:35,128 - []
15:07:35,144 - []
15:07:35,144 - []
15:07:35,161 - []
15:07:35,161 - []
15:07:35,176 - []
15:07:35,177 - []
15:07:35,192 - []
15:07:35,193 - []
15:07:35,208 - []
15:07:35,208 - []
15:07:35,225 - []
15:07:35,225 - []
15:07:35,240 - []
15:07:35,241 - []
15:07:35,257 - []
15:07:35,258 - []
15:07:35,273 - []
15:07:35,274 - []
15:07:35,289 - []
15:07:35,291 - []
15:07:35,306 - []
15:07:35,306 - []
15:07:35,324 - []
15:07:35,324 - []
15:07:35,340 - []
15:07:35,340 - []
15:07:35,358 - []
15:07:35,358 - []
15:07:35,375 - []
15:07:35,376 - []
15:07:35,393 - []
15:07:35,393 - []
15:07:35,410 - []
15:07:35,410 - []
15:07:35,426 - []
15:07:35,426 - []
15:07:35,442 - []
15:07:35,442 - []
15:07:35,459 - []
15:07:35,460 - []
15:07:35,475 - []
15:07:35,478 - []
15:07:35,491 - []
15:07:35,495 - []
15:07:35,507 - []
15:07:35,512 - []
15:07:35,523 - []
15:07:35,529 - []
15:07:35,539 - []
15:07:35,546 - []
15:07:35,554 - []
15:07:35,563 - []
15:07:35,570 - []
15:07:35,580 - []
15:07:35,586 - []
15:07:35,596 - []
15:07:35,603 - []
15:07:35,612 - []
15:07:35,621 - []
15:07:35,627 - []
15:07:35,636 - []
15:07:35,645 - []
15:07:35,653 - []
15:07:35,661 - []
15:07:35,668 - []
15:07:35,679 - []
15:07:35,684 - []
15:07:35,694 - []
15:07:35,699 - []
15:07:35,712 - []
15:07:35,716 - []
15:07:35,730 - []
15:07:35,732 - []
15:07:35,746 - []
15:07:35,746 - []
15:07:35,762 - []
15:07:35,763 - []
15:07:35,778 - []
15:07:35,778 - []
15:07:35,794 - []
15:07:35,794 - []
15:07:35,811 - []
15:07:35,811 - []
15:07:35,828 - []
15:07:35,828 - []
15:07:35,845 - []
15:07:35,845 - []
15:07:35,861 - []
15:07:35,861 - []
15:07:35,877 - []
15:07:35,878 - []
15:07:35,893 - []
15:07:35,907 - []
15:07:35,923 - []
15:07:35,927 - []
15:07:35,958 - []
15:07:35,974 - []
15:07:35,984 - []
15:07:36,000 - []
15:07:36,000 - []
15:07:36,017 - []
15:07:36,017 - []
15:07:36,033 - []
15:07:36,033 - []
15:07:36,049 - []
15:07:36,050 - []
15:07:36,065 - []
15:07:36,065 - []
15:07:36,081 - []
15:07:36,081 - []
15:07:36,096 - []
15:07:36,098 - []
15:07:36,111 - []
15:07:36,113 - []
15:07:36,129 - []
15:07:36,129 - []
15:07:36,146 - []
15:07:36,147 - []
15:07:36,163 - []
15:07:36,164 - []
15:07:36,179 - []
15:07:36,181 - []
15:07:36,199 - []
15:07:36,200 - []
15:07:36,218 - []
15:07:36,218 - []
15:07:36,234 - []
15:07:36,234 - []
15:07:36,250 - []
15:07:36,250 - []
15:07:36,266 - []
15:07:36,267 - []
15:07:36,282 - []
15:07:36,283 - []
15:07:36,298 - []
15:07:36,298 - []
15:07:36,313 - []
15:07:36,314 - []
15:07:36,329 - []
15:07:36,330 - []
15:07:36,345 - []
15:07:36,345 - []
15:07:36,363 - []
15:07:36,363 - []
15:07:36,379 - []
15:07:36,380 - []
15:07:36,396 - []
15:07:36,396 - []
15:07:36,413 - []
15:07:36,413 - []
15:07:36,430 - []
15:07:36,430 - []
15:07:36,446 - []
15:07:36,447 - []
15:07:36,464 - []
15:07:36,464 - []
15:07:36,480 - []
15:07:36,481 - []
15:07:36,496 - []
15:07:36,497 - []
15:07:36,513 - []
15:07:36,513 - []
15:07:36,530 - []
15:07:36,530 - []
15:07:36,545 - []
15:07:36,546 - []
15:07:36,562 - []
15:07:36,562 - []
15:07:36,578 - []
15:07:36,578 - []
15:07:36,595 - []
15:07:36,595 - []
15:07:36,612 - []
15:07:36,613 - []
15:07:36,629 - []
15:07:36,629 - []
15:07:36,645 - []
15:07:36,649 - []
15:07:36,664 - []
15:07:36,664 - []
15:07:36,679 - []
15:07:36,680 - []
15:07:36,694 - []
15:07:36,695 - []
15:07:36,711 - []
15:07:36,712 - []
15:07:36,727 - []
15:07:36,727 - []
15:07:36,744 - []
15:07:36,744 - []
15:07:36,762 - []
15:07:36,762 - []
15:07:36,779 - []
15:07:36,779 - []
15:07:36,795 - []
15:07:36,796 - []
15:07:36,812 - []
15:07:36,812 - []
15:07:36,829 - []
15:07:36,829 - []
15:07:36,845 - []
15:07:36,845 - []
15:07:36,862 - []
15:07:36,862 - []
15:07:36,880 - []
15:07:36,880 - []
15:07:36,896 - []
15:07:36,896 - []
15:07:36,911 - []
15:07:36,911 - []
15:07:36,928 - []
15:07:36,928 - []
15:07:36,944 - []
15:07:36,944 - []
15:07:36,961 - []
15:07:36,961 - []
15:07:36,977 - []
15:07:36,977 - []
15:07:36,992 - []
15:07:36,992 - []
15:07:37,007 - []
15:07:37,007 - []
15:07:37,022 - []
15:07:37,023 - []
15:07:37,038 - []
15:07:37,038 - []
15:07:37,052 - []
15:07:37,055 - []
15:07:37,068 - []
15:07:37,070 - []
15:07:37,083 - []
15:07:37,087 - []
15:07:37,098 - []
15:07:37,103 - []
15:07:37,113 - []
15:07:37,118 - []
15:07:37,128 - []
15:07:37,133 - []
15:07:37,145 - []
15:07:37,150 - []
15:07:37,161 - []
15:07:37,166 - []
15:07:37,180 - []
15:07:37,181 - []
15:07:37,197 - []
15:07:37,197 - []
15:07:37,212 - []
15:07:37,213 - []
15:07:37,228 - []
15:07:37,228 - []
15:07:37,245 - []
15:07:37,246 - []
15:07:37,262 - []
15:07:37,263 - []
15:07:37,280 - []
15:07:37,280 - []
15:07:37,298 - []
15:07:37,298 - []
15:07:37,314 - []
15:07:37,315 - []
15:07:37,330 - []
15:07:37,332 - []
15:07:37,346 - []
15:07:37,349 - []
15:07:37,362 - []
15:07:37,366 - []
15:07:37,379 - []
15:07:37,383 - []
15:07:37,395 - []
15:07:37,399 - []
15:07:37,410 - []
15:07:37,414 - []
15:07:37,426 - []
15:07:37,430 - []
15:07:37,442 - []
15:07:37,447 - []
15:07:37,457 - []
15:07:37,464 - []
15:07:37,475 - []
15:07:37,479 - []
15:07:37,492 - []
15:07:37,495 - []
15:07:37,509 - []
15:07:37,511 - []
15:07:37,524 - []
15:07:37,528 - []
15:07:37,540 - []
15:07:37,544 - []
15:07:37,558 - []
15:07:37,559 - []
15:07:37,573 - []
15:07:37,574 - []
15:07:37,589 - []
15:07:37,589 - []
15:07:37,604 - []
15:07:37,604 - []
15:07:37,620 - []
15:07:37,620 - []
15:07:37,636 - []
15:07:37,636 - []
15:07:37,651 - []
15:07:37,653 - []
15:07:37,669 - []
15:07:37,670 - []
15:07:37,685 - []
15:07:37,687 - []
15:07:37,702 - []
15:07:37,703 - []
15:07:37,721 - []
15:07:37,721 - []
15:07:37,738 - []
15:07:37,738 - []
15:07:37,754 - []
15:07:37,754 - []
15:07:37,770 - []
15:07:37,771 - []
15:07:37,787 - []
15:07:37,788 - []
15:07:37,805 - []
15:07:37,806 - []
15:07:37,821 - []
15:07:37,821 - []
15:07:37,838 - []
15:07:37,838 - []
15:07:37,854 - []
15:07:37,854 - []
15:07:37,869 - []
15:07:37,870 - []
15:07:37,885 - []
15:07:37,885 - []
15:07:37,901 - []
15:07:37,901 - []
15:07:37,916 - []
15:07:37,919 - []
15:07:37,932 - []
15:07:37,937 - []
15:07:37,949 - []
15:07:37,954 - []
15:07:37,965 - []
15:07:37,970 - []
15:07:37,982 - []
15:07:37,986 - []
15:07:38,001 - []
15:07:38,004 - []
15:07:38,019 - []
15:07:38,024 - []
15:07:38,039 - []
15:07:38,044 - []
15:07:38,056 - []
15:07:38,062 - []
15:07:38,074 - []
15:07:38,078 - []
15:07:38,089 - []
15:07:38,095 - []
15:07:38,104 - []
15:07:38,110 - []
15:07:38,120 - []
15:07:38,125 - []
15:07:38,135 - []
15:07:38,140 - []
15:07:38,150 - []
15:07:38,155 - []
15:07:38,165 - []
15:07:38,170 - []
15:07:38,180 - []
15:07:38,185 - []
15:07:38,195 - []
15:07:38,201 - []
15:07:38,211 - []
15:07:38,219 - []
15:07:38,228 - []
15:07:38,236 - []
15:07:38,243 - []
15:07:38,252 - []
15:07:38,261 - []
15:07:38,268 - []
15:07:38,278 - []
15:07:38,283 - []
15:07:38,296 - []
15:07:38,300 - []
15:07:38,313 - []
15:07:38,317 - []
15:07:38,329 - []
15:07:38,332 - []
15:07:38,345 - []
15:07:38,349 - []
15:07:38,362 - []
15:07:38,366 - []
15:07:38,379 - []
15:07:38,382 - []
15:07:38,395 - []
15:07:38,398 - []
15:07:38,412 - []
15:07:38,413 - []
15:07:38,429 - []
15:07:38,429 - []
15:07:38,445 - []
15:07:38,445 - []
15:07:38,460 - []
15:07:38,461 - []
15:07:38,476 - []
15:07:38,476 - []
15:07:38,491 - []
15:07:38,491 - []
15:07:38,506 - []
15:07:38,508 - []
15:07:38,523 - []
15:07:38,523 - []
15:07:38,538 - []
15:07:38,539 - []
15:07:38,555 - []
15:07:38,555 - []
15:07:38,571 - []
15:07:38,571 - []
15:07:38,587 - []
15:07:38,587 - []
15:07:38,604 - []
15:07:38,605 - []
15:07:38,621 - []
15:07:38,621 - []
15:07:38,637 - []
15:07:38,638 - []
15:07:38,653 - []
15:07:38,653 - []
15:07:38,668 - []
15:07:38,668 - []
15:07:38,682 - []
15:07:38,684 - []
15:07:38,697 - []
15:07:38,701 - []
15:07:38,713 - []
15:07:38,718 - []
15:07:38,731 - []
15:07:38,733 - []
15:07:38,746 - []
15:07:38,748 - []
15:07:38,762 - []
15:07:38,764 - []
15:07:38,778 - []
15:07:38,780 - []
15:07:38,793 - []
15:07:38,794 - []
15:07:38,809 - []
15:07:38,810 - []
15:07:38,826 - []
15:07:38,827 - []
15:07:38,845 - []
15:07:38,846 - []
15:07:38,861 - []
15:07:38,862 - []
15:07:38,877 - []
15:07:38,877 - []
15:07:38,892 - []
15:07:38,892 - []
15:07:38,906 - []
15:07:38,907 - []
15:07:38,921 - []
15:07:38,922 - []
15:07:38,938 - []
15:07:38,938 - []
15:07:38,955 - []
15:07:38,955 - []
15:07:38,970 - []
15:07:38,971 - []
15:07:38,987 - []
15:07:38,987 - []
15:07:39,003 - []
15:07:39,003 - []
15:07:39,020 - []
15:07:39,021 - []
15:07:39,036 - []
15:07:39,037 - []
15:07:39,052 - []
15:07:39,053 - []
15:07:39,069 - []
15:07:39,070 - []
15:07:39,087 - []
15:07:39,087 - []
15:07:39,104 - []
15:07:39,104 - []
15:07:39,121 - []
15:07:39,122 - []
15:07:39,137 - []
15:07:39,137 - []
15:07:39,153 - []
15:07:39,153 - []
15:07:39,170 - []
15:07:39,170 - []
15:07:39,188 - []
15:07:39,188 - []
15:07:39,204 - []
15:07:39,204 - []
15:07:39,221 - []
15:07:39,221 - []
15:07:39,238 - []
15:07:39,239 - []
15:07:39,253 - []
15:07:39,253 - []
15:07:39,271 - []
15:07:39,271 - []
15:07:39,287 - []
15:07:39,287 - []
15:07:39,303 - []
15:07:39,304 - []
15:07:39,319 - []
15:07:39,320 - []
15:07:39,335 - []
15:07:39,335 - []
15:07:39,352 - []
15:07:39,352 - []
15:07:39,370 - []
15:07:39,370 - []
15:07:39,387 - []
15:07:39,387 - []
15:07:39,405 - []
15:07:39,405 - []
15:07:39,421 - []
15:07:39,421 - []
15:07:39,437 - []
15:07:39,437 - []
15:07:39,454 - []
15:07:39,454 - []
15:07:39,470 - []
15:07:39,470 - []
15:07:39,488 - []
15:07:39,488 - []
15:07:39,504 - []
15:07:39,504 - []
15:07:39,520 - []
15:07:39,521 - []
15:07:39,537 - []
15:07:39,538 - []
15:07:39,554 - []
15:07:39,554 - []
15:07:39,571 - []
15:07:39,571 - []
15:07:39,587 - []
15:07:39,588 - []
15:07:39,604 - []
15:07:39,605 - []
15:07:39,620 - []
15:07:39,621 - []
15:07:39,637 - []
15:07:39,638 - []
15:07:39,653 - []
15:07:39,654 - []
15:07:39,671 - []
15:07:39,671 - []
15:07:39,688 - []
15:07:39,688 - []
15:07:39,704 - []
15:07:39,704 - []
15:07:39,721 - []
15:07:39,721 - []
15:07:39,737 - []
15:07:39,737 - []
15:07:39,754 - []
15:07:39,754 - []
15:07:39,771 - []
15:07:39,771 - []
15:07:39,787 - []
15:07:39,787 - []
15:07:39,804 - []
15:07:39,805 - []
15:07:39,821 - []
15:07:39,821 - []
15:07:39,838 - []
15:07:39,838 - []
15:07:39,854 - []
15:07:39,854 - []
15:07:39,871 - []
15:07:39,871 - []
15:07:39,887 - []
15:07:39,888 - []
15:07:39,903 - []
15:07:39,904 - []
15:07:39,920 - []
15:07:39,920 - []
15:07:39,937 - []
15:07:39,937 - []
15:07:39,953 - []
15:07:39,954 - []
15:07:39,970 - []
15:07:39,970 - []
15:07:39,987 - []
15:07:39,988 - []
15:07:40,003 - []
15:07:40,004 - []
15:07:40,020 - []
15:07:40,020 - []
15:07:40,037 - []
15:07:40,037 - []
15:07:40,053 - []
15:07:40,054 - []
15:07:40,070 - []
15:07:40,070 - []
15:07:40,087 - []
15:07:40,087 - []
15:07:40,103 - []
15:07:40,103 - []
15:07:40,120 - []
15:07:40,121 - []
15:07:40,135 - []
15:07:40,138 - []
15:07:40,150 - []
15:07:40,154 - []
15:07:40,167 - []
15:07:40,168 - []
15:07:40,183 - []
15:07:40,183 - []
15:07:40,201 - []
15:07:40,201 - []
15:07:40,217 - []
15:07:40,217 - []
15:07:40,233 - []
15:07:40,233 - []
15:07:40,247 - []
15:07:40,248 - []
15:07:40,263 - []
15:07:40,263 - []
15:07:40,278 - []
15:07:40,279 - []
15:07:40,294 - []
15:07:40,295 - []
15:07:40,311 - []
15:07:40,311 - []
15:07:40,327 - []
15:07:40,328 - []
15:07:40,343 - []
15:07:40,343 - []
15:07:40,360 - []
15:07:40,360 - []
15:07:40,376 - []
15:07:40,377 - []
15:07:40,392 - []
15:07:40,392 - []
15:07:40,409 - []
15:07:40,409 - []
15:07:40,425 - []
15:07:40,425 - []
15:07:40,440 - []
15:07:40,441 - []
15:07:40,455 - []
15:07:40,455 - []
15:07:40,470 - []
15:07:40,470 - []
15:07:40,485 - []
15:07:40,486 - []
15:07:40,502 - []
15:07:40,503 - []
15:07:40,520 - []
15:07:40,520 - []
15:07:40,537 - []
15:07:40,537 - []
15:07:40,552 - []
15:07:40,553 - []
15:07:40,570 - []
15:07:40,571 - []
15:07:40,586 - []
15:07:40,586 - []
15:07:40,601 - []
15:07:40,603 - []
15:07:40,617 - []
15:07:40,618 - []
15:07:40,633 - []
15:07:40,633 - []
15:07:40,648 - []
15:07:40,648 - []
15:07:40,663 - []
15:07:40,664 - []
15:07:40,679 - []
15:07:40,679 - []
15:07:40,695 - []
15:07:40,695 - []
15:07:40,712 - []
15:07:40,712 - []
15:07:40,727 - []
15:07:40,729 - []
15:07:40,745 - []
15:07:40,746 - []
15:07:40,763 - []
15:07:40,763 - []
15:07:40,779 - []
15:07:40,779 - []
15:07:40,800 - []
15:07:40,800 - []
15:07:40,819 - []
15:07:40,820 - []
15:07:40,836 - []
15:07:40,838 - []
15:07:40,856 - []
15:07:40,857 - []
15:07:40,871 - []
15:07:40,875 - []
15:07:40,887 - []
15:07:40,890 - []
15:07:40,904 - []
15:07:40,908 - []
15:07:40,921 - []
15:07:40,925 - []
15:07:40,938 - []
15:07:40,943 - []
15:07:40,955 - []
15:07:40,959 - []
15:07:40,971 - []
15:07:40,976 - []
15:07:40,987 - []
15:07:40,991 - []
15:07:41,002 - []
15:07:41,008 - []
15:07:41,019 - []
15:07:41,023 - []
15:07:41,034 - []
15:07:41,038 - []
15:07:41,052 - []
15:07:41,053 - []
15:07:41,071 - []
15:07:41,071 - []
15:07:41,102 - []
15:07:41,102 - []
15:07:41,117 - []
15:07:41,119 - []
15:07:41,134 - []
15:07:41,135 - []
15:07:41,151 - []
15:07:41,151 - []
15:07:41,168 - []
15:07:41,170 - []
15:07:41,184 - []
15:07:41,210 - []
15:07:41,225 - []
15:07:41,228 - []
15:07:41,242 - []
15:07:41,243 - []
15:07:41,257 - []
15:07:41,257 - []
15:07:41,274 - []
15:07:41,276 - []
15:07:41,294 - []
15:07:41,294 - []
15:07:41,311 - []
15:07:41,311 - []
15:07:41,328 - []
15:07:41,329 - []
15:07:41,345 - []
15:07:41,346 - []
15:07:41,362 - []
15:07:41,362 - []
15:07:41,380 - []
15:07:41,380 - []
15:07:41,395 - []
15:07:41,396 - []
15:07:41,411 - []
15:07:41,412 - []
15:07:41,428 - []
15:07:41,428 - []
15:07:41,444 - []
15:07:41,444 - []
15:07:41,460 - []
15:07:41,460 - []
15:07:41,476 - []
15:07:41,476 - []
15:07:41,491 - []
15:07:41,492 - []
15:07:41,507 - []
15:07:41,509 - []
15:07:41,523 - []
15:07:41,527 - []
15:07:41,539 - []
15:07:41,543 - []
15:07:41,554 - []
15:07:41,558 - []
15:07:41,569 - []
15:07:41,573 - []
15:07:41,585 - []
15:07:41,588 - []
15:07:41,631 - []
15:07:41,645 - []
15:07:41,650 - []
15:07:41,661 - []
15:07:41,665 - []
15:07:41,686 - []
15:07:41,687 - []
15:07:41,706 - []
15:07:41,706 - []
15:07:41,722 - []
15:07:41,723 - []
15:07:41,738 - []
15:07:41,740 - []
15:07:41,754 - []
15:07:41,758 - []
15:07:41,771 - []
15:07:41,775 - []
15:07:41,793 - []
15:07:41,794 - []
15:07:41,812 - []
15:07:41,814 - []
15:07:41,832 - []
15:07:41,832 - []
15:07:41,852 - []
15:07:41,852 - []
15:07:41,871 - []
15:07:41,872 - []
15:07:41,889 - []
15:07:41,890 - []
15:07:41,909 - []
15:07:41,910 - []
15:07:41,927 - []
15:07:41,927 - []
15:07:41,944 - []
15:07:41,944 - []
15:07:41,961 - []
15:07:41,961 - []
15:07:41,976 - []
15:07:41,977 - []
15:07:41,991 - []
15:07:41,992 - []
15:07:42,006 - []
15:07:42,007 - []
15:07:42,021 - []
15:07:42,022 - []
15:07:42,037 - []
15:07:42,037 - []
15:07:42,052 - []
15:07:42,053 - []
15:07:42,067 - []
15:07:42,067 - []
15:07:42,083 - []
15:07:42,084 - []
15:07:42,100 - []
15:07:42,101 - []
15:07:42,117 - []
15:07:42,118 - []
15:07:42,133 - []
15:07:42,133 - []
15:07:42,149 - []
15:07:42,150 - []
15:07:42,166 - []
15:07:42,167 - []
15:07:42,184 - []
15:07:42,184 - []
15:07:42,199 - []
15:07:42,199 - []
15:07:42,214 - []
15:07:42,214 - []
15:07:42,230 - []
15:07:42,231 - []
15:07:42,246 - []
15:07:42,247 - []
15:07:42,261 - []
15:07:42,261 - []
15:07:42,276 - []
15:07:42,278 - []
15:07:42,292 - []
15:07:42,294 - []
15:07:42,308 - []
15:07:42,312 - []
15:07:42,328 - []
15:07:42,329 - []
15:07:42,372 - []
15:07:42,387 - []
15:07:42,388 - []
15:07:42,403 - []
15:07:42,404 - []
15:07:42,421 - []
15:07:42,421 - []
15:07:42,437 - []
15:07:42,438 - []
15:07:42,455 - []
15:07:42,456 - []
15:07:42,473 - []
15:07:42,475 - []
15:07:42,488 - []
15:07:42,489 - []
15:07:42,504 - []
15:07:42,504 - []
15:07:42,522 - []
15:07:42,522 - []
15:07:42,543 - []
15:07:42,544 - []
15:07:42,561 - []
15:07:42,579 - []
15:07:42,598 - []
15:07:42,609 - []
15:07:42,615 - []
15:07:42,626 - []
15:07:42,632 - []
15:07:42,647 - []
15:07:42,652 - []
15:07:42,664 - []
15:07:42,672 - []
15:07:42,688 - []
15:07:42,693 - []
15:07:42,704 - []
15:07:42,711 - []
15:07:42,720 - []
15:07:42,727 - []
15:07:42,737 - []
15:07:42,742 - []
15:07:42,752 - []
15:07:42,757 - []
15:07:42,767 - []
15:07:42,772 - []
15:07:42,782 - []
15:07:42,786 - []
15:07:42,798 - []
15:07:42,802 - []
15:07:42,814 - []
15:07:42,817 - []
15:07:42,830 - []
15:07:42,834 - []
15:07:42,847 - []
15:07:42,851 - []
15:07:42,862 - []
15:07:42,866 - []
15:07:42,879 - []
15:07:42,880 - []
15:07:42,894 - []
15:07:42,896 - []
15:07:42,909 - []
15:07:42,912 - []
15:07:42,924 - []
15:07:42,926 - []
15:07:42,940 - []
15:07:42,941 - []
15:07:42,957 - []
15:07:42,958 - []
15:07:42,973 - []
15:07:42,974 - []
15:07:42,990 - []
15:07:42,990 - []
15:07:43,007 - []
15:07:43,007 - []
15:07:43,024 - []
15:07:43,024 - []
15:07:43,040 - []
15:07:43,040 - []
15:07:43,055 - []
15:07:43,055 - []
15:07:43,071 - []
15:07:43,071 - []
15:07:43,088 - []
15:07:43,088 - []
15:07:43,103 - []
15:07:43,103 - []
15:07:43,120 - []
15:07:43,120 - []
15:07:43,137 - []
15:07:43,137 - []
15:07:43,153 - []
15:07:43,153 - []
15:07:43,169 - []
15:07:43,170 - []
15:07:43,186 - []
15:07:43,187 - []
15:07:43,202 - []
15:07:43,202 - []
15:07:43,218 - []
15:07:43,218 - []
15:07:43,233 - []
15:07:43,233 - []
15:07:43,248 - []
15:07:43,248 - []
15:07:43,264 - []
15:07:43,264 - []
15:07:43,279 - []
15:07:43,280 - []
15:07:43,295 - []
15:07:43,295 - []
15:07:43,310 - []
15:07:43,312 - []
15:07:43,326 - []
15:07:43,326 - []
15:07:43,342 - []
15:07:43,342 - []
15:07:43,357 - []
15:07:43,358 - []
15:07:43,374 - []
15:07:43,374 - []
15:07:43,389 - []
15:07:43,390 - []
15:07:43,404 - []
15:07:43,404 - []
15:07:43,420 - []
15:07:43,420 - []
15:07:43,437 - []
15:07:43,437 - []
15:07:43,452 - []
15:07:43,453 - []
15:07:43,469 - []
15:07:43,470 - []
15:07:43,484 - []
15:07:43,486 - []
15:07:43,498 - []
15:07:43,503 - []
15:07:43,514 - []
15:07:43,519 - []
15:07:43,530 - []
15:07:43,534 - []
15:07:43,544 - []
15:07:43,549 - []
15:07:43,560 - []
15:07:43,564 - []
15:07:43,575 - []
15:07:43,580 - []
15:07:43,590 - []
15:07:43,595 - []
15:07:43,607 - []
15:07:43,611 - []
15:07:43,624 - []
15:07:43,628 - []
15:07:43,639 - []
15:07:43,644 - []
15:07:43,654 - []
15:07:43,659 - []
15:07:43,672 - []
15:07:43,675 - []
15:07:43,687 - []
15:07:43,692 - []
15:07:43,703 - []
15:07:43,710 - []
15:07:43,719 - []
15:07:43,726 - []
15:07:43,736 - []
15:07:43,742 - []
15:07:43,752 - []
15:07:43,758 - []
15:07:43,769 - []
15:07:43,774 - []
15:07:43,785 - []
15:07:43,789 - []
15:07:43,802 - []
15:07:43,804 - []
15:07:43,820 - []
15:07:43,820 - []
15:07:43,836 - []
15:07:43,838 - []
15:07:43,854 - []
15:07:43,855 - []
15:07:43,871 - []
15:07:43,871 - []
15:07:43,886 - []
15:07:43,887 - []
15:07:43,904 - []
15:07:43,904 - []
15:07:43,920 - []
15:07:43,920 - []
15:07:43,938 - []
15:07:43,939 - []
15:07:43,955 - []
15:07:43,957 - []
15:07:43,971 - []
15:07:43,974 - []
15:07:43,987 - []
15:07:43,989 - []
15:07:44,004 - []
15:07:44,005 - []
15:07:44,020 - []
15:07:44,022 - []
15:07:44,036 - []
15:07:44,037 - []
15:07:44,051 - []
15:07:44,051 - []
15:07:44,067 - []
15:07:44,068 - []
15:07:44,083 - []
15:07:44,084 - []
15:07:44,099 - []
15:07:44,100 - []
15:07:44,115 - []
15:07:44,115 - []
15:07:44,132 - []
15:07:44,132 - []
15:07:44,147 - []
15:07:44,147 - []
15:07:44,162 - []
15:07:44,163 - []
15:07:44,178 - []
15:07:44,180 - []
15:07:44,195 - []
15:07:44,195 - []
15:07:44,212 - []
15:07:44,212 - []
15:07:44,227 - []
15:07:44,230 - []
15:07:44,244 - []
15:07:44,245 - []
15:07:44,260 - []
15:07:44,260 - []
15:07:44,277 - []
15:07:44,277 - []
15:07:44,294 - []
15:07:44,294 - []
15:07:44,310 - []
15:07:44,310 - []
15:07:44,328 - []
15:07:44,328 - []
15:07:44,342 - []
15:07:44,345 - []
15:07:44,357 - []
15:07:44,360 - []
15:07:44,374 - []
15:07:44,378 - []
15:07:44,390 - []
15:07:44,393 - []
15:07:44,405 - []
15:07:44,409 - []
15:07:44,420 - []
15:07:44,425 - []
15:07:44,437 - []
15:07:44,440 - []
15:07:44,454 - []
15:07:44,454 - []
15:07:44,469 - []
15:07:44,469 - []
15:07:44,485 - []
15:07:44,485 - []
15:07:44,500 - []
15:07:44,500 - []
15:07:44,515 - []
15:07:44,549 - []
15:07:44,563 - []
15:07:44,563 - []
15:07:44,578 - []
15:07:44,578 - []
15:07:44,593 - []
15:07:44,593 - []
15:07:44,608 - []
15:07:44,608 - []
15:07:44,623 - []
15:07:44,623 - []
15:07:44,639 - []
15:07:44,640 - []
15:07:44,656 - []
15:07:44,668 - []
15:07:44,683 - []
15:07:44,719 - []
15:07:44,737 - []
15:07:44,738 - []
15:07:44,754 - []
15:07:44,757 - []
15:07:44,773 - []
15:07:44,774 - []
15:07:44,790 - []
15:07:44,790 - []
15:07:44,806 - []
15:07:44,807 - []
15:07:44,823 - []
15:07:44,823 - []
15:07:44,838 - []
15:07:44,838 - []
15:07:44,852 - []
15:07:44,853 - []
15:07:44,870 - []
15:07:44,870 - []
15:07:44,888 - []
15:07:44,888 - []
15:07:44,904 - []
15:07:44,905 - []
15:07:44,920 - []
15:07:44,922 - []
15:07:44,936 - []
15:07:44,937 - []
15:07:44,951 - []
15:07:44,954 - []
15:07:44,967 - []
15:07:44,971 - []
15:07:44,983 - []
15:07:44,987 - []
15:07:45,000 - []
15:07:45,004 - []
15:07:45,016 - []
15:07:45,021 - []
15:07:45,033 - []
15:07:45,038 - []
15:07:45,050 - []
15:07:45,054 - []
15:07:45,066 - []
15:07:45,074 - []
15:07:45,082 - []
15:07:45,089 - []
15:07:45,099 - []
15:07:45,105 - []
15:07:45,115 - []
15:07:45,121 - []
15:07:45,131 - []
15:07:45,136 - []
15:07:45,147 - []
15:07:45,152 - []
15:07:45,164 - []
15:07:45,167 - []
15:07:45,181 - []
15:07:45,182 - []
15:07:45,198 - []
15:07:45,198 - []
15:07:45,213 - []
15:07:45,214 - []
15:07:45,228 - []
15:07:45,229 - []
15:07:45,245 - []
15:07:45,245 - []
15:07:45,262 - []
15:07:45,262 - []
15:07:45,278 - []
15:07:45,279 - []
15:07:45,293 - []
15:07:45,293 - []
15:07:45,308 - []
15:07:45,308 - []
15:07:45,324 - []
15:07:45,343 - []
15:07:45,358 - []
15:07:45,358 - []
15:07:45,373 - []
15:07:45,374 - []
15:07:45,387 - []
15:07:45,391 - []
15:07:45,403 - []
15:07:45,407 - []
15:07:45,419 - []
15:07:45,424 - []
15:07:45,435 - []
15:07:45,438 - []
15:07:45,450 - []
15:07:45,453 - []
15:07:45,465 - []
15:07:45,468 - []
15:07:45,480 - []
15:07:45,484 - []
15:07:45,497 - []
15:07:45,500 - []
15:07:45,513 - []
15:07:45,517 - []
15:07:45,530 - []
15:07:45,531 - []
15:07:45,547 - []
15:07:45,547 - []
15:07:45,564 - []
15:07:45,564 - []
15:07:45,580 - []
15:07:45,581 - []
15:07:45,595 - []
15:07:45,595 - []
15:07:45,612 - []
15:07:45,612 - []
15:07:45,628 - []
15:07:45,628 - []
15:07:45,642 - []
15:07:45,643 - []
15:07:45,657 - []
15:07:45,657 - []
15:07:45,674 - []
15:07:45,674 - []
15:07:45,688 - []
15:07:45,688 - []
15:07:45,703 - []
15:07:45,704 - []
15:07:45,719 - []
15:07:45,719 - []
15:07:45,734 - []
15:07:45,734 - []
15:07:45,749 - []
15:07:45,749 - []
15:07:45,764 - []
15:07:45,764 - []
15:07:45,779 - []
15:07:45,779 - []
15:07:45,795 - []
15:07:45,796 - []
15:07:45,811 - []
15:07:45,811 - []
15:07:45,826 - []
15:07:45,827 - []
15:07:45,841 - []
15:07:45,844 - []
15:07:45,857 - []
15:07:45,861 - []
15:07:45,872 - []
15:07:45,876 - []
15:07:45,888 - []
15:07:45,891 - []
15:07:45,904 - []
15:07:45,906 - []
15:07:45,918 - []
15:07:45,922 - []
15:07:45,933 - []
15:07:45,937 - []
15:07:45,949 - []
15:07:45,954 - []
15:07:45,963 - []
15:07:45,970 - []
15:07:45,979 - []
15:07:45,984 - []
15:07:45,996 - []
15:07:45,999 - []
15:07:46,011 - []
15:07:46,014 - []
15:07:46,026 - []
15:07:46,029 - []
15:07:46,042 - []
15:07:46,045 - []
15:07:46,057 - []
15:07:46,062 - []
15:07:46,074 - []
15:07:46,079 - []
15:07:46,090 - []
15:07:46,096 - []
15:07:46,105 - []
15:07:46,111 - []
15:07:46,121 - []
15:07:46,127 - []
15:07:46,137 - []
15:07:46,144 - []
15:07:46,152 - []
15:07:46,161 - []
15:07:46,169 - []
15:07:46,178 - []
15:07:46,183 - []
15:07:46,194 - []
15:07:46,198 - []
15:07:46,209 - []
15:07:46,213 - []
15:07:46,224 - []
15:07:46,228 - []
15:07:46,239 - []
15:07:46,245 - []
15:07:46,254 - []
15:07:46,262 - []
15:07:46,269 - []
15:07:46,278 - []
15:07:46,284 - []
15:07:46,295 - []
15:07:46,299 - []
15:07:46,311 - []
15:07:46,313 - []
15:07:46,328 - []
15:07:46,328 - []
15:07:46,342 - []
15:07:46,344 - []
15:07:46,356 - []
15:07:46,361 - []
15:07:46,371 - []
15:07:46,378 - []
15:07:46,386 - []
15:07:46,393 - []
15:07:46,402 - []
15:07:46,410 - []
15:07:46,417 - []
15:07:46,425 - []
15:07:46,431 - []
15:07:46,439 - []
15:07:46,446 - []
15:07:46,455 - []
15:07:46,461 - []
15:07:46,469 - []
15:07:46,478 - []
15:07:46,521 - []
15:07:46,535 - []
15:07:46,549 - []
15:07:46,564 - []
15:07:46,564 - []
15:07:46,579 - []
15:07:46,580 - []
15:07:46,595 - []
15:07:46,612 - []
15:07:46,627 - []
15:07:46,649 - []
15:07:46,665 - []
15:07:46,665 - []
15:07:46,679 - []
15:07:46,680 - []
15:07:46,694 - []
15:07:46,695 - []
15:07:46,711 - []
15:07:46,711 - []
15:07:46,728 - []
15:07:46,728 - []
15:07:46,743 - []
15:07:46,743 - []
15:07:46,758 - []
15:07:46,758 - []
15:07:46,774 - []
15:07:46,774 - []
15:07:46,789 - []
15:07:46,789 - []
15:07:46,805 - []
15:07:46,806 - []
15:07:46,820 - []
15:07:46,820 - []
15:07:46,837 - []
15:07:46,838 - []
15:07:46,854 - []
15:07:46,854 - []
15:07:46,872 - []
15:07:46,872 - []
15:07:46,887 - []
15:07:46,887 - []
15:07:46,904 - []
15:07:46,905 - []
15:07:46,920 - []
15:07:46,921 - []
15:07:46,935 - []
15:07:46,935 - []
15:07:46,949 - []
15:07:46,950 - []
15:07:46,965 - []
15:07:46,966 - []
15:07:46,980 - []
15:07:46,980 - []
15:07:46,996 - []
15:07:46,996 - []
15:07:47,012 - []
15:07:47,013 - []
15:07:47,028 - []
15:07:47,029 - []
15:07:47,046 - []
15:07:47,046 - []
15:07:47,063 - []
15:07:47,063 - []
15:07:47,079 - []
15:07:47,079 - []
15:07:47,094 - []
15:07:47,095 - []
15:07:47,111 - []
15:07:47,111 - []
15:07:47,126 - []
15:07:47,126 - []
15:07:47,141 - []
15:07:47,141 - []
15:07:47,156 - []
15:07:47,156 - []
15:07:47,171 - []
15:07:47,171 - []
15:07:47,185 - []
15:07:47,187 - []
15:07:47,202 - []
15:07:47,203 - []
15:07:47,220 - []
15:07:47,220 - []
15:07:47,236 - []
15:07:47,236 - []
15:07:47,251 - []
15:07:47,251 - []
15:07:47,265 - []
15:07:47,266 - []
15:07:47,281 - []
15:07:47,281 - []
15:07:47,296 - []
15:07:47,297 - []
15:07:47,312 - []
15:07:47,313 - []
15:07:47,329 - []
15:07:47,329 - []
15:07:47,345 - []
15:07:47,345 - []
15:07:47,361 - []
15:07:47,362 - []
15:07:47,376 - []
15:07:47,377 - []
15:07:47,391 - []
15:07:47,392 - []
15:07:47,407 - []
15:07:47,407 - []
15:07:47,424 - []
15:07:47,424 - []
15:07:47,439 - []
15:07:47,440 - []
15:07:47,457 - []
15:07:47,457 - []
15:07:47,472 - []
15:07:47,473 - []
15:07:47,487 - []
15:07:47,487 - []
15:07:47,502 - []
15:07:47,504 - []
15:07:47,517 - []
15:07:47,520 - []
15:07:47,532 - []
15:07:47,536 - []
15:07:47,546 - []
15:07:47,551 - []
15:07:47,562 - []
15:07:47,565 - []
15:07:47,579 - []
15:07:47,582 - []
15:07:47,595 - []
15:07:47,597 - []
15:07:47,611 - []
15:07:47,611 - []
15:07:47,628 - []
15:07:47,628 - []
15:07:47,644 - []
15:07:47,644 - []
15:07:47,661 - []
15:07:47,661 - []
15:07:47,676 - []
15:07:47,678 - []
15:07:47,691 - []
15:07:47,693 - []
15:07:47,707 - []
15:07:47,710 - []
15:07:47,724 - []
15:07:47,725 - []
15:07:47,741 - []
15:07:47,741 - []
15:07:47,756 - []
15:07:47,757 - []
15:07:47,771 - []
15:07:47,771 - []
15:07:47,785 - []
15:07:47,787 - []
15:07:47,801 - []
15:07:47,802 - []
15:07:47,817 - []
15:07:47,819 - []
15:07:47,832 - []
15:07:47,834 - []
15:07:47,848 - []
15:07:47,849 - []
15:07:47,863 - []
15:07:47,863 - []
15:07:47,878 - []
15:07:47,878 - []
15:07:47,893 - []
15:07:47,894 - []
15:07:47,909 - []
15:07:47,909 - []
15:07:47,924 - []
15:07:47,924 - []
15:07:47,939 - []
15:07:47,939 - []
15:07:47,954 - []
15:07:47,955 - []
15:07:47,970 - []
15:07:47,970 - []
15:07:47,984 - []
15:07:47,985 - []
15:07:47,999 - []
15:07:47,999 - []
15:07:48,014 - []
15:07:48,014 - []
15:07:48,028 - []
15:07:48,028 - []
15:07:48,045 - []
15:07:48,045 - []
15:07:48,062 - []
15:07:48,062 - []
15:07:48,077 - []
15:07:48,078 - []
15:07:48,093 - []
15:07:48,093 - []
15:07:48,108 - []
15:07:48,108 - []
15:07:48,124 - []
15:07:48,124 - []
15:07:48,139 - []
15:07:48,140 - []
15:07:48,155 - []
15:07:48,155 - []
15:07:48,172 - []
15:07:48,172 - []
15:07:48,187 - []
15:07:48,188 - []
15:07:48,204 - []
15:07:48,205 - []
15:07:48,221 - []
15:07:48,221 - []
15:07:48,237 - []
15:07:48,237 - []
15:07:48,252 - []
15:07:48,253 - []
15:07:48,269 - []
15:07:48,269 - []
15:07:48,284 - []
15:07:48,284 - []
15:07:48,299 - []
15:07:48,299 - []
15:07:48,314 - []
15:07:48,314 - []
15:07:48,330 - []
15:07:48,330 - []
15:07:48,345 - []
15:07:48,346 - []
15:07:48,361 - []
15:07:48,361 - []
15:07:48,376 - []
15:07:48,376 - []
15:07:48,391 - []
15:07:48,391 - []
15:07:48,407 - []
15:07:48,407 - []
15:07:48,422 - []
15:07:48,424 - []
15:07:48,437 - []
15:07:48,438 - []
15:07:48,453 - []
15:07:48,454 - []
15:07:48,467 - []
15:07:48,468 - []
15:07:48,483 - []
15:07:48,483 - []
15:07:48,498 - []
15:07:48,498 - []
15:07:48,514 - []
15:07:48,514 - []
15:07:48,528 - []
15:07:48,529 - []
15:07:48,544 - []
15:07:48,544 - []
15:07:48,559 - []
15:07:48,560 - []
15:07:48,574 - []
15:07:48,575 - []
15:07:48,589 - []
15:07:48,590 - []
15:07:48,604 - []
15:07:48,604 - []
15:07:48,618 - []
15:07:48,618 - []
15:07:48,633 - []
15:07:48,633 - []
15:07:48,647 - []
15:07:48,648 - []
15:07:48,680 - []
15:07:48,695 - []
15:07:48,696 - []
15:07:48,711 - []
15:07:48,712 - []
15:07:48,725 - []
15:07:48,727 - []
15:07:48,743 - []
15:07:48,743 - []
15:07:48,758 - []
15:07:48,759 - []
15:07:48,773 - []
15:07:48,774 - []
15:07:48,787 - []
15:07:48,789 - []
15:07:48,803 - []
15:07:48,804 - []
15:07:48,820 - []
15:07:48,820 - []
15:07:48,836 - []
15:07:48,837 - []
15:07:48,851 - []
15:07:48,853 - []
15:07:48,866 - []
15:07:48,869 - []
15:07:48,882 - []
15:07:48,884 - []
15:07:48,896 - []
15:07:48,900 - []
15:07:48,913 - []
15:07:48,916 - []
15:07:48,929 - []
15:07:48,932 - []
15:07:48,943 - []
15:07:48,947 - []
15:07:48,961 - []
15:07:48,962 - []
15:07:48,978 - []
15:07:48,978 - []
15:07:48,993 - []
15:07:48,993 - []
15:07:49,011 - []
15:07:49,011 - []
15:07:49,027 - []
15:07:49,036 - []
15:07:49,053 - []
15:07:49,090 - []
15:07:49,104 - []
15:07:49,126 - []
15:07:49,141 - []
15:07:49,141 - []
15:07:49,155 - []
15:07:49,157 - []
15:07:49,171 - []
15:07:49,172 - []
15:07:49,187 - []
15:07:49,187 - []
15:07:49,203 - []
15:07:49,203 - []
15:07:49,218 - []
15:07:49,220 - []
15:07:49,233 - []
15:07:49,237 - []
15:07:49,248 - []
15:07:49,253 - []
15:07:49,263 - []
15:07:49,267 - []
15:07:49,279 - []
15:07:49,282 - []
15:07:49,293 - []
15:07:49,299 - []
15:07:49,309 - []
15:07:49,313 - []
15:07:49,324 - []
15:07:49,328 - []
15:07:49,340 - []
15:07:49,343 - []
15:07:49,355 - []
15:07:49,359 - []
15:07:49,370 - []
15:07:49,374 - []
15:07:49,385 - []
15:07:49,389 - []
15:07:49,402 - []
15:07:49,405 - []
15:07:49,417 - []
15:07:49,423 - []
15:07:49,434 - []
15:07:49,438 - []
15:07:49,449 - []
15:07:49,453 - []
15:07:49,466 - []
15:07:49,468 - []
15:07:49,480 - []
15:07:49,482 - []
15:07:49,497 - []
15:07:49,497 - []
15:07:49,512 - []
15:07:49,513 - []
15:07:49,528 - []
15:07:49,529 - []
15:07:49,545 - []
15:07:49,545 - []
15:07:49,560 - []
15:07:49,561 - []
15:07:49,576 - []
15:07:49,577 - []
15:07:49,591 - []
15:07:49,591 - []
15:07:49,608 - []
15:07:49,608 - []
15:07:49,623 - []
15:07:49,623 - []
15:07:49,638 - []
15:07:49,638 - []
15:07:49,654 - []
15:07:49,655 - []
15:07:49,670 - []
15:07:49,670 - []
15:07:49,685 - []
15:07:49,686 - []
15:07:49,700 - []
15:07:49,701 - []
15:07:49,716 - []
15:07:49,727 - []
15:07:49,742 - []
15:07:49,758 - []
15:07:49,773 - []
15:07:49,773 - []
15:07:49,788 - []
15:07:49,788 - []
15:07:49,805 - []
15:07:49,806 - []
15:07:49,821 - []
15:07:49,821 - []
15:07:49,836 - []
15:07:49,836 - []
15:07:49,851 - []
15:07:49,852 - []
15:07:49,867 - []
15:07:49,867 - []
15:07:49,883 - []
15:07:49,883 - []
15:07:49,898 - []
15:07:49,898 - []
15:07:49,914 - []
15:07:49,914 - []
15:07:49,929 - []
15:07:49,930 - []
15:07:49,945 - []
15:07:49,945 - []
15:07:49,961 - []
15:07:49,961 - []
15:07:49,977 - []
15:07:49,978 - []
15:07:49,994 - []
15:07:49,995 - []
15:07:50,011 - []
15:07:50,012 - []
15:07:50,027 - []
15:07:50,028 - []
15:07:50,044 - []
15:07:50,044 - []
15:07:50,059 - []
15:07:50,060 - []
15:07:50,076 - []
15:07:50,077 - []
15:07:50,091 - []
15:07:50,091 - []
15:07:50,107 - []
15:07:50,107 - []
15:07:50,122 - []
15:07:50,124 - []
15:07:50,137 - []
15:07:50,140 - []
15:07:50,152 - []
15:07:50,155 - []
15:07:50,168 - []
15:07:50,172 - []
15:07:50,183 - []
15:07:50,190 - []
15:07:50,198 - []
15:07:50,205 - []
15:07:50,212 - []
15:07:50,220 - []
15:07:50,229 - []
15:07:50,234 - []
15:07:50,244 - []
15:07:50,250 - []
15:07:50,259 - []
15:07:50,266 - []
15:07:50,274 - []
15:07:50,282 - []
15:07:50,289 - []
15:07:50,299 - []
15:07:50,303 - []
15:07:50,314 - []
15:07:50,317 - []
15:07:50,330 - []
15:07:50,334 - []
15:07:50,345 - []
15:07:50,350 - []
15:07:50,361 - []
15:07:50,365 - []
15:07:50,376 - []
15:07:50,382 - []
15:07:50,390 - []
15:07:50,398 - []
15:07:50,407 - []
15:07:50,414 - []
15:07:50,424 - []
15:07:50,431 - []
15:07:50,441 - []
15:07:50,446 - []
15:07:50,455 - []
15:07:50,461 - []
15:07:50,471 - []
15:07:50,475 - []
15:07:50,487 - []
15:07:50,492 - []
15:07:50,504 - []
15:07:50,508 - []
15:07:50,520 - []
15:07:50,523 - []
15:07:50,535 - []
15:07:50,539 - []
15:07:50,549 - []
15:07:50,555 - []
15:07:50,565 - []
15:07:50,570 - []
15:07:50,581 - []
15:07:50,587 - []
15:07:50,596 - []
15:07:50,602 - []
15:07:50,611 - []
15:07:50,617 - []
15:07:50,626 - []
15:07:50,631 - []
15:07:50,644 - []
15:07:50,645 - []
15:07:50,659 - []
15:07:50,661 - []
15:07:50,675 - []
15:07:50,678 - []
15:07:50,691 - []
15:07:50,693 - []
15:07:50,707 - []
15:07:50,707 - []
15:07:50,722 - []
15:07:50,722 - []
15:07:50,737 - []
15:07:50,737 - []
15:07:50,752 - []
15:07:50,752 - []
15:07:50,766 - []
15:07:50,767 - []
15:07:50,782 - []
15:07:50,782 - []
15:07:50,796 - []
15:07:50,797 - []
15:07:50,811 - []
15:07:50,812 - []
15:07:50,828 - []
15:07:50,829 - []
15:07:50,843 - []
15:07:50,845 - []
15:07:50,859 - []
15:07:50,859 - []
15:07:50,873 - []
15:07:50,873 - []
15:07:50,888 - []
15:07:50,898 - []
15:07:50,927 - []
15:07:50,942 - []
15:07:50,944 - []
15:07:50,956 - []
15:07:50,958 - []
15:07:50,971 - []
15:07:50,974 - []
15:07:50,986 - []
15:07:50,989 - []
15:07:51,001 - []
15:07:51,004 - []
15:07:51,015 - []
15:07:51,021 - []
15:07:51,030 - []
15:07:51,035 - []
15:07:51,044 - []
15:07:51,050 - []
15:07:51,061 - []
15:07:51,065 - []
15:07:51,076 - []
15:07:51,080 - []
15:07:51,092 - []
15:07:51,095 - []
15:07:51,107 - []
15:07:51,111 - []
15:07:51,122 - []
15:07:51,127 - []
15:07:51,136 - []
15:07:51,142 - []
15:07:51,151 - []
15:07:51,159 - []
15:07:51,166 - []
15:07:51,174 - []
15:07:51,180 - []
15:07:51,190 - []
15:07:51,197 - []
15:07:51,206 - []
15:07:51,211 - []
15:07:51,222 - []
15:07:51,228 - []
15:07:51,237 - []
15:07:51,245 - []
15:07:51,252 - []
15:07:51,261 - []
15:07:51,266 - []
15:07:51,277 - []
15:07:51,284 - []
15:07:51,291 - []
15:07:51,299 - []
15:07:51,305 - []
15:07:51,330 - []
15:07:51,347 - []
15:07:51,379 - []
15:07:51,394 - []
15:07:51,398 - []
15:07:51,409 - []
15:07:51,414 - []
15:07:51,424 - []
15:07:51,429 - []
15:07:51,440 - []
15:07:51,445 - []
15:07:51,455 - []
15:07:51,462 - []
15:07:51,471 - []
15:07:51,479 - []
15:07:51,486 - []
15:07:51,494 - []
15:07:51,502 - []
15:07:51,513 - []
15:07:51,528 - []
15:07:51,528 - []
15:07:51,542 - []
15:07:51,544 - []
15:07:51,559 - []
15:07:51,561 - []
15:07:51,576 - []
15:07:51,577 - []
15:07:51,591 - []
15:07:51,591 - []
15:07:51,606 - []
15:07:51,606 - []
15:07:51,622 - []
15:07:51,622 - []
15:07:51,637 - []
15:07:51,638 - []
15:07:51,653 - []
15:07:51,654 - []
15:07:51,669 - []
15:07:51,669 - []
15:07:51,684 - []
15:07:51,686 - []
15:07:51,700 - []
15:07:51,702 - []
15:07:51,715 - []
15:07:51,716 - []
15:07:51,731 - []
15:07:51,731 - []
15:07:51,747 - []
15:07:51,747 - []
15:07:51,763 - []
15:07:51,763 - []
15:07:51,777 - []
15:07:51,778 - []
15:07:51,793 - []
15:07:51,794 - []
15:07:51,810 - []
15:07:51,810 - []
15:07:51,824 - []
15:07:51,825 - []
15:07:51,839 - []
15:07:51,839 - []
15:07:51,854 - []
15:07:51,854 - []
15:07:51,871 - []
15:07:51,871 - []
15:07:51,887 - []
15:07:51,887 - []
15:07:51,903 - []
15:07:51,903 - []
15:07:51,920 - []
15:07:51,920 - []
15:07:51,935 - []
15:07:51,935 - []
15:07:51,951 - []
15:07:51,952 - []
15:07:51,966 - []
15:07:51,966 - []
15:07:51,980 - []
15:07:51,980 - []
15:07:51,995 - []
15:07:51,995 - []
15:07:52,011 - []
15:07:52,012 - []
15:07:52,026 - []
15:07:52,026 - []
15:07:52,042 - []
15:07:52,043 - []
15:07:52,059 - []
15:07:52,059 - []
15:07:52,074 - []
15:07:52,074 - []
15:07:52,089 - []
15:07:52,089 - []
15:07:52,103 - []
15:07:52,103 - []
15:07:52,119 - []
15:07:52,119 - []
15:07:52,133 - []
15:07:52,134 - []
15:07:52,148 - []
15:07:52,149 - []
15:07:52,163 - []
15:07:52,165 - []
15:07:52,180 - []
15:07:52,180 - []
15:07:52,194 - []
15:07:52,195 - []
15:07:52,209 - []
15:07:52,210 - []
15:07:52,224 - []
15:07:52,225 - []
15:07:52,239 - []
15:07:52,239 - []
15:07:52,254 - []
15:07:52,254 - []
15:07:52,269 - []
15:07:52,271 - []
15:07:52,284 - []
15:07:52,287 - []
15:07:52,299 - []
15:07:52,302 - []
15:07:52,314 - []
15:07:52,317 - []
15:07:52,328 - []
15:07:52,333 - []
15:07:52,345 - []
15:07:52,349 - []
15:07:52,362 - []
15:07:52,366 - []
15:07:52,379 - []
15:07:52,381 - []
15:07:52,394 - []
15:07:52,398 - []
15:07:52,411 - []
15:07:52,415 - []
15:07:52,427 - []
15:07:52,429 - []
15:07:52,444 - []
15:07:52,444 - []
15:07:52,461 - []
15:07:52,461 - []
15:07:52,477 - []
15:07:52,478 - []
15:07:52,493 - []
15:07:52,493 - []
15:07:52,508 - []
15:07:52,508 - []
15:07:52,523 - []
15:07:52,523 - []
15:07:52,538 - []
15:07:52,538 - []
15:07:52,554 - []
15:07:52,554 - []
15:07:52,571 - []
15:07:52,571 - []
15:07:52,586 - []
15:07:52,587 - []
15:07:52,603 - []
15:07:52,604 - []
15:07:52,618 - []
15:07:52,619 - []
15:07:52,634 - []
15:07:52,634 - []
15:07:52,649 - []
15:07:52,649 - []
15:07:52,665 - []
15:07:52,666 - []
15:07:52,680 - []
15:07:52,681 - []
15:07:52,695 - []
15:07:52,697 - []
15:07:52,710 - []
15:07:52,714 - []
15:07:52,726 - []
15:07:52,730 - []
15:07:52,741 - []
15:07:52,746 - []
15:07:52,756 - []
15:07:52,766 - []
15:07:52,771 - []
15:07:52,782 - []
15:07:52,786 - []
15:07:52,797 - []
15:07:52,801 - []
15:07:52,811 - []
15:07:52,815 - []
15:07:52,826 - []
15:07:52,831 - []
15:07:52,840 - []
15:07:52,847 - []
15:07:52,854 - []
15:07:52,862 - []
15:07:52,869 - []
15:07:52,878 - []
15:07:52,885 - []
15:07:52,895 - []
15:07:52,901 - []
15:07:52,912 - []
15:07:52,915 - []
15:07:52,929 - []
15:07:52,962 - []
15:07:52,977 - []
15:07:52,977 - []
15:07:52,991 - []
15:07:52,992 - []
15:07:53,007 - []
15:07:53,007 - []
15:07:53,022 - []
15:07:53,022 - []
15:07:53,037 - []
15:07:53,038 - []
15:07:53,053 - []
15:07:53,053 - []
15:07:53,067 - []
15:07:53,068 - []
15:07:53,082 - []
15:07:53,083 - []
15:07:53,097 - []
15:07:53,097 - []
15:07:53,111 - []
15:07:53,111 - []
15:07:53,128 - []
15:07:53,128 - []
15:07:53,143 - []
15:07:53,145 - []
15:07:53,159 - []
15:07:53,160 - []
15:07:53,175 - []
15:07:53,175 - []
15:07:53,191 - []
15:07:53,192 - []
15:07:53,207 - []
15:07:53,207 - []
15:07:53,222 - []
15:07:53,222 - []
15:07:53,239 - []
15:07:53,239 - []
15:07:53,254 - []
15:07:53,255 - []
15:07:53,271 - []
15:07:53,271 - []
15:07:53,287 - []
15:07:53,288 - []
15:07:53,304 - []
15:07:53,304 - []
15:07:53,321 - []
15:07:53,321 - []
15:07:53,337 - []
15:07:53,338 - []
15:07:53,352 - []
15:07:53,352 - []
15:07:53,367 - []
15:07:53,368 - []
15:07:53,383 - []
15:07:53,383 - []
15:07:53,398 - []
15:07:53,398 - []
15:07:53,413 - []
15:07:53,413 - []
15:07:53,427 - []
15:07:53,428 - []
15:07:53,444 - []
15:07:53,444 - []
15:07:53,461 - []
15:07:53,461 - []
15:07:53,476 - []
15:07:53,477 - []
15:07:53,492 - []
15:07:53,492 - []
15:07:53,507 - []
15:07:53,507 - []
15:07:53,521 - []
15:07:53,522 - []
15:07:53,537 - []
15:07:53,537 - []
15:07:53,553 - []
15:07:53,553 - []
15:07:53,568 - []
15:07:53,568 - []
15:07:53,582 - []
15:07:53,583 - []
15:07:53,597 - []
15:07:53,598 - []
15:07:53,612 - []
15:07:53,613 - []
15:07:53,628 - []
15:07:53,629 - []
15:07:53,643 - []
15:07:53,643 - []
15:07:53,657 - []
15:07:53,658 - []
15:07:53,672 - []
15:07:53,689 - []
15:07:53,707 - []
15:07:53,739 - []
15:07:53,754 - []
15:07:53,772 - []
15:07:53,787 - []
15:07:53,789 - []
15:07:53,801 - []
15:07:53,804 - []
15:07:53,818 - []
15:07:53,843 - []
15:07:53,868 - []
15:07:53,883 - []
15:07:53,883 - []
15:07:53,898 - []
15:07:53,898 - []
15:07:53,913 - []
15:07:53,914 - []
15:07:53,928 - []
15:07:53,930 - []
15:07:53,943 - []
15:07:53,944 - []
15:07:53,958 - []
15:07:53,958 - []
15:07:53,973 - []
15:07:53,973 - []
15:07:53,989 - []
15:07:53,989 - []
15:07:54,003 - []
15:07:54,003 - []
15:07:54,018 - []
15:07:54,018 - []
15:07:54,033 - []
15:07:54,033 - []
15:07:54,048 - []
15:07:54,049 - []
15:07:54,063 - []
15:07:54,064 - []
15:07:54,078 - []
15:07:54,078 - []
15:07:54,093 - []
15:07:54,093 - []
15:07:54,107 - []
15:07:54,107 - []
15:07:54,122 - []
15:07:54,122 - []
15:07:54,138 - []
15:07:54,138 - []
15:07:54,154 - []
15:07:54,155 - []
15:07:54,171 - []
15:07:54,171 - []
15:07:54,188 - []
15:07:54,188 - []
15:07:54,204 - []
15:07:54,204 - []
15:07:54,221 - []
15:07:54,221 - []
15:07:54,236 - []
15:07:54,236 - []
15:07:54,253 - []
15:07:54,253 - []
15:07:54,267 - []
15:07:54,268 - []
15:07:54,282 - []
15:07:54,282 - []
15:07:54,298 - []
15:07:54,299 - []
15:07:54,315 - []
15:07:54,316 - []
15:07:54,330 - []
15:07:54,330 - []
15:07:54,345 - []
15:07:54,346 - []
15:07:54,362 - []
15:07:54,362 - []
15:07:54,377 - []
15:07:54,377 - []
15:07:54,393 - []
15:07:54,393 - []
15:07:54,408 - []
15:07:54,408 - []
15:07:54,424 - []
15:07:54,425 - []
15:07:54,441 - []
15:07:54,441 - []
15:07:54,458 - []
15:07:54,458 - []
15:07:54,475 - []
15:07:54,475 - []
15:07:54,490 - []
15:07:54,490 - []
15:07:54,507 - []
15:07:54,507 - []
15:07:54,522 - []
15:07:54,523 - []
15:07:54,537 - []
15:07:54,537 - []
15:07:54,552 - []
15:07:54,553 - []
15:07:54,569 - []
15:07:54,570 - []
15:07:54,585 - []
15:07:54,586 - []
15:07:54,601 - []
15:07:54,601 - []
15:07:54,616 - []
15:07:54,616 - []
15:07:54,631 - []
15:07:54,631 - []
15:07:54,645 - []
15:07:54,646 - []
15:07:54,660 - []
15:07:54,660 - []
15:07:54,675 - []
15:07:54,677 - []
15:07:54,692 - []
15:07:54,692 - []
15:07:54,707 - []
15:07:54,707 - []
15:07:54,724 - []
15:07:54,724 - []
15:07:54,740 - []
15:07:54,740 - []
15:07:54,755 - []
15:07:54,755 - []
15:07:54,770 - []
15:07:54,770 - []
15:07:54,785 - []
15:07:54,787 - []
15:07:54,802 - []
15:07:54,803 - []
15:07:54,816 - []
15:07:54,817 - []
15:07:54,831 - []
15:07:54,831 - []
15:07:54,847 - []
15:07:54,847 - []
15:07:54,861 - []
15:07:54,862 - []
15:07:54,877 - []
15:07:54,878 - []
15:07:54,892 - []
15:07:54,894 - []
15:07:54,907 - []
15:07:54,909 - []
15:07:54,923 - []
15:07:54,925 - []
15:07:54,938 - []
15:07:54,940 - []
15:07:54,953 - []
15:07:54,957 - []
15:07:54,970 - []
15:07:54,971 - []
15:07:54,986 - []
15:07:54,986 - []
15:07:55,001 - []
15:07:55,003 - []
15:07:55,016 - []
15:07:55,018 - []
15:07:55,034 - []
15:07:55,034 - []
15:07:55,049 - []
15:07:55,049 - []
15:07:55,065 - []
15:07:55,065 - []
15:07:55,081 - []
15:07:55,081 - []
15:07:55,097 - []
15:07:55,098 - []
15:07:55,112 - []
15:07:55,116 - []
15:07:55,127 - []
15:07:55,131 - []
15:07:55,143 - []
15:07:55,146 - []
15:07:55,161 - []
15:07:55,161 - []
15:07:55,175 - []
15:07:55,178 - []
15:07:55,191 - []
15:07:55,194 - []
15:07:55,207 - []
15:07:55,212 - []
15:07:55,224 - []
15:07:55,230 - []
15:07:55,242 - []
15:07:55,246 - []
15:07:55,261 - []
15:07:55,262 - []
15:07:55,278 - []
15:07:55,279 - []
15:07:55,294 - []
15:07:55,295 - []
15:07:55,311 - []
15:07:55,311 - []
15:07:55,327 - []
15:07:55,328 - []
15:07:55,344 - []
15:07:55,347 - []
15:07:55,361 - []
15:07:55,362 - []
15:07:55,377 - []
15:07:55,379 - []
15:07:55,394 - []
15:07:55,395 - []
15:07:55,411 - []
15:07:55,411 - []
15:07:55,427 - []
15:07:55,428 - []
15:07:55,444 - []
15:07:55,444 - []
15:07:55,460 - []
15:07:55,460 - []
15:07:55,476 - []
15:07:55,476 - []
15:07:55,491 - []
15:07:55,491 - []
15:07:55,506 - []
15:07:55,508 - []
15:07:55,521 - []
15:07:55,522 - []
15:07:55,536 - []
15:07:55,537 - []
15:07:55,551 - []
15:07:55,552 - []
15:07:55,566 - []
15:07:55,566 - []
15:07:55,580 - []
15:07:55,581 - []
15:07:55,595 - []
15:07:55,596 - []
15:07:55,611 - []
15:07:55,611 - []
15:07:55,626 - []
15:07:55,626 - []
15:07:55,643 - []
15:07:55,643 - []
15:07:55,658 - []
15:07:55,658 - []
15:07:55,675 - []
15:07:55,675 - []
15:07:55,694 - []
15:07:55,695 - []
15:07:55,709 - []
15:07:55,710 - []
15:07:55,727 - []
15:07:55,727 - []
15:07:55,746 - []
15:07:55,746 - []
15:07:55,763 - []
15:07:55,763 - []
15:07:55,778 - []
15:07:55,778 - []
15:07:55,793 - []
15:07:55,795 - []
15:07:55,809 - []
15:07:55,812 - []
15:07:55,839 - []
15:07:55,853 - []
15:07:55,880 - []
15:07:55,896 - []
15:07:55,896 - []
15:07:55,911 - []
15:07:55,926 - []
15:07:55,942 - []
15:07:55,942 - []
15:07:55,962 - []
15:07:55,967 - []
15:07:55,982 - []
15:07:55,994 - []
15:07:56,010 - []
15:07:56,029 - []
15:07:56,044 - []
15:07:56,046 - []
15:07:56,060 - []
15:07:56,062 - []
15:07:56,076 - []
15:07:56,078 - []
15:07:56,101 - []
15:07:56,103 - []
15:07:56,134 - []
15:07:56,139 - []
15:07:56,152 - []
15:07:56,159 - []
15:07:56,172 - []
15:07:56,182 - []
15:07:56,193 - []
15:07:56,199 - []
15:07:56,210 - []
15:07:56,216 - []
15:07:56,230 - []
15:07:56,233 - []
15:07:56,248 - []
15:07:56,255 - []
15:07:56,269 - []
15:07:56,273 - []
15:07:56,291 - []
15:07:56,295 - []
15:07:56,311 - []
15:07:56,318 - []
15:07:56,328 - []
15:07:56,350 - []
15:07:56,367 - []
15:07:56,368 - []
15:07:56,384 - []
15:07:56,384 - []
15:07:56,399 - []
15:07:56,399 - []
15:07:56,417 - []
15:07:56,417 - []
15:07:56,432 - []
15:07:56,433 - []
15:07:56,450 - []
15:07:56,450 - []
15:07:56,466 - []
15:07:56,466 - []
15:07:56,482 - []
15:07:56,482 - []
15:07:56,497 - []
15:07:56,498 - []
15:07:56,513 - []
15:07:56,513 - []
15:07:56,528 - []
15:07:56,529 - []
15:07:56,544 - []
15:07:56,546 - []
15:07:56,561 - []
15:07:56,562 - []
15:07:56,577 - []
15:07:56,578 - []
15:07:56,592 - []
15:07:56,593 - []
15:07:56,607 - []
15:07:56,608 - []
15:07:56,623 - []
15:07:56,623 - []
15:07:56,639 - []
15:07:56,639 - []
15:07:56,655 - []
15:07:56,655 - []
15:07:56,671 - []
15:07:56,671 - []
15:07:56,687 - []
15:07:56,687 - []
15:07:56,704 - []
15:07:56,704 - []
15:07:56,721 - []
15:07:56,721 - []
15:07:56,737 - []
15:07:56,737 - []
15:07:56,752 - []
15:07:56,753 - []
15:07:56,769 - []
15:07:56,769 - []
15:07:56,785 - []
15:07:56,785 - []
15:07:56,801 - []
15:07:56,802 - []
15:07:56,816 - []
15:07:56,816 - []
15:07:56,834 - []
15:07:56,835 - []
15:07:56,851 - []
15:07:56,851 - []
15:07:56,866 - []
15:07:56,866 - []
15:07:56,882 - []
15:07:56,883 - []
15:07:56,897 - []
15:07:56,899 - []
15:07:56,913 - []
15:07:56,915 - []
15:07:56,930 - []
15:07:56,931 - []
15:07:56,946 - []
15:07:56,946 - []
15:07:56,961 - []
15:07:56,961 - []
15:07:56,978 - []
15:07:56,978 - []
15:07:56,995 - []
15:07:56,995 - []
15:07:57,011 - []
15:07:57,012 - []
15:07:57,027 - []
15:07:57,027 - []
15:07:57,043 - []
15:07:57,044 - []
15:07:57,057 - []
15:07:57,058 - []
15:07:57,072 - []
15:07:57,073 - []
15:07:57,087 - []
15:07:57,087 - []
15:07:57,103 - []
15:07:57,103 - []
15:07:57,119 - []
15:07:57,119 - []
15:07:57,134 - []
15:07:57,136 - []
15:07:57,151 - []
15:07:57,153 - []
15:07:57,168 - []
15:07:57,168 - []
15:07:57,182 - []
15:07:57,183 - []
15:07:57,198 - []
15:07:57,198 - []
15:07:57,213 - []
15:07:57,214 - []
15:07:57,227 - []
15:07:57,230 - []
15:07:57,243 - []
15:07:57,244 - []
15:07:57,259 - []
15:07:57,259 - []
15:07:57,275 - []
15:07:57,275 - []
15:07:57,289 - []
15:07:57,290 - []
15:07:57,304 - []
15:07:57,304 - []
15:07:57,319 - []
15:07:57,321 - []
15:07:57,334 - []
15:07:57,336 - []
15:07:57,349 - []
15:07:57,353 - []
15:07:57,364 - []
15:07:57,370 - []
15:07:57,380 - []
15:07:57,386 - []
15:07:57,396 - []
15:07:57,403 - []
15:07:57,413 - []
15:07:57,418 - []
15:07:57,429 - []
15:07:57,433 - []
15:07:57,445 - []
15:07:57,448 - []
15:07:57,462 - []
15:07:57,465 - []
15:07:57,478 - []
15:07:57,482 - []
15:07:57,493 - []
15:07:57,496 - []
15:07:57,510 - []
15:07:57,513 - []
15:07:57,525 - []
15:07:57,528 - []
15:07:57,540 - []
15:07:57,544 - []
15:07:57,554 - []
15:07:57,558 - []
15:07:57,571 - []
15:07:57,595 - []
15:07:57,611 - []
15:07:57,634 - []
15:07:57,649 - []
15:07:57,649 - []
15:07:57,664 - []
15:07:57,696 - []
15:07:57,712 - []
15:07:57,712 - []
15:07:57,726 - []
15:07:57,728 - []
15:07:57,743 - []
15:07:57,745 - []
15:07:57,758 - []
15:07:57,760 - []
15:07:57,773 - []
15:07:57,777 - []
15:07:57,790 - []
15:07:57,794 - []
15:07:57,805 - []
15:07:57,809 - []
15:07:57,821 - []
15:07:57,825 - []
15:07:57,836 - []
15:07:57,840 - []
15:07:57,853 - []
15:07:57,855 - []
15:07:57,869 - []
15:07:57,870 - []
15:07:57,884 - []
15:07:57,884 - []
15:07:57,900 - []
15:07:57,901 - []
15:07:57,915 - []
15:07:57,916 - []
15:07:57,930 - []
15:07:57,931 - []
15:07:57,947 - []
15:07:57,947 - []
15:07:57,963 - []
15:07:57,963 - []
15:07:57,978 - []
15:07:57,979 - []
15:07:57,994 - []
15:07:57,995 - []
15:07:58,011 - []
15:07:58,011 - []
15:07:58,029 - []
15:07:58,029 - []
15:07:58,045 - []
15:07:58,046 - []
15:07:58,061 - []
15:07:58,061 - []
15:07:58,077 - []
15:07:58,078 - []
15:07:58,094 - []
15:07:58,094 - []
15:07:58,111 - []
15:07:58,111 - []
15:07:58,127 - []
15:07:58,127 - []
15:07:58,141 - []
15:07:58,142 - []
15:07:58,157 - []
15:07:58,157 - []
15:07:58,173 - []
15:07:58,173 - []
15:07:58,187 - []
15:07:58,187 - []
15:07:58,203 - []
15:07:58,203 - []
15:07:58,220 - []
15:07:58,220 - []
15:07:58,237 - []
15:07:58,237 - []
15:07:58,252 - []
15:07:58,252 - []
15:07:58,267 - []
15:07:58,267 - []
15:07:58,282 - []
15:07:58,282 - []
15:07:58,297 - []
15:07:58,299 - []
15:07:58,314 - []
15:07:58,316 - []
15:07:58,330 - []
15:07:58,330 - []
15:07:58,345 - []
15:07:58,346 - []
15:07:58,359 - []
15:07:58,360 - []
15:07:58,375 - []
15:07:58,375 - []
15:07:58,390 - []
15:07:58,391 - []
15:07:58,405 - []
15:07:58,407 - []
15:07:58,420 - []
15:07:58,421 - []
15:07:58,434 - []
15:07:58,437 - []
15:07:58,450 - []
15:07:58,454 - []
15:07:58,465 - []
15:07:58,470 - []
15:07:58,480 - []
15:07:58,485 - []
15:07:58,495 - []
15:07:58,500 - []
15:07:58,511 - []
15:07:58,516 - []
15:07:58,528 - []
15:07:58,530 - []
15:07:58,543 - []
15:07:58,545 - []
15:07:58,559 - []
15:07:58,559 - []
15:07:58,575 - []
15:07:58,576 - []
15:07:58,590 - []
15:07:58,590 - []
15:07:58,605 - []
15:07:58,605 - []
15:07:58,621 - []
15:07:58,621 - []
15:07:58,637 - []
15:07:58,637 - []
15:07:58,654 - []
15:07:58,654 - []
15:07:58,671 - []
15:07:58,672 - []
15:07:58,687 - []
15:07:58,688 - []
15:07:58,704 - []
15:07:58,704 - []
15:07:58,721 - []
15:07:58,722 - []
15:07:58,737 - []
15:07:58,738 - []
15:07:58,753 - []
15:07:58,754 - []
15:07:58,770 - []
15:07:58,771 - []
15:07:58,787 - []
15:07:58,788 - []
15:07:58,804 - []
15:07:58,804 - []
15:07:58,820 - []
15:07:58,820 - []
15:07:58,834 - []
15:07:58,835 - []
15:07:58,849 - []
15:07:58,849 - []
15:07:58,864 - []
15:07:58,864 - []
15:07:58,880 - []
15:07:58,881 - []
15:07:58,895 - []
15:07:58,897 - []
15:07:58,912 - []
15:07:58,913 - []
15:07:58,926 - []
15:07:58,930 - []
15:07:58,941 - []
15:07:58,945 - []
15:07:58,955 - []
15:07:58,959 - []
15:07:58,971 - []
15:07:58,975 - []
15:07:58,986 - []
15:07:58,990 - []
15:07:59,001 - []
15:07:59,005 - []
15:07:59,015 - []
15:07:59,018 - []
15:07:59,040 - []
15:07:59,058 - []
15:07:59,074 - []
15:07:59,089 - []
15:07:59,089 - []
15:07:59,103 - []
15:07:59,103 - []
15:07:59,117 - []
15:07:59,117 - []
15:07:59,132 - []
15:07:59,132 - []
15:07:59,146 - []
15:07:59,146 - []
15:07:59,161 - []
15:07:59,161 - []
15:07:59,176 - []
15:07:59,176 - []
15:07:59,191 - []
15:07:59,191 - []
15:07:59,206 - []
15:07:59,207 - []
15:07:59,221 - []
15:07:59,221 - []
15:07:59,237 - []
15:07:59,237 - []
15:07:59,254 - []
15:07:59,254 - []
15:07:59,269 - []
15:07:59,269 - []
15:07:59,284 - []
15:07:59,284 - []
15:07:59,298 - []
15:07:59,298 - []
15:07:59,312 - []
15:07:59,313 - []
15:07:59,327 - []
15:07:59,328 - []
15:07:59,343 - []
15:07:59,343 - []
15:07:59,359 - []
15:07:59,359 - []
15:07:59,375 - []
15:07:59,375 - []
15:07:59,391 - []
15:07:59,391 - []
15:07:59,408 - []
15:07:59,408 - []
15:07:59,425 - []
15:07:59,425 - []
15:07:59,441 - []
15:07:59,441 - []
15:07:59,457 - []
15:07:59,457 - []
15:07:59,471 - []
15:07:59,472 - []
15:07:59,487 - []
15:07:59,487 - []
15:07:59,502 - []
15:07:59,502 - []
15:07:59,519 - []
15:07:59,519 - []
15:07:59,534 - []
15:07:59,534 - []
15:07:59,548 - []
15:07:59,548 - []
15:07:59,564 - []
15:07:59,565 - []
15:07:59,579 - []
15:07:59,580 - []
15:07:59,595 - []
15:07:59,597 - []
15:07:59,612 - []
15:07:59,613 - []
15:07:59,627 - []
15:07:59,628 - []
15:07:59,643 - []
15:07:59,643 - []
15:07:59,659 - []
15:07:59,659 - []
15:07:59,675 - []
15:07:59,676 - []
15:07:59,691 - []
15:07:59,693 - []
15:07:59,707 - []
15:07:59,707 - []
15:07:59,722 - []
15:07:59,723 - []
15:07:59,737 - []
15:07:59,738 - []
15:07:59,754 - []
15:07:59,769 - []
15:07:59,785 - []
15:07:59,818 - []
15:07:59,834 - []
15:07:59,834 - []
15:07:59,849 - []
15:07:59,870 - []
15:07:59,886 - []
15:07:59,886 - []
15:07:59,901 - []
15:07:59,902 - []
15:07:59,928 - []
15:07:59,944 - []
15:07:59,957 - []
15:07:59,972 - []
15:07:59,973 - []
15:07:59,987 - []
15:07:59,989 - []
15:08:00,003 - []
15:08:00,004 - []
15:08:00,019 - []
15:08:00,020 - []
15:08:00,037 - []
15:08:00,037 - []
15:08:00,052 - []
15:08:00,053 - []
15:08:00,067 - []
15:08:00,068 - []
15:08:00,082 - []
15:08:00,082 - []
15:08:00,097 - []
15:08:00,097 - []
15:08:00,113 - []
15:08:00,113 - []
15:08:00,128 - []
15:08:00,129 - []
15:08:00,144 - []
15:08:00,145 - []
15:08:00,162 - []
15:08:00,162 - []
15:08:00,179 - []
15:08:00,179 - []
15:08:00,196 - []
15:08:00,196 - []
15:08:00,213 - []
15:08:00,213 - []
15:08:00,228 - []
15:08:00,229 - []
15:08:00,244 - []
15:08:00,245 - []
15:08:00,261 - []
15:08:00,262 - []
15:08:00,278 - []
15:08:00,278 - []
15:08:00,296 - []
15:08:00,296 - []
15:08:00,312 - []
15:08:00,312 - []
15:08:00,327 - []
15:08:00,328 - []
15:08:00,344 - []
15:08:00,345 - []
15:08:00,361 - []
15:08:00,361 - []
15:08:00,376 - []
15:08:00,377 - []
15:08:00,394 - []
15:08:00,394 - []
15:08:00,411 - []
15:08:00,412 - []
15:08:00,427 - []
15:08:00,428 - []
15:08:00,444 - []
15:08:00,445 - []
15:08:00,460 - []
15:08:00,460 - []
15:08:00,477 - []
15:08:00,477 - []
15:08:00,492 - []
15:08:00,494 - []
15:08:00,506 - []
15:08:00,510 - []
15:08:00,521 - []
15:08:00,527 - []
15:08:00,536 - []
15:08:00,544 - []
15:08:00,553 - []
15:08:00,561 - []
15:08:00,568 - []
15:08:00,575 - []
15:08:00,585 - []
15:08:00,590 - []
15:08:00,599 - []
15:08:00,607 - []
15:08:00,614 - []
15:08:00,624 - []
15:08:00,631 - []
15:08:00,639 - []
15:08:00,646 - []
15:08:00,654 - []
15:08:00,661 - []
15:08:00,671 - []
15:08:00,676 - []
15:08:00,687 - []
15:08:00,691 - []
15:08:00,702 - []
15:08:00,707 - []
15:08:00,717 - []
15:08:00,721 - []
15:08:00,732 - []
15:08:00,737 - []
15:08:00,748 - []
15:08:00,754 - []
15:08:00,763 - []
15:08:00,769 - []
15:08:00,779 - []
15:08:00,783 - []
15:08:00,794 - []
15:08:00,797 - []
15:08:00,811 - []
15:08:00,814 - []
15:08:00,828 - []
15:08:00,829 - []
15:08:00,844 - []
15:08:00,844 - []
15:08:00,861 - []
15:08:00,861 - []
15:08:00,877 - []
15:08:00,877 - []
15:08:00,892 - []
15:08:00,892 - []
15:08:00,907 - []
15:08:00,907 - []
15:08:00,922 - []
15:08:00,922 - []
15:08:00,937 - []
15:08:00,937 - []
15:08:00,952 - []
15:08:00,953 - []
15:08:00,968 - []
15:08:00,968 - []
15:08:00,982 - []
15:08:00,982 - []
15:08:00,997 - []
15:08:00,997 - []
15:08:01,013 - []
15:08:01,013 - []
15:08:01,029 - []
15:08:01,029 - []
15:08:01,044 - []
15:08:01,045 - []
15:08:01,059 - []
15:08:01,062 - []
15:08:01,075 - []
15:08:01,077 - []
15:08:01,092 - []
15:08:01,093 - []
15:08:01,107 - []
15:08:01,107 - []
15:08:01,123 - []
15:08:01,123 - []
15:08:01,137 - []
15:08:01,137 - []
15:08:01,154 - []
15:08:01,154 - []
15:08:01,171 - []
15:08:01,171 - []
15:08:01,186 - []
15:08:01,186 - []
15:08:01,203 - []
15:08:01,203 - []
15:08:01,217 - []
15:08:01,218 - []
15:08:01,232 - []
15:08:01,233 - []
15:08:01,247 - []
15:08:01,249 - []
15:08:01,263 - []
15:08:01,264 - []
15:08:01,280 - []
15:08:01,280 - []
15:08:01,296 - []
15:08:01,296 - []
15:08:01,311 - []
15:08:01,311 - []
15:08:01,327 - []
15:08:01,327 - []
15:08:01,344 - []
15:08:01,345 - []
15:08:01,361 - []
15:08:01,362 - []
15:08:01,378 - []
15:08:01,379 - []
15:08:01,394 - []
15:08:01,394 - []
15:08:01,411 - []
15:08:01,412 - []
15:08:01,428 - []
15:08:01,428 - []
15:08:01,445 - []
15:08:01,445 - []
15:08:01,461 - []
15:08:01,461 - []
15:08:01,477 - []
15:08:01,478 - []
15:08:01,496 - []
15:08:01,496 - []
15:08:01,512 - []
15:08:01,512 - []
15:08:01,529 - []
15:08:01,529 - []
15:08:01,545 - []
15:08:01,545 - []
15:08:01,562 - []
15:08:01,562 - []
15:08:01,578 - []
15:08:01,578 - []
15:08:01,595 - []
15:08:01,595 - []
15:08:01,610 - []
15:08:01,611 - []
15:08:01,626 - []
15:08:01,627 - []
15:08:01,642 - []
15:08:01,642 - []
15:08:01,656 - []
15:08:01,656 - []
15:08:01,671 - []
15:08:01,671 - []
15:08:01,687 - []
15:08:01,687 - []
15:08:01,704 - []
15:08:01,704 - []
15:08:01,721 - []
15:08:01,721 - []
15:08:01,737 - []
15:08:01,737 - []
15:08:01,751 - []
15:08:01,751 - []
15:08:01,767 - []
15:08:01,767 - []
15:08:01,783 - []
15:08:01,783 - []
15:08:01,798 - []
15:08:01,799 - []
15:08:01,813 - []
15:08:01,813 - []
15:08:01,828 - []
15:08:01,829 - []
15:08:01,844 - []
15:08:01,844 - []
15:08:01,859 - []
15:08:01,859 - []
15:08:01,875 - []
15:08:01,875 - []
15:08:01,890 - []
15:08:01,923 - []
15:08:01,938 - []
15:08:01,938 - []
15:08:01,953 - []
15:08:01,953 - []
15:08:01,968 - []
15:08:01,968 - []
15:08:01,983 - []
15:08:01,983 - []
15:08:01,997 - []
15:08:01,998 - []
15:08:02,013 - []
15:08:02,014 - []
15:08:02,028 - []
15:08:02,028 - []
15:08:02,044 - []
15:08:02,044 - []
15:08:02,060 - []
15:08:02,060 - []
15:08:02,075 - []
15:08:02,075 - []
15:08:02,090 - []
15:08:02,090 - []
15:08:02,105 - []
15:08:02,107 - []
15:08:02,121 - []
15:08:02,122 - []
15:08:02,137 - []
15:08:02,137 - []
15:08:02,153 - []
15:08:02,153 - []
15:08:02,168 - []
15:08:02,170 - []
15:08:02,185 - []
15:08:02,187 - []
15:08:02,199 - []
15:08:02,203 - []
15:08:02,217 - []
15:08:02,219 - []
15:08:02,234 - []
15:08:02,234 - []
15:08:02,251 - []
15:08:02,252 - []
15:08:02,270 - []
15:08:02,270 - []
15:08:02,286 - []
15:08:02,287 - []
15:08:02,303 - []
15:08:02,304 - []
15:08:02,319 - []
15:08:02,320 - []
15:08:02,335 - []
15:08:02,337 - []
15:08:02,351 - []
15:08:02,353 - []
15:08:02,366 - []
15:08:02,370 - []
15:08:02,381 - []
15:08:02,387 - []
15:08:02,420 - []
15:08:02,436 - []
15:08:02,436 - []
15:08:02,452 - []
15:08:02,453 - []
15:08:02,468 - []
15:08:02,468 - []
15:08:02,483 - []
15:08:02,483 - []
15:08:02,498 - []
15:08:02,499 - []
15:08:02,512 - []
15:08:02,513 - []
15:08:02,529 - []
15:08:02,530 - []
15:08:02,545 - []
15:08:02,545 - []
15:08:02,561 - []
15:08:02,561 - []
15:08:02,577 - []
15:08:02,577 - []
15:08:02,593 - []
15:08:02,594 - []
15:08:02,611 - []
15:08:02,611 - []
15:08:02,628 - []
15:08:02,628 - []
15:08:02,644 - []
15:08:02,645 - []
15:08:02,660 - []
15:08:02,661 - []
15:08:02,676 - []
15:08:02,676 - []
15:08:02,691 - []
15:08:02,691 - []
15:08:02,707 - []
15:08:02,707 - []
15:08:02,724 - []
15:08:02,724 - []
15:08:02,738 - []
15:08:02,740 - []
15:08:02,752 - []
15:08:02,756 - []
15:08:02,769 - []
15:08:02,772 - []
15:08:02,785 - []
15:08:02,788 - []
15:08:02,801 - []
15:08:02,805 - []
15:08:02,818 - []
15:08:02,819 - []
15:08:02,835 - []
15:08:02,835 - []
15:08:02,851 - []
15:08:02,852 - []
15:08:02,867 - []
15:08:02,868 - []
15:08:02,882 - []
15:08:02,883 - []
15:08:02,898 - []
15:08:02,898 - []
15:08:02,913 - []
15:08:02,913 - []
15:08:02,930 - []
15:08:02,930 - []
15:08:02,947 - []
15:08:02,947 - []
15:08:02,961 - []
15:08:02,961 - []
15:08:02,976 - []
15:08:02,978 - []
15:08:02,991 - []
15:08:02,995 - []
15:08:03,007 - []
15:08:03,009 - []
15:08:03,022 - []
15:08:03,025 - []
15:08:03,038 - []
15:08:03,042 - []
15:08:03,052 - []
15:08:03,059 - []
15:08:03,068 - []
15:08:03,073 - []
15:08:03,083 - []
15:08:03,088 - []
15:08:03,100 - []
15:08:03,103 - []
15:08:03,115 - []
15:08:03,118 - []
15:08:03,130 - []
15:08:03,133 - []
15:08:03,146 - []
15:08:03,150 - []
15:08:03,163 - []
15:08:03,164 - []
15:08:03,178 - []
15:08:03,179 - []
15:08:03,193 - []
15:08:03,193 - []
15:08:03,209 - []
15:08:03,209 - []
15:08:03,225 - []
15:08:03,225 - []
15:08:03,241 - []
15:08:03,241 - []
15:08:03,257 - []
15:08:03,260 - []
15:08:03,301 - []
15:08:03,316 - []
15:08:03,316 - []
15:08:03,331 - []
15:08:03,331 - []
15:08:03,346 - []
15:08:03,346 - []
15:08:03,362 - []
15:08:03,362 - []
15:08:03,378 - []
15:08:03,378 - []
15:08:03,393 - []
15:08:03,393 - []
15:08:03,407 - []
15:08:03,408 - []
15:08:03,422 - []
15:08:03,422 - []
15:08:03,437 - []
15:08:03,437 - []
15:08:03,453 - []
15:08:03,454 - []
15:08:03,468 - []
15:08:03,470 - []
15:08:03,483 - []
15:08:03,487 - []
15:08:03,498 - []
15:08:03,502 - []
15:08:03,513 - []
15:08:03,519 - []
15:08:03,528 - []
15:08:03,536 - []
15:08:03,542 - []
15:08:03,551 - []
15:08:03,560 - []
15:08:03,569 - []
15:08:03,577 - []
15:08:03,586 - []
15:08:03,594 - []
15:08:03,601 - []
15:08:03,609 - []
15:08:03,616 - []
15:08:03,625 - []
15:08:03,630 - []
15:08:03,641 - []
15:08:03,646 - []
15:08:03,657 - []
15:08:03,662 - []
15:08:03,673 - []
15:08:03,677 - []
15:08:03,688 - []
15:08:03,692 - []
15:08:03,704 - []
15:08:03,707 - []
15:08:03,718 - []
15:08:03,722 - []
15:08:03,733 - []
15:08:03,737 - []
15:08:03,748 - []
15:08:03,752 - []
15:08:03,763 - []
15:08:03,767 - []
15:08:03,780 - []
15:08:03,783 - []
15:08:03,794 - []
15:08:03,798 - []
15:08:03,811 - []
15:08:03,814 - []
15:08:03,828 - []
15:08:03,829 - []
15:08:03,843 - []
15:08:03,844 - []
15:08:03,861 - []
15:08:03,861 - []
15:08:03,877 - []
15:08:03,877 - []
15:08:03,893 - []
15:08:03,893 - []
15:08:03,911 - []
15:08:03,911 - []
15:08:03,927 - []
15:08:03,927 - []
15:08:03,942 - []
15:08:03,943 - []
15:08:03,957 - []
15:08:03,958 - []
15:08:03,973 - []
15:08:03,974 - []
15:08:03,987 - []
15:08:03,991 - []
15:08:04,003 - []
15:08:04,006 - []
15:08:04,018 - []
15:08:04,022 - []
15:08:04,034 - []
15:08:04,037 - []
15:08:04,051 - []
15:08:04,052 - []
15:08:04,068 - []
15:08:04,068 - []
15:08:04,083 - []
15:08:04,083 - []
15:08:04,099 - []
15:08:04,099 - []
15:08:04,115 - []
15:08:04,115 - []
15:08:04,130 - []
15:08:04,130 - []
15:08:04,146 - []
15:08:04,146 - []
15:08:04,163 - []
15:08:04,164 - []
15:08:04,178 - []
15:08:04,202 - []
15:08:04,218 - []
15:08:04,257 - []
15:08:04,272 - []
15:08:04,272 - []
15:08:04,290 - []
15:08:04,290 - []
15:08:04,306 - []
15:08:04,308 - []
15:08:04,323 - []
15:08:04,323 - []
15:08:04,338 - []
15:08:04,340 - []
15:08:04,356 - []
15:08:04,357 - []
15:08:04,374 - []
15:08:04,374 - []
15:08:04,390 - []
15:08:04,391 - []
15:08:04,406 - []
15:08:04,406 - []
15:08:04,423 - []
15:08:04,423 - []
15:08:04,438 - []
15:08:04,439 - []
15:08:04,454 - []
15:08:04,454 - []
15:08:04,471 - []
15:08:04,471 - []
15:08:04,487 - []
15:08:04,488 - []
15:08:04,503 - []
15:08:04,504 - []
15:08:04,521 - []
15:08:04,521 - []
15:08:04,537 - []
15:08:04,538 - []
15:08:04,554 - []
15:08:04,554 - []
15:08:04,572 - []
15:08:04,572 - []
15:08:04,587 - []
15:08:04,588 - []
15:08:04,604 - []
15:08:04,604 - []
15:08:04,620 - []
15:08:04,621 - []
15:08:04,637 - []
15:08:04,638 - []
15:08:04,653 - []
15:08:04,654 - []
15:08:04,669 - []
15:08:04,670 - []
15:08:04,687 - []
15:08:04,687 - []
15:08:04,703 - []
15:08:04,704 - []
15:08:04,725 - []
15:08:04,726 - []
15:08:04,741 - []
15:08:04,741 - []
15:08:04,757 - []
15:08:04,757 - []
15:08:04,773 - []
15:08:04,773 - []
15:08:04,788 - []
15:08:04,789 - []
15:08:04,805 - []
15:08:04,806 - []
15:08:04,821 - []
15:08:04,822 - []
15:08:04,839 - []
15:08:04,839 - []
15:08:04,854 - []
15:08:04,856 - []
15:08:04,872 - []
15:08:04,873 - []
15:08:04,887 - []
15:08:04,888 - []
15:08:04,906 - []
15:08:04,908 - []
15:08:04,925 - []
15:08:04,925 - []
15:08:04,941 - []
15:08:04,941 - []
15:08:04,957 - []
15:08:04,958 - []
15:08:04,974 - []
15:08:04,975 - []
15:08:04,991 - []
15:08:04,992 - []
15:08:05,008 - []
15:08:05,008 - []
15:08:05,023 - []
15:08:05,023 - []
15:08:05,039 - []
15:08:05,039 - []
15:08:05,054 - []
15:08:05,055 - []
15:08:05,070 - []
15:08:05,071 - []
15:08:05,087 - []
15:08:05,088 - []
15:08:05,104 - []
15:08:05,104 - []
15:08:05,120 - []
15:08:05,121 - []
15:08:05,136 - []
15:08:05,137 - []
15:08:05,153 - []
15:08:05,153 - []
15:08:05,168 - []
15:08:05,168 - []
15:08:05,183 - []
15:08:05,184 - []
15:08:05,202 - []
15:08:05,203 - []
15:08:05,218 - []
15:08:05,220 - []
15:08:05,233 - []
15:08:05,263 - []
15:08:05,278 - []
15:08:05,279 - []
15:08:05,295 - []
15:08:05,295 - []
15:08:05,309 - []
15:08:05,311 - []
15:08:05,326 - []
15:08:05,326 - []
15:08:05,345 - []
15:08:05,346 - []
15:08:05,363 - []
15:08:05,363 - []
15:08:05,379 - []
15:08:05,380 - []
15:08:05,394 - []
15:08:05,394 - []
15:08:05,411 - []
15:08:05,411 - []
15:08:05,427 - []
15:08:05,427 - []
15:08:05,444 - []
15:08:05,444 - []
15:08:05,461 - []
15:08:05,461 - []
15:08:05,477 - []
15:08:05,478 - []
15:08:05,493 - []
15:08:05,494 - []
15:08:05,510 - []
15:08:05,510 - []
15:08:05,526 - []
15:08:05,527 - []
15:08:05,541 - []
15:08:05,542 - []
15:08:05,556 - []
15:08:05,557 - []
15:08:05,572 - []
15:08:05,573 - []
15:08:05,587 - []
15:08:05,588 - []
15:08:05,603 - []
15:08:05,603 - []
15:08:05,619 - []
15:08:05,619 - []
15:08:05,635 - []
15:08:05,635 - []
15:08:05,650 - []
15:08:05,650 - []
15:08:05,665 - []
15:08:05,665 - []
15:08:05,680 - []
15:08:05,680 - []
15:08:05,694 - []
15:08:05,696 - []
15:08:05,709 - []
15:08:05,710 - []
15:08:05,725 - []
15:08:05,725 - []
15:08:05,741 - []
15:08:05,741 - []
15:08:05,757 - []
15:08:05,757 - []
15:08:05,772 - []
15:08:05,772 - []
15:08:05,787 - []
15:08:05,788 - []
15:08:05,803 - []
15:08:05,803 - []
15:08:05,819 - []
15:08:05,820 - []
15:08:05,833 - []
15:08:05,834 - []
15:08:05,848 - []
15:08:05,849 - []
15:08:05,864 - []
15:08:05,864 - []
15:08:05,879 - []
15:08:05,879 - []
15:08:05,895 - []
15:08:05,895 - []
15:08:05,911 - []
15:08:05,912 - []
15:08:05,927 - []
15:08:05,927 - []
15:08:05,943 - []
15:08:05,944 - []
15:08:05,957 - []
15:08:05,958 - []
15:08:05,973 - []
15:08:05,974 - []
15:08:05,989 - []
15:08:05,989 - []
15:08:06,005 - []
15:08:06,005 - []
15:08:06,020 - []
15:08:06,020 - []
15:08:06,036 - []
15:08:06,036 - []
15:08:06,051 - []
15:08:06,053 - []
15:08:06,066 - []
15:08:06,069 - []
15:08:06,083 - []
15:08:06,084 - []
15:08:06,097 - []
15:08:06,098 - []
15:08:06,112 - []
15:08:06,115 - []
15:08:06,128 - []
15:08:06,130 - []
15:08:06,144 - []
15:08:06,145 - []
15:08:06,161 - []
15:08:06,161 - []
15:08:06,176 - []
15:08:06,178 - []
15:08:06,192 - []
15:08:06,192 - []
15:08:06,207 - []
15:08:06,207 - []
15:08:06,222 - []
15:08:06,223 - []
15:08:06,238 - []
15:08:06,240 - []
15:08:06,253 - []
15:08:06,257 - []
15:08:06,273 - []
15:08:06,309 - []
15:08:06,325 - []
15:08:06,325 - []
15:08:06,340 - []
15:08:06,340 - []
15:08:06,355 - []
15:08:06,356 - []
15:08:06,370 - []
15:08:06,373 - []
15:08:06,386 - []
15:08:06,391 - []
15:08:06,403 - []
15:08:06,408 - []
15:08:06,421 - []
15:08:06,424 - []
15:08:06,437 - []
15:08:06,440 - []
15:08:06,455 - []
15:08:06,456 - []
15:08:06,473 - []
15:08:06,473 - []
15:08:06,489 - []
15:08:06,489 - []
15:08:06,504 - []
15:08:06,504 - []
15:08:06,519 - []
15:08:06,520 - []
15:08:06,535 - []
15:08:06,537 - []
15:08:06,551 - []
15:08:06,552 - []
15:08:06,566 - []
15:08:06,567 - []
15:08:06,582 - []
15:08:06,583 - []
15:08:06,598 - []
15:08:06,599 - []
15:08:06,615 - []
15:08:06,615 - []
15:08:06,632 - []
15:08:06,633 - []
15:08:06,651 - []
15:08:06,652 - []
15:08:06,671 - []
15:08:06,671 - []
15:08:06,688 - []
15:08:06,689 - []
15:08:06,705 - []
15:08:06,705 - []
15:08:06,720 - []
15:08:06,721 - []
15:08:06,737 - []
15:08:06,738 - []
15:08:06,754 - []
15:08:06,755 - []
15:08:06,774 - []
15:08:06,774 - []
15:08:06,791 - []
15:08:06,791 - []
15:08:06,807 - []
15:08:06,808 - []
15:08:06,823 - []
15:08:06,823 - []
15:08:06,841 - []
15:08:06,842 - []
15:08:06,858 - []
15:08:06,858 - []
15:08:06,874 - []
15:08:06,874 - []
15:08:06,891 - []
15:08:06,892 - []
15:08:06,920 - []
15:08:06,937 - []
15:08:06,975 - []
15:08:06,994 - []
15:08:07,008 - []
15:08:07,024 - []
15:08:07,024 - []
15:08:07,039 - []
15:08:07,044 - []
15:08:07,061 - []
15:08:07,061 - []
15:08:07,079 - []
15:08:07,081 - []
15:08:07,098 - []
15:08:07,099 - []
15:08:07,117 - []
15:08:07,117 - []
15:08:07,133 - []
15:08:07,133 - []
15:08:07,149 - []
15:08:07,150 - []
15:08:07,166 - []
15:08:07,167 - []
15:08:07,182 - []
15:08:07,182 - []
15:08:07,199 - []
15:08:07,200 - []
15:08:07,215 - []
15:08:07,215 - []
15:08:07,229 - []
15:08:07,229 - []
15:08:07,244 - []
15:08:07,245 - []
15:08:07,260 - []
15:08:07,260 - []
15:08:07,276 - []
15:08:07,278 - []
15:08:07,292 - []
15:08:07,293 - []
15:08:07,307 - []
15:08:07,308 - []
15:08:07,327 - []
15:08:07,328 - []
15:08:07,343 - []
15:08:07,345 - []
15:08:07,360 - []
15:08:07,361 - []
15:08:07,376 - []
15:08:07,376 - []
15:08:07,391 - []
15:08:07,393 - []
15:08:07,409 - []
15:08:07,416 - []
15:08:07,427 - []
15:08:07,432 - []
15:08:07,445 - []
15:08:07,449 - []
15:08:07,461 - []
15:08:07,467 - []
15:08:07,477 - []
15:08:07,483 - []
15:08:07,494 - []
15:08:07,504 - []
15:08:07,514 - []
15:08:07,520 - []
15:08:07,532 - []
15:08:07,538 - []
15:08:07,552 - []
15:08:07,557 - []
15:08:07,570 - []
15:08:07,576 - []
15:08:07,589 - []
15:08:07,593 - []
15:08:07,607 - []
15:08:07,609 - []
15:08:07,622 - []
15:08:07,624 - []
15:08:07,638 - []
15:08:07,640 - []
15:08:07,654 - []
15:08:07,655 - []
15:08:07,671 - []
15:08:07,671 - []
15:08:07,688 - []
15:08:07,690 - []
15:08:07,707 - []
15:08:07,708 - []
15:08:07,723 - []
15:08:07,723 - []
15:08:07,739 - []
15:08:07,739 - []
15:08:07,756 - []
15:08:07,756 - []
15:08:07,772 - []
15:08:07,773 - []
15:08:07,788 - []
15:08:07,788 - []
15:08:07,803 - []
15:08:07,805 - []
15:08:07,821 - []
15:08:07,822 - []
15:08:07,840 - []
15:08:07,841 - []
15:08:07,857 - []
15:08:07,858 - []
15:08:07,874 - []
15:08:07,875 - []
15:08:07,890 - []
15:08:07,892 - []
15:08:07,906 - []
15:08:07,908 - []
15:08:07,923 - []
15:08:07,927 - []
15:08:07,940 - []
15:08:07,944 - []
15:08:07,957 - []
15:08:07,962 - []
15:08:07,981 - []
15:08:07,982 - []
15:08:07,997 - []
15:08:08,015 - []
15:08:08,034 - []
15:09:44,600 - []
15:09:44,601 - []
15:11:36,786 - []
15:11:36,787 - []
